<?xml version="1.0" encoding="utf-8"?>
<TestRun id="f518d6c9-54c0-45a8-bd67-2ab809669cbd" name="@base 2025-08-09 20:52:09" xmlns="http://microsoft.com/schemas/VisualStudio/TeamTest/2010">
  <Times creation="2025-08-09T20:52:09.0860760+03:00" queuing="2025-08-09T20:52:09.0860760+03:00" start="2025-08-09T20:52:08.7669110+03:00" finish="2025-08-09T20:52:10.0502930+03:00" />
  <TestSettings name="default" id="68f5b4ae-0ddb-4f2d-b1de-5995fa145881">
    <Deployment runDeploymentRoot="_base_2025-08-09_20_52_09" />
  </TestSettings>
  <Results>
    <UnitTestResult executionId="8eaf14fa-807e-41ac-ab43-7f95786a1c7b" testId="14a21c97-412e-899f-b8a2-6d209cf68f26" testName="ContactService.Tests.Controllers.ContactsControllerTests.UpdateContact_WhenNotFound_ReturnsNotFound" computerName="base" duration="00:00:00.0005021" startTime="2025-08-09T20:52:09.1239850+03:00" endTime="2025-08-09T20:52:09.1244700+03:00" testType="13cdc9d9-ddb5-4fa4-a97d-d965ccfc6d4b" outcome="Passed" testListId="8c84fa94-04c1-424b-9868-57a2d4851a1d" relativeResultsDirectory="8eaf14fa-807e-41ac-ab43-7f95786a1c7b" />
    <UnitTestResult executionId="2892a761-9dd2-45b8-b067-a68e04ea329a" testId="590a02c1-90e8-4289-2822-89e1e1d08adf" testName="ContactService.Tests.Services.OutboxServiceTests.ProcessPendingEventsAsync_ShouldUseCorrectTopicForEventType(eventType: &quot;ContactCreated&quot;, expectedTopic: &quot;contact-events&quot;)" computerName="base" duration="00:00:00.0106938" startTime="2025-08-09T20:52:09.0990200+03:00" endTime="2025-08-09T20:52:09.1096950+03:00" testType="13cdc9d9-ddb5-4fa4-a97d-d965ccfc6d4b" outcome="Passed" testListId="8c84fa94-04c1-424b-9868-57a2d4851a1d" relativeResultsDirectory="2892a761-9dd2-45b8-b067-a68e04ea329a" />
    <UnitTestResult executionId="4748405e-7a9d-4c03-b8f3-dd291fd82757" testId="c335998d-9914-1d9b-f124-3bfb5566966b" testName="ContactService.Tests.Controllers.ContactsControllerTests.GetAllContacts_WhenFailed_ReturnsServerError" computerName="base" duration="00:00:00.0017132" startTime="2025-08-09T20:52:09.1245430+03:00" endTime="2025-08-09T20:52:09.1263540+03:00" testType="13cdc9d9-ddb5-4fa4-a97d-d965ccfc6d4b" outcome="Passed" testListId="8c84fa94-04c1-424b-9868-57a2d4851a1d" relativeResultsDirectory="4748405e-7a9d-4c03-b8f3-dd291fd82757" />
    <UnitTestResult executionId="06cacfc9-a563-4db8-8c74-792f1d3eceb8" testId="05c17674-6e3a-ed65-1e24-e8af01e511c6" testName="ContactService.Tests.Domain.Entities.ContactTests.AddContactInfo_Should_Throw_Exception_When_Invalid_Content(infoType: Location, content: &quot;&quot;)" computerName="base" duration="00:00:00.0001447" startTime="2025-08-09T20:52:09.0818560+03:00" endTime="2025-08-09T20:52:09.0818740+03:00" testType="13cdc9d9-ddb5-4fa4-a97d-d965ccfc6d4b" outcome="Passed" testListId="8c84fa94-04c1-424b-9868-57a2d4851a1d" relativeResultsDirectory="06cacfc9-a563-4db8-8c74-792f1d3eceb8" />
    <UnitTestResult executionId="af5ef097-7b1d-4dcc-b1ad-d8c2688ea6b1" testId="c66efc88-f4cd-f144-8f68-6670171de1b9" testName="ContactService.Tests.Repositories.MongoAuditLogRepositoryTests.DeleteOldLogsAsync_ShouldRemoveOldLogs" computerName="base" duration="00:00:00.0027004" startTime="2025-08-09T20:52:09.2036020+03:00" endTime="2025-08-09T20:52:09.2060440+03:00" testType="13cdc9d9-ddb5-4fa4-a97d-d965ccfc6d4b" outcome="Passed" testListId="8c84fa94-04c1-424b-9868-57a2d4851a1d" relativeResultsDirectory="af5ef097-7b1d-4dcc-b1ad-d8c2688ea6b1" />
    <UnitTestResult executionId="afc92c07-3bde-42dd-91ab-49b6c3683d58" testId="5efb2b3b-3006-0196-4952-b7dda7725483" testName="ContactService.Tests.Domain.Entities.OutboxEventTests.Constructor_WithTooLongCorrelationId_ShouldThrowException" computerName="base" duration="00:00:00.0002665" startTime="2025-08-09T20:52:09.0830960+03:00" endTime="2025-08-09T20:52:09.0831130+03:00" testType="13cdc9d9-ddb5-4fa4-a97d-d965ccfc6d4b" outcome="Passed" testListId="8c84fa94-04c1-424b-9868-57a2d4851a1d" relativeResultsDirectory="afc92c07-3bde-42dd-91ab-49b6c3683d58" />
    <UnitTestResult executionId="bf67a200-cc34-4861-8b5a-ceeb5705d23a" testId="017cda00-1514-bb6b-56c2-7c9dae700c26" testName="ContactService.Tests.Services.CorrelationContextTests.CorrelationId_WhenHttpContextIsNull_ShouldReturnNull" computerName="base" duration="00:00:00.0317733" startTime="2025-08-09T20:52:09.0628190+03:00" endTime="2025-08-09T20:52:09.0836860+03:00" testType="13cdc9d9-ddb5-4fa4-a97d-d965ccfc6d4b" outcome="Passed" testListId="8c84fa94-04c1-424b-9868-57a2d4851a1d" relativeResultsDirectory="bf67a200-cc34-4861-8b5a-ceeb5705d23a" />
    <UnitTestResult executionId="f4e8e756-7cea-47f1-ac84-6ccec2eb967c" testId="d64ecd45-cc4f-5baf-530d-f6856122d028" testName="ContactService.Tests.Domain.Entities.ContactTests.RemoveContactInfo_Should_Throw_Exception_When_Info_Not_Found" computerName="base" duration="00:00:00.0007634" startTime="2025-08-09T20:52:09.0825520+03:00" endTime="2025-08-09T20:52:09.0825680+03:00" testType="13cdc9d9-ddb5-4fa4-a97d-d965ccfc6d4b" outcome="Passed" testListId="8c84fa94-04c1-424b-9868-57a2d4851a1d" relativeResultsDirectory="f4e8e756-7cea-47f1-ac84-6ccec2eb967c" />
    <UnitTestResult executionId="4dc17f2e-3285-4147-994a-bec95a075bd6" testId="e0512c59-b40c-2582-0763-0154a5cc09c1" testName="ContactService.Tests.Repositories.AuditLogRepositoryStatisticsTests.GetStatisticsAsync_ShouldReturnStatisticsByService" computerName="base" duration="00:00:00.0011116" startTime="2025-08-09T20:52:09.1089520+03:00" endTime="2025-08-09T20:52:09.1098200+03:00" testType="13cdc9d9-ddb5-4fa4-a97d-d965ccfc6d4b" outcome="Passed" testListId="8c84fa94-04c1-424b-9868-57a2d4851a1d" relativeResultsDirectory="4dc17f2e-3285-4147-994a-bec95a075bd6" />
    <UnitTestResult executionId="d6808029-fada-469d-8b25-68fd5ff53b59" testId="b8757ebb-ac02-15f3-0369-d21eca9ec4b0" testName="ContactService.Tests.Domain.Entities.ContactHistoryTests.Constructor_WithValidParams_ShouldCreateHistoryRecord" computerName="base" duration="00:00:00.0034684" startTime="2025-08-09T20:52:09.0828410+03:00" endTime="2025-08-09T20:52:09.0852280+03:00" testType="13cdc9d9-ddb5-4fa4-a97d-d965ccfc6d4b" outcome="Passed" testListId="8c84fa94-04c1-424b-9868-57a2d4851a1d" relativeResultsDirectory="d6808029-fada-469d-8b25-68fd5ff53b59" />
    <UnitTestResult executionId="686ac3fe-8953-46d0-8c83-5768f0b42464" testId="30ac2a89-68f6-99bb-2ce8-7e030aa4c440" testName="ContactService.Tests.Services.ContactServiceApplicationTests.ContactExistsAsync_ReturnsBoolean" computerName="base" duration="00:00:00.0417493" startTime="2025-08-09T20:52:09.0634000+03:00" endTime="2025-08-09T20:52:09.0936890+03:00" testType="13cdc9d9-ddb5-4fa4-a97d-d965ccfc6d4b" outcome="Passed" testListId="8c84fa94-04c1-424b-9868-57a2d4851a1d" relativeResultsDirectory="686ac3fe-8953-46d0-8c83-5768f0b42464" />
    <UnitTestResult executionId="5ff98ccc-f7b6-450d-9d01-ba25c6838f33" testId="222f46c1-1907-f69f-b4f5-c3b3cf34e4de" testName="ContactService.Tests.Services.ContactServiceMainTests.UpdateContactAsync_WhenContactNotExists_ShouldReturnNull" computerName="base" duration="00:00:00.0009014" startTime="2025-08-09T20:52:09.1370140+03:00" endTime="2025-08-09T20:52:09.1378570+03:00" testType="13cdc9d9-ddb5-4fa4-a97d-d965ccfc6d4b" outcome="Passed" testListId="8c84fa94-04c1-424b-9868-57a2d4851a1d" relativeResultsDirectory="5ff98ccc-f7b6-450d-9d01-ba25c6838f33" />
    <UnitTestResult executionId="0ded9f20-719c-4cfa-8f44-708d5ba63be5" testId="a8dd3c80-baec-5569-e032-562c61405c66" testName="ContactService.Tests.Repositories.OutboxRepositoryTests.DeleteProcessedEventsAsync_ShouldRemoveOldProcessedEvents" computerName="base" duration="00:00:00.0084718" startTime="2025-08-09T20:52:09.3835360+03:00" endTime="2025-08-09T20:52:09.3919960+03:00" testType="13cdc9d9-ddb5-4fa4-a97d-d965ccfc6d4b" outcome="Passed" testListId="8c84fa94-04c1-424b-9868-57a2d4851a1d" relativeResultsDirectory="0ded9f20-719c-4cfa-8f44-708d5ba63be5" />
    <UnitTestResult executionId="3994f47c-1e58-4a25-ad4f-0ba66c1a6303" testId="eac69243-a831-f552-a0d0-baa6a89fca7c" testName="ContactService.Tests.Services.ContactServiceUpdateTests.UpdateContactAsync_WithSingleName_ShouldParseCorrectly" computerName="base" duration="00:00:00.0421840" startTime="2025-08-09T20:52:09.0634510+03:00" endTime="2025-08-09T20:52:09.1005990+03:00" testType="13cdc9d9-ddb5-4fa4-a97d-d965ccfc6d4b" outcome="Failed" testListId="8c84fa94-04c1-424b-9868-57a2d4851a1d" relativeResultsDirectory="3994f47c-1e58-4a25-ad4f-0ba66c1a6303">
      <Output>
        <ErrorInfo>
          <Message>System.ArgumentException : lastName cannot be null or empty (Parameter 'lastName')</Message>
          <StackTrace>   at ContactService.Domain.Entities.Contact.ValidateName(String name, String paramName) in /Users/r00t/Projects/PhoneBookApp/ContactService.Domain/Entities/Contact.cs:line 128
   at ContactService.Domain.Entities.Contact.UpdateContactInformation(String firstName, String lastName, String company) in /Users/r00t/Projects/PhoneBookApp/ContactService.Domain/Entities/Contact.cs:line 58
   at ContactService.ApplicationService.Services.ContactService.UpdateContactAsync(Guid id, String name, String company, IEnumerable`1 contactInfos, CancellationToken cancellationToken) in /Users/r00t/Projects/PhoneBookApp/ContactService.ApplicationService/Services/ContactService.cs:line 198
   at ContactService.Tests.Services.ContactServiceUpdateTests.UpdateContactAsync_WithSingleName_ShouldParseCorrectly() in /Users/r00t/Projects/PhoneBookApp/ContactService.Tests/Services/ContactServiceUpdateTests.cs:line 139
--- End of stack trace from previous location ---</StackTrace>
        </ErrorInfo>
      </Output>
    </UnitTestResult>
    <UnitTestResult executionId="1fadfb24-6d2e-449f-961b-03ef20cd453e" testId="03d2df7b-7fd5-d4ef-8c80-9c4e08c34591" testName="ContactService.Tests.Domain.Entities.ContactTests.Contact_Creation_Should_Throw_Exception_When_Invalid_Name(firstName: &quot;John&quot;, lastName: &quot; &quot;, company: &quot;ACME&quot;)" computerName="base" duration="00:00:00.0001153" startTime="2025-08-09T20:52:09.0820080+03:00" endTime="2025-08-09T20:52:09.0820240+03:00" testType="13cdc9d9-ddb5-4fa4-a97d-d965ccfc6d4b" outcome="Passed" testListId="8c84fa94-04c1-424b-9868-57a2d4851a1d" relativeResultsDirectory="1fadfb24-6d2e-449f-961b-03ef20cd453e" />
    <UnitTestResult executionId="8c47180b-3b2e-453e-8237-71c6f2addebb" testId="28e6a20e-d88f-2705-d7cd-30f645e1fda4" testName="ContactService.Tests.Services.ContactServiceApplicationTests.RemoveContactInfoAsync_ReturnsBoolean" computerName="base" duration="00:00:00.0011486" startTime="2025-08-09T20:52:09.1097200+03:00" endTime="2025-08-09T20:52:09.1104830+03:00" testType="13cdc9d9-ddb5-4fa4-a97d-d965ccfc6d4b" outcome="Passed" testListId="8c84fa94-04c1-424b-9868-57a2d4851a1d" relativeResultsDirectory="8c47180b-3b2e-453e-8237-71c6f2addebb" />
    <UnitTestResult executionId="86b1e843-0cf8-46a4-8b38-a907ebfbe5d7" testId="0a12353c-6cc1-fc38-327e-7eb2020ce17a" testName="ContactService.Tests.Domain.Entities.ContactTests.Contact_Creation_Should_Throw_Exception_When_Invalid_Name(firstName: &quot; &quot;, lastName: &quot;Doe&quot;, company: &quot;ACME&quot;)" computerName="base" duration="00:00:00.0000729" startTime="2025-08-09T20:52:09.0820970+03:00" endTime="2025-08-09T20:52:09.0821130+03:00" testType="13cdc9d9-ddb5-4fa4-a97d-d965ccfc6d4b" outcome="Passed" testListId="8c84fa94-04c1-424b-9868-57a2d4851a1d" relativeResultsDirectory="86b1e843-0cf8-46a4-8b38-a907ebfbe5d7" />
    <UnitTestResult executionId="cff59939-05d5-40df-822b-ef77e1c1fe22" testId="0d3459bc-e8cb-d47f-59e8-c2b017caff6f" testName="ContactService.Tests.Controllers.ContactsControllerTests.UpdateContact_WhenSuccessful_ReturnsOk" computerName="base" duration="00:00:00.0013898" startTime="2025-08-09T20:52:09.1122830+03:00" endTime="2025-08-09T20:52:09.1135790+03:00" testType="13cdc9d9-ddb5-4fa4-a97d-d965ccfc6d4b" outcome="Passed" testListId="8c84fa94-04c1-424b-9868-57a2d4851a1d" relativeResultsDirectory="cff59939-05d5-40df-822b-ef77e1c1fe22" />
    <UnitTestResult executionId="cd34a51f-cafb-4a28-89ec-5644cfddad2d" testId="7c54e1ae-c3f0-a0c7-0c1b-3f11ae72c258" testName="ContactService.Tests.Domain.Entities.ContactInfoTests.ContactInfo_Creation_With_Phone_Should_Validate_Format" computerName="base" duration="00:00:00.0000537" startTime="2025-08-09T20:52:09.0776930+03:00" endTime="2025-08-09T20:52:09.0777120+03:00" testType="13cdc9d9-ddb5-4fa4-a97d-d965ccfc6d4b" outcome="Passed" testListId="8c84fa94-04c1-424b-9868-57a2d4851a1d" relativeResultsDirectory="cd34a51f-cafb-4a28-89ec-5644cfddad2d" />
    <UnitTestResult executionId="da0820b4-6d96-4cc6-a1b8-273f1d32cbbf" testId="7c3a1928-cf81-dafe-4286-3d55ee5e1ef7" testName="ContactService.Tests.Services.CachedContactServiceTests.RemoveContactInfoAsync_ShouldInvalidateCache" computerName="base" duration="00:00:00.0019535" startTime="2025-08-09T20:52:09.1232570+03:00" endTime="2025-08-09T20:52:09.1257510+03:00" testType="13cdc9d9-ddb5-4fa4-a97d-d965ccfc6d4b" outcome="Passed" testListId="8c84fa94-04c1-424b-9868-57a2d4851a1d" relativeResultsDirectory="da0820b4-6d96-4cc6-a1b8-273f1d32cbbf" />
    <UnitTestResult executionId="b66d08de-63e1-46eb-954c-8adcbf74ec61" testId="82371a74-8284-f45a-9bd9-8febb96acef0" testName="ContactService.Tests.Services.ContactServiceMainTests.UpdateContactAsync_WhenContactExists_ShouldUpdateContactAndAddToHistory" computerName="base" duration="00:00:00.0011409" startTime="2025-08-09T20:52:09.1285070+03:00" endTime="2025-08-09T20:52:09.1297600+03:00" testType="13cdc9d9-ddb5-4fa4-a97d-d965ccfc6d4b" outcome="Passed" testListId="8c84fa94-04c1-424b-9868-57a2d4851a1d" relativeResultsDirectory="b66d08de-63e1-46eb-954c-8adcbf74ec61" />
    <UnitTestResult executionId="92fec977-debf-4098-bf6a-cda682afefca" testId="3f9af360-bf03-d7e9-99bf-e7534ad823d1" testName="ContactService.Tests.Behaviors.CorrelationIdBehaviorTests.Handle_WhenExceptionOccurs_ShouldLogErrorAndRethrow" computerName="base" duration="00:00:00.0034532" startTime="2025-08-09T20:52:09.0941820+03:00" endTime="2025-08-09T20:52:09.0977450+03:00" testType="13cdc9d9-ddb5-4fa4-a97d-d965ccfc6d4b" outcome="Passed" testListId="8c84fa94-04c1-424b-9868-57a2d4851a1d" relativeResultsDirectory="92fec977-debf-4098-bf6a-cda682afefca" />
    <UnitTestResult executionId="8b0312fa-6238-45d7-8b3f-fc19326d4ead" testId="882bd43e-ef74-332e-63af-36d115c7c2a9" testName="ContactService.Tests.Repositories.MongoAuditLogRepositoryTests.GetByTimeRangeAsync_ShouldReturnLogsInRange" computerName="base" duration="00:00:00.0007692" startTime="2025-08-09T20:52:09.2083420+03:00" endTime="2025-08-09T20:52:09.2090760+03:00" testType="13cdc9d9-ddb5-4fa4-a97d-d965ccfc6d4b" outcome="Passed" testListId="8c84fa94-04c1-424b-9868-57a2d4851a1d" relativeResultsDirectory="8b0312fa-6238-45d7-8b3f-fc19326d4ead" />
    <UnitTestResult executionId="b5d526a0-1b46-4dc0-a43e-2b5a9a87117c" testId="aa0f0ade-30f6-ce3c-0d3a-b05184cc7d19" testName="ContactService.Tests.Services.ContactServiceAddContactInfoTests.AddContactInfoAsync_WithLocationInfo_ShouldAddLocationContactInfo" computerName="base" duration="00:00:00.0054012" startTime="2025-08-09T20:52:09.1068780+03:00" endTime="2025-08-09T20:52:09.1073630+03:00" testType="13cdc9d9-ddb5-4fa4-a97d-d965ccfc6d4b" outcome="Passed" testListId="8c84fa94-04c1-424b-9868-57a2d4851a1d" relativeResultsDirectory="b5d526a0-1b46-4dc0-a43e-2b5a9a87117c" />
    <UnitTestResult executionId="d79c664f-5cb1-42cf-9a01-dc6e5c744476" testId="c67f170d-f20c-043f-8f1f-955be167348a" testName="ContactService.Tests.Controllers.ContactsControllerTests.GetContactById_WhenContactExists_ReturnsOkResult" computerName="base" duration="00:00:00.0060218" startTime="2025-08-09T20:52:09.1068050+03:00" endTime="2025-08-09T20:52:09.1077310+03:00" testType="13cdc9d9-ddb5-4fa4-a97d-d965ccfc6d4b" outcome="Passed" testListId="8c84fa94-04c1-424b-9868-57a2d4851a1d" relativeResultsDirectory="d79c664f-5cb1-42cf-9a01-dc6e5c744476" />
    <UnitTestResult executionId="cb71ae60-a50d-4ff2-9781-505ceaf3bff5" testId="07b1d682-a641-193b-b836-8fb1d07217ee" testName="ContactService.Tests.Validations.CreateContactCommandValidatorTests.Validate_NameExceedsMaxLength_ShouldFailValidation" computerName="base" duration="00:00:00.0218874" startTime="2025-08-09T20:52:09.0634840+03:00" endTime="2025-08-09T20:52:09.0791570+03:00" testType="13cdc9d9-ddb5-4fa4-a97d-d965ccfc6d4b" outcome="Passed" testListId="8c84fa94-04c1-424b-9868-57a2d4851a1d" relativeResultsDirectory="cb71ae60-a50d-4ff2-9781-505ceaf3bff5" />
    <UnitTestResult executionId="da21c6c5-4d1f-4376-a164-9263846ca36a" testId="a2ad692f-e493-e305-4bd6-5595a6240365" testName="ContactService.Tests.Behaviors.ValidationBehaviorTests.Handle_WithNoValidators_ShouldProceedWithRequest" computerName="base" duration="00:00:00.0002550" startTime="2025-08-09T20:52:09.1415320+03:00" endTime="2025-08-09T20:52:09.1417560+03:00" testType="13cdc9d9-ddb5-4fa4-a97d-d965ccfc6d4b" outcome="Passed" testListId="8c84fa94-04c1-424b-9868-57a2d4851a1d" relativeResultsDirectory="da21c6c5-4d1f-4376-a164-9263846ca36a" />
    <UnitTestResult executionId="60753a08-73d4-4b9f-a498-dd8bd1d00050" testId="7ec04dbc-1d37-9892-81bd-96a4844d707f" testName="ContactService.Tests.Repositories.MongoAuditLogRepositoryTests.CreateManyAsync_ShouldInsertMultipleAuditLogs" computerName="base" duration="00:00:00.0012553" startTime="2025-08-09T20:52:09.1963960+03:00" endTime="2025-08-09T20:52:09.1976250+03:00" testType="13cdc9d9-ddb5-4fa4-a97d-d965ccfc6d4b" outcome="Passed" testListId="8c84fa94-04c1-424b-9868-57a2d4851a1d" relativeResultsDirectory="60753a08-73d4-4b9f-a498-dd8bd1d00050" />
    <UnitTestResult executionId="5efbd56e-042b-4de3-b282-708f8af3642f" testId="edf6a030-20b7-5099-4eae-89f53653ee9c" testName="ContactService.Tests.Domain.Entities.ContactTests.Contact_Creation_Should_Set_Properties_Correctly" computerName="base" duration="00:00:00.0003231" startTime="2025-08-09T20:52:09.0824920+03:00" endTime="2025-08-09T20:52:09.0825080+03:00" testType="13cdc9d9-ddb5-4fa4-a97d-d965ccfc6d4b" outcome="Passed" testListId="8c84fa94-04c1-424b-9868-57a2d4851a1d" relativeResultsDirectory="5efbd56e-042b-4de3-b282-708f8af3642f" />
    <UnitTestResult executionId="77ee45b5-a51a-4702-90d7-1831877f260f" testId="ac1714c9-ff76-cbb6-220f-9d0ef3905d15" testName="ContactService.Tests.Repositories.MongoAuditLogRepositoryTests.SearchAsync_ShouldApplyAllProvidedFilters" computerName="base" duration="00:00:00.0018198" startTime="2025-08-09T20:52:09.1946020+03:00" endTime="2025-08-09T20:52:09.1963420+03:00" testType="13cdc9d9-ddb5-4fa4-a97d-d965ccfc6d4b" outcome="Passed" testListId="8c84fa94-04c1-424b-9868-57a2d4851a1d" relativeResultsDirectory="77ee45b5-a51a-4702-90d7-1831877f260f" />
    <UnitTestResult executionId="074aaa91-d3ab-43fe-a4b5-98f62ca66bbd" testId="6f6162e6-6deb-eccb-af06-43aec8dc0bbb" testName="ContactService.Tests.Repositories.ContactHistoryRepositoryTests.GetCountByContactIdAsync_ShouldReturnContactHistoryCount" computerName="base" duration="00:00:00.0015826" startTime="2025-08-09T20:52:09.4098720+03:00" endTime="2025-08-09T20:52:09.4114240+03:00" testType="13cdc9d9-ddb5-4fa4-a97d-d965ccfc6d4b" outcome="Passed" testListId="8c84fa94-04c1-424b-9868-57a2d4851a1d" relativeResultsDirectory="074aaa91-d3ab-43fe-a4b5-98f62ca66bbd" />
    <UnitTestResult executionId="67a4676a-fbac-4da7-8546-32d357932f41" testId="405f40d7-9561-3309-8bfa-837cee093906" testName="ContactService.Tests.Repositories.InterfaceAuditLogRepositoryTests.SearchAsync_ShouldReturnFilteredResults" computerName="base" duration="00:00:00.0023882" startTime="2025-08-09T20:52:09.1269310+03:00" endTime="2025-08-09T20:52:09.1290170+03:00" testType="13cdc9d9-ddb5-4fa4-a97d-d965ccfc6d4b" outcome="Passed" testListId="8c84fa94-04c1-424b-9868-57a2d4851a1d" relativeResultsDirectory="67a4676a-fbac-4da7-8546-32d357932f41" />
    <UnitTestResult executionId="081a66c8-2457-4a40-8dae-c8e7886bf101" testId="bae9764f-6739-74de-9560-36225fd37725" testName="ContactService.Tests.Repositories.ContactHistoryRepositoryTests.GetByOperationTypeAsync_ShouldReturnMatchingHistories" computerName="base" duration="00:00:00.0030189" startTime="2025-08-09T20:52:09.4068480+03:00" endTime="2025-08-09T20:52:09.4098210+03:00" testType="13cdc9d9-ddb5-4fa4-a97d-d965ccfc6d4b" outcome="Passed" testListId="8c84fa94-04c1-424b-9868-57a2d4851a1d" relativeResultsDirectory="081a66c8-2457-4a40-8dae-c8e7886bf101" />
    <UnitTestResult executionId="6f267c86-11bf-43d0-ab73-5f8878a0e42c" testId="1bd7f86d-2011-8cdd-1461-8bc55c96d5ec" testName="ContactService.Tests.Domain.Entities.OutboxEventTests.Constructor_WithInvalidCorrelationId_ShouldThrowException(correlationId: &quot;&quot;)" computerName="base" duration="00:00:00.0183417" startTime="2025-08-09T20:52:09.0639850+03:00" endTime="2025-08-09T20:52:09.0743620+03:00" testType="13cdc9d9-ddb5-4fa4-a97d-d965ccfc6d4b" outcome="Passed" testListId="8c84fa94-04c1-424b-9868-57a2d4851a1d" relativeResultsDirectory="6f267c86-11bf-43d0-ab73-5f8878a0e42c" />
    <UnitTestResult executionId="4bdcd97f-1780-4607-9a2b-9dce87301d7e" testId="0ff85cf5-a2d8-d8fc-ca9b-bb20d44148c4" testName="ContactService.Tests.Services.OutboxServiceTests.ProcessPendingEventsAsync_WithNoPendingEvents_ShouldDoNothing" computerName="base" duration="00:00:00.0007875" startTime="2025-08-09T20:52:09.1280420+03:00" endTime="2025-08-09T20:52:09.1286180+03:00" testType="13cdc9d9-ddb5-4fa4-a97d-d965ccfc6d4b" outcome="Passed" testListId="8c84fa94-04c1-424b-9868-57a2d4851a1d" relativeResultsDirectory="4bdcd97f-1780-4607-9a2b-9dce87301d7e" />
    <UnitTestResult executionId="fdb25182-5233-4d81-9edd-9537bf1ca966" testId="72500727-27e7-6ae3-a846-6658170429c8" testName="ContactService.Tests.Domain.Entities.OutboxEventTests.Constructor_WithInvalidCorrelationId_ShouldThrowException(correlationId: &quot;  &quot;)" computerName="base" duration="00:00:00.0003093" startTime="2025-08-09T20:52:09.0775700+03:00" endTime="2025-08-09T20:52:09.0778840+03:00" testType="13cdc9d9-ddb5-4fa4-a97d-d965ccfc6d4b" outcome="Passed" testListId="8c84fa94-04c1-424b-9868-57a2d4851a1d" relativeResultsDirectory="fdb25182-5233-4d81-9edd-9537bf1ca966" />
    <UnitTestResult executionId="9d3305e6-0055-4a2a-971e-cd08385cd30f" testId="126d153f-a9a1-6b93-76d7-868255d66020" testName="ContactService.Tests.Domain.Entities.ContactInfoTests.ContactInfo_Creation_Should_Throw_Exception_When_Invalid_Content(infoType: PhoneNumber, content: &quot;invalid&quot;)" computerName="base" duration="00:00:00.0000958" startTime="2025-08-09T20:52:09.0738620+03:00" endTime="2025-08-09T20:52:09.0738880+03:00" testType="13cdc9d9-ddb5-4fa4-a97d-d965ccfc6d4b" outcome="Passed" testListId="8c84fa94-04c1-424b-9868-57a2d4851a1d" relativeResultsDirectory="9d3305e6-0055-4a2a-971e-cd08385cd30f" />
    <UnitTestResult executionId="8ef234fa-1977-44b6-9dcf-62bfa6c4b750" testId="44514b6a-1308-8b4b-e1cb-35d868791017" testName="ContactService.Tests.Services.ContactServiceApplicationTests.AddContactInfoAsync_ValidInput_ReturnsContact" computerName="base" duration="00:00:00.0017748" startTime="2025-08-09T20:52:09.0994380+03:00" endTime="2025-08-09T20:52:09.1066490+03:00" testType="13cdc9d9-ddb5-4fa4-a97d-d965ccfc6d4b" outcome="Passed" testListId="8c84fa94-04c1-424b-9868-57a2d4851a1d" relativeResultsDirectory="8ef234fa-1977-44b6-9dcf-62bfa6c4b750" />
    <UnitTestResult executionId="37f1d662-0999-482c-bcdc-dcbf44dc66d6" testId="98ca35fe-00fc-f6f5-0ef1-bbfdec93c5fb" testName="ContactService.Tests.Controllers.ContactsControllerTests.RemoveContactInfo_WhenSuccessful_ReturnsNoContent" computerName="base" duration="00:00:00.0011008" startTime="2025-08-09T20:52:09.1136470+03:00" endTime="2025-08-09T20:52:09.1149100+03:00" testType="13cdc9d9-ddb5-4fa4-a97d-d965ccfc6d4b" outcome="Passed" testListId="8c84fa94-04c1-424b-9868-57a2d4851a1d" relativeResultsDirectory="37f1d662-0999-482c-bcdc-dcbf44dc66d6" />
    <UnitTestResult executionId="331fa489-6bd2-4408-911d-d8ebd605754c" testId="5c903760-9f95-3812-bc6b-25200bdf3693" testName="ContactService.Tests.Domain.Entities.ContactInfoTests.ContactInfo_Creation_Should_Throw_Exception_When_Invalid_Content(infoType: Location, content: &quot;&quot;)" computerName="base" duration="00:00:00.0150527" startTime="2025-08-09T20:52:09.0634210+03:00" endTime="2025-08-09T20:52:09.0691960+03:00" testType="13cdc9d9-ddb5-4fa4-a97d-d965ccfc6d4b" outcome="Passed" testListId="8c84fa94-04c1-424b-9868-57a2d4851a1d" relativeResultsDirectory="331fa489-6bd2-4408-911d-d8ebd605754c" />
    <UnitTestResult executionId="c4e57b25-df76-4cee-8a32-162a3bbc54c9" testId="25a08685-8a9a-a9d7-81fd-c697cf0c6d7b" testName="ContactService.Tests.Repositories.MongoAuditLogRepositoryTests.GetTotalCountAsync_ShouldReturnCount" computerName="base" duration="00:00:00.0850881" startTime="2025-08-09T20:52:09.0999530+03:00" endTime="2025-08-09T20:52:09.1850470+03:00" testType="13cdc9d9-ddb5-4fa4-a97d-d965ccfc6d4b" outcome="Passed" testListId="8c84fa94-04c1-424b-9868-57a2d4851a1d" relativeResultsDirectory="c4e57b25-df76-4cee-8a32-162a3bbc54c9" />
    <UnitTestResult executionId="052b1dfc-a57f-4733-befb-f35bf2b27cb9" testId="c559a68f-2eff-04d6-b161-ffe428335164" testName="ContactService.Tests.Services.OutboxServiceTests.AddEventAsync_ShouldCreateOutboxEvent" computerName="base" duration="00:00:00.0074293" startTime="2025-08-09T20:52:09.1227790+03:00" endTime="2025-08-09T20:52:09.1245560+03:00" testType="13cdc9d9-ddb5-4fa4-a97d-d965ccfc6d4b" outcome="Passed" testListId="8c84fa94-04c1-424b-9868-57a2d4851a1d" relativeResultsDirectory="052b1dfc-a57f-4733-befb-f35bf2b27cb9" />
    <UnitTestResult executionId="1f4448ae-8411-42f6-9dc0-37654f90a9b1" testId="c3fe5172-5743-b77e-f041-7c3abe54e2e1" testName="ContactService.Tests.Services.ContactServiceUpdateTests.UpdateContactAsync_WithNonExistingContact_ShouldReturnNull" computerName="base" duration="00:00:00.0013973" startTime="2025-08-09T20:52:09.1072590+03:00" endTime="2025-08-09T20:52:09.1074210+03:00" testType="13cdc9d9-ddb5-4fa4-a97d-d965ccfc6d4b" outcome="Passed" testListId="8c84fa94-04c1-424b-9868-57a2d4851a1d" relativeResultsDirectory="1f4448ae-8411-42f6-9dc0-37654f90a9b1" />
    <UnitTestResult executionId="23ad0dca-fef0-41df-9ebc-40e86b4a4619" testId="e1004f18-4443-4ff8-66a9-3013d39e6a45" testName="ContactService.Tests.Services.ContactServiceTestsFixed.AddContactInfoAsync_WithNonExistingContact_ShouldReturnNull" computerName="base" duration="00:00:00.0008711" startTime="2025-08-09T20:52:09.1239130+03:00" endTime="2025-08-09T20:52:09.1246140+03:00" testType="13cdc9d9-ddb5-4fa4-a97d-d965ccfc6d4b" outcome="Passed" testListId="8c84fa94-04c1-424b-9868-57a2d4851a1d" relativeResultsDirectory="23ad0dca-fef0-41df-9ebc-40e86b4a4619" />
    <UnitTestResult executionId="b5b69288-fa23-442c-ae13-e651b1955027" testId="d4775dfa-cdea-3719-81f7-2f1b34fad721" testName="ContactService.Tests.Services.OutboxServiceTests.ProcessFailedEventsAsync_WithNoFailedEvents_ShouldDoNothing" computerName="base" duration="00:00:00.0008264" startTime="2025-08-09T20:52:09.1162240+03:00" endTime="2025-08-09T20:52:09.1227170+03:00" testType="13cdc9d9-ddb5-4fa4-a97d-d965ccfc6d4b" outcome="Passed" testListId="8c84fa94-04c1-424b-9868-57a2d4851a1d" relativeResultsDirectory="b5b69288-fa23-442c-ae13-e651b1955027" />
    <UnitTestResult executionId="faab752d-8b9d-43f0-b946-d03deb0c04d9" testId="124dfbbf-60d5-a8a0-9a58-0ae196323d97" testName="ContactService.Tests.Domain.Entities.OutboxEventTests.MarkAsFailed_WithInvalidErrorMessage_ShouldThrowException(errorMessage: &quot;&quot;)" computerName="base" duration="00:00:00.0001431" startTime="2025-08-09T20:52:09.0885340+03:00" endTime="2025-08-09T20:52:09.0886100+03:00" testType="13cdc9d9-ddb5-4fa4-a97d-d965ccfc6d4b" outcome="Passed" testListId="8c84fa94-04c1-424b-9868-57a2d4851a1d" relativeResultsDirectory="faab752d-8b9d-43f0-b946-d03deb0c04d9" />
    <UnitTestResult executionId="836757a1-48ea-419a-8833-b6fc9ea559cd" testId="26e6a1c0-a2f9-a0c2-b9ef-8fbf7a1b6d33" testName="ContactService.Tests.Repositories.AuditLogRepositoryStatisticsTests.GetStatisticsAsync_EmptyResult_ShouldReturnEmptyDictionary" computerName="base" duration="00:00:00.0006217" startTime="2025-08-09T20:52:09.1081670+03:00" endTime="2025-08-09T20:52:09.1086870+03:00" testType="13cdc9d9-ddb5-4fa4-a97d-d965ccfc6d4b" outcome="Passed" testListId="8c84fa94-04c1-424b-9868-57a2d4851a1d" relativeResultsDirectory="836757a1-48ea-419a-8833-b6fc9ea559cd" />
    <UnitTestResult executionId="74dcfa22-9c9d-4c6f-8610-2317bb7a6011" testId="a8d90567-b808-2e87-0051-a87dfee1a679" testName="ContactService.Tests.Services.CachedContactServiceTests.UpdateContactAsync_ShouldInvalidateCache" computerName="base" duration="00:00:00.0025704" startTime="2025-08-09T20:52:09.1257980+03:00" endTime="2025-08-09T20:52:09.1277010+03:00" testType="13cdc9d9-ddb5-4fa4-a97d-d965ccfc6d4b" outcome="Passed" testListId="8c84fa94-04c1-424b-9868-57a2d4851a1d" relativeResultsDirectory="74dcfa22-9c9d-4c6f-8610-2317bb7a6011" />
    <UnitTestResult executionId="1338128b-43cb-479a-a98a-f7541bb57ec2" testId="d0b68fa2-8573-ff6a-1395-8672483d7840" testName="ContactService.Tests.Domain.Entities.OutboxEventTests.MarkAsFailed_WithTooLongErrorMessage_ShouldThrowException" computerName="base" duration="00:00:00.0001942" startTime="2025-08-09T20:52:09.0908280+03:00" endTime="2025-08-09T20:52:09.0908430+03:00" testType="13cdc9d9-ddb5-4fa4-a97d-d965ccfc6d4b" outcome="Passed" testListId="8c84fa94-04c1-424b-9868-57a2d4851a1d" relativeResultsDirectory="1338128b-43cb-479a-a98a-f7541bb57ec2" />
    <UnitTestResult executionId="b546a587-f776-43b5-a586-3f82dff65e92" testId="2c35d8c2-aa6c-6a0f-c68a-9c31adb9047c" testName="ContactService.Tests.Domain.Entities.ContactTests.RemoveContactInfo_Should_Remove_Info_From_Collection" computerName="base" duration="00:00:00.0001190" startTime="2025-08-09T20:52:09.0826050+03:00" endTime="2025-08-09T20:52:09.0826210+03:00" testType="13cdc9d9-ddb5-4fa4-a97d-d965ccfc6d4b" outcome="Passed" testListId="8c84fa94-04c1-424b-9868-57a2d4851a1d" relativeResultsDirectory="b546a587-f776-43b5-a586-3f82dff65e92" />
    <UnitTestResult executionId="cef09e54-d15b-4abf-aa1d-008a491da0fd" testId="f483d3f3-63fe-8590-30c3-b17059ff6060" testName="ContactService.Tests.Services.ContactServiceMainTests.CreateContactAsync_ShouldCreateContact_WhenValidDataProvided" computerName="base" duration="00:00:00.0002687" startTime="2025-08-09T20:52:09.1317520+03:00" endTime="2025-08-09T20:52:09.1319350+03:00" testType="13cdc9d9-ddb5-4fa4-a97d-d965ccfc6d4b" outcome="Passed" testListId="8c84fa94-04c1-424b-9868-57a2d4851a1d" relativeResultsDirectory="cef09e54-d15b-4abf-aa1d-008a491da0fd" />
    <UnitTestResult executionId="a0ed5ca3-9553-4b9e-8275-8e082527e9b1" testId="10d14aaf-d239-279a-a6e8-f000e104a5ce" testName="ContactService.Tests.Repositories.MongoAuditLogRepositoryTests.GetActionStatisticsAsync_ShouldReturnActionCounts" computerName="base" duration="00:00:00.0013527" startTime="2025-08-09T20:52:09.1935050+03:00" endTime="2025-08-09T20:52:09.1945110+03:00" testType="13cdc9d9-ddb5-4fa4-a97d-d965ccfc6d4b" outcome="Passed" testListId="8c84fa94-04c1-424b-9868-57a2d4851a1d" relativeResultsDirectory="a0ed5ca3-9553-4b9e-8275-8e082527e9b1" />
    <UnitTestResult executionId="746f7785-deb0-4660-880f-5de7df085428" testId="2f39f84b-2495-025d-4dce-7e9dda04c9a0" testName="ContactService.Tests.Repositories.ContactHistoryRepositoryTests.CreateAsync_WithNullHistory_ShouldThrowArgumentNullException" computerName="base" duration="00:00:00.0003201" startTime="2025-08-09T20:52:09.4114710+03:00" endTime="2025-08-09T20:52:09.4117610+03:00" testType="13cdc9d9-ddb5-4fa4-a97d-d965ccfc6d4b" outcome="Passed" testListId="8c84fa94-04c1-424b-9868-57a2d4851a1d" relativeResultsDirectory="746f7785-deb0-4660-880f-5de7df085428" />
    <UnitTestResult executionId="9ee6158a-e8dd-4b7b-8046-af1aa7e479fa" testId="7a45942a-3b30-94eb-c36a-c8382837d4e3" testName="ContactService.Tests.Services.ContactServiceMainTestsFixed.AddContactInfoAsync_WhenContactExists_ShouldAddInfoAndAddToHistory" computerName="base" duration="00:00:00.0012419" startTime="2025-08-09T20:52:09.1263320+03:00" endTime="2025-08-09T20:52:09.1272840+03:00" testType="13cdc9d9-ddb5-4fa4-a97d-d965ccfc6d4b" outcome="Passed" testListId="8c84fa94-04c1-424b-9868-57a2d4851a1d" relativeResultsDirectory="9ee6158a-e8dd-4b7b-8046-af1aa7e479fa" />
    <UnitTestResult executionId="e82b4619-d1eb-46d3-9cf0-9c6c383c0a08" testId="b65281e8-2265-5702-574a-6c47ec24228a" testName="ContactService.Tests.Services.ContactServiceApplicationTests.DeleteContactAsync_ReturnsBoolean" computerName="base" duration="00:00:00.0018909" startTime="2025-08-09T20:52:09.0977170+03:00" endTime="2025-08-09T20:52:09.0993890+03:00" testType="13cdc9d9-ddb5-4fa4-a97d-d965ccfc6d4b" outcome="Passed" testListId="8c84fa94-04c1-424b-9868-57a2d4851a1d" relativeResultsDirectory="e82b4619-d1eb-46d3-9cf0-9c6c383c0a08" />
    <UnitTestResult executionId="374eefa4-3364-4613-95e1-dd58125c2a3b" testId="e692ca4f-6d6b-7fc0-48f7-fd4b7d1742b6" testName="ContactService.Tests.Workers.OutboxProcessorWorkerTests.StopAsync_ShouldLogError_WhenProcessingRemainingEventsFails" computerName="base" duration="00:00:00.0039011" startTime="2025-08-09T20:52:09.5082840+03:00" endTime="2025-08-09T20:52:09.5086330+03:00" testType="13cdc9d9-ddb5-4fa4-a97d-d965ccfc6d4b" outcome="Passed" testListId="8c84fa94-04c1-424b-9868-57a2d4851a1d" relativeResultsDirectory="374eefa4-3364-4613-95e1-dd58125c2a3b" />
    <UnitTestResult executionId="97f6f4a3-b979-4759-8077-73243bc39618" testId="079beacb-8703-1df3-fe00-909a1c0b8abb" testName="ContactService.Tests.Services.ContactServiceApplicationTests.GetLocationStatistics_ReturnsStatistics" computerName="base" duration="00:00:00.0020060" startTime="2025-08-09T20:52:09.1078280+03:00" endTime="2025-08-09T20:52:09.1096450+03:00" testType="13cdc9d9-ddb5-4fa4-a97d-d965ccfc6d4b" outcome="Passed" testListId="8c84fa94-04c1-424b-9868-57a2d4851a1d" relativeResultsDirectory="97f6f4a3-b979-4759-8077-73243bc39618" />
    <UnitTestResult executionId="5455a138-2271-477e-819f-1587b69f7561" testId="20515b5d-e30f-5458-7e3f-a5a075cba14a" testName="ContactService.Tests.Repositories.InterfaceAuditLogRepositoryTests.GetTotalCountAsync_ShouldReturnCount" computerName="base" duration="00:00:00.0008474" startTime="2025-08-09T20:52:09.1128350+03:00" endTime="2025-08-09T20:52:09.1136680+03:00" testType="13cdc9d9-ddb5-4fa4-a97d-d965ccfc6d4b" outcome="Passed" testListId="8c84fa94-04c1-424b-9868-57a2d4851a1d" relativeResultsDirectory="5455a138-2271-477e-819f-1587b69f7561" />
    <UnitTestResult executionId="7df967cf-4ffe-4abe-b3d1-a8fb9bb5cbf1" testId="443e13cd-d51f-1bc7-fca6-df12d7e0a2ce" testName="ContactService.Tests.Domain.Entities.ContactTests.AddContactInfo_Should_Throw_Exception_When_Invalid_Content(infoType: PhoneNumber, content: &quot;InvalidPhone&quot;)" computerName="base" duration="00:00:00.0000796" startTime="2025-08-09T20:52:09.0819040+03:00" endTime="2025-08-09T20:52:09.0819210+03:00" testType="13cdc9d9-ddb5-4fa4-a97d-d965ccfc6d4b" outcome="Passed" testListId="8c84fa94-04c1-424b-9868-57a2d4851a1d" relativeResultsDirectory="7df967cf-4ffe-4abe-b3d1-a8fb9bb5cbf1" />
    <UnitTestResult executionId="5c57ce25-eb1d-4687-beeb-085125296251" testId="e21c7a63-6890-2b93-a955-ffd8ea432639" testName="ContactService.Tests.Validations.CreateContactCommandValidatorTests.Validate_EmptyOrNullName_ShouldFailValidation(name: &quot;&quot;)" computerName="base" duration="00:00:00.0001805" startTime="2025-08-09T20:52:09.0792540+03:00" endTime="2025-08-09T20:52:09.0792710+03:00" testType="13cdc9d9-ddb5-4fa4-a97d-d965ccfc6d4b" outcome="Passed" testListId="8c84fa94-04c1-424b-9868-57a2d4851a1d" relativeResultsDirectory="5c57ce25-eb1d-4687-beeb-085125296251" />
    <UnitTestResult executionId="1a546a45-387b-4476-bd1a-1a6299560ea5" testId="179e5766-4ae7-bc37-b6b4-90c5efc021d4" testName="ContactService.Tests.Repositories.InterfaceAuditLogRepositoryTests.CreateManyAsync_ShouldCallRepositoryWithAllLogs" computerName="base" duration="00:00:00.0044348" startTime="2025-08-09T20:52:09.1083940+03:00" endTime="2025-08-09T20:52:09.1127830+03:00" testType="13cdc9d9-ddb5-4fa4-a97d-d965ccfc6d4b" outcome="Passed" testListId="8c84fa94-04c1-424b-9868-57a2d4851a1d" relativeResultsDirectory="1a546a45-387b-4476-bd1a-1a6299560ea5" />
    <UnitTestResult executionId="21ce818d-9cf7-4185-ad6c-dd881f2b806c" testId="9f54d93d-6f81-7c29-de08-ba4fb3579541" testName="ContactService.Tests.Services.CachedContactServiceTests.GetLocationStatistics_WhenNotCached_ShouldFetchAndCache" computerName="base" duration="00:00:00.0040699" startTime="2025-08-09T20:52:09.1071950+03:00" endTime="2025-08-09T20:52:09.1097560+03:00" testType="13cdc9d9-ddb5-4fa4-a97d-d965ccfc6d4b" outcome="Passed" testListId="8c84fa94-04c1-424b-9868-57a2d4851a1d" relativeResultsDirectory="21ce818d-9cf7-4185-ad6c-dd881f2b806c" />
    <UnitTestResult executionId="7e7c76e7-cae9-4202-9a57-d7b3460daddd" testId="efa0793d-9ed9-d671-3dc7-bab3d6d8e171" testName="ContactService.Tests.Services.ContactServiceApplicationTests.CreateContactAsync_ValidInput_ReturnsContact" computerName="base" duration="00:00:00.0025412" startTime="2025-08-09T20:52:09.1105390+03:00" endTime="2025-08-09T20:52:09.1130480+03:00" testType="13cdc9d9-ddb5-4fa4-a97d-d965ccfc6d4b" outcome="Passed" testListId="8c84fa94-04c1-424b-9868-57a2d4851a1d" relativeResultsDirectory="7e7c76e7-cae9-4202-9a57-d7b3460daddd" />
    <UnitTestResult executionId="926b4bee-8329-4daf-8bd6-24dd3dc0cde3" testId="111b7653-f816-b715-b87f-7fd8379044e4" testName="ContactService.Tests.Services.ContactServiceMainTests.AddContactInfoAsync_WhenContactNotExists_ShouldReturnNull" computerName="base" duration="00:00:00.0008456" startTime="2025-08-09T20:52:09.1379280+03:00" endTime="2025-08-09T20:52:09.1387110+03:00" testType="13cdc9d9-ddb5-4fa4-a97d-d965ccfc6d4b" outcome="Passed" testListId="8c84fa94-04c1-424b-9868-57a2d4851a1d" relativeResultsDirectory="926b4bee-8329-4daf-8bd6-24dd3dc0cde3" />
    <UnitTestResult executionId="61ac1cce-0a59-493a-9d96-f9f405b51c9d" testId="7c7b35de-3a22-8ded-1159-21c2cde4fe0d" testName="ContactService.Tests.Repositories.MongoAuditLogRepositoryTests.GetByActionAsync_ShouldReturnMatchingLogs" computerName="base" duration="00:00:00.0008194" startTime="2025-08-09T20:52:09.2061160+03:00" endTime="2025-08-09T20:52:09.2068780+03:00" testType="13cdc9d9-ddb5-4fa4-a97d-d965ccfc6d4b" outcome="Passed" testListId="8c84fa94-04c1-424b-9868-57a2d4851a1d" relativeResultsDirectory="61ac1cce-0a59-493a-9d96-f9f405b51c9d" />
    <UnitTestResult executionId="c7dffdfc-0132-4f09-9620-0e1c47d7f051" testId="92781bd7-2ea2-5631-0694-f378c3f190d8" testName="ContactService.Tests.Services.ContactServiceTestsFixed.GetContactByIdAsync_ExistingId_ShouldReturnContact" computerName="base" duration="00:00:00.0008798" startTime="2025-08-09T20:52:09.1246540+03:00" endTime="2025-08-09T20:52:09.1258730+03:00" testType="13cdc9d9-ddb5-4fa4-a97d-d965ccfc6d4b" outcome="Passed" testListId="8c84fa94-04c1-424b-9868-57a2d4851a1d" relativeResultsDirectory="c7dffdfc-0132-4f09-9620-0e1c47d7f051" />
    <UnitTestResult executionId="ad3e0b7b-3de9-4273-9000-d9ca55f40af3" testId="f28e8d11-463d-a43c-7a13-c5f4c558c245" testName="ContactService.Tests.Services.ContactServiceTestsFixed.RemoveContactInfoAsync_WithValidData_ShouldRemoveContactInfo" computerName="base" duration="00:00:00.0048497" startTime="2025-08-09T20:52:09.1309410+03:00" endTime="2025-08-09T20:52:09.1358520+03:00" testType="13cdc9d9-ddb5-4fa4-a97d-d965ccfc6d4b" outcome="Failed" testListId="8c84fa94-04c1-424b-9868-57a2d4851a1d" relativeResultsDirectory="ad3e0b7b-3de9-4273-9000-d9ca55f40af3">
      <Output>
        <ErrorInfo>
          <Message>Expected result to be True, but found False.</Message>
          <StackTrace>   at FluentAssertions.Execution.LateBoundTestFramework.Throw(String message)
   at FluentAssertions.Execution.DefaultAssertionStrategy.HandleFailure(String message)
   at FluentAssertions.Execution.AssertionScope.AddPreFormattedFailure(String formattedFailureMessage)
   at FluentAssertions.Execution.AssertionChain.FailWith(Func`1 getFailureReason)
   at FluentAssertions.Execution.AssertionChain.FailWith(Func`1 getFailureReason)
   at FluentAssertions.Execution.AssertionChain.FailWith(String message, Object[] args)
   at FluentAssertions.Primitives.BooleanAssertions`1.BeTrue(String because, Object[] becauseArgs)
   at ContactService.Tests.Services.ContactServiceTestsFixed.RemoveContactInfoAsync_WithValidData_ShouldRemoveContactInfo() in /Users/r00t/Projects/PhoneBookApp/ContactService.Tests/Services/ContactServiceTests.cs:line 330
--- End of stack trace from previous location ---</StackTrace>
        </ErrorInfo>
      </Output>
    </UnitTestResult>
    <UnitTestResult executionId="c40c00aa-95cc-4062-ad7c-36b3abba2f0c" testId="f6522c53-be07-c331-4607-151fcd4c0159" testName="ContactService.Tests.Services.ContactServiceMainTests.ContactExistsAsync_WhenContactExists_ShouldReturnTrue" computerName="base" duration="00:00:00.0037675" startTime="2025-08-09T20:52:09.1319950+03:00" endTime="2025-08-09T20:52:09.1357500+03:00" testType="13cdc9d9-ddb5-4fa4-a97d-d965ccfc6d4b" outcome="Passed" testListId="8c84fa94-04c1-424b-9868-57a2d4851a1d" relativeResultsDirectory="c40c00aa-95cc-4062-ad7c-36b3abba2f0c" />
    <UnitTestResult executionId="ee0e0601-d005-40b5-886a-f70bcb661e2d" testId="94a0978f-a353-00a7-6ac3-ef47fec046c6" testName="ContactService.Tests.Domain.Entities.ContactHistoryTests.GetAdditionalMetadata_WithNoMetadata_ShouldReturnNull" computerName="base" duration="00:00:00.0001019" startTime="2025-08-09T20:52:09.0916040+03:00" endTime="2025-08-09T20:52:09.0916330+03:00" testType="13cdc9d9-ddb5-4fa4-a97d-d965ccfc6d4b" outcome="Passed" testListId="8c84fa94-04c1-424b-9868-57a2d4851a1d" relativeResultsDirectory="ee0e0601-d005-40b5-886a-f70bcb661e2d" />
    <UnitTestResult executionId="548defbe-2ad6-45c5-8d81-561d6bcf7de3" testId="8e0807d9-5fdb-9205-42ee-a60e37463259" testName="ContactService.Tests.Services.OutboxServiceTests.ProcessPendingEventsAsync_ShouldUseCorrectTopicForEventType(eventType: &quot;ContactDeleted&quot;, expectedTopic: &quot;contact-events&quot;)" computerName="base" duration="00:00:00.0003435" startTime="2025-08-09T20:52:09.1116140+03:00" endTime="2025-08-09T20:52:09.1117130+03:00" testType="13cdc9d9-ddb5-4fa4-a97d-d965ccfc6d4b" outcome="Passed" testListId="8c84fa94-04c1-424b-9868-57a2d4851a1d" relativeResultsDirectory="548defbe-2ad6-45c5-8d81-561d6bcf7de3" />
    <UnitTestResult executionId="c4527164-817c-481a-ac23-147d6cc83535" testId="48769fa8-8334-e0cd-8bbc-a5d611b35154" testName="ContactService.Tests.Repositories.OutboxRepositoryTests.GetByIdAsync_WhenEventDoesNotExist_ShouldReturnNull" computerName="base" duration="00:00:00.0004476" startTime="2025-08-09T20:52:09.3734350+03:00" endTime="2025-08-09T20:52:09.3738400+03:00" testType="13cdc9d9-ddb5-4fa4-a97d-d965ccfc6d4b" outcome="Passed" testListId="8c84fa94-04c1-424b-9868-57a2d4851a1d" relativeResultsDirectory="c4527164-817c-481a-ac23-147d6cc83535" />
    <UnitTestResult executionId="dff55d38-a410-4ef6-91d5-f41813146f9b" testId="2c1f28ba-764d-3fa9-5475-82b081f91c8e" testName="ContactService.Tests.Services.OutboxServiceTests.ProcessPendingEventsAsync_ShouldUseCorrectTopicForEventType(eventType: &quot;ContactUpdated&quot;, expectedTopic: &quot;contact-events&quot;)" computerName="base" duration="00:00:00.0006380" startTime="2025-08-09T20:52:09.1102630+03:00" endTime="2025-08-09T20:52:09.1108660+03:00" testType="13cdc9d9-ddb5-4fa4-a97d-d965ccfc6d4b" outcome="Passed" testListId="8c84fa94-04c1-424b-9868-57a2d4851a1d" relativeResultsDirectory="dff55d38-a410-4ef6-91d5-f41813146f9b" />
    <UnitTestResult executionId="94db8803-3839-48dc-8e78-8fec8559948d" testId="afc37a1d-3c5b-ea93-79ce-b30d9478a205" testName="ContactService.Tests.Services.ContactServiceAddContactInfoTests.AddContactInfoAsync_WithValidData_ShouldAddContactInfoSuccessfully" computerName="base" duration="00:00:00.0034680" startTime="2025-08-09T20:52:09.0980540+03:00" endTime="2025-08-09T20:52:09.1068350+03:00" testType="13cdc9d9-ddb5-4fa4-a97d-d965ccfc6d4b" outcome="Passed" testListId="8c84fa94-04c1-424b-9868-57a2d4851a1d" relativeResultsDirectory="94db8803-3839-48dc-8e78-8fec8559948d" />
    <UnitTestResult executionId="4e22e2ab-66e0-4118-a252-3efab7525b1f" testId="f01ae12c-0e66-79bc-93dc-f00b73c11376" testName="ContactService.Tests.Repositories.OutboxRepositoryTests.GetPendingEventsAsync_ShouldReturnPendingEvents" computerName="base" duration="00:00:00.0036591" startTime="2025-08-09T20:52:09.3738880+03:00" endTime="2025-08-09T20:52:09.3775230+03:00" testType="13cdc9d9-ddb5-4fa4-a97d-d965ccfc6d4b" outcome="Passed" testListId="8c84fa94-04c1-424b-9868-57a2d4851a1d" relativeResultsDirectory="4e22e2ab-66e0-4118-a252-3efab7525b1f" />
    <UnitTestResult executionId="1ba46589-4e81-4c08-958b-f49e59e061c3" testId="3e0d0734-29ff-8c43-4b6f-3d6de1f1428f" testName="ContactService.Tests.Services.ContactServiceMainTests.GetContactByIdAsync_WhenContactNotExists_ShouldReturnNull" computerName="base" duration="00:00:00.0003974" startTime="2025-08-09T20:52:09.1302000+03:00" endTime="2025-08-09T20:52:09.1304200+03:00" testType="13cdc9d9-ddb5-4fa4-a97d-d965ccfc6d4b" outcome="Passed" testListId="8c84fa94-04c1-424b-9868-57a2d4851a1d" relativeResultsDirectory="1ba46589-4e81-4c08-958b-f49e59e061c3" />
    <UnitTestResult executionId="d3b36df0-b3ae-4cc8-a3f8-d477de87dd9e" testId="de9a4fde-3700-801f-3fd1-721a68b10663" testName="ContactService.Tests.Domain.Entities.ContactTests.AddContactInfo_Should_Throw_Exception_When_Invalid_Content(infoType: EmailAddress, content: &quot;invalid-email&quot;)" computerName="base" duration="00:00:00.0002389" startTime="2025-08-09T20:52:09.0817990+03:00" endTime="2025-08-09T20:52:09.0818210+03:00" testType="13cdc9d9-ddb5-4fa4-a97d-d965ccfc6d4b" outcome="Passed" testListId="8c84fa94-04c1-424b-9868-57a2d4851a1d" relativeResultsDirectory="d3b36df0-b3ae-4cc8-a3f8-d477de87dd9e" />
    <UnitTestResult executionId="a7bec44a-fe6d-4752-9653-9aec1356e701" testId="6c2a16b2-1252-58f8-af52-cc93a97e6fec" testName="ContactService.Tests.Repositories.MongoAuditLogRepositoryTests.CreateManyAsync_WithEmptyList_ShouldNotCallInsertMany" computerName="base" duration="00:00:00.0003783" startTime="2025-08-09T20:52:09.2069240+03:00" endTime="2025-08-09T20:52:09.2072780+03:00" testType="13cdc9d9-ddb5-4fa4-a97d-d965ccfc6d4b" outcome="Passed" testListId="8c84fa94-04c1-424b-9868-57a2d4851a1d" relativeResultsDirectory="a7bec44a-fe6d-4752-9653-9aec1356e701" />
    <UnitTestResult executionId="32a5c697-c3e5-4e4d-8450-b32f8bf52d37" testId="3e495c5b-2707-5b37-901a-722dc64d9bc2" testName="ContactService.Tests.Repositories.ContactHistoryRepositoryTests.GetByDateRangeAsync_ShouldReturnHistoriesInRange" computerName="base" duration="00:00:00.0285224" startTime="2025-08-09T20:52:09.3740500+03:00" endTime="2025-08-09T20:52:09.4027160+03:00" testType="13cdc9d9-ddb5-4fa4-a97d-d965ccfc6d4b" outcome="Passed" testListId="8c84fa94-04c1-424b-9868-57a2d4851a1d" relativeResultsDirectory="32a5c697-c3e5-4e4d-8450-b32f8bf52d37" />
    <UnitTestResult executionId="2f3b1eb4-b103-4163-bbad-f0eabff090cc" testId="6556c299-6bb4-5ec5-984e-fa52257e87b6" testName="ContactService.Tests.Services.CorrelationContextTests.SetCorrelationId_WhenHttpContextIsNull_ShouldNotThrowException" computerName="base" duration="00:00:00.0029045" startTime="2025-08-09T20:52:09.0851540+03:00" endTime="2025-08-09T20:52:09.0880880+03:00" testType="13cdc9d9-ddb5-4fa4-a97d-d965ccfc6d4b" outcome="Passed" testListId="8c84fa94-04c1-424b-9868-57a2d4851a1d" relativeResultsDirectory="2f3b1eb4-b103-4163-bbad-f0eabff090cc" />
    <UnitTestResult executionId="c7d46c44-4180-44bf-bdfc-e483eae64745" testId="186e0ae0-54bb-b584-d5f3-d4b81fe8b789" testName="ContactService.Tests.Behaviors.ValidationBehaviorTests.Handle_WhenValidationPasses_ShouldProceedWithRequest" computerName="base" duration="00:00:00.0017271" startTime="2025-08-09T20:52:09.1383300+03:00" endTime="2025-08-09T20:52:09.1401430+03:00" testType="13cdc9d9-ddb5-4fa4-a97d-d965ccfc6d4b" outcome="Passed" testListId="8c84fa94-04c1-424b-9868-57a2d4851a1d" relativeResultsDirectory="c7d46c44-4180-44bf-bdfc-e483eae64745" />
    <UnitTestResult executionId="f4f00b61-9033-42af-894f-2bd67a5cefb5" testId="ffe4db92-54b1-7f83-8271-8dae375000c7" testName="ContactService.Tests.Services.CachedContactServiceTests.ContactExistsAsync_WhenNotCached_ShouldCheckBaseService" computerName="base" duration="00:00:00.0047716" startTime="2025-08-09T20:52:09.1313850+03:00" endTime="2025-08-09T20:52:09.1361140+03:00" testType="13cdc9d9-ddb5-4fa4-a97d-d965ccfc6d4b" outcome="Passed" testListId="8c84fa94-04c1-424b-9868-57a2d4851a1d" relativeResultsDirectory="f4f00b61-9033-42af-894f-2bd67a5cefb5" />
    <UnitTestResult executionId="f02fb588-3380-4902-b071-9c3cc81bd0cc" testId="b0d4b3ba-6734-251e-ba89-4709731e505d" testName="ContactService.Tests.Domain.Entities.ContactInfoTests.UpdateContent_Should_Throw_Exception_When_Invalid_Content" computerName="base" duration="00:00:00.0002131" startTime="2025-08-09T20:52:09.0778660+03:00" endTime="2025-08-09T20:52:09.0785870+03:00" testType="13cdc9d9-ddb5-4fa4-a97d-d965ccfc6d4b" outcome="Passed" testListId="8c84fa94-04c1-424b-9868-57a2d4851a1d" relativeResultsDirectory="f02fb588-3380-4902-b071-9c3cc81bd0cc" />
    <UnitTestResult executionId="ce571b3b-9085-4c10-97af-0def6bc7e16a" testId="41696c85-620d-5558-7d38-3aa3e33be99c" testName="ContactService.Tests.Services.ContactServiceApplicationTests.UpdateContactAsync_ValidInput_ReturnsContact" computerName="base" duration="00:00:00.0015088" startTime="2025-08-09T20:52:09.1133570+03:00" endTime="2025-08-09T20:52:09.1146120+03:00" testType="13cdc9d9-ddb5-4fa4-a97d-d965ccfc6d4b" outcome="Passed" testListId="8c84fa94-04c1-424b-9868-57a2d4851a1d" relativeResultsDirectory="ce571b3b-9085-4c10-97af-0def6bc7e16a" />
    <UnitTestResult executionId="1ee91389-0ec4-4c72-892a-e2bd1ac7bc04" testId="b9ba7b92-fecc-019d-a8e3-8e9f17a30de8" testName="ContactService.Tests.Repositories.MongoAuditLogRepositoryStatisticsTests.GetActionStatisticsAsync_EmptyResult_ShouldReturnEmptyDictionary" computerName="base" duration="00:00:00.0010000" startTime="2025-08-09T20:52:09.0812110+03:00" endTime="2025-08-09T20:52:09.0812210+03:00" testType="13cdc9d9-ddb5-4fa4-a97d-d965ccfc6d4b" outcome="NotExecuted" testListId="8c84fa94-04c1-424b-9868-57a2d4851a1d" relativeResultsDirectory="1ee91389-0ec4-4c72-892a-e2bd1ac7bc04">
      <Output>
        <ErrorInfo>
          <Message>Temporarily disabled due to MongoDB mocking complexity</Message>
        </ErrorInfo>
      </Output>
    </UnitTestResult>
    <UnitTestResult executionId="8c344428-8f7c-4692-8fe7-ff2eaa4bd353" testId="68f4590e-afad-f04b-97e1-69bd75d8d312" testName="ContactService.Tests.Repositories.ContactHistoryRepositoryTests.GetByContactIdAsync_ShouldReturnMatchingHistories" computerName="base" duration="00:00:00.3000891" startTime="2025-08-09T20:52:09.0634340+03:00" endTime="2025-08-09T20:52:09.3520320+03:00" testType="13cdc9d9-ddb5-4fa4-a97d-d965ccfc6d4b" outcome="Passed" testListId="8c84fa94-04c1-424b-9868-57a2d4851a1d" relativeResultsDirectory="8c344428-8f7c-4692-8fe7-ff2eaa4bd353" />
    <UnitTestResult executionId="c36f98eb-849a-4df4-837b-a456dce244db" testId="09bb61ca-6eab-451b-c307-4216d15f8054" testName="ContactService.Tests.Domain.Entities.ContactHistoryTests.Constructor_WithInvalidCorrelationId_ShouldThrowException(correlationId: &quot;&quot;)" computerName="base" duration="00:00:00.0000813" startTime="2025-08-09T20:52:09.0884790+03:00" endTime="2025-08-09T20:52:09.0885510+03:00" testType="13cdc9d9-ddb5-4fa4-a97d-d965ccfc6d4b" outcome="Passed" testListId="8c84fa94-04c1-424b-9868-57a2d4851a1d" relativeResultsDirectory="c36f98eb-849a-4df4-837b-a456dce244db" />
    <UnitTestResult executionId="925450f7-0eae-4f68-9395-83301a355281" testId="29e293e4-ac61-bb95-9df4-4a03b1c70d7f" testName="ContactService.Tests.Services.CorrelationContextTests.CorrelationId_WhenNoHeaderExists_ShouldReturnNull" computerName="base" duration="00:00:00.0003197" startTime="2025-08-09T20:52:09.0847930+03:00" endTime="2025-08-09T20:52:09.0851060+03:00" testType="13cdc9d9-ddb5-4fa4-a97d-d965ccfc6d4b" outcome="Passed" testListId="8c84fa94-04c1-424b-9868-57a2d4851a1d" relativeResultsDirectory="925450f7-0eae-4f68-9395-83301a355281" />
    <UnitTestResult executionId="7364bbc5-adec-4bb9-9e74-e5ea2455fd0d" testId="c427cb7e-c565-9a5c-6c0b-aa3bb88347e4" testName="ContactService.Tests.Validations.CreateContactCommandValidatorTests.Validate_EmptyContactInfos_ShouldPassValidation" computerName="base" duration="00:00:00.0001348" startTime="2025-08-09T20:52:09.0796330+03:00" endTime="2025-08-09T20:52:09.0796510+03:00" testType="13cdc9d9-ddb5-4fa4-a97d-d965ccfc6d4b" outcome="Passed" testListId="8c84fa94-04c1-424b-9868-57a2d4851a1d" relativeResultsDirectory="7364bbc5-adec-4bb9-9e74-e5ea2455fd0d" />
    <UnitTestResult executionId="d51ec05d-43e5-46d7-be54-4bc1fc675901" testId="e0c0dc92-4c11-8d36-dabb-89edd3ae9421" testName="ContactService.Tests.Services.ContactServiceTestsFixed.DeleteContactAsync_WithExistingContact_ShouldDeleteContact" computerName="base" duration="00:00:00.0011609" startTime="2025-08-09T20:52:09.1361000+03:00" endTime="2025-08-09T20:52:09.1370360+03:00" testType="13cdc9d9-ddb5-4fa4-a97d-d965ccfc6d4b" outcome="Passed" testListId="8c84fa94-04c1-424b-9868-57a2d4851a1d" relativeResultsDirectory="d51ec05d-43e5-46d7-be54-4bc1fc675901" />
    <UnitTestResult executionId="37c34e8f-121a-44a4-b9ea-d982ac53c9ff" testId="3f5bb582-9511-2ba7-2a49-ea1bd623604c" testName="ContactService.Tests.Services.ContactServiceMainTests.RemoveContactInfoAsync_WhenContactAndInfoExist_ShouldRemoveInfoAndReturnTrue" computerName="base" duration="00:00:00.0178265" startTime="2025-08-09T20:52:09.1073460+03:00" endTime="2025-08-09T20:52:09.1252610+03:00" testType="13cdc9d9-ddb5-4fa4-a97d-d965ccfc6d4b" outcome="Failed" testListId="8c84fa94-04c1-424b-9868-57a2d4851a1d" relativeResultsDirectory="37c34e8f-121a-44a4-b9ea-d982ac53c9ff">
      <Output>
        <ErrorInfo>
          <Message>Expected result to be True, but found False.</Message>
          <StackTrace>   at FluentAssertions.Execution.LateBoundTestFramework.Throw(String message)
   at FluentAssertions.Execution.DefaultAssertionStrategy.HandleFailure(String message)
   at FluentAssertions.Execution.AssertionScope.AddPreFormattedFailure(String formattedFailureMessage)
   at FluentAssertions.Execution.AssertionChain.FailWith(Func`1 getFailureReason)
   at FluentAssertions.Execution.AssertionChain.FailWith(Func`1 getFailureReason)
   at FluentAssertions.Execution.AssertionChain.FailWith(String message, Object[] args)
   at FluentAssertions.Primitives.BooleanAssertions`1.BeTrue(String because, Object[] becauseArgs)
   at ContactService.Tests.Services.ContactServiceMainTests.RemoveContactInfoAsync_WhenContactAndInfoExist_ShouldRemoveInfoAndReturnTrue() in /Users/r00t/Projects/PhoneBookApp/ContactService.Tests/Services/ContactServiceMainTests.cs:line 299
--- End of stack trace from previous location ---</StackTrace>
        </ErrorInfo>
      </Output>
    </UnitTestResult>
    <UnitTestResult executionId="129894c2-c10e-413d-a015-5f63f9ece1f2" testId="5374287b-1f7c-c2b3-e154-de5380cc5ee7" testName="ContactService.Tests.Repositories.OutboxRepositoryTests.GetFailedEventsReadyForRetryAsync_ShouldReturnFailedEventsForRetry" computerName="base" duration="00:00:00.0050461" startTime="2025-08-09T20:52:09.3775690+03:00" endTime="2025-08-09T20:52:09.3826010+03:00" testType="13cdc9d9-ddb5-4fa4-a97d-d965ccfc6d4b" outcome="Passed" testListId="8c84fa94-04c1-424b-9868-57a2d4851a1d" relativeResultsDirectory="129894c2-c10e-413d-a015-5f63f9ece1f2" />
    <UnitTestResult executionId="f582bd08-63cf-4835-98b6-4c62dea7535b" testId="b0f2213c-04cc-1379-5387-95cab862989b" testName="ContactService.Tests.Services.ContactServiceTestsFixed.UpdateContactAsync_WithNonExistingContact_ShouldReturnNull" computerName="base" duration="00:00:00.0007605" startTime="2025-08-09T20:52:09.1391120+03:00" endTime="2025-08-09T20:52:09.1397790+03:00" testType="13cdc9d9-ddb5-4fa4-a97d-d965ccfc6d4b" outcome="Passed" testListId="8c84fa94-04c1-424b-9868-57a2d4851a1d" relativeResultsDirectory="f582bd08-63cf-4835-98b6-4c62dea7535b" />
    <UnitTestResult executionId="ff08a1bc-f874-44f8-bb90-2f8006500792" testId="117ab19a-c872-02e8-c978-f08027b9b116" testName="ContactService.Tests.Domain.Entities.ContactTests.FullName_WhenBothNamesProvided_ShouldReturnCombinedName" computerName="base" duration="00:00:00.0000950" startTime="2025-08-09T20:52:09.0824340+03:00" endTime="2025-08-09T20:52:09.0824520+03:00" testType="13cdc9d9-ddb5-4fa4-a97d-d965ccfc6d4b" outcome="Passed" testListId="8c84fa94-04c1-424b-9868-57a2d4851a1d" relativeResultsDirectory="ff08a1bc-f874-44f8-bb90-2f8006500792" />
    <UnitTestResult executionId="b0846f01-7caa-4a35-ad31-74a8672b601a" testId="282f2e9e-8d74-cd49-7c68-22cff428626a" testName="ContactService.Tests.Repositories.MongoAuditLogRepositoryStatisticsTests.GetActionStatisticsAsync_ShouldReturnActionCounts" computerName="base" duration="00:00:00.0010000" startTime="2025-08-09T20:52:09.0816990+03:00" endTime="2025-08-09T20:52:09.0817060+03:00" testType="13cdc9d9-ddb5-4fa4-a97d-d965ccfc6d4b" outcome="NotExecuted" testListId="8c84fa94-04c1-424b-9868-57a2d4851a1d" relativeResultsDirectory="b0846f01-7caa-4a35-ad31-74a8672b601a">
      <Output>
        <ErrorInfo>
          <Message>Temporarily disabled due to MongoDB mocking complexity</Message>
        </ErrorInfo>
      </Output>
    </UnitTestResult>
    <UnitTestResult executionId="5e7095c1-3d3b-49b5-898e-0a2d7bc0aa04" testId="768c582e-eae1-d32a-ed6b-12c46db6d8c0" testName="ContactService.Tests.Domain.Entities.ContactHistoryTests.Constructor_WithInvalidOperationType_ShouldThrowException(operationType: null)" computerName="base" duration="00:00:00.0001384" startTime="2025-08-09T20:52:09.0778080+03:00" endTime="2025-08-09T20:52:09.0779320+03:00" testType="13cdc9d9-ddb5-4fa4-a97d-d965ccfc6d4b" outcome="Passed" testListId="8c84fa94-04c1-424b-9868-57a2d4851a1d" relativeResultsDirectory="5e7095c1-3d3b-49b5-898e-0a2d7bc0aa04" />
    <UnitTestResult executionId="7e7cfea6-c651-4bdf-aec6-d34764546ddc" testId="2427865a-c234-d287-6e90-174830cd7bc5" testName="ContactService.Tests.Services.OutboxServiceTests.ProcessFailedEventsAsync_WithFailedEvents_ShouldResetAndProcess" computerName="base" duration="00:00:00.0017882" startTime="2025-08-09T20:52:09.1144240+03:00" endTime="2025-08-09T20:52:09.1161580+03:00" testType="13cdc9d9-ddb5-4fa4-a97d-d965ccfc6d4b" outcome="Passed" testListId="8c84fa94-04c1-424b-9868-57a2d4851a1d" relativeResultsDirectory="7e7cfea6-c651-4bdf-aec6-d34764546ddc" />
    <UnitTestResult executionId="920013bb-19fa-4f88-9784-13350054bbd9" testId="8bbb19ee-ca07-eb9d-20fe-3a2629042ba7" testName="ContactService.Tests.Repositories.ContactHistoryRepositoryTests.GetAllAsync_WithInvalidParameters_ShouldThrowArgumentException(skip: 0, take: 1001)" computerName="base" duration="00:00:00.0001197" startTime="2025-08-09T20:52:09.4180640+03:00" endTime="2025-08-09T20:52:09.4181620+03:00" testType="13cdc9d9-ddb5-4fa4-a97d-d965ccfc6d4b" outcome="Passed" testListId="8c84fa94-04c1-424b-9868-57a2d4851a1d" relativeResultsDirectory="920013bb-19fa-4f88-9784-13350054bbd9" />
    <UnitTestResult executionId="b074958b-3558-4c8a-9f1d-e5f150f669d8" testId="36fb9aff-37ba-d4cb-ac94-6c92c80db614" testName="ContactService.Tests.Behaviors.CorrelationBehaviorTests.Handle_WithNullCorrelationId_ShouldStillProceed" computerName="base" duration="00:00:00.0004061" startTime="2025-08-09T20:52:09.0968520+03:00" endTime="2025-08-09T20:52:09.0972010+03:00" testType="13cdc9d9-ddb5-4fa4-a97d-d965ccfc6d4b" outcome="Passed" testListId="8c84fa94-04c1-424b-9868-57a2d4851a1d" relativeResultsDirectory="b074958b-3558-4c8a-9f1d-e5f150f669d8" />
    <UnitTestResult executionId="07da3ce5-94c9-4b58-a00f-e8acadfb48c4" testId="303469c6-38ab-ed9d-3288-178e4263a70a" testName="ContactService.Tests.Behaviors.CorrelationIdBehaviorTests.Handle_ShouldPropagateCorrelationIdToLogScope" computerName="base" duration="00:00:00.0031316" startTime="2025-08-09T20:52:09.0909510+03:00" endTime="2025-08-09T20:52:09.0940980+03:00" testType="13cdc9d9-ddb5-4fa4-a97d-d965ccfc6d4b" outcome="Passed" testListId="8c84fa94-04c1-424b-9868-57a2d4851a1d" relativeResultsDirectory="07da3ce5-94c9-4b58-a00f-e8acadfb48c4" />
    <UnitTestResult executionId="0ead67f1-ac11-4af9-97b9-b02fee703fa6" testId="8660af85-f3fe-d074-bdd1-80aff98c82cd" testName="ContactService.Tests.Services.ContactServiceUpdateTests.UpdateContactAsync_WithEmptyName_ShouldThrowArgumentException" computerName="base" duration="00:00:00.0043398" startTime="2025-08-09T20:52:09.1068120+03:00" endTime="2025-08-09T20:52:09.1072180+03:00" testType="13cdc9d9-ddb5-4fa4-a97d-d965ccfc6d4b" outcome="Passed" testListId="8c84fa94-04c1-424b-9868-57a2d4851a1d" relativeResultsDirectory="0ead67f1-ac11-4af9-97b9-b02fee703fa6" />
    <UnitTestResult executionId="e2172967-e751-41fc-8248-a55dbe6742b3" testId="ebc1e7bb-8a9c-9b8e-bcd1-99f7525bedd1" testName="ContactService.Tests.Domain.Entities.OutboxEventTests.MarkAsProcessed_WhenPending_ShouldUpdateStatus" computerName="base" duration="00:00:00.0002899" startTime="2025-08-09T20:52:09.0889890+03:00" endTime="2025-08-09T20:52:09.0891940+03:00" testType="13cdc9d9-ddb5-4fa4-a97d-d965ccfc6d4b" outcome="Passed" testListId="8c84fa94-04c1-424b-9868-57a2d4851a1d" relativeResultsDirectory="e2172967-e751-41fc-8248-a55dbe6742b3" />
    <UnitTestResult executionId="7f8f375c-66ef-408a-8b7d-7854a438eb08" testId="4e8a80f1-543c-1d02-864d-4bd3af914a2e" testName="ContactService.Tests.Controllers.ContactsControllerTests.DeleteContact_WhenSuccessful_ReturnsNoContent" computerName="base" duration="00:00:00.0094900" startTime="2025-08-09T20:52:09.0917000+03:00" endTime="2025-08-09T20:52:09.1067180+03:00" testType="13cdc9d9-ddb5-4fa4-a97d-d965ccfc6d4b" outcome="Passed" testListId="8c84fa94-04c1-424b-9868-57a2d4851a1d" relativeResultsDirectory="7f8f375c-66ef-408a-8b7d-7854a438eb08" />
    <UnitTestResult executionId="78eecebb-1923-4d12-9195-4cce1bf9f1dd" testId="f49e4b42-bf40-f395-8b13-c39186c2e908" testName="ContactService.Tests.Repositories.ContactHistoryRepositoryTests.GetCountAsync_ShouldReturnTotalCount" computerName="base" duration="00:00:00.0013518" startTime="2025-08-09T20:52:09.4028000+03:00" endTime="2025-08-09T20:52:09.4041000+03:00" testType="13cdc9d9-ddb5-4fa4-a97d-d965ccfc6d4b" outcome="Passed" testListId="8c84fa94-04c1-424b-9868-57a2d4851a1d" relativeResultsDirectory="78eecebb-1923-4d12-9195-4cce1bf9f1dd" />
    <UnitTestResult executionId="0fb119cf-cf21-4aa1-88bd-a1a952979c46" testId="971f74ca-45cd-bbdc-49ea-21ff7eee9175" testName="ContactService.Tests.Repositories.OutboxRepositoryTests.UpdateAsync_ShouldUpdateEventInDatabase" computerName="base" duration="00:00:00.0069980" startTime="2025-08-09T20:52:09.3664800+03:00" endTime="2025-08-09T20:52:09.3733760+03:00" testType="13cdc9d9-ddb5-4fa4-a97d-d965ccfc6d4b" outcome="Passed" testListId="8c84fa94-04c1-424b-9868-57a2d4851a1d" relativeResultsDirectory="0fb119cf-cf21-4aa1-88bd-a1a952979c46" />
    <UnitTestResult executionId="6b2b0a65-a79c-401f-ab64-a4584e109253" testId="2df730f4-0d43-174e-9923-44bcaeefaf6d" testName="ContactService.Tests.Repositories.InterfaceAuditLogRepositoryTests.IsHealthyAsync_ShouldReturnRepositoryHealth" computerName="base" duration="00:00:00.0005021" startTime="2025-08-09T20:52:09.1292530+03:00" endTime="2025-08-09T20:52:09.1296910+03:00" testType="13cdc9d9-ddb5-4fa4-a97d-d965ccfc6d4b" outcome="Passed" testListId="8c84fa94-04c1-424b-9868-57a2d4851a1d" relativeResultsDirectory="6b2b0a65-a79c-401f-ab64-a4584e109253" />
    <UnitTestResult executionId="d52dfc64-6afc-4889-9e57-1039dbe77cd4" testId="636c8e1b-2921-90bc-df3a-d04e31cba999" testName="ContactService.Tests.Services.ContactServiceTestsFixed.CreateContactAsync_WithValidData_ShouldCreateContact" computerName="base" duration="00:00:00.0007060" startTime="2025-08-09T20:52:09.1302600+03:00" endTime="2025-08-09T20:52:09.1308740+03:00" testType="13cdc9d9-ddb5-4fa4-a97d-d965ccfc6d4b" outcome="Passed" testListId="8c84fa94-04c1-424b-9868-57a2d4851a1d" relativeResultsDirectory="d52dfc64-6afc-4889-9e57-1039dbe77cd4" />
    <UnitTestResult executionId="c791cec1-b37f-4b38-9f0e-5b829c6a9dc9" testId="882fcf2f-ff54-d7a0-e53f-20f457ec237d" testName="ContactService.Tests.Services.ContactServiceMainTests.DeleteContactAsync_WhenContactNotExists_ShouldReturnFalse" computerName="base" duration="00:00:00.0011095" startTime="2025-08-09T20:52:09.1262760+03:00" endTime="2025-08-09T20:52:09.1270680+03:00" testType="13cdc9d9-ddb5-4fa4-a97d-d965ccfc6d4b" outcome="Passed" testListId="8c84fa94-04c1-424b-9868-57a2d4851a1d" relativeResultsDirectory="c791cec1-b37f-4b38-9f0e-5b829c6a9dc9" />
    <UnitTestResult executionId="129913d0-6565-4839-9b0d-e672ccecd73e" testId="5533c9fd-1d32-1a8a-1765-693d9380208a" testName="ContactService.Tests.Controllers.ContactsControllerTests.DeleteContact_WhenNotFound_ReturnsNotFound" computerName="base" duration="00:00:00.0004532" startTime="2025-08-09T20:52:09.1301380+03:00" endTime="2025-08-09T20:52:09.1302780+03:00" testType="13cdc9d9-ddb5-4fa4-a97d-d965ccfc6d4b" outcome="Passed" testListId="8c84fa94-04c1-424b-9868-57a2d4851a1d" relativeResultsDirectory="129913d0-6565-4839-9b0d-e672ccecd73e" />
    <UnitTestResult executionId="8690506d-2f8f-461c-8460-07c00b30fe9f" testId="c265e0ad-d94e-42fe-4e3b-d91e4cefddef" testName="ContactService.Tests.Behaviors.CorrelationIdBehaviorTests.Handle_WithNullCorrelationId_ShouldStillProceed" computerName="base" duration="00:00:00.0390057" startTime="2025-08-09T20:52:09.0634760+03:00" endTime="2025-08-09T20:52:09.0909120+03:00" testType="13cdc9d9-ddb5-4fa4-a97d-d965ccfc6d4b" outcome="Passed" testListId="8c84fa94-04c1-424b-9868-57a2d4851a1d" relativeResultsDirectory="8690506d-2f8f-461c-8460-07c00b30fe9f" />
    <UnitTestResult executionId="2b207c0e-4065-406d-808d-4e817e34fae0" testId="968c4a1e-cc0c-b858-8e0b-528ac5858b80" testName="ContactService.Tests.Services.ContactServiceAddContactInfoTests.AddContactInfoAsync_WithEmptyContent_ShouldThrowArgumentException" computerName="base" duration="00:00:00.0008898" startTime="2025-08-09T20:52:09.1096220+03:00" endTime="2025-08-09T20:52:09.1101970+03:00" testType="13cdc9d9-ddb5-4fa4-a97d-d965ccfc6d4b" outcome="Passed" testListId="8c84fa94-04c1-424b-9868-57a2d4851a1d" relativeResultsDirectory="2b207c0e-4065-406d-808d-4e817e34fae0" />
    <UnitTestResult executionId="f81ba544-6822-4aaa-9449-a5d6b1b03f19" testId="2b9ee78f-35e1-e068-e40b-3b598d01c562" testName="ContactService.Tests.Validations.CreateContactCommandValidatorTests.Validate_ValidCommand_ShouldPassValidation" computerName="base" duration="00:00:00.0029310" startTime="2025-08-09T20:52:09.0793560+03:00" endTime="2025-08-09T20:52:09.0793730+03:00" testType="13cdc9d9-ddb5-4fa4-a97d-d965ccfc6d4b" outcome="Passed" testListId="8c84fa94-04c1-424b-9868-57a2d4851a1d" relativeResultsDirectory="f81ba544-6822-4aaa-9449-a5d6b1b03f19" />
    <UnitTestResult executionId="59218f02-3731-4cfe-90aa-4c69d241b35e" testId="ebd5682f-4fb0-09c6-30ed-c9bfcc6a4f49" testName="ContactService.Tests.Domain.Entities.ContactHistoryTests.Constructor_WithInvalidCorrelationId_ShouldThrowException(correlationId: &quot;  &quot;)" computerName="base" duration="00:00:00.0001347" startTime="2025-08-09T20:52:09.0880690+03:00" endTime="2025-08-09T20:52:09.0881890+03:00" testType="13cdc9d9-ddb5-4fa4-a97d-d965ccfc6d4b" outcome="Passed" testListId="8c84fa94-04c1-424b-9868-57a2d4851a1d" relativeResultsDirectory="59218f02-3731-4cfe-90aa-4c69d241b35e" />
    <UnitTestResult executionId="39c8a6f4-09e3-4d2c-a4c0-d9cd2b2dcd9e" testId="4e4fa4f6-c071-ab44-a927-8c5880bc65fa" testName="ContactService.Tests.Services.ContactServiceAddContactInfoTests.AddContactInfoAsync_WithNullContent_ShouldThrowArgumentException" computerName="base" duration="00:00:00.0007150" startTime="2025-08-09T20:52:09.1086530+03:00" endTime="2025-08-09T20:52:09.1095430+03:00" testType="13cdc9d9-ddb5-4fa4-a97d-d965ccfc6d4b" outcome="Passed" testListId="8c84fa94-04c1-424b-9868-57a2d4851a1d" relativeResultsDirectory="39c8a6f4-09e3-4d2c-a4c0-d9cd2b2dcd9e" />
    <UnitTestResult executionId="f5909bec-0531-47b6-a042-7e5d36094e53" testId="4130d9e3-b9f1-b341-98f5-f97ea5152121" testName="ContactService.Tests.Domain.Entities.OutboxEventTests.ResetForRetry_WhenCanRetry_ShouldResetPendingStatus" computerName="base" duration="00:00:00.0001021" startTime="2025-08-09T20:52:09.0907440+03:00" endTime="2025-08-09T20:52:09.0907890+03:00" testType="13cdc9d9-ddb5-4fa4-a97d-d965ccfc6d4b" outcome="Passed" testListId="8c84fa94-04c1-424b-9868-57a2d4851a1d" relativeResultsDirectory="f5909bec-0531-47b6-a042-7e5d36094e53" />
    <UnitTestResult executionId="78f69970-3bfe-42ca-a1f2-3d2dcef1a5be" testId="4efe6a47-d4b9-e826-13f7-91a5b3fe801b" testName="ContactService.Tests.Domain.Entities.ContactInfoTests.ContactInfo_Creation_Should_Throw_Exception_When_Invalid_Content(infoType: EmailAddress, content: &quot;invalid-email&quot;)" computerName="base" duration="00:00:00.0002980" startTime="2025-08-09T20:52:09.0735900+03:00" endTime="2025-08-09T20:52:09.0736270+03:00" testType="13cdc9d9-ddb5-4fa4-a97d-d965ccfc6d4b" outcome="Passed" testListId="8c84fa94-04c1-424b-9868-57a2d4851a1d" relativeResultsDirectory="78f69970-3bfe-42ca-a1f2-3d2dcef1a5be" />
    <UnitTestResult executionId="34a46d87-0fe0-465e-b3ca-091a235d08e6" testId="a874c8d2-5316-2972-8079-a289f2f1e247" testName="ContactService.Tests.Services.ContactServiceTestsFixed.RemoveContactInfoAsync_WithNonExistingContact_ShouldReturnFalse" computerName="base" duration="00:00:00.0009817" startTime="2025-08-09T20:52:09.1401190+03:00" endTime="2025-08-09T20:52:09.1408880+03:00" testType="13cdc9d9-ddb5-4fa4-a97d-d965ccfc6d4b" outcome="Failed" testListId="8c84fa94-04c1-424b-9868-57a2d4851a1d" relativeResultsDirectory="34a46d87-0fe0-465e-b3ca-091a235d08e6">
      <Output>
        <ErrorInfo>
          <Message>Moq.MockException : 
Expected invocation on the mock once, but was 0 times: x =&gt; x.GetByIdAsync(9fe2291e-f53c-4bfb-a2cc-fab8d5c9b1e2, It.IsAny&lt;CancellationToken&gt;())

Performed invocations:

   Mock&lt;IContactRepository:60&gt; (x):

      IContactRepository.RemoveContactInfoAsync(00c97c31-407c-4cfb-82f9-6f28e267f5a9, CancellationToken)
</Message>
          <StackTrace>   at Moq.Mock.Verify(Mock mock, LambdaExpression expression, Times times, String failMessage) in /_/src/Moq/Mock.cs:line 332
   at Moq.Mock`1.Verify[TResult](Expression`1 expression, Func`1 times) in /_/src/Moq/Mock`1.cs:line 840
   at ContactService.Tests.Services.ContactServiceTestsFixed.RemoveContactInfoAsync_WithNonExistingContact_ShouldReturnFalse() in /Users/r00t/Projects/PhoneBookApp/ContactService.Tests/Services/ContactServiceTests.cs:line 349
--- End of stack trace from previous location ---</StackTrace>
        </ErrorInfo>
      </Output>
    </UnitTestResult>
    <UnitTestResult executionId="7ec55f77-165a-4656-9ec4-1fc057300a49" testId="785c5a05-d1a4-775f-7667-0fb40096a903" testName="ContactService.Tests.Repositories.MongoAuditLogRepositoryTests.GetStatisticsAsync_ShouldReturnStatistics" computerName="base" duration="00:00:00.0020050" startTime="2025-08-09T20:52:09.1851340+03:00" endTime="2025-08-09T20:52:09.1870980+03:00" testType="13cdc9d9-ddb5-4fa4-a97d-d965ccfc6d4b" outcome="Passed" testListId="8c84fa94-04c1-424b-9868-57a2d4851a1d" relativeResultsDirectory="7ec55f77-165a-4656-9ec4-1fc057300a49" />
    <UnitTestResult executionId="1aa60c44-9331-422e-b6bf-ad6e2ac3b315" testId="e3e0986d-75a9-9ba8-ad43-9956b1b3878f" testName="ContactService.Tests.Domain.Entities.ContactHistoryTests.Constructor_WithTooLongCorrelationId_ShouldThrowException" computerName="base" duration="00:00:00.0002719" startTime="2025-08-09T20:52:09.0827850+03:00" endTime="2025-08-09T20:52:09.0828010+03:00" testType="13cdc9d9-ddb5-4fa4-a97d-d965ccfc6d4b" outcome="Passed" testListId="8c84fa94-04c1-424b-9868-57a2d4851a1d" relativeResultsDirectory="1aa60c44-9331-422e-b6bf-ad6e2ac3b315" />
    <UnitTestResult executionId="42abcf43-23c2-425c-a177-5d4b685748f4" testId="93e00a94-e360-dd4d-fa61-85de87dbb093" testName="ContactService.Tests.Services.ContactServiceMainTestsFixed.UpdateContactAsync_WhenContactExists_ShouldUpdateContactAndAddToHistory" computerName="base" duration="00:00:00.0012797" startTime="2025-08-09T20:52:09.1273660+03:00" endTime="2025-08-09T20:52:09.1285700+03:00" testType="13cdc9d9-ddb5-4fa4-a97d-d965ccfc6d4b" outcome="Passed" testListId="8c84fa94-04c1-424b-9868-57a2d4851a1d" relativeResultsDirectory="42abcf43-23c2-425c-a177-5d4b685748f4" />
    <UnitTestResult executionId="f8f406cc-27e5-4ea9-91e7-2084e88ee30b" testId="3c06567a-faa5-e665-a0d3-95e051b2882d" testName="ContactService.Tests.Domain.Entities.ContactHistoryTests.GetContactData_WithValidData_ShouldDeserializeCorrectly" computerName="base" duration="00:00:00.0093535" startTime="2025-08-09T20:52:09.0786610+03:00" endTime="2025-08-09T20:52:09.0827450+03:00" testType="13cdc9d9-ddb5-4fa4-a97d-d965ccfc6d4b" outcome="Passed" testListId="8c84fa94-04c1-424b-9868-57a2d4851a1d" relativeResultsDirectory="f8f406cc-27e5-4ea9-91e7-2084e88ee30b" />
    <UnitTestResult executionId="0f4feec8-47f3-4ad0-8a43-5e108f791418" testId="85ec67d1-c01a-0b2b-4f34-630d00ce6b9a" testName="ContactService.Tests.Services.ContactServiceDeleteTests.DeleteContactAsync_WhenRepositoryDeleteFails_ShouldReturnFalse" computerName="base" duration="00:00:00.0428150" startTime="2025-08-09T20:52:09.0634600+03:00" endTime="2025-08-09T20:52:09.0947360+03:00" testType="13cdc9d9-ddb5-4fa4-a97d-d965ccfc6d4b" outcome="Passed" testListId="8c84fa94-04c1-424b-9868-57a2d4851a1d" relativeResultsDirectory="0f4feec8-47f3-4ad0-8a43-5e108f791418" />
    <UnitTestResult executionId="42178ab9-6fb0-4cb4-a6e4-18947597e228" testId="7b7d17f8-d4af-db7b-830b-f9e485e01b81" testName="ContactService.Tests.Domain.Entities.ContactHistoryTests.Constructor_WithInvalidCorrelationId_ShouldThrowException(correlationId: null)" computerName="base" duration="00:00:00.0027394" startTime="2025-08-09T20:52:09.0852760+03:00" endTime="2025-08-09T20:52:09.0880200+03:00" testType="13cdc9d9-ddb5-4fa4-a97d-d965ccfc6d4b" outcome="Passed" testListId="8c84fa94-04c1-424b-9868-57a2d4851a1d" relativeResultsDirectory="42178ab9-6fb0-4cb4-a6e4-18947597e228" />
    <UnitTestResult executionId="11e3dbe0-c388-4aa1-80dc-1f4512602c3f" testId="86d12d44-2a3f-2f8e-2584-6f4b5918681f" testName="ContactService.Tests.Controllers.ContactsControllerTests.GetLocationStatistics_WhenSuccessful_ReturnsOkResult" computerName="base" duration="00:00:00.0049480" startTime="2025-08-09T20:52:09.1077720+03:00" endTime="2025-08-09T20:52:09.1122160+03:00" testType="13cdc9d9-ddb5-4fa4-a97d-d965ccfc6d4b" outcome="Passed" testListId="8c84fa94-04c1-424b-9868-57a2d4851a1d" relativeResultsDirectory="11e3dbe0-c388-4aa1-80dc-1f4512602c3f" />
    <UnitTestResult executionId="843a7672-1020-4d41-9853-bf788388294c" testId="dbe292bc-3a80-0e4c-f6be-328bcc89dd40" testName="ContactService.Tests.Services.ContactServiceTestsFixed.UpdateContactAsync_WithValidData_ShouldUpdateContact" computerName="base" duration="00:00:00.0440710" startTime="2025-08-09T20:52:09.0634680+03:00" endTime="2025-08-09T20:52:09.0959860+03:00" testType="13cdc9d9-ddb5-4fa4-a97d-d965ccfc6d4b" outcome="Passed" testListId="8c84fa94-04c1-424b-9868-57a2d4851a1d" relativeResultsDirectory="843a7672-1020-4d41-9853-bf788388294c" />
    <UnitTestResult executionId="d1d663f4-bfb3-405d-8598-0a4b8911c809" testId="595273e4-06ee-22bf-3453-ecd343964fc4" testName="ContactService.Tests.Services.OutboxServiceTests.ProcessPendingEventsAsync_ShouldUseCorrectTopicForEventType(eventType: &quot;ReportRequested&quot;, expectedTopic: &quot;report-events&quot;)" computerName="base" duration="00:00:00.0004368" startTime="2025-08-09T20:52:09.1117730+03:00" endTime="2025-08-09T20:52:09.1121650+03:00" testType="13cdc9d9-ddb5-4fa4-a97d-d965ccfc6d4b" outcome="Passed" testListId="8c84fa94-04c1-424b-9868-57a2d4851a1d" relativeResultsDirectory="d1d663f4-bfb3-405d-8598-0a4b8911c809" />
    <UnitTestResult executionId="a7497a83-9c75-429b-96de-2a3388b0cc40" testId="13fb06c2-4134-b775-4909-b7eab9af5ddc" testName="ContactService.Tests.Domain.Entities.ContactHistoryTests.Constructor_WithEmptyContactId_ShouldThrowException" computerName="base" duration="00:00:00.0002437" startTime="2025-08-09T20:52:09.0779720+03:00" endTime="2025-08-09T20:52:09.0786180+03:00" testType="13cdc9d9-ddb5-4fa4-a97d-d965ccfc6d4b" outcome="Passed" testListId="8c84fa94-04c1-424b-9868-57a2d4851a1d" relativeResultsDirectory="a7497a83-9c75-429b-96de-2a3388b0cc40" />
    <UnitTestResult executionId="a93ccefe-91b1-4ccd-a930-f681eab3f29a" testId="1bfc090f-26ac-d3be-0ae1-b46c3add197c" testName="ContactService.Tests.Domain.Entities.OutboxEventTests.Constructor_WithInvalidEventType_ShouldThrowException(eventType: null)" computerName="base" duration="00:00:00.0002473" startTime="2025-08-09T20:52:09.0843090+03:00" endTime="2025-08-09T20:52:09.0845170+03:00" testType="13cdc9d9-ddb5-4fa4-a97d-d965ccfc6d4b" outcome="Passed" testListId="8c84fa94-04c1-424b-9868-57a2d4851a1d" relativeResultsDirectory="a93ccefe-91b1-4ccd-a930-f681eab3f29a" />
    <UnitTestResult executionId="192a46f1-f571-403c-9f24-f1bf44d874fa" testId="1743a143-da91-5176-77bf-9600b73576f5" testName="ContactService.Tests.Services.CachedContactServiceTests.AddContactInfoAsync_ShouldInvalidateCache" computerName="base" duration="00:00:00.0032136" startTime="2025-08-09T20:52:09.1111660+03:00" endTime="2025-08-09T20:52:09.1143110+03:00" testType="13cdc9d9-ddb5-4fa4-a97d-d965ccfc6d4b" outcome="Passed" testListId="8c84fa94-04c1-424b-9868-57a2d4851a1d" relativeResultsDirectory="192a46f1-f571-403c-9f24-f1bf44d874fa" />
    <UnitTestResult executionId="898c1a32-5010-4012-988f-ce20e6e95da3" testId="b274f1bf-e50c-37c1-bbf0-41f6669ca612" testName="ContactService.Tests.Services.ContactServiceUpdateTests.UpdateContactAsync_WithValidData_ShouldUpdateContactSuccessfully" computerName="base" duration="00:00:00.0030560" startTime="2025-08-09T20:52:09.1074610+03:00" endTime="2025-08-09T20:52:09.1101580+03:00" testType="13cdc9d9-ddb5-4fa4-a97d-d965ccfc6d4b" outcome="Passed" testListId="8c84fa94-04c1-424b-9868-57a2d4851a1d" relativeResultsDirectory="898c1a32-5010-4012-988f-ce20e6e95da3" />
    <UnitTestResult executionId="79846a7b-5fb0-4076-bd4e-b35d3e28539a" testId="cf3fa0bc-061b-2f26-6e71-2d0393970326" testName="ContactService.Tests.Validations.CreateContactCommandValidatorTests.Validate_EmptyOrNullName_ShouldFailValidation(name: &quot; &quot;)" computerName="base" duration="00:00:00.0000961" startTime="2025-08-09T20:52:09.0793000+03:00" endTime="2025-08-09T20:52:09.0793160+03:00" testType="13cdc9d9-ddb5-4fa4-a97d-d965ccfc6d4b" outcome="Passed" testListId="8c84fa94-04c1-424b-9868-57a2d4851a1d" relativeResultsDirectory="79846a7b-5fb0-4076-bd4e-b35d3e28539a" />
    <UnitTestResult executionId="b4ce6958-69e4-4ebc-a6b3-777d26a2f73b" testId="8da38bde-d14e-03d1-fa43-d70ee8ff36f2" testName="ContactService.Tests.Domain.Entities.OutboxEventTests.Constructor_WithTooLongEventType_ShouldThrowException" computerName="base" duration="00:00:00.0002763" startTime="2025-08-09T20:52:09.0887540+03:00" endTime="2025-08-09T20:52:09.0889080+03:00" testType="13cdc9d9-ddb5-4fa4-a97d-d965ccfc6d4b" outcome="Passed" testListId="8c84fa94-04c1-424b-9868-57a2d4851a1d" relativeResultsDirectory="b4ce6958-69e4-4ebc-a6b3-777d26a2f73b" />
    <UnitTestResult executionId="d5701c7f-dad3-42b8-91b3-d9489847f28a" testId="21177713-0664-d2f9-4bc9-b96dd1ee3911" testName="ContactService.Tests.Domain.Entities.ContactHistoryTests.Constructor_WithInvalidOperationType_ShouldThrowException(operationType: &quot;  &quot;)" computerName="base" duration="00:00:00.0002222" startTime="2025-08-09T20:52:09.0776000+03:00" endTime="2025-08-09T20:52:09.0777760+03:00" testType="13cdc9d9-ddb5-4fa4-a97d-d965ccfc6d4b" outcome="Passed" testListId="8c84fa94-04c1-424b-9868-57a2d4851a1d" relativeResultsDirectory="d5701c7f-dad3-42b8-91b3-d9489847f28a" />
    <UnitTestResult executionId="b27f10fe-eb70-4568-92a5-46371aed6942" testId="6cd8e71e-92c0-75fb-e709-eba99947ac82" testName="ContactService.Tests.Validations.CreateContactCommandValidatorTests.Validate_EmptyCompany_ShouldPassValidation" computerName="base" duration="00:00:00.0001386" startTime="2025-08-09T20:52:09.0796930+03:00" endTime="2025-08-09T20:52:09.0797100+03:00" testType="13cdc9d9-ddb5-4fa4-a97d-d965ccfc6d4b" outcome="Passed" testListId="8c84fa94-04c1-424b-9868-57a2d4851a1d" relativeResultsDirectory="b27f10fe-eb70-4568-92a5-46371aed6942" />
    <UnitTestResult executionId="03130f3c-77e7-44e4-8b1e-e1b8ce53d15c" testId="d0df7d2e-7ab0-18b7-8342-cb7eb1d3df01" testName="ContactService.Tests.Repositories.MongoAuditLogRepositoryStatisticsTests.GetStatisticsAsync_WithNoTimeFilter_ShouldReturnAllStatistics" computerName="base" duration="00:00:00.0010000" startTime="2025-08-09T20:52:09.0813010+03:00" endTime="2025-08-09T20:52:09.0813080+03:00" testType="13cdc9d9-ddb5-4fa4-a97d-d965ccfc6d4b" outcome="NotExecuted" testListId="8c84fa94-04c1-424b-9868-57a2d4851a1d" relativeResultsDirectory="03130f3c-77e7-44e4-8b1e-e1b8ce53d15c">
      <Output>
        <ErrorInfo>
          <Message>Temporarily disabled due to MongoDB mocking complexity</Message>
        </ErrorInfo>
      </Output>
    </UnitTestResult>
    <UnitTestResult executionId="9fdf8bab-cc9f-4151-b6dc-b2c6f5f6ced1" testId="378e7944-3867-d4cf-b982-003f9b831267" testName="ContactService.Tests.Services.ContactServiceUpdateTests.UpdateContactAsync_WithEmptyId_ShouldThrowArgumentException" computerName="base" duration="00:00:00.0008304" startTime="2025-08-09T20:52:09.1066170+03:00" endTime="2025-08-09T20:52:09.1067370+03:00" testType="13cdc9d9-ddb5-4fa4-a97d-d965ccfc6d4b" outcome="Passed" testListId="8c84fa94-04c1-424b-9868-57a2d4851a1d" relativeResultsDirectory="9fdf8bab-cc9f-4151-b6dc-b2c6f5f6ced1" />
    <UnitTestResult executionId="1dafa10b-37d6-4f2b-a46b-35f3abc3410b" testId="5d0996e8-fd7f-2244-91d9-22b23dc415b5" testName="ContactService.Tests.Services.ContactServiceMainTests.ContactExistsAsync_WhenContactNotExists_ShouldReturnFalse" computerName="base" duration="00:00:00.0004029" startTime="2025-08-09T20:52:09.1298070+03:00" endTime="2025-08-09T20:52:09.1301570+03:00" testType="13cdc9d9-ddb5-4fa4-a97d-d965ccfc6d4b" outcome="Passed" testListId="8c84fa94-04c1-424b-9868-57a2d4851a1d" relativeResultsDirectory="1dafa10b-37d6-4f2b-a46b-35f3abc3410b" />
    <UnitTestResult executionId="9324369c-d9a4-42dd-999f-3ddd06bad6c5" testId="c1535f5e-9821-2318-5e4b-fc0d5c6dc1b7" testName="ContactService.Tests.Domain.Entities.ContactHistoryTests.GetAdditionalMetadata_WithValidData_ShouldDeserializeCorrectly" computerName="base" duration="00:00:00.0029396" startTime="2025-08-09T20:52:09.0885930+03:00" endTime="2025-08-09T20:52:09.0911810+03:00" testType="13cdc9d9-ddb5-4fa4-a97d-d965ccfc6d4b" outcome="Passed" testListId="8c84fa94-04c1-424b-9868-57a2d4851a1d" relativeResultsDirectory="9324369c-d9a4-42dd-999f-3ddd06bad6c5" />
    <UnitTestResult executionId="580fdfa1-7478-4556-b5ec-4045d16ed364" testId="5ccace46-0f74-b6d1-7237-e04c8c13a0ce" testName="ContactService.Tests.Domain.Entities.OutboxEventTests.ResetForRetry_WhenCannotRetry_ShouldThrowException" computerName="base" duration="00:00:00.0002660" startTime="2025-08-09T20:52:09.0905590+03:00" endTime="2025-08-09T20:52:09.0907040+03:00" testType="13cdc9d9-ddb5-4fa4-a97d-d965ccfc6d4b" outcome="Passed" testListId="8c84fa94-04c1-424b-9868-57a2d4851a1d" relativeResultsDirectory="580fdfa1-7478-4556-b5ec-4045d16ed364" />
    <UnitTestResult executionId="1b74744e-9f86-46b8-9a1c-49f5e45718df" testId="7856bcf6-78cf-2577-2caa-e3d197c45750" testName="ContactService.Tests.Repositories.MongoAuditLogRepositoryTests.IsHealthyAsync_WhenExceptionOccurs_ShouldReturnFalse" computerName="base" duration="00:00:00.0007875" startTime="2025-08-09T20:52:09.1985610+03:00" endTime="2025-08-09T20:52:09.1993160+03:00" testType="13cdc9d9-ddb5-4fa4-a97d-d965ccfc6d4b" outcome="Passed" testListId="8c84fa94-04c1-424b-9868-57a2d4851a1d" relativeResultsDirectory="1b74744e-9f86-46b8-9a1c-49f5e45718df" />
    <UnitTestResult executionId="06ca4089-8075-4997-aa10-49be556d0f38" testId="4b30f9ea-b537-a7a1-efa5-592a73cb7c4b" testName="ContactService.Tests.Repositories.MongoAuditLogRepositoryTests.GetByEntityAsync_ShouldReturnMatchingLogs" computerName="base" duration="00:00:00.0008414" startTime="2025-08-09T20:52:09.2002690+03:00" endTime="2025-08-09T20:52:09.2010810+03:00" testType="13cdc9d9-ddb5-4fa4-a97d-d965ccfc6d4b" outcome="Passed" testListId="8c84fa94-04c1-424b-9868-57a2d4851a1d" relativeResultsDirectory="06ca4089-8075-4997-aa10-49be556d0f38" />
    <UnitTestResult executionId="e2768afd-fff8-4511-868e-152adcadcb3c" testId="0c90d8a1-af5e-9653-bf27-27fbaed88347" testName="ContactService.Tests.Services.ContactServiceTestsFixed.SearchContactsAsync_WithSearchTerm_ShouldReturnMatchingContacts" computerName="base" duration="00:00:00.0019031" startTime="2025-08-09T20:52:09.1410780+03:00" endTime="2025-08-09T20:52:09.1429070+03:00" testType="13cdc9d9-ddb5-4fa4-a97d-d965ccfc6d4b" outcome="Failed" testListId="8c84fa94-04c1-424b-9868-57a2d4851a1d" relativeResultsDirectory="e2768afd-fff8-4511-868e-152adcadcb3c">
      <Output>
        <ErrorInfo>
          <Message>Expected result.Data to contain 1 item(s), but found 0: {empty}.</Message>
          <StackTrace>   at FluentAssertions.Execution.LateBoundTestFramework.Throw(String message)
   at FluentAssertions.Execution.DefaultAssertionStrategy.HandleFailure(String message)
   at FluentAssertions.Execution.AssertionScope.AddPreFormattedFailure(String formattedFailureMessage)
   at FluentAssertions.Execution.AssertionChain.FailWith(Func`1 getFailureReason)
   at FluentAssertions.Execution.AssertionChain.FailWith(Func`1 getFailureReason)
   at FluentAssertions.Execution.AssertionChain.FailWith(String message, Object[] args)
   at FluentAssertions.Collections.GenericCollectionAssertions`3.HaveCount(Int32 expected, String because, Object[] becauseArgs)
   at ContactService.Tests.Services.ContactServiceTestsFixed.SearchContactsAsync_WithSearchTerm_ShouldReturnMatchingContacts() in /Users/r00t/Projects/PhoneBookApp/ContactService.Tests/Services/ContactServiceTests.cs:line 115
--- End of stack trace from previous location ---</StackTrace>
        </ErrorInfo>
      </Output>
    </UnitTestResult>
    <UnitTestResult executionId="fcf85ab3-87ea-4d3d-b156-6fc4c095be74" testId="df15ea37-f342-7cbf-2c72-ee072b0b4976" testName="ContactService.Tests.Controllers.ContactsControllerTests.AddContactInfo_WhenSuccessful_ReturnsCreated" computerName="base" duration="00:00:00.0091460" startTime="2025-08-09T20:52:09.1149560+03:00" endTime="2025-08-09T20:52:09.1239370+03:00" testType="13cdc9d9-ddb5-4fa4-a97d-d965ccfc6d4b" outcome="Passed" testListId="8c84fa94-04c1-424b-9868-57a2d4851a1d" relativeResultsDirectory="fcf85ab3-87ea-4d3d-b156-6fc4c095be74" />
    <UnitTestResult executionId="684dba89-62d9-4e25-823d-d92179a3835d" testId="e2894dc0-50cd-a92e-7e49-3d7b97d728a6" testName="ContactService.Tests.Services.ContactServiceTestsFixed.RemoveContactInfoAsync_WithNonExistingContactInfo_ShouldReturnFalse" computerName="base" duration="00:00:00.0033462" startTime="2025-08-09T20:52:09.1259170+03:00" endTime="2025-08-09T20:52:09.1293960+03:00" testType="13cdc9d9-ddb5-4fa4-a97d-d965ccfc6d4b" outcome="Failed" testListId="8c84fa94-04c1-424b-9868-57a2d4851a1d" relativeResultsDirectory="684dba89-62d9-4e25-823d-d92179a3835d">
      <Output>
        <ErrorInfo>
          <Message>Moq.MockException : 
Expected invocation on the mock once, but was 0 times: x =&gt; x.GetByIdAsync(37ab0a5e-7f75-441d-9aac-f4825d8044b7, It.IsAny&lt;CancellationToken&gt;())

Performed invocations:

   Mock&lt;IContactRepository:37&gt; (x):

      IContactRepository.RemoveContactInfoAsync(5251ad76-4d9c-45af-9432-9fa2e25a8d60, CancellationToken)
</Message>
          <StackTrace>   at Moq.Mock.Verify(Mock mock, LambdaExpression expression, Times times, String failMessage) in /_/src/Moq/Mock.cs:line 332
   at Moq.Mock`1.Verify[TResult](Expression`1 expression, Func`1 times) in /_/src/Moq/Mock`1.cs:line 840
   at ContactService.Tests.Services.ContactServiceTestsFixed.RemoveContactInfoAsync_WithNonExistingContactInfo_ShouldReturnFalse() in /Users/r00t/Projects/PhoneBookApp/ContactService.Tests/Services/ContactServiceTests.cs:line 371
--- End of stack trace from previous location ---</StackTrace>
        </ErrorInfo>
      </Output>
    </UnitTestResult>
    <UnitTestResult executionId="1c8b8677-ae72-40d4-a99e-0d9573ebee42" testId="713df04e-9b75-ed3f-dd66-b6e9b948d45b" testName="ContactService.Tests.Controllers.ContactsControllerTests.CreateContact_WhenSuccessful_ReturnsCreated" computerName="base" duration="00:00:00.0009901" startTime="2025-08-09T20:52:09.1263930+03:00" endTime="2025-08-09T20:52:09.1271490+03:00" testType="13cdc9d9-ddb5-4fa4-a97d-d965ccfc6d4b" outcome="Passed" testListId="8c84fa94-04c1-424b-9868-57a2d4851a1d" relativeResultsDirectory="1c8b8677-ae72-40d4-a99e-0d9573ebee42" />
    <UnitTestResult executionId="2dca2578-ba08-4f20-a883-6de6dee688a5" testId="ba2d4a45-cead-340a-a63e-a43a127065b8" testName="ContactService.Tests.Validations.CreateContactCommandValidatorTests.Validate_ContactInfosIsNull_ShouldFailValidation" computerName="base" duration="00:00:00.0002664" startTime="2025-08-09T20:52:09.0797490+03:00" endTime="2025-08-09T20:52:09.0797810+03:00" testType="13cdc9d9-ddb5-4fa4-a97d-d965ccfc6d4b" outcome="Passed" testListId="8c84fa94-04c1-424b-9868-57a2d4851a1d" relativeResultsDirectory="2dca2578-ba08-4f20-a883-6de6dee688a5" />
    <UnitTestResult executionId="8c8a5cfd-6395-4757-88a4-a2a47b05b4bd" testId="540b33a6-8fe4-1aa6-ae10-dbe92135a857" testName="ContactService.Tests.Behaviors.CorrelationBehaviorTests.Handle_ShouldPropagateCorrelationIdToLogScope" computerName="base" duration="00:00:00.0012520" startTime="2025-08-09T20:52:09.0990370+03:00" endTime="2025-08-09T20:52:09.0998820+03:00" testType="13cdc9d9-ddb5-4fa4-a97d-d965ccfc6d4b" outcome="Passed" testListId="8c84fa94-04c1-424b-9868-57a2d4851a1d" relativeResultsDirectory="8c8a5cfd-6395-4757-88a4-a2a47b05b4bd" />
    <UnitTestResult executionId="b45c18ba-790f-4796-b3ce-6024319914f4" testId="fdea8046-f0e6-7536-6833-67c3c9d76e1a" testName="ContactService.Tests.Repositories.ContactHistoryRepositoryTests.DeleteOldHistoryRecordsAsync_ShouldRemoveOldRecords" computerName="base" duration="00:00:00.0031919" startTime="2025-08-09T20:52:09.4182530+03:00" endTime="2025-08-09T20:52:09.4214270+03:00" testType="13cdc9d9-ddb5-4fa4-a97d-d965ccfc6d4b" outcome="Passed" testListId="8c84fa94-04c1-424b-9868-57a2d4851a1d" relativeResultsDirectory="b45c18ba-790f-4796-b3ce-6024319914f4" />
    <UnitTestResult executionId="b1374433-4d74-473d-8a4f-d6e3a9e28f8e" testId="6b9bfd0c-67c8-c0c3-9649-9c290a5b6a5a" testName="ContactService.Tests.Repositories.ContactHistoryRepositoryTests.GetContactHistoryForReplayAsync_ShouldReturnOrderedHistory" computerName="base" duration="00:00:00.0032077" startTime="2025-08-09T20:52:09.4145470+03:00" endTime="2025-08-09T20:52:09.4177080+03:00" testType="13cdc9d9-ddb5-4fa4-a97d-d965ccfc6d4b" outcome="Passed" testListId="8c84fa94-04c1-424b-9868-57a2d4851a1d" relativeResultsDirectory="b1374433-4d74-473d-8a4f-d6e3a9e28f8e" />
    <UnitTestResult executionId="30fdbe50-c3b1-4c3b-8887-3b02fac74884" testId="8de77c86-eebf-ad05-8f7b-74fbfb433670" testName="ContactService.Tests.Services.ContactServiceDeleteTests.DeleteContactAsync_WithNonExistingContact_ShouldReturnFalse" computerName="base" duration="00:00:00.0017556" startTime="2025-08-09T20:52:09.0981190+03:00" endTime="2025-08-09T20:52:09.0997980+03:00" testType="13cdc9d9-ddb5-4fa4-a97d-d965ccfc6d4b" outcome="Passed" testListId="8c84fa94-04c1-424b-9868-57a2d4851a1d" relativeResultsDirectory="30fdbe50-c3b1-4c3b-8887-3b02fac74884" />
    <UnitTestResult executionId="97b736b8-f3f1-400e-b218-e7ec7530a63b" testId="d324fa8a-5414-ba80-97eb-374eb9c0da4a" testName="ContactService.Tests.Services.ContactServiceMainTests.DeleteContactAsync_WhenContactExists_ShouldDeleteContactAndAddToHistory" computerName="base" duration="00:00:00.0011749" startTime="2025-08-09T20:52:09.1358290+03:00" endTime="2025-08-09T20:52:09.1369410+03:00" testType="13cdc9d9-ddb5-4fa4-a97d-d965ccfc6d4b" outcome="Passed" testListId="8c84fa94-04c1-424b-9868-57a2d4851a1d" relativeResultsDirectory="97b736b8-f3f1-400e-b218-e7ec7530a63b" />
    <UnitTestResult executionId="7443a1bf-24d9-4007-a2e3-44bfc053650b" testId="f6d2978e-dae0-7de4-d089-9d3548c89767" testName="ContactService.Tests.Repositories.ContactHistoryRepositoryTests.ExistsAsync_WhenHistoryDoesNotExist_ShouldReturnFalse" computerName="base" duration="00:00:00.0002620" startTime="2025-08-09T20:52:09.4217990+03:00" endTime="2025-08-09T20:52:09.4220350+03:00" testType="13cdc9d9-ddb5-4fa4-a97d-d965ccfc6d4b" outcome="Passed" testListId="8c84fa94-04c1-424b-9868-57a2d4851a1d" relativeResultsDirectory="7443a1bf-24d9-4007-a2e3-44bfc053650b" />
    <UnitTestResult executionId="0f02ae55-98a6-4987-889b-4fd5690cd870" testId="fe014a10-482f-05c8-9a2a-2297dd706ba9" testName="ContactService.Tests.Controllers.ContactsControllerTests.GetContactById_WhenContactNotFound_ReturnsNotFound" computerName="base" duration="00:00:00.0004958" startTime="2025-08-09T20:52:09.1287220+03:00" endTime="2025-08-09T20:52:09.1292730+03:00" testType="13cdc9d9-ddb5-4fa4-a97d-d965ccfc6d4b" outcome="Passed" testListId="8c84fa94-04c1-424b-9868-57a2d4851a1d" relativeResultsDirectory="0f02ae55-98a6-4987-889b-4fd5690cd870" />
    <UnitTestResult executionId="2cc5cc07-ed3d-4bb6-be80-5e9654c1508b" testId="8645a9b9-72c7-0bb0-8520-7a47e2be88a6" testName="ContactService.Tests.Services.ContactServiceDeleteTests.DeleteContactAsync_WithExistingContact_ShouldDeleteSuccessfully" computerName="base" duration="00:00:00.0066912" startTime="2025-08-09T20:52:09.0998590+03:00" endTime="2025-08-09T20:52:09.1072820+03:00" testType="13cdc9d9-ddb5-4fa4-a97d-d965ccfc6d4b" outcome="Passed" testListId="8c84fa94-04c1-424b-9868-57a2d4851a1d" relativeResultsDirectory="2cc5cc07-ed3d-4bb6-be80-5e9654c1508b" />
    <UnitTestResult executionId="2e17c23a-bacc-4cd3-a82d-969b317c810c" testId="00fd1338-185a-d067-df64-aa127ee360f6" testName="ContactService.Tests.Domain.Entities.OutboxEventTests.MarkAsProcessed_WhenNotPending_ShouldThrowException" computerName="base" duration="00:00:00.0010154" startTime="2025-08-09T20:52:09.0892610+03:00" endTime="2025-08-09T20:52:09.0902340+03:00" testType="13cdc9d9-ddb5-4fa4-a97d-d965ccfc6d4b" outcome="Passed" testListId="8c84fa94-04c1-424b-9868-57a2d4851a1d" relativeResultsDirectory="2e17c23a-bacc-4cd3-a82d-969b317c810c" />
    <UnitTestResult executionId="3946ca6c-5047-43a9-be61-fa8f6a2c55e8" testId="978172cb-2abb-e079-c46c-cb5cdeac9d07" testName="ContactService.Tests.Repositories.InterfaceAuditLogRepositoryTests.DeleteOldLogsAsync_ShouldReturnDeletedCount" computerName="base" duration="00:00:00.0009125" startTime="2025-08-09T20:52:09.1241990+03:00" endTime="2025-08-09T20:52:09.1258100+03:00" testType="13cdc9d9-ddb5-4fa4-a97d-d965ccfc6d4b" outcome="Passed" testListId="8c84fa94-04c1-424b-9868-57a2d4851a1d" relativeResultsDirectory="3946ca6c-5047-43a9-be61-fa8f6a2c55e8" />
    <UnitTestResult executionId="6933c7b7-7ce2-4c83-a279-a0d6420cad16" testId="62e3da41-1e3f-0e2f-ce0f-4f47b32620d9" testName="ContactService.Tests.Services.CachedContactServiceTests.DeleteContactAsync_ShouldInvalidateCache" computerName="base" duration="00:00:00.0015403" startTime="2025-08-09T20:52:09.1361660+03:00" endTime="2025-08-09T20:52:09.1374360+03:00" testType="13cdc9d9-ddb5-4fa4-a97d-d965ccfc6d4b" outcome="Passed" testListId="8c84fa94-04c1-424b-9868-57a2d4851a1d" relativeResultsDirectory="6933c7b7-7ce2-4c83-a279-a0d6420cad16" />
    <UnitTestResult executionId="67b2df4b-8c72-48d3-80f8-b92a19e72b6e" testId="1eb9a523-76fe-3efa-4d0c-3f8d59bfe591" testName="ContactService.Tests.Controllers.ContactsControllerTests.GetContactsByLocation_WhenSuccessful_ReturnsOkResult" computerName="base" duration="00:00:00.0010616" startTime="2025-08-09T20:52:09.1271940+03:00" endTime="2025-08-09T20:52:09.1281970+03:00" testType="13cdc9d9-ddb5-4fa4-a97d-d965ccfc6d4b" outcome="Passed" testListId="8c84fa94-04c1-424b-9868-57a2d4851a1d" relativeResultsDirectory="67b2df4b-8c72-48d3-80f8-b92a19e72b6e" />
    <UnitTestResult executionId="a932c223-32c1-4700-8bdb-47d1b0371314" testId="e5b3f3f9-815f-19a6-4803-fcfa541b2e01" testName="ContactService.Tests.Repositories.InterfaceAuditLogRepositoryTests.GetStatisticsAsync_ShouldReturnStatistics" computerName="base" duration="00:00:00.0011070" startTime="2025-08-09T20:52:09.1231850+03:00" endTime="2025-08-09T20:52:09.1241550+03:00" testType="13cdc9d9-ddb5-4fa4-a97d-d965ccfc6d4b" outcome="Passed" testListId="8c84fa94-04c1-424b-9868-57a2d4851a1d" relativeResultsDirectory="a932c223-32c1-4700-8bdb-47d1b0371314" />
    <UnitTestResult executionId="bfa63057-180e-4f5a-9c28-d31e3b9c2f40" testId="f621c9c5-ed11-460e-d765-e057008e7857" testName="ContactService.Tests.Validations.CreateContactCommandValidatorTests.Validate_EmptyOrNullName_ShouldFailValidation(name: null)" computerName="base" duration="00:00:00.0003992" startTime="2025-08-09T20:52:09.0792050+03:00" endTime="2025-08-09T20:52:09.0792230+03:00" testType="13cdc9d9-ddb5-4fa4-a97d-d965ccfc6d4b" outcome="Passed" testListId="8c84fa94-04c1-424b-9868-57a2d4851a1d" relativeResultsDirectory="bfa63057-180e-4f5a-9c28-d31e3b9c2f40" />
    <UnitTestResult executionId="77abe6ab-0f9f-4d23-8deb-099dcf214368" testId="8e6d5007-84ed-f7e6-5c4b-54b89e1de5cb" testName="ContactService.Tests.Repositories.ContactHistoryRepositoryTests.ExistsAsync_WhenHistoryExists_ShouldReturnTrue" computerName="base" duration="00:00:00.0032773" startTime="2025-08-09T20:52:09.3664660+03:00" endTime="2025-08-09T20:52:09.3696480+03:00" testType="13cdc9d9-ddb5-4fa4-a97d-d965ccfc6d4b" outcome="Passed" testListId="8c84fa94-04c1-424b-9868-57a2d4851a1d" relativeResultsDirectory="77abe6ab-0f9f-4d23-8deb-099dcf214368" />
    <UnitTestResult executionId="b37e2eca-c25d-449d-a0a3-06035f76fa12" testId="6b3f07d3-51d8-8b58-d300-ad3775e60c2b" testName="ContactService.Tests.Repositories.ContactHistoryRepositoryTests.GetAllAsync_WithInvalidParameters_ShouldThrowArgumentException(skip: -1, take: 10)" computerName="base" duration="00:00:00.0000484" startTime="2025-08-09T20:52:09.4181970+03:00" endTime="2025-08-09T20:52:09.4182140+03:00" testType="13cdc9d9-ddb5-4fa4-a97d-d965ccfc6d4b" outcome="Passed" testListId="8c84fa94-04c1-424b-9868-57a2d4851a1d" relativeResultsDirectory="b37e2eca-c25d-449d-a0a3-06035f76fa12" />
    <UnitTestResult executionId="acc617fe-cd62-4e83-9a77-1a5d98246d67" testId="081e44cb-fe35-6eba-d430-dbfbe82124e1" testName="ContactService.Tests.Services.OutboxServiceTests.CleanupProcessedEventsAsync_ShouldDeleteOldEvents" computerName="base" duration="00:00:00.0018770" startTime="2025-08-09T20:52:09.1262630+03:00" endTime="2025-08-09T20:52:09.1278000+03:00" testType="13cdc9d9-ddb5-4fa4-a97d-d965ccfc6d4b" outcome="Passed" testListId="8c84fa94-04c1-424b-9868-57a2d4851a1d" relativeResultsDirectory="acc617fe-cd62-4e83-9a77-1a5d98246d67" />
    <UnitTestResult executionId="df08d294-e79e-491e-a68f-c7de5443a3ff" testId="4ad07b80-ee72-21d8-5f3c-d88f0480c084" testName="ContactService.Tests.Services.OutboxServiceTests.ProcessSingleEvent_WhenKafkaPublishFails_ShouldMarkAsFailed" computerName="base" duration="00:00:00.0014189" startTime="2025-08-09T20:52:09.1245980+03:00" endTime="2025-08-09T20:52:09.1261990+03:00" testType="13cdc9d9-ddb5-4fa4-a97d-d965ccfc6d4b" outcome="Passed" testListId="8c84fa94-04c1-424b-9868-57a2d4851a1d" relativeResultsDirectory="df08d294-e79e-491e-a68f-c7de5443a3ff" />
    <UnitTestResult executionId="15e95854-d3c4-46e2-aa3b-8bf5ce4c5539" testId="ecb77bbc-0b1b-a61e-4a27-10af057b9f32" testName="ContactService.Tests.Repositories.MongoAuditLogRepositoryStatisticsTests.GetStatisticsAsync_EmptyResult_ShouldReturnEmptyDictionary" computerName="base" duration="00:00:00.0010000" startTime="2025-08-09T20:52:09.0813760+03:00" endTime="2025-08-09T20:52:09.0813830+03:00" testType="13cdc9d9-ddb5-4fa4-a97d-d965ccfc6d4b" outcome="NotExecuted" testListId="8c84fa94-04c1-424b-9868-57a2d4851a1d" relativeResultsDirectory="15e95854-d3c4-46e2-aa3b-8bf5ce4c5539">
      <Output>
        <ErrorInfo>
          <Message>Temporarily disabled due to MongoDB mocking complexity</Message>
        </ErrorInfo>
      </Output>
    </UnitTestResult>
    <UnitTestResult executionId="a122002e-617c-473f-99a9-e46dac7ce3e6" testId="199dfbde-9274-ecf1-85e2-7f1a5dbe1633" testName="ContactService.Tests.Repositories.MongoAuditLogRepositoryTests.CreateAsync_ShouldInsertAuditLog" computerName="base" duration="00:00:00.0007988" startTime="2025-08-09T20:52:09.2025310+03:00" endTime="2025-08-09T20:52:09.2033080+03:00" testType="13cdc9d9-ddb5-4fa4-a97d-d965ccfc6d4b" outcome="Passed" testListId="8c84fa94-04c1-424b-9868-57a2d4851a1d" relativeResultsDirectory="a122002e-617c-473f-99a9-e46dac7ce3e6" />
    <UnitTestResult executionId="12b675db-7875-4433-a8e9-4f1b4a5af123" testId="f6cc4de9-bc93-ddd1-2691-512c66bfa34f" testName="ContactService.Tests.Repositories.ContactHistoryRepositoryTests.GetByIdAsync_WhenHistoryExists_ShouldReturnHistory" computerName="base" duration="00:00:00.0026508" startTime="2025-08-09T20:52:09.4041510+03:00" endTime="2025-08-09T20:52:09.4067830+03:00" testType="13cdc9d9-ddb5-4fa4-a97d-d965ccfc6d4b" outcome="Passed" testListId="8c84fa94-04c1-424b-9868-57a2d4851a1d" relativeResultsDirectory="12b675db-7875-4433-a8e9-4f1b4a5af123" />
    <UnitTestResult executionId="344f0c29-72e0-4e3e-b691-f4f7d1d0f1e8" testId="6a805f05-50bf-066b-b128-90021a9a0c2b" testName="ContactService.Tests.Repositories.MongoAuditLogRepositoryStatisticsTests.GetServiceStatisticsAsync_ShouldCallGetStatisticsAsync" computerName="base" duration="00:00:00.0010000" startTime="2025-08-09T20:52:09.0810010+03:00" endTime="2025-08-09T20:52:09.0810180+03:00" testType="13cdc9d9-ddb5-4fa4-a97d-d965ccfc6d4b" outcome="NotExecuted" testListId="8c84fa94-04c1-424b-9868-57a2d4851a1d" relativeResultsDirectory="344f0c29-72e0-4e3e-b691-f4f7d1d0f1e8">
      <Output>
        <ErrorInfo>
          <Message>Temporarily disabled due to MongoDB mocking complexity</Message>
        </ErrorInfo>
      </Output>
    </UnitTestResult>
    <UnitTestResult executionId="617b116c-ad60-4778-b01d-15e5e4e56548" testId="bb118163-e2ab-fcf8-369a-81175ae21c3d" testName="ContactService.Tests.Behaviors.CorrelationBehaviorTests.Handle_WhenNextDelegateFails_ShouldPropagateException" computerName="base" duration="00:00:00.0014082" startTime="2025-08-09T20:52:09.0973470+03:00" endTime="2025-08-09T20:52:09.0987050+03:00" testType="13cdc9d9-ddb5-4fa4-a97d-d965ccfc6d4b" outcome="Passed" testListId="8c84fa94-04c1-424b-9868-57a2d4851a1d" relativeResultsDirectory="617b116c-ad60-4778-b01d-15e5e4e56548" />
    <UnitTestResult executionId="6d2d2064-25c6-411e-a6b5-849e01e176a4" testId="7f6c4745-1d82-b649-18d4-25add4972f5a" testName="ContactService.Tests.Domain.Entities.OutboxEventTests.Constructor_WithValidParams_ShouldCreateOutboxEvent" computerName="base" duration="00:00:00.0104767" startTime="2025-08-09T20:52:09.0785670+03:00" endTime="2025-08-09T20:52:09.0828630+03:00" testType="13cdc9d9-ddb5-4fa4-a97d-d965ccfc6d4b" outcome="Passed" testListId="8c84fa94-04c1-424b-9868-57a2d4851a1d" relativeResultsDirectory="6d2d2064-25c6-411e-a6b5-849e01e176a4" />
    <UnitTestResult executionId="a112eec6-353e-4bed-9204-5f2b65c1dd7b" testId="bd3e40f0-2d41-25d9-3b21-b0039a5c4363" testName="ContactService.Tests.Repositories.AuditLogRepositoryStatisticsTests.GetStatisticsAsync_WithNullParameters_ShouldReturnAllStatistics" computerName="base" duration="00:00:00.0008417" startTime="2025-08-09T20:52:09.1077140+03:00" endTime="2025-08-09T20:52:09.1080820+03:00" testType="13cdc9d9-ddb5-4fa4-a97d-d965ccfc6d4b" outcome="Passed" testListId="8c84fa94-04c1-424b-9868-57a2d4851a1d" relativeResultsDirectory="a112eec6-353e-4bed-9204-5f2b65c1dd7b" />
    <UnitTestResult executionId="fe48c132-46bb-4f28-a892-329e72785274" testId="5e1e1377-2309-4b64-aa4e-2b92ab69b1a6" testName="ContactService.Tests.Behaviors.ValidationBehaviorTests.Handle_WithMixedValidationResults_ShouldThrowValidationException" computerName="base" duration="00:00:00.0004742" startTime="2025-08-09T20:52:09.1411390+03:00" endTime="2025-08-09T20:52:09.1414860+03:00" testType="13cdc9d9-ddb5-4fa4-a97d-d965ccfc6d4b" outcome="Passed" testListId="8c84fa94-04c1-424b-9868-57a2d4851a1d" relativeResultsDirectory="fe48c132-46bb-4f28-a892-329e72785274" />
    <UnitTestResult executionId="85349439-e2e3-4662-bac2-b5521c557256" testId="e687c0c9-e8f5-210d-6629-c1db0675e79a" testName="ContactService.Tests.Services.ContactServiceMainTestsFixed.CreateContactAsync_ShouldCreateContact_WhenValidDataProvided" computerName="base" duration="00:00:00.0002648" startTime="2025-08-09T20:52:09.1261640+03:00" endTime="2025-08-09T20:52:09.1262920+03:00" testType="13cdc9d9-ddb5-4fa4-a97d-d965ccfc6d4b" outcome="Passed" testListId="8c84fa94-04c1-424b-9868-57a2d4851a1d" relativeResultsDirectory="85349439-e2e3-4662-bac2-b5521c557256" />
    <UnitTestResult executionId="23f63ac6-645f-4724-9624-5a1d1171dc75" testId="a5af83ba-c1e2-f1ad-153e-cfa9dec6325b" testName="ContactService.Tests.Services.OutboxServiceTests.ProcessPendingEventsAsync_ShouldUseCorrectTopicForEventType(eventType: &quot;UnknownEventType&quot;, expectedTopic: &quot;contact-events&quot;)" computerName="base" duration="00:00:00.0008561" startTime="2025-08-09T20:52:09.1097420+03:00" endTime="2025-08-09T20:52:09.1102320+03:00" testType="13cdc9d9-ddb5-4fa4-a97d-d965ccfc6d4b" outcome="Passed" testListId="8c84fa94-04c1-424b-9868-57a2d4851a1d" relativeResultsDirectory="23f63ac6-645f-4724-9624-5a1d1171dc75" />
    <UnitTestResult executionId="bc22255b-73cc-4e4f-86f3-ce1f0ce86f02" testId="a12b43df-565a-2911-ca37-da16e7eae7b5" testName="ContactService.Tests.Repositories.ContactHistoryRepositoryTests.GetAllAsync_ShouldReturnPaginatedResults" computerName="base" duration="00:00:00.0043383" startTime="2025-08-09T20:52:09.3697150+03:00" endTime="2025-08-09T20:52:09.3740070+03:00" testType="13cdc9d9-ddb5-4fa4-a97d-d965ccfc6d4b" outcome="Passed" testListId="8c84fa94-04c1-424b-9868-57a2d4851a1d" relativeResultsDirectory="bc22255b-73cc-4e4f-86f3-ce1f0ce86f02" />
    <UnitTestResult executionId="24fd31ab-5379-462a-8956-9ff453df906b" testId="1739ed07-beb4-b0cf-f3c7-f389770df44f" testName="ContactService.Tests.Services.CorrelationContextTests.CorrelationId_WhenInBothHeaders_ShouldPreferRequestHeader" computerName="base" duration="00:00:00.0001109" startTime="2025-08-09T20:52:09.0906340+03:00" endTime="2025-08-09T20:52:09.0906520+03:00" testType="13cdc9d9-ddb5-4fa4-a97d-d965ccfc6d4b" outcome="Passed" testListId="8c84fa94-04c1-424b-9868-57a2d4851a1d" relativeResultsDirectory="24fd31ab-5379-462a-8956-9ff453df906b" />
    <UnitTestResult executionId="188afdb9-6f97-4eab-90a9-09c4dec2db60" testId="c22a2219-facc-0b55-ae5b-c7422017b9a7" testName="ContactService.Tests.Repositories.MongoAuditLogRepositoryTests.IsHealthyAsync_WhenSuccessful_ShouldReturnTrue" computerName="base" duration="00:00:00.0008477" startTime="2025-08-09T20:52:09.1977030+03:00" endTime="2025-08-09T20:52:09.1984940+03:00" testType="13cdc9d9-ddb5-4fa4-a97d-d965ccfc6d4b" outcome="Passed" testListId="8c84fa94-04c1-424b-9868-57a2d4851a1d" relativeResultsDirectory="188afdb9-6f97-4eab-90a9-09c4dec2db60" />
    <UnitTestResult executionId="996fb27c-93a1-46ae-b606-61962ccf64f9" testId="35b978b9-024b-99e0-6603-6ef26ec2ebf5" testName="ContactService.Tests.Domain.Entities.ContactTests.Contact_Creation_Should_Throw_Exception_When_Invalid_Name(firstName: &quot;&quot;, lastName: &quot;Doe&quot;, company: &quot;ACME&quot;)" computerName="base" duration="00:00:00.0001582" startTime="2025-08-09T20:52:09.0819620+03:00" endTime="2025-08-09T20:52:09.0819790+03:00" testType="13cdc9d9-ddb5-4fa4-a97d-d965ccfc6d4b" outcome="Passed" testListId="8c84fa94-04c1-424b-9868-57a2d4851a1d" relativeResultsDirectory="996fb27c-93a1-46ae-b606-61962ccf64f9" />
    <UnitTestResult executionId="2270865a-25bf-446a-9473-b2312ead4ded" testId="9af79a75-7965-2857-a622-7a3e98c343ff" testName="ContactService.Tests.Repositories.ContactHistoryRepositoryTests.GetByCorrelationIdAsync_ShouldReturnMatchingHistories" computerName="base" duration="00:00:00.0026789" startTime="2025-08-09T20:52:09.4121160+03:00" endTime="2025-08-09T20:52:09.4144790+03:00" testType="13cdc9d9-ddb5-4fa4-a97d-d965ccfc6d4b" outcome="Passed" testListId="8c84fa94-04c1-424b-9868-57a2d4851a1d" relativeResultsDirectory="2270865a-25bf-446a-9473-b2312ead4ded" />
    <UnitTestResult executionId="2f194d88-e3c9-4fef-99dc-a0239b7e5174" testId="4c73dc71-56ef-c24d-a1e0-6a6db5098b10" testName="ContactService.Tests.Controllers.ContactsControllerTests.GetAllContacts_WhenSuccessful_ReturnsOkResult" computerName="base" duration="00:00:00.0005492" startTime="2025-08-09T20:52:09.1293160+03:00" endTime="2025-08-09T20:52:09.1298670+03:00" testType="13cdc9d9-ddb5-4fa4-a97d-d965ccfc6d4b" outcome="Passed" testListId="8c84fa94-04c1-424b-9868-57a2d4851a1d" relativeResultsDirectory="2f194d88-e3c9-4fef-99dc-a0239b7e5174" />
    <UnitTestResult executionId="98e597e5-82bd-4ab7-bca2-78eeaf9ecd62" testId="92ab22b2-8846-1c64-d5bc-e6797eee3d4c" testName="ContactService.Tests.Workers.OutboxProcessorWorkerTests.ExecuteAsync_ShouldProcessPendingEvents_WhenCalled" computerName="base" duration="00:00:00.2025904" startTime="2025-08-09T20:52:09.3010710+03:00" endTime="2025-08-09T20:52:09.5037750+03:00" testType="13cdc9d9-ddb5-4fa4-a97d-d965ccfc6d4b" outcome="Passed" testListId="8c84fa94-04c1-424b-9868-57a2d4851a1d" relativeResultsDirectory="98e597e5-82bd-4ab7-bca2-78eeaf9ecd62" />
    <UnitTestResult executionId="eb9d798b-c995-4439-999f-d65447191be2" testId="76c652ac-8273-6d9f-e369-c10beb245549" testName="ContactService.Tests.Services.CorrelationContextTests.CorrelationId_WhenInRequestHeader_ShouldReturnValueFromRequestHeader" computerName="base" duration="00:00:00.0010491" startTime="2025-08-09T20:52:09.0837720+03:00" endTime="2025-08-09T20:52:09.0847440+03:00" testType="13cdc9d9-ddb5-4fa4-a97d-d965ccfc6d4b" outcome="Passed" testListId="8c84fa94-04c1-424b-9868-57a2d4851a1d" relativeResultsDirectory="eb9d798b-c995-4439-999f-d65447191be2" />
    <UnitTestResult executionId="bb6c895f-aaed-405c-85b1-934f84e6b9a5" testId="e1e1fb96-9511-82db-931e-49873cf79d30" testName="ContactService.Tests.Services.ContactServiceApplicationTests.GetContactsFilterByCompany_ReturnsPagedResult" computerName="base" duration="00:00:00.0016329" startTime="2025-08-09T20:52:09.1148960+03:00" endTime="2025-08-09T20:52:09.1162480+03:00" testType="13cdc9d9-ddb5-4fa4-a97d-d965ccfc6d4b" outcome="Passed" testListId="8c84fa94-04c1-424b-9868-57a2d4851a1d" relativeResultsDirectory="bb6c895f-aaed-405c-85b1-934f84e6b9a5" />
    <UnitTestResult executionId="c8af7d1f-02d2-4fbb-9c6f-add1a8b76166" testId="a4f8bfa9-6cc1-5bf5-36f0-2d9d79a6bf43" testName="ContactService.Tests.Repositories.AuditLogRepositoryStatisticsTests.GetActionStatisticsAsync_EmptyResult_ShouldReturnEmptyDictionary" computerName="base" duration="00:00:00.0041499" startTime="2025-08-09T20:52:09.0952070+03:00" endTime="2025-08-09T20:52:09.0992930+03:00" testType="13cdc9d9-ddb5-4fa4-a97d-d965ccfc6d4b" outcome="Passed" testListId="8c84fa94-04c1-424b-9868-57a2d4851a1d" relativeResultsDirectory="c8af7d1f-02d2-4fbb-9c6f-add1a8b76166" />
    <UnitTestResult executionId="caacb9fa-86fd-4a73-b037-9f6d5658f775" testId="4e5c6fe2-590c-4908-cda3-b95c9b5e03ce" testName="ContactService.Tests.Services.ContactServiceAddContactInfoTests.AddContactInfoAsync_WithEmptyContactId_ShouldThrowArgumentException" computerName="base" duration="00:00:00.0031998" startTime="2025-08-09T20:52:09.0951190+03:00" endTime="2025-08-09T20:52:09.0979800+03:00" testType="13cdc9d9-ddb5-4fa4-a97d-d965ccfc6d4b" outcome="Passed" testListId="8c84fa94-04c1-424b-9868-57a2d4851a1d" relativeResultsDirectory="caacb9fa-86fd-4a73-b037-9f6d5658f775" />
    <UnitTestResult executionId="5415ed23-78cf-41e9-88f2-d0c49f3195d4" testId="32bb918f-a512-0e37-2e1b-c7fbebc2fb93" testName="ContactService.Tests.Repositories.OutboxRepositoryTests.CreateAsync_ShouldAddEventToDatabase" computerName="base" duration="00:00:00.0008696" startTime="2025-08-09T20:52:09.3829250+03:00" endTime="2025-08-09T20:52:09.3834900+03:00" testType="13cdc9d9-ddb5-4fa4-a97d-d965ccfc6d4b" outcome="Passed" testListId="8c84fa94-04c1-424b-9868-57a2d4851a1d" relativeResultsDirectory="5415ed23-78cf-41e9-88f2-d0c49f3195d4" />
    <UnitTestResult executionId="97c74939-fb5a-4c02-ad46-9ea1f46ad77b" testId="3cdf2a61-6bbf-5700-dfe9-37f3eb629d2e" testName="ContactService.Tests.Services.CorrelationContextTests.SetCorrelationId_ShouldAddToResponseHeader" computerName="base" duration="00:00:00.0021960" startTime="2025-08-09T20:52:09.0882110+03:00" endTime="2025-08-09T20:52:09.0905840+03:00" testType="13cdc9d9-ddb5-4fa4-a97d-d965ccfc6d4b" outcome="Passed" testListId="8c84fa94-04c1-424b-9868-57a2d4851a1d" relativeResultsDirectory="97c74939-fb5a-4c02-ad46-9ea1f46ad77b" />
    <UnitTestResult executionId="22b9910a-08e0-40da-ab0f-1415ecddb320" testId="d29c4c89-19e6-22fc-eb6c-349fb2d88e93" testName="ContactService.Tests.Services.ContactServiceAddContactInfoTests.AddContactInfoAsync_WithEmailType_ShouldAddEmailContactInfo" computerName="base" duration="00:00:00.0015925" startTime="2025-08-09T20:52:09.1074040+03:00" endTime="2025-08-09T20:52:09.1085850+03:00" testType="13cdc9d9-ddb5-4fa4-a97d-d965ccfc6d4b" outcome="Passed" testListId="8c84fa94-04c1-424b-9868-57a2d4851a1d" relativeResultsDirectory="22b9910a-08e0-40da-ab0f-1415ecddb320" />
    <UnitTestResult executionId="0889f972-0573-4cbb-ab5e-96430721cbd9" testId="4ddc60e9-64b4-271e-5ec6-48aa1731949d" testName="ContactService.Tests.Workers.OutboxProcessorWorkerTests.StopAsync_ShouldProcessRemainingEvents_BeforeShutdown" computerName="base" duration="00:00:00.0009066" startTime="2025-08-09T20:52:09.5041900+03:00" endTime="2025-08-09T20:52:09.5047130+03:00" testType="13cdc9d9-ddb5-4fa4-a97d-d965ccfc6d4b" outcome="Passed" testListId="8c84fa94-04c1-424b-9868-57a2d4851a1d" relativeResultsDirectory="0889f972-0573-4cbb-ab5e-96430721cbd9" />
    <UnitTestResult executionId="88a2c944-3bbc-4877-9936-89d4ec6ed39a" testId="b6c828fb-1149-e056-1671-a94ef68bd512" testName="ContactService.Tests.Repositories.InterfaceAuditLogRepositoryTests.GetByEntityAsync_ShouldReturnMatchingLogs" computerName="base" duration="00:00:00.0019235" startTime="2025-08-09T20:52:09.1137150+03:00" endTime="2025-08-09T20:52:09.1155960+03:00" testType="13cdc9d9-ddb5-4fa4-a97d-d965ccfc6d4b" outcome="Passed" testListId="8c84fa94-04c1-424b-9868-57a2d4851a1d" relativeResultsDirectory="88a2c944-3bbc-4877-9936-89d4ec6ed39a" />
    <UnitTestResult executionId="5ba81d85-0645-434f-8ae3-1bda32cc6c54" testId="a98941f9-647a-7d94-aa3e-6a0a737d8705" testName="ContactService.Tests.Repositories.ContactHistoryRepositoryTests.CreateAsync_ShouldAddHistoryToDatabase" computerName="base" duration="00:00:00.0142537" startTime="2025-08-09T20:52:09.3523610+03:00" endTime="2025-08-09T20:52:09.3663390+03:00" testType="13cdc9d9-ddb5-4fa4-a97d-d965ccfc6d4b" outcome="Passed" testListId="8c84fa94-04c1-424b-9868-57a2d4851a1d" relativeResultsDirectory="5ba81d85-0645-434f-8ae3-1bda32cc6c54" />
    <UnitTestResult executionId="002f7fca-97a4-45e1-aaac-7f989dce28c3" testId="42d5e3f8-02e6-4479-4e81-eb4f6f42e5ab" testName="ContactService.Tests.Services.ContactServiceMainTests.GetContactByIdAsync_WhenContactExists_ShouldReturnContact" computerName="base" duration="00:00:00.0005387" startTime="2025-08-09T20:52:09.1271280+03:00" endTime="2025-08-09T20:52:09.1276290+03:00" testType="13cdc9d9-ddb5-4fa4-a97d-d965ccfc6d4b" outcome="Passed" testListId="8c84fa94-04c1-424b-9868-57a2d4851a1d" relativeResultsDirectory="002f7fca-97a4-45e1-aaac-7f989dce28c3" />
    <UnitTestResult executionId="e935a5a0-f623-4968-ae88-2bc488c8007a" testId="a5c23d92-ce06-97d3-7f56-54b7ff8a7f31" testName="ContactService.Tests.Services.CachedContactServiceTests.ContactExistsAsync_WhenCached_ShouldReturnTrue" computerName="base" duration="00:00:00.0016184" startTime="2025-08-09T20:52:09.1097960+03:00" endTime="2025-08-09T20:52:09.1110960+03:00" testType="13cdc9d9-ddb5-4fa4-a97d-d965ccfc6d4b" outcome="Passed" testListId="8c84fa94-04c1-424b-9868-57a2d4851a1d" relativeResultsDirectory="e935a5a0-f623-4968-ae88-2bc488c8007a" />
    <UnitTestResult executionId="ee7375be-cc10-4c55-803c-f8458e02acf8" testId="1be1eef3-dd6b-5c52-1364-42afe525766d" testName="ContactService.Tests.Behaviors.CorrelationIdBehaviorTests.Handle_ShouldLogWithCorrelationId" computerName="base" duration="00:00:00.0009900" startTime="2025-08-09T20:52:09.0978010+03:00" endTime="2025-08-09T20:52:09.0985600+03:00" testType="13cdc9d9-ddb5-4fa4-a97d-d965ccfc6d4b" outcome="Passed" testListId="8c84fa94-04c1-424b-9868-57a2d4851a1d" relativeResultsDirectory="ee7375be-cc10-4c55-803c-f8458e02acf8" />
    <UnitTestResult executionId="65f5b250-9362-4190-8e2e-8e98f1f2200c" testId="7de7d957-c48d-4f97-368d-ebbe90064a6b" testName="ContactService.Tests.Repositories.MongoAuditLogRepositoryTests.CreateAsync_WhenExceptionOccurs_ShouldLogAndRethrow" computerName="base" duration="00:00:00.0013898" startTime="2025-08-09T20:52:09.2011240+03:00" endTime="2025-08-09T20:52:09.2024890+03:00" testType="13cdc9d9-ddb5-4fa4-a97d-d965ccfc6d4b" outcome="Passed" testListId="8c84fa94-04c1-424b-9868-57a2d4851a1d" relativeResultsDirectory="65f5b250-9362-4190-8e2e-8e98f1f2200c" />
    <UnitTestResult executionId="9d711aba-e373-4f10-9d11-61dd0d6341bc" testId="adfe9ae1-21b5-2360-a4e2-5db85a5d0ff1" testName="ContactService.Tests.Validations.CreateContactCommandValidatorTests.Validate_CompanyExceedsMaxLength_ShouldFailValidation" computerName="base" duration="00:00:00.0002266" startTime="2025-08-09T20:52:09.0798510+03:00" endTime="2025-08-09T20:52:09.0798730+03:00" testType="13cdc9d9-ddb5-4fa4-a97d-d965ccfc6d4b" outcome="Passed" testListId="8c84fa94-04c1-424b-9868-57a2d4851a1d" relativeResultsDirectory="9d711aba-e373-4f10-9d11-61dd0d6341bc" />
    <UnitTestResult executionId="6d268184-8d44-4845-9c1a-334cc18f410f" testId="2827477e-050e-5a38-862a-32215e73197e" testName="ContactService.Tests.Repositories.InterfaceAuditLogRepositoryTests.GetActionStatisticsAsync_ShouldReturnActionCounts" computerName="base" duration="00:00:00.0073909" startTime="2025-08-09T20:52:09.1157110+03:00" endTime="2025-08-09T20:52:09.1231000+03:00" testType="13cdc9d9-ddb5-4fa4-a97d-d965ccfc6d4b" outcome="Passed" testListId="8c84fa94-04c1-424b-9868-57a2d4851a1d" relativeResultsDirectory="6d268184-8d44-4845-9c1a-334cc18f410f" />
    <UnitTestResult executionId="4d56bf6a-c526-419b-8b83-fe9d4a05e361" testId="705ad452-2760-dcf0-0f70-9fdb584cbe46" testName="ContactService.Tests.Domain.Entities.ContactTests.Contact_Creation_Should_Throw_Exception_When_Invalid_Name(firstName: &quot;John&quot;, lastName: &quot;&quot;, company: &quot;ACME&quot;)" computerName="base" duration="00:00:00.0000727" startTime="2025-08-09T20:52:09.0820520+03:00" endTime="2025-08-09T20:52:09.0820690+03:00" testType="13cdc9d9-ddb5-4fa4-a97d-d965ccfc6d4b" outcome="Passed" testListId="8c84fa94-04c1-424b-9868-57a2d4851a1d" relativeResultsDirectory="4d56bf6a-c526-419b-8b83-fe9d4a05e361" />
    <UnitTestResult executionId="b6bfbc6d-7edb-4cf3-a822-c7049112b4e2" testId="ec02fbb4-d590-b6b0-27ca-a9b5c98b723e" testName="ContactService.Tests.Services.ContactServiceMainTestsFixed.GetAllContactsAsync_ShouldReturnContacts_WhenContactsExist" computerName="base" duration="00:00:00.0007453" startTime="2025-08-09T20:52:09.1257260+03:00" endTime="2025-08-09T20:52:09.1259350+03:00" testType="13cdc9d9-ddb5-4fa4-a97d-d965ccfc6d4b" outcome="Passed" testListId="8c84fa94-04c1-424b-9868-57a2d4851a1d" relativeResultsDirectory="b6bfbc6d-7edb-4cf3-a822-c7049112b4e2" />
    <UnitTestResult executionId="4fe1552f-5b76-4458-a24b-7a26f4b8e1c1" testId="93a548f9-9bdb-c210-9620-95913b3b07b1" testName="ContactService.Tests.Services.CachedContactServiceTests.GetAllContactsAsync_WhenNotCached_ShouldFetchAndCache" computerName="base" duration="00:00:00.0033872" startTime="2025-08-09T20:52:09.1277520+03:00" endTime="2025-08-09T20:52:09.1310730+03:00" testType="13cdc9d9-ddb5-4fa4-a97d-d965ccfc6d4b" outcome="Passed" testListId="8c84fa94-04c1-424b-9868-57a2d4851a1d" relativeResultsDirectory="4fe1552f-5b76-4458-a24b-7a26f4b8e1c1" />
    <UnitTestResult executionId="83648418-d70c-433e-a30b-2aba06cf0705" testId="ed0c8e56-34d1-1232-b36f-39c6723bf222" testName="ContactService.Tests.Repositories.OutboxRepositoryTests.GetFailedEventCountAsync_ShouldReturnCorrectCount" computerName="base" duration="00:00:00.2989221" startTime="2025-08-09T20:52:09.0640110+03:00" endTime="2025-08-09T20:52:09.3508700+03:00" testType="13cdc9d9-ddb5-4fa4-a97d-d965ccfc6d4b" outcome="Passed" testListId="8c84fa94-04c1-424b-9868-57a2d4851a1d" relativeResultsDirectory="83648418-d70c-433e-a30b-2aba06cf0705" />
    <UnitTestResult executionId="7c2e8c72-ce05-49cf-bd8b-bbee5a42193d" testId="7deab310-660c-4912-7195-863824b73d85" testName="ContactService.Tests.Behaviors.ValidationBehaviorTests.Handle_WhenValidationFails_ShouldThrowValidationException" computerName="base" duration="00:00:00.0009750" startTime="2025-08-09T20:52:09.1401910+03:00" endTime="2025-08-09T20:52:09.1410960+03:00" testType="13cdc9d9-ddb5-4fa4-a97d-d965ccfc6d4b" outcome="Passed" testListId="8c84fa94-04c1-424b-9868-57a2d4851a1d" relativeResultsDirectory="7c2e8c72-ce05-49cf-bd8b-bbee5a42193d" />
    <UnitTestResult executionId="73bdd8cb-c78e-43e3-a701-108eada7b74f" testId="1da84cc3-d68d-1fd0-8553-02c4d595a768" testName="ContactService.Tests.Services.ContactServiceMainTests.RemoveContactInfoAsync_WhenContactNotExists_ShouldReturnFalse" computerName="base" duration="00:00:00.0007850" startTime="2025-08-09T20:52:09.1276860+03:00" endTime="2025-08-09T20:52:09.1284380+03:00" testType="13cdc9d9-ddb5-4fa4-a97d-d965ccfc6d4b" outcome="Passed" testListId="8c84fa94-04c1-424b-9868-57a2d4851a1d" relativeResultsDirectory="73bdd8cb-c78e-43e3-a701-108eada7b74f" />
    <UnitTestResult executionId="facc9949-1223-4c9a-aeee-b8dc87fbaf01" testId="31707ac5-8110-d92b-cdd7-b34a62fc2def" testName="ContactService.Tests.Services.CachedContactServiceTests.GetAllContactsAsync_WhenCached_ShouldReturnFromCache" computerName="base" duration="00:00:00.0016566" startTime="2025-08-09T20:52:09.1375040+03:00" endTime="2025-08-09T20:52:09.1391360+03:00" testType="13cdc9d9-ddb5-4fa4-a97d-d965ccfc6d4b" outcome="Passed" testListId="8c84fa94-04c1-424b-9868-57a2d4851a1d" relativeResultsDirectory="facc9949-1223-4c9a-aeee-b8dc87fbaf01" />
    <UnitTestResult executionId="777b873e-a059-4823-b776-9ea6cebfdb68" testId="b3dc4973-fbc6-b2d1-2ad8-7683f7464d71" testName="ContactService.Tests.Services.OutboxServiceTests.ProcessPendingEventsAsync_WithPendingEvents_ShouldProcessEach" computerName="base" duration="00:00:00.0009859" startTime="2025-08-09T20:52:09.1286610+03:00" endTime="2025-08-09T20:52:09.1298190+03:00" testType="13cdc9d9-ddb5-4fa4-a97d-d965ccfc6d4b" outcome="Passed" testListId="8c84fa94-04c1-424b-9868-57a2d4851a1d" relativeResultsDirectory="777b873e-a059-4823-b776-9ea6cebfdb68" />
    <UnitTestResult executionId="d53e0777-5d11-4e41-a34c-57d7b2229964" testId="171dc43a-7202-3af2-1a2a-15fc27809ebc" testName="ContactService.Tests.Services.ContactServiceMainTests.GetAllContactsAsync_WhenContactsExist_ShouldReturnPaginatedContacts" computerName="base" duration="00:00:00.0008876" startTime="2025-08-09T20:52:09.1257100+03:00" endTime="2025-08-09T20:52:09.1261830+03:00" testType="13cdc9d9-ddb5-4fa4-a97d-d965ccfc6d4b" outcome="Passed" testListId="8c84fa94-04c1-424b-9868-57a2d4851a1d" relativeResultsDirectory="d53e0777-5d11-4e41-a34c-57d7b2229964" />
    <UnitTestResult executionId="77b61b83-6caa-438e-a628-3f145f9d502c" testId="8a8c0ac8-1c2d-5bee-edd5-1dbde8ff21d5" testName="ContactService.Tests.Services.ContactServiceDeleteTests.DeleteContactAsync_WithEmptyId_ShouldThrowArgumentException" computerName="base" duration="00:00:00.0032362" startTime="2025-08-09T20:52:09.0948030+03:00" endTime="2025-08-09T20:52:09.0980700+03:00" testType="13cdc9d9-ddb5-4fa4-a97d-d965ccfc6d4b" outcome="Passed" testListId="8c84fa94-04c1-424b-9868-57a2d4851a1d" relativeResultsDirectory="77b61b83-6caa-438e-a628-3f145f9d502c" />
    <UnitTestResult executionId="43fd1473-d55f-420f-a431-c8b3bb862b3c" testId="a2dd72b4-0fc4-025d-ffac-51e87e4d56ed" testName="ContactService.Tests.Services.ContactServiceTestsFixed.DeleteContactAsync_WithNonExistingContact_ShouldReturnFalse" computerName="base" duration="00:00:00.0009034" startTime="2025-08-09T20:52:09.1228470+03:00" endTime="2025-08-09T20:52:09.1236250+03:00" testType="13cdc9d9-ddb5-4fa4-a97d-d965ccfc6d4b" outcome="Passed" testListId="8c84fa94-04c1-424b-9868-57a2d4851a1d" relativeResultsDirectory="43fd1473-d55f-420f-a431-c8b3bb862b3c" />
    <UnitTestResult executionId="b9d116fb-bf02-40e1-b969-74061e43c91d" testId="bc45d484-3cde-d461-9e43-307b5df57b1a" testName="ContactService.Tests.Services.ContactServiceApplicationTests.GetContactsFilterByLocation_ReturnsPagedResult" computerName="base" duration="00:00:00.0061558" startTime="2025-08-09T20:52:09.1067040+03:00" endTime="2025-08-09T20:52:09.1077880+03:00" testType="13cdc9d9-ddb5-4fa4-a97d-d965ccfc6d4b" outcome="Passed" testListId="8c84fa94-04c1-424b-9868-57a2d4851a1d" relativeResultsDirectory="b9d116fb-bf02-40e1-b969-74061e43c91d" />
    <UnitTestResult executionId="be43709a-735c-4512-8756-c6dac74ee340" testId="a72b625f-7dd8-453c-7e17-4e51909e5f7c" testName="ContactService.Tests.Repositories.AuditLogRepositoryStatisticsTests.GetServiceStatisticsAsync_ShouldCallGetStatisticsAsync" computerName="base" duration="00:00:00.0059284" startTime="2025-08-09T20:52:09.0993670+03:00" endTime="2025-08-09T20:52:09.1069020+03:00" testType="13cdc9d9-ddb5-4fa4-a97d-d965ccfc6d4b" outcome="Passed" testListId="8c84fa94-04c1-424b-9868-57a2d4851a1d" relativeResultsDirectory="be43709a-735c-4512-8756-c6dac74ee340" />
    <UnitTestResult executionId="411eb894-7c78-4f46-a879-a0e4d4b7e77f" testId="afeacdf0-b599-63dd-1c58-2da67c782c66" testName="ContactService.Tests.Services.CachedContactServiceTests.GetContactByIdAsync_WhenNotCached_ShouldFetchAndCache" computerName="base" duration="00:00:00.0077745" startTime="2025-08-09T20:52:09.0978730+03:00" endTime="2025-08-09T20:52:09.1071530+03:00" testType="13cdc9d9-ddb5-4fa4-a97d-d965ccfc6d4b" outcome="Passed" testListId="8c84fa94-04c1-424b-9868-57a2d4851a1d" relativeResultsDirectory="411eb894-7c78-4f46-a879-a0e4d4b7e77f" />
    <UnitTestResult executionId="844b9734-5d57-4ad3-bc1a-e8c55f8d3a0d" testId="4c100dc2-4d54-2de6-69fc-6a0f7c39b61c" testName="ContactService.Tests.Workers.OutboxProcessorWorkerTests.ExecuteAsync_ShouldHandleException_WhenOutboxServiceThrows" computerName="base" duration="00:00:00.2477612" startTime="2025-08-09T20:52:09.0634920+03:00" endTime="2025-08-09T20:52:09.3006080+03:00" testType="13cdc9d9-ddb5-4fa4-a97d-d965ccfc6d4b" outcome="Passed" testListId="8c84fa94-04c1-424b-9868-57a2d4851a1d" relativeResultsDirectory="844b9734-5d57-4ad3-bc1a-e8c55f8d3a0d" />
    <UnitTestResult executionId="309fab51-1c79-4a00-b6dd-0469eba91f25" testId="b94d01d2-2482-f1ee-e579-e0328069493a" testName="ContactService.Tests.Services.ContactServiceTestsFixed.GetContactByIdAsync_NonExistingId_ShouldReturnNull" computerName="base" duration="00:00:00.0007339" startTime="2025-08-09T20:52:09.1296680+03:00" endTime="2025-08-09T20:52:09.1302180+03:00" testType="13cdc9d9-ddb5-4fa4-a97d-d965ccfc6d4b" outcome="Passed" testListId="8c84fa94-04c1-424b-9868-57a2d4851a1d" relativeResultsDirectory="309fab51-1c79-4a00-b6dd-0469eba91f25" />
    <UnitTestResult executionId="6d9d02b9-62b3-49c3-b889-464c5863bfee" testId="73a1beb2-427f-b52e-5ed5-e488f7051a1c" testName="ContactService.Tests.Services.ContactServiceApplicationTests.GetContactByIdAsync_ReturnsContact" computerName="base" duration="00:00:00.0072253" startTime="2025-08-09T20:52:09.1163010+03:00" endTime="2025-08-09T20:52:09.1234780+03:00" testType="13cdc9d9-ddb5-4fa4-a97d-d965ccfc6d4b" outcome="Passed" testListId="8c84fa94-04c1-424b-9868-57a2d4851a1d" relativeResultsDirectory="6d9d02b9-62b3-49c3-b889-464c5863bfee" />
    <UnitTestResult executionId="6f560592-a6ce-457f-9000-a7bd9dcf2b61" testId="c7c25f38-4580-db9f-5da3-d32c41491df3" testName="ContactService.Tests.Domain.Entities.OutboxEventTests.MarkAsFailed_AfterMaxRetries_ShouldSetStatusToFailed" computerName="base" duration="00:00:00.0001550" startTime="2025-08-09T20:52:09.0886930+03:00" endTime="2025-08-09T20:52:09.0887150+03:00" testType="13cdc9d9-ddb5-4fa4-a97d-d965ccfc6d4b" outcome="Passed" testListId="8c84fa94-04c1-424b-9868-57a2d4851a1d" relativeResultsDirectory="6f560592-a6ce-457f-9000-a7bd9dcf2b61" />
    <UnitTestResult executionId="669cca85-f5a9-4bcb-bd74-f278a4c3a686" testId="7b1a0e55-ebf1-ac80-0df9-765bdf08c16d" testName="ContactService.Tests.Repositories.MongoAuditLogRepositoryTests.GetByServiceAsync_ShouldReturnMatchingLogs" computerName="base" duration="00:00:00.0008951" startTime="2025-08-09T20:52:09.1993800+03:00" endTime="2025-08-09T20:52:09.2002230+03:00" testType="13cdc9d9-ddb5-4fa4-a97d-d965ccfc6d4b" outcome="Passed" testListId="8c84fa94-04c1-424b-9868-57a2d4851a1d" relativeResultsDirectory="669cca85-f5a9-4bcb-bd74-f278a4c3a686" />
    <UnitTestResult executionId="298dcc92-f79a-47af-beaf-c959a77407bc" testId="d81a05aa-4346-449f-6254-59c6d8218662" testName="ContactService.Tests.Services.ContactServiceMainTestsFixed.RemoveContactInfoAsync_WhenContactInfoExists_ShouldRemoveInfoAndAddToHistory" computerName="base" duration="00:00:00.0726831" startTime="2025-08-09T20:52:09.0635000+03:00" endTime="2025-08-09T20:52:09.1249770+03:00" testType="13cdc9d9-ddb5-4fa4-a97d-d965ccfc6d4b" outcome="Failed" testListId="8c84fa94-04c1-424b-9868-57a2d4851a1d" relativeResultsDirectory="298dcc92-f79a-47af-beaf-c959a77407bc">
      <Output>
        <ErrorInfo>
          <Message>Expected result to be True, but found False.</Message>
          <StackTrace>   at FluentAssertions.Execution.LateBoundTestFramework.Throw(String message)
   at FluentAssertions.Execution.DefaultAssertionStrategy.HandleFailure(String message)
   at FluentAssertions.Execution.AssertionScope.AddPreFormattedFailure(String formattedFailureMessage)
   at FluentAssertions.Execution.AssertionChain.FailWith(Func`1 getFailureReason)
   at FluentAssertions.Execution.AssertionChain.FailWith(Func`1 getFailureReason)
   at FluentAssertions.Execution.AssertionChain.FailWith(String message, Object[] args)
   at FluentAssertions.Primitives.BooleanAssertions`1.BeTrue(String because, Object[] becauseArgs)
   at ContactService.Tests.Services.ContactServiceMainTestsFixed.RemoveContactInfoAsync_WhenContactInfoExists_ShouldRemoveInfoAndAddToHistory() in /Users/r00t/Projects/PhoneBookApp/ContactService.Tests/Services/ContactServiceMainTests_Fixed.cs:line 162
--- End of stack trace from previous location ---</StackTrace>
        </ErrorInfo>
      </Output>
    </UnitTestResult>
    <UnitTestResult executionId="5c27a49f-ff10-4cba-a68e-aa7d82fb5831" testId="1630cac1-9a36-d9df-ff83-a1d786b9f5c8" testName="ContactService.Tests.Domain.Entities.OutboxEventTests.Constructor_WithInvalidCorrelationId_ShouldThrowException(correlationId: null)" computerName="base" duration="00:00:00.0001114" startTime="2025-08-09T20:52:09.0779150+03:00" endTime="2025-08-09T20:52:09.0779890+03:00" testType="13cdc9d9-ddb5-4fa4-a97d-d965ccfc6d4b" outcome="Passed" testListId="8c84fa94-04c1-424b-9868-57a2d4851a1d" relativeResultsDirectory="5c27a49f-ff10-4cba-a68e-aa7d82fb5831" />
    <UnitTestResult executionId="1bd825ba-898f-4f91-b631-9b619f910573" testId="79623cd3-c664-41f0-a8fd-1c4b3f193f01" testName="ContactService.Tests.Domain.Entities.OutboxEventTests.MarkAsFailed_WithValidErrorMessage_ShouldUpdateStatus" computerName="base" duration="00:00:00.0006125" startTime="2025-08-09T20:52:09.0850790+03:00" endTime="2025-08-09T20:52:09.0853870+03:00" testType="13cdc9d9-ddb5-4fa4-a97d-d965ccfc6d4b" outcome="Passed" testListId="8c84fa94-04c1-424b-9868-57a2d4851a1d" relativeResultsDirectory="1bd825ba-898f-4f91-b631-9b619f910573" />
    <UnitTestResult executionId="db106346-c6da-4114-8eb6-559ca4fea650" testId="d27f4976-40ef-61ce-b0e6-f39fa4846412" testName="ContactService.Tests.Domain.Entities.OutboxEventTests.GetEventData_WithValidData_ShouldDeserializeCorrectly" computerName="base" duration="00:00:00.0012110" startTime="2025-08-09T20:52:09.0831510+03:00" endTime="2025-08-09T20:52:09.0838940+03:00" testType="13cdc9d9-ddb5-4fa4-a97d-d965ccfc6d4b" outcome="Passed" testListId="8c84fa94-04c1-424b-9868-57a2d4851a1d" relativeResultsDirectory="db106346-c6da-4114-8eb6-559ca4fea650" />
    <UnitTestResult executionId="2dc25f9a-55ec-45c0-86fa-69645252a106" testId="323343c7-d97f-2cf2-2c61-7e17a26b31d4" testName="ContactService.Tests.Services.ContactServiceTestsFixed.AddContactInfoAsync_WithValidData_ShouldAddContactInfo" computerName="base" duration="00:00:00.0011565" startTime="2025-08-09T20:52:09.1373190+03:00" endTime="2025-08-09T20:52:09.1382050+03:00" testType="13cdc9d9-ddb5-4fa4-a97d-d965ccfc6d4b" outcome="Passed" testListId="8c84fa94-04c1-424b-9868-57a2d4851a1d" relativeResultsDirectory="2dc25f9a-55ec-45c0-86fa-69645252a106" />
    <UnitTestResult executionId="1e75e1ee-542c-4834-9844-4bc5b5f5af3e" testId="02e0eb39-b82c-9dcc-23ce-1bfcccaf1fbf" testName="ContactService.Tests.Repositories.MongoAuditLogRepositoryTests.GetByCorrelationIdAsync_ShouldReturnMatchingLogs" computerName="base" duration="00:00:00.0009932" startTime="2025-08-09T20:52:09.2073250+03:00" endTime="2025-08-09T20:52:09.2082880+03:00" testType="13cdc9d9-ddb5-4fa4-a97d-d965ccfc6d4b" outcome="Passed" testListId="8c84fa94-04c1-424b-9868-57a2d4851a1d" relativeResultsDirectory="1e75e1ee-542c-4834-9844-4bc5b5f5af3e" />
    <UnitTestResult executionId="490176dd-dc9b-40f4-aee4-a23f586c5a46" testId="df002743-2624-0d0c-291d-49704d9201b2" testName="ContactService.Tests.Services.OutboxServiceTests.ProcessPendingEventsAsync_ShouldUseCorrectTopicForEventType(eventType: &quot;ReportCompleted&quot;, expectedTopic: &quot;report-events&quot;)" computerName="base" duration="00:00:00.0003161" startTime="2025-08-09T20:52:09.1122580+03:00" endTime="2025-08-09T20:52:09.1124960+03:00" testType="13cdc9d9-ddb5-4fa4-a97d-d965ccfc6d4b" outcome="Passed" testListId="8c84fa94-04c1-424b-9868-57a2d4851a1d" relativeResultsDirectory="490176dd-dc9b-40f4-aee4-a23f586c5a46" />
    <UnitTestResult executionId="a6837333-f646-4534-9e32-6c8ed0552335" testId="5c2a96c8-3dca-1622-37ae-ff6c2d99a78a" testName="ContactService.Tests.Domain.Entities.ContactHistoryTests.Constructor_WithInvalidOperationType_ShouldThrowException(operationType: &quot;&quot;)" computerName="base" duration="00:00:00.0183111" startTime="2025-08-09T20:52:09.0634430+03:00" endTime="2025-08-09T20:52:09.0744400+03:00" testType="13cdc9d9-ddb5-4fa4-a97d-d965ccfc6d4b" outcome="Passed" testListId="8c84fa94-04c1-424b-9868-57a2d4851a1d" relativeResultsDirectory="a6837333-f646-4534-9e32-6c8ed0552335" />
    <UnitTestResult executionId="e8a7b634-3e8e-4290-a6ee-1856727119cc" testId="564c5037-65a1-7599-1569-b6c4c9625451" testName="ContactService.Tests.Domain.Entities.ContactInfoTests.ContactInfo_Creation_Should_Set_Properties_Correctly" computerName="base" duration="00:00:00.0011050" startTime="2025-08-09T20:52:09.0743410+03:00" endTime="2025-08-09T20:52:09.0776210+03:00" testType="13cdc9d9-ddb5-4fa4-a97d-d965ccfc6d4b" outcome="Passed" testListId="8c84fa94-04c1-424b-9868-57a2d4851a1d" relativeResultsDirectory="e8a7b634-3e8e-4290-a6ee-1856727119cc" />
    <UnitTestResult executionId="044eef74-005b-4905-86ab-666cc2efbf83" testId="fe764a59-c9d9-90b4-01d3-048d14c51d27" testName="ContactService.Tests.Controllers.ContactsControllerTests.CreateContact_WhenFailed_ReturnsCreatedWithEmptyId" computerName="base" duration="00:00:00.0004792" startTime="2025-08-09T20:52:09.1282490+03:00" endTime="2025-08-09T20:52:09.1286810+03:00" testType="13cdc9d9-ddb5-4fa4-a97d-d965ccfc6d4b" outcome="Passed" testListId="8c84fa94-04c1-424b-9868-57a2d4851a1d" relativeResultsDirectory="044eef74-005b-4905-86ab-666cc2efbf83" />
    <UnitTestResult executionId="db4ebf9c-ac49-4dee-bd60-f9f23a503365" testId="311793d3-f7e8-8c9b-e613-9ac05d180ba7" testName="ContactService.Tests.Domain.Entities.OutboxEventTests.Constructor_WithInvalidEventType_ShouldThrowException(eventType: &quot;  &quot;)" computerName="base" duration="00:00:00.0001299" startTime="2025-08-09T20:52:09.0845550+03:00" endTime="2025-08-09T20:52:09.0846610+03:00" testType="13cdc9d9-ddb5-4fa4-a97d-d965ccfc6d4b" outcome="Passed" testListId="8c84fa94-04c1-424b-9868-57a2d4851a1d" relativeResultsDirectory="db4ebf9c-ac49-4dee-bd60-f9f23a503365" />
    <UnitTestResult executionId="d2a9cffc-f6ed-4aaf-a95e-bf05c3588a27" testId="ed5694a6-cc64-5c3d-0900-c35c7fd9e260" testName="ContactService.Tests.Domain.Entities.OutboxEventTests.Constructor_WithNullEventData_ShouldThrowException" computerName="base" duration="00:00:00.0003564" startTime="2025-08-09T20:52:09.0839640+03:00" endTime="2025-08-09T20:52:09.0842580+03:00" testType="13cdc9d9-ddb5-4fa4-a97d-d965ccfc6d4b" outcome="Passed" testListId="8c84fa94-04c1-424b-9868-57a2d4851a1d" relativeResultsDirectory="d2a9cffc-f6ed-4aaf-a95e-bf05c3588a27" />
    <UnitTestResult executionId="9f4ab04f-5226-4bb7-9976-1a725a4651b9" testId="8f93e0b1-7b81-de08-03d7-85c2acaee6e1" testName="ContactService.Tests.Services.ContactServiceAddContactInfoTests.AddContactInfoAsync_WithNonExistingContact_ShouldReturnNull" computerName="base" duration="00:00:00.0041862" startTime="2025-08-09T20:52:09.0907770+03:00" endTime="2025-08-09T20:52:09.0948180+03:00" testType="13cdc9d9-ddb5-4fa4-a97d-d965ccfc6d4b" outcome="Passed" testListId="8c84fa94-04c1-424b-9868-57a2d4851a1d" relativeResultsDirectory="9f4ab04f-5226-4bb7-9976-1a725a4651b9" />
    <UnitTestResult executionId="f012c70d-08eb-4b7d-b74b-fa872ee1720c" testId="d6ca4153-3bc3-c4d0-31a9-0c57db630ab6" testName="ContactService.Tests.Services.OutboxServiceTests.GetStatisticsAsync_ShouldReturnStatistics" computerName="base" duration="00:00:00.0018455" startTime="2025-08-09T20:52:09.1125690+03:00" endTime="2025-08-09T20:52:09.1143810+03:00" testType="13cdc9d9-ddb5-4fa4-a97d-d965ccfc6d4b" outcome="Passed" testListId="8c84fa94-04c1-424b-9868-57a2d4851a1d" relativeResultsDirectory="f012c70d-08eb-4b7d-b74b-fa872ee1720c" />
    <UnitTestResult executionId="d1a69bc0-52de-45ac-84da-283ddee02340" testId="c2cd70c4-e184-7086-28d9-d1ecb54689a8" testName="ContactService.Tests.Services.CachedContactServiceTests.CreateContactAsync_ShouldInvalidateCache" computerName="base" duration="00:00:00.0024887" startTime="2025-08-09T20:52:09.1143680+03:00" endTime="2025-08-09T20:52:09.1168190+03:00" testType="13cdc9d9-ddb5-4fa4-a97d-d965ccfc6d4b" outcome="Passed" testListId="8c84fa94-04c1-424b-9868-57a2d4851a1d" relativeResultsDirectory="d1a69bc0-52de-45ac-84da-283ddee02340" />
    <UnitTestResult executionId="72947279-aba4-4d65-8ef8-cdd58352900d" testId="2ce7e47b-5f88-58f7-16ae-2cbc06265a3a" testName="ContactService.Tests.Domain.Entities.ContactInfoTests.UpdateContent_Should_Update_Content_Property" computerName="base" duration="00:00:00.0000718" startTime="2025-08-09T20:52:09.0777580+03:00" endTime="2025-08-09T20:52:09.0778250+03:00" testType="13cdc9d9-ddb5-4fa4-a97d-d965ccfc6d4b" outcome="Passed" testListId="8c84fa94-04c1-424b-9868-57a2d4851a1d" relativeResultsDirectory="72947279-aba4-4d65-8ef8-cdd58352900d" />
    <UnitTestResult executionId="3b552a5b-435d-4285-9043-ef3e0b329d2d" testId="e1bf3b06-3488-230c-60a5-00c13d075199" testName="ContactService.Tests.Services.ContactServiceMainTests.AddContactInfoAsync_WhenContactExists_ShouldAddInfoAndAddToHistory" computerName="base" duration="00:00:00.0012007" startTime="2025-08-09T20:52:09.1304810+03:00" endTime="2025-08-09T20:52:09.1316800+03:00" testType="13cdc9d9-ddb5-4fa4-a97d-d965ccfc6d4b" outcome="Passed" testListId="8c84fa94-04c1-424b-9868-57a2d4851a1d" relativeResultsDirectory="3b552a5b-435d-4285-9043-ef3e0b329d2d" />
    <UnitTestResult executionId="67ba620a-665c-4da0-b371-be396c9bc349" testId="845261f0-e98d-a9b8-413e-9d417cff7f7d" testName="ContactService.Tests.Repositories.AuditLogRepositoryStatisticsTests.GetActionStatisticsAsync_ShouldReturnActionCounts" computerName="base" duration="00:00:00.0018749" startTime="2025-08-09T20:52:09.1071350+03:00" endTime="2025-08-09T20:52:09.1074780+03:00" testType="13cdc9d9-ddb5-4fa4-a97d-d965ccfc6d4b" outcome="Passed" testListId="8c84fa94-04c1-424b-9868-57a2d4851a1d" relativeResultsDirectory="67ba620a-665c-4da0-b371-be396c9bc349" />
    <UnitTestResult executionId="5b32d589-1b58-4e6d-9099-d51260d0ca40" testId="8bf11057-d034-46e9-c31f-3379f9cc18ac" testName="ContactService.Tests.Repositories.MongoAuditLogRepositoryStatisticsTests.GetStatisticsAsync_ShouldReturnServiceStatistics" computerName="base" duration="00:00:00.0010000" startTime="2025-08-09T20:52:09.0799610+03:00" endTime="2025-08-09T20:52:09.0800730+03:00" testType="13cdc9d9-ddb5-4fa4-a97d-d965ccfc6d4b" outcome="NotExecuted" testListId="8c84fa94-04c1-424b-9868-57a2d4851a1d" relativeResultsDirectory="5b32d589-1b58-4e6d-9099-d51260d0ca40">
      <Output>
        <ErrorInfo>
          <Message>Temporarily disabled due to MongoDB mocking complexity</Message>
        </ErrorInfo>
      </Output>
    </UnitTestResult>
    <UnitTestResult executionId="176e5dbf-b679-434b-8880-53beb16a20bc" testId="8df8dd58-ba1d-55ba-a3fa-2d529bc5271b" testName="ContactService.Tests.Behaviors.ValidationBehaviorTests.Handle_WithMultipleValidators_ShouldCombineErrors" computerName="base" duration="00:00:00.0284212" startTime="2025-08-09T20:52:09.1101370+03:00" endTime="2025-08-09T20:52:09.1382850+03:00" testType="13cdc9d9-ddb5-4fa4-a97d-d965ccfc6d4b" outcome="Passed" testListId="8c84fa94-04c1-424b-9868-57a2d4851a1d" relativeResultsDirectory="176e5dbf-b679-434b-8880-53beb16a20bc" />
    <UnitTestResult executionId="1cbc80da-1281-46ed-a286-986ccc228646" testId="72574eb0-b856-dae8-755b-38faed34615b" testName="ContactService.Tests.Domain.Entities.OutboxEventTests.MarkAsFailed_WithInvalidErrorMessage_ShouldThrowException(errorMessage: &quot;  &quot;)" computerName="base" duration="00:00:00.0027619" startTime="2025-08-09T20:52:09.0879950+03:00" endTime="2025-08-09T20:52:09.0885020+03:00" testType="13cdc9d9-ddb5-4fa4-a97d-d965ccfc6d4b" outcome="Passed" testListId="8c84fa94-04c1-424b-9868-57a2d4851a1d" relativeResultsDirectory="1cbc80da-1281-46ed-a286-986ccc228646" />
    <UnitTestResult executionId="2466fafb-5649-4fd5-92f1-4f79a59e2a15" testId="10cf3e30-ad48-e398-c3be-b6df62e58a46" testName="ContactService.Tests.Repositories.OutboxRepositoryTests.GetPendingEventCountAsync_ShouldReturnCorrectCount" computerName="base" duration="00:00:00.0014641" startTime="2025-08-09T20:52:09.3920470+03:00" endTime="2025-08-09T20:52:09.3934790+03:00" testType="13cdc9d9-ddb5-4fa4-a97d-d965ccfc6d4b" outcome="Passed" testListId="8c84fa94-04c1-424b-9868-57a2d4851a1d" relativeResultsDirectory="2466fafb-5649-4fd5-92f1-4f79a59e2a15" />
    <UnitTestResult executionId="fa20212e-582c-4de1-b056-0c6e6aff2d44" testId="36e8b842-b424-20c1-51ec-e771bdd22315" testName="ContactService.Tests.Domain.Entities.ContactTests.UpdateContactInformation_Should_Update_Properties" computerName="base" duration="00:00:00.0001358" startTime="2025-08-09T20:52:09.0826570+03:00" endTime="2025-08-09T20:52:09.0826730+03:00" testType="13cdc9d9-ddb5-4fa4-a97d-d965ccfc6d4b" outcome="Passed" testListId="8c84fa94-04c1-424b-9868-57a2d4851a1d" relativeResultsDirectory="fa20212e-582c-4de1-b056-0c6e6aff2d44" />
    <UnitTestResult executionId="b0d424fc-dc4d-4447-822e-1df1b242e761" testId="de0f39cd-7912-969d-abd8-0e235ffda1d3" testName="ContactService.Tests.Domain.Entities.ContactHistoryTests.Constructor_WithNullContactData_ShouldThrowException" computerName="base" duration="00:00:00.0002754" startTime="2025-08-09T20:52:09.0915290+03:00" endTime="2025-08-09T20:52:09.0915500+03:00" testType="13cdc9d9-ddb5-4fa4-a97d-d965ccfc6d4b" outcome="Passed" testListId="8c84fa94-04c1-424b-9868-57a2d4851a1d" relativeResultsDirectory="b0d424fc-dc4d-4447-822e-1df1b242e761" />
    <UnitTestResult executionId="68a00021-aa53-4029-8804-f5b4756a1bba" testId="5a3d8493-7c44-ef1a-59d7-15dc693e5f8d" testName="ContactService.Tests.Services.CachedContactServiceTests.GetLocationStatistics_WhenCached_ShouldReturnFromCache" computerName="base" duration="00:00:00.0062526" startTime="2025-08-09T20:52:09.1226880+03:00" endTime="2025-08-09T20:52:09.1232090+03:00" testType="13cdc9d9-ddb5-4fa4-a97d-d965ccfc6d4b" outcome="Passed" testListId="8c84fa94-04c1-424b-9868-57a2d4851a1d" relativeResultsDirectory="68a00021-aa53-4029-8804-f5b4756a1bba" />
    <UnitTestResult executionId="0a709f48-1875-408f-816d-cd9b6425caca" testId="43583dd2-2dd4-3fe1-0a2b-7e3030c5eb05" testName="ContactService.Tests.Domain.Entities.OutboxEventTests.Constructor_WithInvalidEventType_ShouldThrowException(eventType: &quot;&quot;)" computerName="base" duration="00:00:00.0000956" startTime="2025-08-09T20:52:09.0846940+03:00" endTime="2025-08-09T20:52:09.0848080+03:00" testType="13cdc9d9-ddb5-4fa4-a97d-d965ccfc6d4b" outcome="Passed" testListId="8c84fa94-04c1-424b-9868-57a2d4851a1d" relativeResultsDirectory="0a709f48-1875-408f-816d-cd9b6425caca" />
    <UnitTestResult executionId="460a7fab-22eb-4d39-9a55-0bd0e1e91e7d" testId="3901b727-f207-9fa4-2bf1-8e5ec3e44ab6" testName="ContactService.Tests.Behaviors.CorrelationBehaviorTests.Handle_ShouldLogWithCorrelationId" computerName="base" duration="00:00:00.0153274" startTime="2025-08-09T20:52:09.0827320+03:00" endTime="2025-08-09T20:52:09.0967670+03:00" testType="13cdc9d9-ddb5-4fa4-a97d-d965ccfc6d4b" outcome="Passed" testListId="8c84fa94-04c1-424b-9868-57a2d4851a1d" relativeResultsDirectory="460a7fab-22eb-4d39-9a55-0bd0e1e91e7d" />
    <UnitTestResult executionId="038c376a-60e8-463c-8472-67e8ae37b023" testId="4d0fca5e-9e1d-a5e6-952d-09b701fe7b09" testName="ContactService.Tests.Services.ContactServiceTestsFixed.GetContactsByLocationAsync_WithLocation_ShouldReturnContactsFromLocation" computerName="base" duration="00:00:00.0007625" startTime="2025-08-09T20:52:09.1382650+03:00" endTime="2025-08-09T20:52:09.1390030+03:00" testType="13cdc9d9-ddb5-4fa4-a97d-d965ccfc6d4b" outcome="Passed" testListId="8c84fa94-04c1-424b-9868-57a2d4851a1d" relativeResultsDirectory="038c376a-60e8-463c-8472-67e8ae37b023" />
    <UnitTestResult executionId="30bb5027-b686-4897-8e78-62e3e2735f50" testId="4838ad76-4ce2-fa88-aa80-6e82cd3b4524" testName="ContactService.Tests.Domain.Entities.OutboxEventTests.MarkAsFailed_WithInvalidErrorMessage_ShouldThrowException(errorMessage: null)" computerName="base" duration="00:00:00.0000862" startTime="2025-08-09T20:52:09.0886390+03:00" endTime="2025-08-09T20:52:09.0886540+03:00" testType="13cdc9d9-ddb5-4fa4-a97d-d965ccfc6d4b" outcome="Passed" testListId="8c84fa94-04c1-424b-9868-57a2d4851a1d" relativeResultsDirectory="30bb5027-b686-4897-8e78-62e3e2735f50" />
    <UnitTestResult executionId="a6f5c1a4-0b9f-45a2-b9be-fcbca0dd84dc" testId="8b8bc3b1-8f6b-0437-b174-26839f658552" testName="ContactService.Tests.Repositories.MongoAuditLogRepositoryTests.GetByUserIdAsync_ShouldReturnMatchingLogs" computerName="base" duration="00:00:00.0059879" startTime="2025-08-09T20:52:09.1871730+03:00" endTime="2025-08-09T20:52:09.1931220+03:00" testType="13cdc9d9-ddb5-4fa4-a97d-d965ccfc6d4b" outcome="Passed" testListId="8c84fa94-04c1-424b-9868-57a2d4851a1d" relativeResultsDirectory="a6f5c1a4-0b9f-45a2-b9be-fcbca0dd84dc" />
    <UnitTestResult executionId="497cca0f-9720-4d76-93b1-18c7ff508490" testId="6e21d2bf-8d35-7a36-d83b-8e64f6771f65" testName="ContactService.Tests.Repositories.InterfaceAuditLogRepositoryTests.GetByCorrelationIdAsync_ShouldReturnMatchingLogs" computerName="base" duration="00:00:00.0007569" startTime="2025-08-09T20:52:09.1297420+03:00" endTime="2025-08-09T20:52:09.1303140+03:00" testType="13cdc9d9-ddb5-4fa4-a97d-d965ccfc6d4b" outcome="Passed" testListId="8c84fa94-04c1-424b-9868-57a2d4851a1d" relativeResultsDirectory="497cca0f-9720-4d76-93b1-18c7ff508490" />
    <UnitTestResult executionId="82aaea60-e5a9-40af-a0b1-9e2c7740258d" testId="6fc7e0c9-240c-fdb8-dd16-d4d06d6c2f87" testName="ContactService.Tests.Services.ContactServiceTestsFixed.GetAllContactsAsync_ShouldReturnAllContacts" computerName="base" duration="00:00:00.0267008" startTime="2025-08-09T20:52:09.0960590+03:00" endTime="2025-08-09T20:52:09.1227990+03:00" testType="13cdc9d9-ddb5-4fa4-a97d-d965ccfc6d4b" outcome="Passed" testListId="8c84fa94-04c1-424b-9868-57a2d4851a1d" relativeResultsDirectory="82aaea60-e5a9-40af-a0b1-9e2c7740258d" />
    <UnitTestResult executionId="e953f718-4ed9-4525-8239-0b9c96ef7f79" testId="40bb4622-eba1-e17f-37e8-b068c30759c6" testName="ContactService.Tests.Domain.Entities.ContactInfoTests.ContactInfo_Creation_With_Email_Should_Validate_Format" computerName="base" duration="00:00:00.0006233" startTime="2025-08-09T20:52:09.0742450+03:00" endTime="2025-08-09T20:52:09.0742690+03:00" testType="13cdc9d9-ddb5-4fa4-a97d-d965ccfc6d4b" outcome="Passed" testListId="8c84fa94-04c1-424b-9868-57a2d4851a1d" relativeResultsDirectory="e953f718-4ed9-4525-8239-0b9c96ef7f79" />
    <UnitTestResult executionId="c5ef20dc-6639-4085-ab09-704b9613f377" testId="5929097d-0168-9fb2-e4c1-2c2e4d4a6d0d" testName="ContactService.Tests.Services.OutboxServiceTests.ProcessPendingEventsAsync_ShouldUseCorrectTopicForEventType(eventType: &quot;NotificationSent&quot;, expectedTopic: &quot;notification-events&quot;)" computerName="base" duration="00:00:00.0004647" startTime="2025-08-09T20:52:09.1109130+03:00" endTime="2025-08-09T20:52:09.1113430+03:00" testType="13cdc9d9-ddb5-4fa4-a97d-d965ccfc6d4b" outcome="Passed" testListId="8c84fa94-04c1-424b-9868-57a2d4851a1d" relativeResultsDirectory="c5ef20dc-6639-4085-ab09-704b9613f377" />
    <UnitTestResult executionId="2ed3d2a7-2bf1-47a3-b161-5500e564a2ae" testId="da7ed9c8-00b9-c6f7-075f-2cf1b95e31b2" testName="ContactService.Tests.Domain.Entities.ContactTests.AddContactInfo_Should_Add_Info_To_Collection" computerName="base" duration="00:00:00.0004177" startTime="2025-08-09T20:52:09.0821520+03:00" endTime="2025-08-09T20:52:09.0821680+03:00" testType="13cdc9d9-ddb5-4fa4-a97d-d965ccfc6d4b" outcome="Passed" testListId="8c84fa94-04c1-424b-9868-57a2d4851a1d" relativeResultsDirectory="2ed3d2a7-2bf1-47a3-b161-5500e564a2ae" />
    <UnitTestResult executionId="0e4ca730-88f6-486c-aeae-e4cd2c770d3f" testId="d03dd252-f28b-090c-b3e6-19aeb387f0b4" testName="ContactService.Tests.Repositories.AuditLogRepositoryStatisticsTests.GetActionStatisticsAsync_WithNullParameters_ShouldReturnAllActionStats" computerName="base" duration="00:00:00.0042333" startTime="2025-08-09T20:52:09.0909000+03:00" endTime="2025-08-09T20:52:09.0951590+03:00" testType="13cdc9d9-ddb5-4fa4-a97d-d965ccfc6d4b" outcome="Passed" testListId="8c84fa94-04c1-424b-9868-57a2d4851a1d" relativeResultsDirectory="0e4ca730-88f6-486c-aeae-e4cd2c770d3f" />
    <UnitTestResult executionId="6ef9c5e1-74a2-4dc4-b10c-7e11e09444fe" testId="215612ba-9343-bd64-5eec-1346e1f27eb9" testName="ContactService.Tests.Repositories.InterfaceAuditLogRepositoryTests.CreateAsync_ShouldReturnCreatedAuditLog" computerName="base" duration="00:00:00.0015064" startTime="2025-08-09T20:52:09.1258500+03:00" endTime="2025-08-09T20:52:09.1266500+03:00" testType="13cdc9d9-ddb5-4fa4-a97d-d965ccfc6d4b" outcome="Passed" testListId="8c84fa94-04c1-424b-9868-57a2d4851a1d" relativeResultsDirectory="6ef9c5e1-74a2-4dc4-b10c-7e11e09444fe" />
    <UnitTestResult executionId="dd155846-1f0a-4b36-ad80-c3d2b6c537f8" testId="54f6c0a3-f2f8-514e-a682-001deeead796" testName="ContactService.Tests.Services.ContactServiceApplicationTests.GetAllContactsAsync_ReturnsPagedResult" computerName="base" duration="00:00:00.0036918" startTime="2025-08-09T20:52:09.0937610+03:00" endTime="2025-08-09T20:52:09.0974060+03:00" testType="13cdc9d9-ddb5-4fa4-a97d-d965ccfc6d4b" outcome="Passed" testListId="8c84fa94-04c1-424b-9868-57a2d4851a1d" relativeResultsDirectory="dd155846-1f0a-4b36-ad80-c3d2b6c537f8" />
    <UnitTestResult executionId="e0abc036-502f-417e-82a1-b0d6bb32b3d0" testId="fae52134-2b1f-9088-26f6-75e67d93c970" testName="ContactService.Tests.Services.CorrelationContextTests.CorrelationId_WhenInResponseHeaderOnly_ShouldReturnValueFromResponseHeader" computerName="base" duration="00:00:00.0000961" startTime="2025-08-09T20:52:09.0881330+03:00" endTime="2025-08-09T20:52:09.0881500+03:00" testType="13cdc9d9-ddb5-4fa4-a97d-d965ccfc6d4b" outcome="Passed" testListId="8c84fa94-04c1-424b-9868-57a2d4851a1d" relativeResultsDirectory="e0abc036-502f-417e-82a1-b0d6bb32b3d0" />
    <UnitTestResult executionId="978d2c89-af9d-47ee-9b36-90e4e72b30ae" testId="880cee52-ae38-bddf-dc0a-6e3ba26ffaf3" testName="ContactService.Tests.Repositories.OutboxRepositoryTests.GetByIdAsync_WhenEventExists_ShouldReturnEvent" computerName="base" duration="00:00:00.0154380" startTime="2025-08-09T20:52:09.3509770+03:00" endTime="2025-08-09T20:52:09.3664040+03:00" testType="13cdc9d9-ddb5-4fa4-a97d-d965ccfc6d4b" outcome="Passed" testListId="8c84fa94-04c1-424b-9868-57a2d4851a1d" relativeResultsDirectory="978d2c89-af9d-47ee-9b36-90e4e72b30ae" />
    <UnitTestResult executionId="c22b26d2-bfdd-4ce3-8ba3-51fb88758c2d" testId="c09b5bac-97e2-69a6-71fa-5538f74cad0e" testName="ContactService.Tests.Services.CachedContactServiceTests.GetContactByIdAsync_WhenCached_ShouldReturnFromCache" computerName="base" duration="00:00:00.0244865" startTime="2025-08-09T20:52:09.0791300+03:00" endTime="2025-08-09T20:52:09.0978160+03:00" testType="13cdc9d9-ddb5-4fa4-a97d-d965ccfc6d4b" outcome="Passed" testListId="8c84fa94-04c1-424b-9868-57a2d4851a1d" relativeResultsDirectory="c22b26d2-bfdd-4ce3-8ba3-51fb88758c2d" />
    <UnitTestResult executionId="0a032935-7973-44a1-a75c-9678e912ae4a" testId="5ad82194-3594-768d-1d2b-f70885918fed" testName="ContactService.Tests.Workers.OutboxProcessorWorkerTests.ExecuteAsync_ShouldPerformPeriodicCleanup_WhenCleanupIntervalPassed" computerName="base" duration="00:00:00.3024887" startTime="2025-08-09T20:52:09.5086900+03:00" endTime="2025-08-09T20:52:09.8113010+03:00" testType="13cdc9d9-ddb5-4fa4-a97d-d965ccfc6d4b" outcome="Passed" testListId="8c84fa94-04c1-424b-9868-57a2d4851a1d" relativeResultsDirectory="0a032935-7973-44a1-a75c-9678e912ae4a" />
    <UnitTestResult executionId="e85d20c9-9621-4ccf-b7c7-0b410d1c3be4" testId="1ddef138-b809-e014-008f-ca82adf06c8d" testName="ContactService.Tests.Repositories.ContactHistoryRepositoryTests.GetByIdAsync_WhenHistoryDoesNotExist_ShouldReturnNull" computerName="base" duration="00:00:00.0003082" startTime="2025-08-09T20:52:09.4214740+03:00" endTime="2025-08-09T20:52:09.4217600+03:00" testType="13cdc9d9-ddb5-4fa4-a97d-d965ccfc6d4b" outcome="Passed" testListId="8c84fa94-04c1-424b-9868-57a2d4851a1d" relativeResultsDirectory="e85d20c9-9621-4ccf-b7c7-0b410d1c3be4" />
    <UnitTestResult executionId="40c95277-29f2-4963-be29-f7a9bada8121" testId="5b70870a-4044-8f36-8484-a148325bc901" testName="ContactService.Tests.Repositories.ContactHistoryRepositoryTests.GetAllAsync_WithInvalidParameters_ShouldThrowArgumentException(skip: 0, take: 0)" computerName="base" duration="00:00:00.0002996" startTime="2025-08-09T20:52:09.4177590+03:00" endTime="2025-08-09T20:52:09.4180290+03:00" testType="13cdc9d9-ddb5-4fa4-a97d-d965ccfc6d4b" outcome="Passed" testListId="8c84fa94-04c1-424b-9868-57a2d4851a1d" relativeResultsDirectory="40c95277-29f2-4963-be29-f7a9bada8121" />
    <UnitTestResult executionId="0529c3e1-26df-46d3-a8ee-efcf7bbb59c1" testId="8dd9aa31-5523-1047-66ae-9f4c2c842812" testName="ContactService.Tests.Workers.OutboxProcessorWorkerTests.ExecuteAsync_ShouldContinueProcessing_AfterTransientError" computerName="base" duration="00:00:00.2029913" startTime="2025-08-09T20:52:09.8114740+03:00" endTime="2025-08-09T20:52:10.0146130+03:00" testType="13cdc9d9-ddb5-4fa4-a97d-d965ccfc6d4b" outcome="Passed" testListId="8c84fa94-04c1-424b-9868-57a2d4851a1d" relativeResultsDirectory="0529c3e1-26df-46d3-a8ee-efcf7bbb59c1" />
  </Results>
  <TestDefinitions>
    <UnitTest name="ContactService.Tests.Domain.Entities.OutboxEventTests.ResetForRetry_WhenCannotRetry_ShouldThrowException" storage="/users/r00t/projects/phonebookapp/contactservice.tests/bin/debug/net9.0/contactservice.tests.dll" id="5ccace46-0f74-b6d1-7237-e04c8c13a0ce">
      <Execution id="580fdfa1-7478-4556-b5ec-4045d16ed364" />
      <TestMethod codeBase="/Users/r00t/Projects/PhoneBookApp/ContactService.Tests/bin/Debug/net9.0/ContactService.Tests.dll" adapterTypeName="executor://xunit/VsTestRunner3/netcore/" className="ContactService.Tests.Domain.Entities.OutboxEventTests" name="ResetForRetry_WhenCannotRetry_ShouldThrowException" />
    </UnitTest>
    <UnitTest name="ContactService.Tests.Repositories.MongoAuditLogRepositoryTests.GetByServiceAsync_ShouldReturnMatchingLogs" storage="/users/r00t/projects/phonebookapp/contactservice.tests/bin/debug/net9.0/contactservice.tests.dll" id="7b1a0e55-ebf1-ac80-0df9-765bdf08c16d">
      <Execution id="669cca85-f5a9-4bcb-bd74-f278a4c3a686" />
      <TestMethod codeBase="/Users/r00t/Projects/PhoneBookApp/ContactService.Tests/bin/Debug/net9.0/ContactService.Tests.dll" adapterTypeName="executor://xunit/VsTestRunner3/netcore/" className="ContactService.Tests.Repositories.MongoAuditLogRepositoryTests" name="GetByServiceAsync_ShouldReturnMatchingLogs" />
    </UnitTest>
    <UnitTest name="ContactService.Tests.Behaviors.CorrelationIdBehaviorTests.Handle_ShouldPropagateCorrelationIdToLogScope" storage="/users/r00t/projects/phonebookapp/contactservice.tests/bin/debug/net9.0/contactservice.tests.dll" id="303469c6-38ab-ed9d-3288-178e4263a70a">
      <Execution id="07da3ce5-94c9-4b58-a00f-e8acadfb48c4" />
      <TestMethod codeBase="/Users/r00t/Projects/PhoneBookApp/ContactService.Tests/bin/Debug/net9.0/ContactService.Tests.dll" adapterTypeName="executor://xunit/VsTestRunner3/netcore/" className="ContactService.Tests.Behaviors.CorrelationIdBehaviorTests" name="Handle_ShouldPropagateCorrelationIdToLogScope" />
    </UnitTest>
    <UnitTest name="ContactService.Tests.Repositories.OutboxRepositoryTests.DeleteProcessedEventsAsync_ShouldRemoveOldProcessedEvents" storage="/users/r00t/projects/phonebookapp/contactservice.tests/bin/debug/net9.0/contactservice.tests.dll" id="a8dd3c80-baec-5569-e032-562c61405c66">
      <Execution id="0ded9f20-719c-4cfa-8f44-708d5ba63be5" />
      <TestMethod codeBase="/Users/r00t/Projects/PhoneBookApp/ContactService.Tests/bin/Debug/net9.0/ContactService.Tests.dll" adapterTypeName="executor://xunit/VsTestRunner3/netcore/" className="ContactService.Tests.Repositories.OutboxRepositoryTests" name="DeleteProcessedEventsAsync_ShouldRemoveOldProcessedEvents" />
    </UnitTest>
    <UnitTest name="ContactService.Tests.Repositories.ContactHistoryRepositoryTests.ExistsAsync_WhenHistoryDoesNotExist_ShouldReturnFalse" storage="/users/r00t/projects/phonebookapp/contactservice.tests/bin/debug/net9.0/contactservice.tests.dll" id="f6d2978e-dae0-7de4-d089-9d3548c89767">
      <Execution id="7443a1bf-24d9-4007-a2e3-44bfc053650b" />
      <TestMethod codeBase="/Users/r00t/Projects/PhoneBookApp/ContactService.Tests/bin/Debug/net9.0/ContactService.Tests.dll" adapterTypeName="executor://xunit/VsTestRunner3/netcore/" className="ContactService.Tests.Repositories.ContactHistoryRepositoryTests" name="ExistsAsync_WhenHistoryDoesNotExist_ShouldReturnFalse" />
    </UnitTest>
    <UnitTest name="ContactService.Tests.Behaviors.ValidationBehaviorTests.Handle_WhenValidationPasses_ShouldProceedWithRequest" storage="/users/r00t/projects/phonebookapp/contactservice.tests/bin/debug/net9.0/contactservice.tests.dll" id="186e0ae0-54bb-b584-d5f3-d4b81fe8b789">
      <Execution id="c7d46c44-4180-44bf-bdfc-e483eae64745" />
      <TestMethod codeBase="/Users/r00t/Projects/PhoneBookApp/ContactService.Tests/bin/Debug/net9.0/ContactService.Tests.dll" adapterTypeName="executor://xunit/VsTestRunner3/netcore/" className="ContactService.Tests.Behaviors.ValidationBehaviorTests" name="Handle_WhenValidationPasses_ShouldProceedWithRequest" />
    </UnitTest>
    <UnitTest name="ContactService.Tests.Services.ContactServiceMainTestsFixed.GetAllContactsAsync_ShouldReturnContacts_WhenContactsExist" storage="/users/r00t/projects/phonebookapp/contactservice.tests/bin/debug/net9.0/contactservice.tests.dll" id="ec02fbb4-d590-b6b0-27ca-a9b5c98b723e">
      <Execution id="b6bfbc6d-7edb-4cf3-a822-c7049112b4e2" />
      <TestMethod codeBase="/Users/r00t/Projects/PhoneBookApp/ContactService.Tests/bin/Debug/net9.0/ContactService.Tests.dll" adapterTypeName="executor://xunit/VsTestRunner3/netcore/" className="ContactService.Tests.Services.ContactServiceMainTestsFixed" name="GetAllContactsAsync_ShouldReturnContacts_WhenContactsExist" />
    </UnitTest>
    <UnitTest name="ContactService.Tests.Repositories.AuditLogRepositoryStatisticsTests.GetActionStatisticsAsync_ShouldReturnActionCounts" storage="/users/r00t/projects/phonebookapp/contactservice.tests/bin/debug/net9.0/contactservice.tests.dll" id="845261f0-e98d-a9b8-413e-9d417cff7f7d">
      <Execution id="67ba620a-665c-4da0-b371-be396c9bc349" />
      <TestMethod codeBase="/Users/r00t/Projects/PhoneBookApp/ContactService.Tests/bin/Debug/net9.0/ContactService.Tests.dll" adapterTypeName="executor://xunit/VsTestRunner3/netcore/" className="ContactService.Tests.Repositories.AuditLogRepositoryStatisticsTests" name="GetActionStatisticsAsync_ShouldReturnActionCounts" />
    </UnitTest>
    <UnitTest name="ContactService.Tests.Behaviors.CorrelationIdBehaviorTests.Handle_WithNullCorrelationId_ShouldStillProceed" storage="/users/r00t/projects/phonebookapp/contactservice.tests/bin/debug/net9.0/contactservice.tests.dll" id="c265e0ad-d94e-42fe-4e3b-d91e4cefddef">
      <Execution id="8690506d-2f8f-461c-8460-07c00b30fe9f" />
      <TestMethod codeBase="/Users/r00t/Projects/PhoneBookApp/ContactService.Tests/bin/Debug/net9.0/ContactService.Tests.dll" adapterTypeName="executor://xunit/VsTestRunner3/netcore/" className="ContactService.Tests.Behaviors.CorrelationIdBehaviorTests" name="Handle_WithNullCorrelationId_ShouldStillProceed" />
    </UnitTest>
    <UnitTest name="ContactService.Tests.Domain.Entities.ContactInfoTests.ContactInfo_Creation_Should_Set_Properties_Correctly" storage="/users/r00t/projects/phonebookapp/contactservice.tests/bin/debug/net9.0/contactservice.tests.dll" id="564c5037-65a1-7599-1569-b6c4c9625451">
      <Execution id="e8a7b634-3e8e-4290-a6ee-1856727119cc" />
      <TestMethod codeBase="/Users/r00t/Projects/PhoneBookApp/ContactService.Tests/bin/Debug/net9.0/ContactService.Tests.dll" adapterTypeName="executor://xunit/VsTestRunner3/netcore/" className="ContactService.Tests.Domain.Entities.ContactInfoTests" name="ContactInfo_Creation_Should_Set_Properties_Correctly" />
    </UnitTest>
    <UnitTest name="ContactService.Tests.Repositories.AuditLogRepositoryStatisticsTests.GetActionStatisticsAsync_EmptyResult_ShouldReturnEmptyDictionary" storage="/users/r00t/projects/phonebookapp/contactservice.tests/bin/debug/net9.0/contactservice.tests.dll" id="a4f8bfa9-6cc1-5bf5-36f0-2d9d79a6bf43">
      <Execution id="c8af7d1f-02d2-4fbb-9c6f-add1a8b76166" />
      <TestMethod codeBase="/Users/r00t/Projects/PhoneBookApp/ContactService.Tests/bin/Debug/net9.0/ContactService.Tests.dll" adapterTypeName="executor://xunit/VsTestRunner3/netcore/" className="ContactService.Tests.Repositories.AuditLogRepositoryStatisticsTests" name="GetActionStatisticsAsync_EmptyResult_ShouldReturnEmptyDictionary" />
    </UnitTest>
    <UnitTest name="ContactService.Tests.Repositories.ContactHistoryRepositoryTests.CreateAsync_ShouldAddHistoryToDatabase" storage="/users/r00t/projects/phonebookapp/contactservice.tests/bin/debug/net9.0/contactservice.tests.dll" id="a98941f9-647a-7d94-aa3e-6a0a737d8705">
      <Execution id="5ba81d85-0645-434f-8ae3-1bda32cc6c54" />
      <TestMethod codeBase="/Users/r00t/Projects/PhoneBookApp/ContactService.Tests/bin/Debug/net9.0/ContactService.Tests.dll" adapterTypeName="executor://xunit/VsTestRunner3/netcore/" className="ContactService.Tests.Repositories.ContactHistoryRepositoryTests" name="CreateAsync_ShouldAddHistoryToDatabase" />
    </UnitTest>
    <UnitTest name="ContactService.Tests.Services.ContactServiceAddContactInfoTests.AddContactInfoAsync_WithLocationInfo_ShouldAddLocationContactInfo" storage="/users/r00t/projects/phonebookapp/contactservice.tests/bin/debug/net9.0/contactservice.tests.dll" id="aa0f0ade-30f6-ce3c-0d3a-b05184cc7d19">
      <Execution id="b5d526a0-1b46-4dc0-a43e-2b5a9a87117c" />
      <TestMethod codeBase="/Users/r00t/Projects/PhoneBookApp/ContactService.Tests/bin/Debug/net9.0/ContactService.Tests.dll" adapterTypeName="executor://xunit/VsTestRunner3/netcore/" className="ContactService.Tests.Services.ContactServiceAddContactInfoTests" name="AddContactInfoAsync_WithLocationInfo_ShouldAddLocationContactInfo" />
    </UnitTest>
    <UnitTest name="ContactService.Tests.Services.OutboxServiceTests.ProcessPendingEventsAsync_ShouldUseCorrectTopicForEventType(eventType: &quot;ContactCreated&quot;, expectedTopic: &quot;contact-events&quot;)" storage="/users/r00t/projects/phonebookapp/contactservice.tests/bin/debug/net9.0/contactservice.tests.dll" id="590a02c1-90e8-4289-2822-89e1e1d08adf">
      <Execution id="2892a761-9dd2-45b8-b067-a68e04ea329a" />
      <TestMethod codeBase="/Users/r00t/Projects/PhoneBookApp/ContactService.Tests/bin/Debug/net9.0/ContactService.Tests.dll" adapterTypeName="executor://xunit/VsTestRunner3/netcore/" className="ContactService.Tests.Services.OutboxServiceTests" name="ProcessPendingEventsAsync_ShouldUseCorrectTopicForEventType" />
    </UnitTest>
    <UnitTest name="ContactService.Tests.Services.ContactServiceTestsFixed.UpdateContactAsync_WithValidData_ShouldUpdateContact" storage="/users/r00t/projects/phonebookapp/contactservice.tests/bin/debug/net9.0/contactservice.tests.dll" id="dbe292bc-3a80-0e4c-f6be-328bcc89dd40">
      <Execution id="843a7672-1020-4d41-9853-bf788388294c" />
      <TestMethod codeBase="/Users/r00t/Projects/PhoneBookApp/ContactService.Tests/bin/Debug/net9.0/ContactService.Tests.dll" adapterTypeName="executor://xunit/VsTestRunner3/netcore/" className="ContactService.Tests.Services.ContactServiceTestsFixed" name="UpdateContactAsync_WithValidData_ShouldUpdateContact" />
    </UnitTest>
    <UnitTest name="ContactService.Tests.Domain.Entities.OutboxEventTests.Constructor_WithInvalidCorrelationId_ShouldThrowException(correlationId: &quot;  &quot;)" storage="/users/r00t/projects/phonebookapp/contactservice.tests/bin/debug/net9.0/contactservice.tests.dll" id="72500727-27e7-6ae3-a846-6658170429c8">
      <Execution id="fdb25182-5233-4d81-9edd-9537bf1ca966" />
      <TestMethod codeBase="/Users/r00t/Projects/PhoneBookApp/ContactService.Tests/bin/Debug/net9.0/ContactService.Tests.dll" adapterTypeName="executor://xunit/VsTestRunner3/netcore/" className="ContactService.Tests.Domain.Entities.OutboxEventTests" name="Constructor_WithInvalidCorrelationId_ShouldThrowException" />
    </UnitTest>
    <UnitTest name="ContactService.Tests.Repositories.ContactHistoryRepositoryTests.GetContactHistoryForReplayAsync_ShouldReturnOrderedHistory" storage="/users/r00t/projects/phonebookapp/contactservice.tests/bin/debug/net9.0/contactservice.tests.dll" id="6b9bfd0c-67c8-c0c3-9649-9c290a5b6a5a">
      <Execution id="b1374433-4d74-473d-8a4f-d6e3a9e28f8e" />
      <TestMethod codeBase="/Users/r00t/Projects/PhoneBookApp/ContactService.Tests/bin/Debug/net9.0/ContactService.Tests.dll" adapterTypeName="executor://xunit/VsTestRunner3/netcore/" className="ContactService.Tests.Repositories.ContactHistoryRepositoryTests" name="GetContactHistoryForReplayAsync_ShouldReturnOrderedHistory" />
    </UnitTest>
    <UnitTest name="ContactService.Tests.Repositories.InterfaceAuditLogRepositoryTests.SearchAsync_ShouldReturnFilteredResults" storage="/users/r00t/projects/phonebookapp/contactservice.tests/bin/debug/net9.0/contactservice.tests.dll" id="405f40d7-9561-3309-8bfa-837cee093906">
      <Execution id="67a4676a-fbac-4da7-8546-32d357932f41" />
      <TestMethod codeBase="/Users/r00t/Projects/PhoneBookApp/ContactService.Tests/bin/Debug/net9.0/ContactService.Tests.dll" adapterTypeName="executor://xunit/VsTestRunner3/netcore/" className="ContactService.Tests.Repositories.InterfaceAuditLogRepositoryTests" name="SearchAsync_ShouldReturnFilteredResults" />
    </UnitTest>
    <UnitTest name="ContactService.Tests.Workers.OutboxProcessorWorkerTests.ExecuteAsync_ShouldContinueProcessing_AfterTransientError" storage="/users/r00t/projects/phonebookapp/contactservice.tests/bin/debug/net9.0/contactservice.tests.dll" id="8dd9aa31-5523-1047-66ae-9f4c2c842812">
      <Execution id="0529c3e1-26df-46d3-a8ee-efcf7bbb59c1" />
      <TestMethod codeBase="/Users/r00t/Projects/PhoneBookApp/ContactService.Tests/bin/Debug/net9.0/ContactService.Tests.dll" adapterTypeName="executor://xunit/VsTestRunner3/netcore/" className="ContactService.Tests.Workers.OutboxProcessorWorkerTests" name="ExecuteAsync_ShouldContinueProcessing_AfterTransientError" />
    </UnitTest>
    <UnitTest name="ContactService.Tests.Repositories.OutboxRepositoryTests.UpdateAsync_ShouldUpdateEventInDatabase" storage="/users/r00t/projects/phonebookapp/contactservice.tests/bin/debug/net9.0/contactservice.tests.dll" id="971f74ca-45cd-bbdc-49ea-21ff7eee9175">
      <Execution id="0fb119cf-cf21-4aa1-88bd-a1a952979c46" />
      <TestMethod codeBase="/Users/r00t/Projects/PhoneBookApp/ContactService.Tests/bin/Debug/net9.0/ContactService.Tests.dll" adapterTypeName="executor://xunit/VsTestRunner3/netcore/" className="ContactService.Tests.Repositories.OutboxRepositoryTests" name="UpdateAsync_ShouldUpdateEventInDatabase" />
    </UnitTest>
    <UnitTest name="ContactService.Tests.Repositories.ContactHistoryRepositoryTests.GetByIdAsync_WhenHistoryExists_ShouldReturnHistory" storage="/users/r00t/projects/phonebookapp/contactservice.tests/bin/debug/net9.0/contactservice.tests.dll" id="f6cc4de9-bc93-ddd1-2691-512c66bfa34f">
      <Execution id="12b675db-7875-4433-a8e9-4f1b4a5af123" />
      <TestMethod codeBase="/Users/r00t/Projects/PhoneBookApp/ContactService.Tests/bin/Debug/net9.0/ContactService.Tests.dll" adapterTypeName="executor://xunit/VsTestRunner3/netcore/" className="ContactService.Tests.Repositories.ContactHistoryRepositoryTests" name="GetByIdAsync_WhenHistoryExists_ShouldReturnHistory" />
    </UnitTest>
    <UnitTest name="ContactService.Tests.Domain.Entities.ContactTests.AddContactInfo_Should_Throw_Exception_When_Invalid_Content(infoType: EmailAddress, content: &quot;invalid-email&quot;)" storage="/users/r00t/projects/phonebookapp/contactservice.tests/bin/debug/net9.0/contactservice.tests.dll" id="de9a4fde-3700-801f-3fd1-721a68b10663">
      <Execution id="d3b36df0-b3ae-4cc8-a3f8-d477de87dd9e" />
      <TestMethod codeBase="/Users/r00t/Projects/PhoneBookApp/ContactService.Tests/bin/Debug/net9.0/ContactService.Tests.dll" adapterTypeName="executor://xunit/VsTestRunner3/netcore/" className="ContactService.Tests.Domain.Entities.ContactTests" name="AddContactInfo_Should_Throw_Exception_When_Invalid_Content" />
    </UnitTest>
    <UnitTest name="ContactService.Tests.Repositories.MongoAuditLogRepositoryStatisticsTests.GetStatisticsAsync_ShouldReturnServiceStatistics" storage="/users/r00t/projects/phonebookapp/contactservice.tests/bin/debug/net9.0/contactservice.tests.dll" id="8bf11057-d034-46e9-c31f-3379f9cc18ac">
      <Execution id="5b32d589-1b58-4e6d-9099-d51260d0ca40" />
      <TestMethod codeBase="/Users/r00t/Projects/PhoneBookApp/ContactService.Tests/bin/Debug/net9.0/ContactService.Tests.dll" adapterTypeName="executor://xunit/VsTestRunner3/netcore/" className="ContactService.Tests.Repositories.MongoAuditLogRepositoryStatisticsTests" name="GetStatisticsAsync_ShouldReturnServiceStatistics" />
    </UnitTest>
    <UnitTest name="ContactService.Tests.Domain.Entities.ContactTests.Contact_Creation_Should_Throw_Exception_When_Invalid_Name(firstName: &quot;John&quot;, lastName: &quot; &quot;, company: &quot;ACME&quot;)" storage="/users/r00t/projects/phonebookapp/contactservice.tests/bin/debug/net9.0/contactservice.tests.dll" id="03d2df7b-7fd5-d4ef-8c80-9c4e08c34591">
      <Execution id="1fadfb24-6d2e-449f-961b-03ef20cd453e" />
      <TestMethod codeBase="/Users/r00t/Projects/PhoneBookApp/ContactService.Tests/bin/Debug/net9.0/ContactService.Tests.dll" adapterTypeName="executor://xunit/VsTestRunner3/netcore/" className="ContactService.Tests.Domain.Entities.ContactTests" name="Contact_Creation_Should_Throw_Exception_When_Invalid_Name" />
    </UnitTest>
    <UnitTest name="ContactService.Tests.Domain.Entities.ContactHistoryTests.GetAdditionalMetadata_WithValidData_ShouldDeserializeCorrectly" storage="/users/r00t/projects/phonebookapp/contactservice.tests/bin/debug/net9.0/contactservice.tests.dll" id="c1535f5e-9821-2318-5e4b-fc0d5c6dc1b7">
      <Execution id="9324369c-d9a4-42dd-999f-3ddd06bad6c5" />
      <TestMethod codeBase="/Users/r00t/Projects/PhoneBookApp/ContactService.Tests/bin/Debug/net9.0/ContactService.Tests.dll" adapterTypeName="executor://xunit/VsTestRunner3/netcore/" className="ContactService.Tests.Domain.Entities.ContactHistoryTests" name="GetAdditionalMetadata_WithValidData_ShouldDeserializeCorrectly" />
    </UnitTest>
    <UnitTest name="ContactService.Tests.Validations.CreateContactCommandValidatorTests.Validate_EmptyOrNullName_ShouldFailValidation(name: &quot;&quot;)" storage="/users/r00t/projects/phonebookapp/contactservice.tests/bin/debug/net9.0/contactservice.tests.dll" id="e21c7a63-6890-2b93-a955-ffd8ea432639">
      <Execution id="5c57ce25-eb1d-4687-beeb-085125296251" />
      <TestMethod codeBase="/Users/r00t/Projects/PhoneBookApp/ContactService.Tests/bin/Debug/net9.0/ContactService.Tests.dll" adapterTypeName="executor://xunit/VsTestRunner3/netcore/" className="ContactService.Tests.Validations.CreateContactCommandValidatorTests" name="Validate_EmptyOrNullName_ShouldFailValidation" />
    </UnitTest>
    <UnitTest name="ContactService.Tests.Repositories.InterfaceAuditLogRepositoryTests.GetTotalCountAsync_ShouldReturnCount" storage="/users/r00t/projects/phonebookapp/contactservice.tests/bin/debug/net9.0/contactservice.tests.dll" id="20515b5d-e30f-5458-7e3f-a5a075cba14a">
      <Execution id="5455a138-2271-477e-819f-1587b69f7561" />
      <TestMethod codeBase="/Users/r00t/Projects/PhoneBookApp/ContactService.Tests/bin/Debug/net9.0/ContactService.Tests.dll" adapterTypeName="executor://xunit/VsTestRunner3/netcore/" className="ContactService.Tests.Repositories.InterfaceAuditLogRepositoryTests" name="GetTotalCountAsync_ShouldReturnCount" />
    </UnitTest>
    <UnitTest name="ContactService.Tests.Services.ContactServiceTestsFixed.CreateContactAsync_WithValidData_ShouldCreateContact" storage="/users/r00t/projects/phonebookapp/contactservice.tests/bin/debug/net9.0/contactservice.tests.dll" id="636c8e1b-2921-90bc-df3a-d04e31cba999">
      <Execution id="d52dfc64-6afc-4889-9e57-1039dbe77cd4" />
      <TestMethod codeBase="/Users/r00t/Projects/PhoneBookApp/ContactService.Tests/bin/Debug/net9.0/ContactService.Tests.dll" adapterTypeName="executor://xunit/VsTestRunner3/netcore/" className="ContactService.Tests.Services.ContactServiceTestsFixed" name="CreateContactAsync_WithValidData_ShouldCreateContact" />
    </UnitTest>
    <UnitTest name="ContactService.Tests.Services.CorrelationContextTests.CorrelationId_WhenNoHeaderExists_ShouldReturnNull" storage="/users/r00t/projects/phonebookapp/contactservice.tests/bin/debug/net9.0/contactservice.tests.dll" id="29e293e4-ac61-bb95-9df4-4a03b1c70d7f">
      <Execution id="925450f7-0eae-4f68-9395-83301a355281" />
      <TestMethod codeBase="/Users/r00t/Projects/PhoneBookApp/ContactService.Tests/bin/Debug/net9.0/ContactService.Tests.dll" adapterTypeName="executor://xunit/VsTestRunner3/netcore/" className="ContactService.Tests.Services.CorrelationContextTests" name="CorrelationId_WhenNoHeaderExists_ShouldReturnNull" />
    </UnitTest>
    <UnitTest name="ContactService.Tests.Services.ContactServiceMainTests.RemoveContactInfoAsync_WhenContactAndInfoExist_ShouldRemoveInfoAndReturnTrue" storage="/users/r00t/projects/phonebookapp/contactservice.tests/bin/debug/net9.0/contactservice.tests.dll" id="3f5bb582-9511-2ba7-2a49-ea1bd623604c">
      <Execution id="37c34e8f-121a-44a4-b9ea-d982ac53c9ff" />
      <TestMethod codeBase="/Users/r00t/Projects/PhoneBookApp/ContactService.Tests/bin/Debug/net9.0/ContactService.Tests.dll" adapterTypeName="executor://xunit/VsTestRunner3/netcore/" className="ContactService.Tests.Services.ContactServiceMainTests" name="RemoveContactInfoAsync_WhenContactAndInfoExist_ShouldRemoveInfoAndReturnTrue" />
    </UnitTest>
    <UnitTest name="ContactService.Tests.Services.ContactServiceApplicationTests.CreateContactAsync_ValidInput_ReturnsContact" storage="/users/r00t/projects/phonebookapp/contactservice.tests/bin/debug/net9.0/contactservice.tests.dll" id="efa0793d-9ed9-d671-3dc7-bab3d6d8e171">
      <Execution id="7e7c76e7-cae9-4202-9a57-d7b3460daddd" />
      <TestMethod codeBase="/Users/r00t/Projects/PhoneBookApp/ContactService.Tests/bin/Debug/net9.0/ContactService.Tests.dll" adapterTypeName="executor://xunit/VsTestRunner3/netcore/" className="ContactService.Tests.Services.ContactServiceApplicationTests" name="CreateContactAsync_ValidInput_ReturnsContact" />
    </UnitTest>
    <UnitTest name="ContactService.Tests.Repositories.ContactHistoryRepositoryTests.GetAllAsync_WithInvalidParameters_ShouldThrowArgumentException(skip: 0, take: 1001)" storage="/users/r00t/projects/phonebookapp/contactservice.tests/bin/debug/net9.0/contactservice.tests.dll" id="8bbb19ee-ca07-eb9d-20fe-3a2629042ba7">
      <Execution id="920013bb-19fa-4f88-9784-13350054bbd9" />
      <TestMethod codeBase="/Users/r00t/Projects/PhoneBookApp/ContactService.Tests/bin/Debug/net9.0/ContactService.Tests.dll" adapterTypeName="executor://xunit/VsTestRunner3/netcore/" className="ContactService.Tests.Repositories.ContactHistoryRepositoryTests" name="GetAllAsync_WithInvalidParameters_ShouldThrowArgumentException" />
    </UnitTest>
    <UnitTest name="ContactService.Tests.Services.ContactServiceUpdateTests.UpdateContactAsync_WithValidData_ShouldUpdateContactSuccessfully" storage="/users/r00t/projects/phonebookapp/contactservice.tests/bin/debug/net9.0/contactservice.tests.dll" id="b274f1bf-e50c-37c1-bbf0-41f6669ca612">
      <Execution id="898c1a32-5010-4012-988f-ce20e6e95da3" />
      <TestMethod codeBase="/Users/r00t/Projects/PhoneBookApp/ContactService.Tests/bin/Debug/net9.0/ContactService.Tests.dll" adapterTypeName="executor://xunit/VsTestRunner3/netcore/" className="ContactService.Tests.Services.ContactServiceUpdateTests" name="UpdateContactAsync_WithValidData_ShouldUpdateContactSuccessfully" />
    </UnitTest>
    <UnitTest name="ContactService.Tests.Behaviors.CorrelationIdBehaviorTests.Handle_ShouldLogWithCorrelationId" storage="/users/r00t/projects/phonebookapp/contactservice.tests/bin/debug/net9.0/contactservice.tests.dll" id="1be1eef3-dd6b-5c52-1364-42afe525766d">
      <Execution id="ee7375be-cc10-4c55-803c-f8458e02acf8" />
      <TestMethod codeBase="/Users/r00t/Projects/PhoneBookApp/ContactService.Tests/bin/Debug/net9.0/ContactService.Tests.dll" adapterTypeName="executor://xunit/VsTestRunner3/netcore/" className="ContactService.Tests.Behaviors.CorrelationIdBehaviorTests" name="Handle_ShouldLogWithCorrelationId" />
    </UnitTest>
    <UnitTest name="ContactService.Tests.Services.ContactServiceAddContactInfoTests.AddContactInfoAsync_WithNullContent_ShouldThrowArgumentException" storage="/users/r00t/projects/phonebookapp/contactservice.tests/bin/debug/net9.0/contactservice.tests.dll" id="4e4fa4f6-c071-ab44-a927-8c5880bc65fa">
      <Execution id="39c8a6f4-09e3-4d2c-a4c0-d9cd2b2dcd9e" />
      <TestMethod codeBase="/Users/r00t/Projects/PhoneBookApp/ContactService.Tests/bin/Debug/net9.0/ContactService.Tests.dll" adapterTypeName="executor://xunit/VsTestRunner3/netcore/" className="ContactService.Tests.Services.ContactServiceAddContactInfoTests" name="AddContactInfoAsync_WithNullContent_ShouldThrowArgumentException" />
    </UnitTest>
    <UnitTest name="ContactService.Tests.Domain.Entities.ContactHistoryTests.Constructor_WithInvalidOperationType_ShouldThrowException(operationType: &quot;  &quot;)" storage="/users/r00t/projects/phonebookapp/contactservice.tests/bin/debug/net9.0/contactservice.tests.dll" id="21177713-0664-d2f9-4bc9-b96dd1ee3911">
      <Execution id="d5701c7f-dad3-42b8-91b3-d9489847f28a" />
      <TestMethod codeBase="/Users/r00t/Projects/PhoneBookApp/ContactService.Tests/bin/Debug/net9.0/ContactService.Tests.dll" adapterTypeName="executor://xunit/VsTestRunner3/netcore/" className="ContactService.Tests.Domain.Entities.ContactHistoryTests" name="Constructor_WithInvalidOperationType_ShouldThrowException" />
    </UnitTest>
    <UnitTest name="ContactService.Tests.Repositories.OutboxRepositoryTests.GetFailedEventsReadyForRetryAsync_ShouldReturnFailedEventsForRetry" storage="/users/r00t/projects/phonebookapp/contactservice.tests/bin/debug/net9.0/contactservice.tests.dll" id="5374287b-1f7c-c2b3-e154-de5380cc5ee7">
      <Execution id="129894c2-c10e-413d-a015-5f63f9ece1f2" />
      <TestMethod codeBase="/Users/r00t/Projects/PhoneBookApp/ContactService.Tests/bin/Debug/net9.0/ContactService.Tests.dll" adapterTypeName="executor://xunit/VsTestRunner3/netcore/" className="ContactService.Tests.Repositories.OutboxRepositoryTests" name="GetFailedEventsReadyForRetryAsync_ShouldReturnFailedEventsForRetry" />
    </UnitTest>
    <UnitTest name="ContactService.Tests.Services.ContactServiceApplicationTests.AddContactInfoAsync_ValidInput_ReturnsContact" storage="/users/r00t/projects/phonebookapp/contactservice.tests/bin/debug/net9.0/contactservice.tests.dll" id="44514b6a-1308-8b4b-e1cb-35d868791017">
      <Execution id="8ef234fa-1977-44b6-9dcf-62bfa6c4b750" />
      <TestMethod codeBase="/Users/r00t/Projects/PhoneBookApp/ContactService.Tests/bin/Debug/net9.0/ContactService.Tests.dll" adapterTypeName="executor://xunit/VsTestRunner3/netcore/" className="ContactService.Tests.Services.ContactServiceApplicationTests" name="AddContactInfoAsync_ValidInput_ReturnsContact" />
    </UnitTest>
    <UnitTest name="ContactService.Tests.Domain.Entities.OutboxEventTests.MarkAsFailed_WithInvalidErrorMessage_ShouldThrowException(errorMessage: &quot;  &quot;)" storage="/users/r00t/projects/phonebookapp/contactservice.tests/bin/debug/net9.0/contactservice.tests.dll" id="72574eb0-b856-dae8-755b-38faed34615b">
      <Execution id="1cbc80da-1281-46ed-a286-986ccc228646" />
      <TestMethod codeBase="/Users/r00t/Projects/PhoneBookApp/ContactService.Tests/bin/Debug/net9.0/ContactService.Tests.dll" adapterTypeName="executor://xunit/VsTestRunner3/netcore/" className="ContactService.Tests.Domain.Entities.OutboxEventTests" name="MarkAsFailed_WithInvalidErrorMessage_ShouldThrowException" />
    </UnitTest>
    <UnitTest name="ContactService.Tests.Services.CachedContactServiceTests.GetLocationStatistics_WhenCached_ShouldReturnFromCache" storage="/users/r00t/projects/phonebookapp/contactservice.tests/bin/debug/net9.0/contactservice.tests.dll" id="5a3d8493-7c44-ef1a-59d7-15dc693e5f8d">
      <Execution id="68a00021-aa53-4029-8804-f5b4756a1bba" />
      <TestMethod codeBase="/Users/r00t/Projects/PhoneBookApp/ContactService.Tests/bin/Debug/net9.0/ContactService.Tests.dll" adapterTypeName="executor://xunit/VsTestRunner3/netcore/" className="ContactService.Tests.Services.CachedContactServiceTests" name="GetLocationStatistics_WhenCached_ShouldReturnFromCache" />
    </UnitTest>
    <UnitTest name="ContactService.Tests.Repositories.ContactHistoryRepositoryTests.GetAllAsync_WithInvalidParameters_ShouldThrowArgumentException(skip: 0, take: 0)" storage="/users/r00t/projects/phonebookapp/contactservice.tests/bin/debug/net9.0/contactservice.tests.dll" id="5b70870a-4044-8f36-8484-a148325bc901">
      <Execution id="40c95277-29f2-4963-be29-f7a9bada8121" />
      <TestMethod codeBase="/Users/r00t/Projects/PhoneBookApp/ContactService.Tests/bin/Debug/net9.0/ContactService.Tests.dll" adapterTypeName="executor://xunit/VsTestRunner3/netcore/" className="ContactService.Tests.Repositories.ContactHistoryRepositoryTests" name="GetAllAsync_WithInvalidParameters_ShouldThrowArgumentException" />
    </UnitTest>
    <UnitTest name="ContactService.Tests.Repositories.MongoAuditLogRepositoryTests.CreateAsync_WhenExceptionOccurs_ShouldLogAndRethrow" storage="/users/r00t/projects/phonebookapp/contactservice.tests/bin/debug/net9.0/contactservice.tests.dll" id="7de7d957-c48d-4f97-368d-ebbe90064a6b">
      <Execution id="65f5b250-9362-4190-8e2e-8e98f1f2200c" />
      <TestMethod codeBase="/Users/r00t/Projects/PhoneBookApp/ContactService.Tests/bin/Debug/net9.0/ContactService.Tests.dll" adapterTypeName="executor://xunit/VsTestRunner3/netcore/" className="ContactService.Tests.Repositories.MongoAuditLogRepositoryTests" name="CreateAsync_WhenExceptionOccurs_ShouldLogAndRethrow" />
    </UnitTest>
    <UnitTest name="ContactService.Tests.Services.ContactServiceMainTestsFixed.CreateContactAsync_ShouldCreateContact_WhenValidDataProvided" storage="/users/r00t/projects/phonebookapp/contactservice.tests/bin/debug/net9.0/contactservice.tests.dll" id="e687c0c9-e8f5-210d-6629-c1db0675e79a">
      <Execution id="85349439-e2e3-4662-bac2-b5521c557256" />
      <TestMethod codeBase="/Users/r00t/Projects/PhoneBookApp/ContactService.Tests/bin/Debug/net9.0/ContactService.Tests.dll" adapterTypeName="executor://xunit/VsTestRunner3/netcore/" className="ContactService.Tests.Services.ContactServiceMainTestsFixed" name="CreateContactAsync_ShouldCreateContact_WhenValidDataProvided" />
    </UnitTest>
    <UnitTest name="ContactService.Tests.Controllers.ContactsControllerTests.GetContactById_WhenContactExists_ReturnsOkResult" storage="/users/r00t/projects/phonebookapp/contactservice.tests/bin/debug/net9.0/contactservice.tests.dll" id="c67f170d-f20c-043f-8f1f-955be167348a">
      <Execution id="d79c664f-5cb1-42cf-9a01-dc6e5c744476" />
      <TestMethod codeBase="/Users/r00t/Projects/PhoneBookApp/ContactService.Tests/bin/Debug/net9.0/ContactService.Tests.dll" adapterTypeName="executor://xunit/VsTestRunner3/netcore/" className="ContactService.Tests.Controllers.ContactsControllerTests" name="GetContactById_WhenContactExists_ReturnsOkResult" />
    </UnitTest>
    <UnitTest name="ContactService.Tests.Repositories.MongoAuditLogRepositoryTests.GetStatisticsAsync_ShouldReturnStatistics" storage="/users/r00t/projects/phonebookapp/contactservice.tests/bin/debug/net9.0/contactservice.tests.dll" id="785c5a05-d1a4-775f-7667-0fb40096a903">
      <Execution id="7ec55f77-165a-4656-9ec4-1fc057300a49" />
      <TestMethod codeBase="/Users/r00t/Projects/PhoneBookApp/ContactService.Tests/bin/Debug/net9.0/ContactService.Tests.dll" adapterTypeName="executor://xunit/VsTestRunner3/netcore/" className="ContactService.Tests.Repositories.MongoAuditLogRepositoryTests" name="GetStatisticsAsync_ShouldReturnStatistics" />
    </UnitTest>
    <UnitTest name="ContactService.Tests.Domain.Entities.ContactTests.Contact_Creation_Should_Throw_Exception_When_Invalid_Name(firstName: &quot;&quot;, lastName: &quot;Doe&quot;, company: &quot;ACME&quot;)" storage="/users/r00t/projects/phonebookapp/contactservice.tests/bin/debug/net9.0/contactservice.tests.dll" id="35b978b9-024b-99e0-6603-6ef26ec2ebf5">
      <Execution id="996fb27c-93a1-46ae-b606-61962ccf64f9" />
      <TestMethod codeBase="/Users/r00t/Projects/PhoneBookApp/ContactService.Tests/bin/Debug/net9.0/ContactService.Tests.dll" adapterTypeName="executor://xunit/VsTestRunner3/netcore/" className="ContactService.Tests.Domain.Entities.ContactTests" name="Contact_Creation_Should_Throw_Exception_When_Invalid_Name" />
    </UnitTest>
    <UnitTest name="ContactService.Tests.Domain.Entities.ContactTests.UpdateContactInformation_Should_Update_Properties" storage="/users/r00t/projects/phonebookapp/contactservice.tests/bin/debug/net9.0/contactservice.tests.dll" id="36e8b842-b424-20c1-51ec-e771bdd22315">
      <Execution id="fa20212e-582c-4de1-b056-0c6e6aff2d44" />
      <TestMethod codeBase="/Users/r00t/Projects/PhoneBookApp/ContactService.Tests/bin/Debug/net9.0/ContactService.Tests.dll" adapterTypeName="executor://xunit/VsTestRunner3/netcore/" className="ContactService.Tests.Domain.Entities.ContactTests" name="UpdateContactInformation_Should_Update_Properties" />
    </UnitTest>
    <UnitTest name="ContactService.Tests.Repositories.MongoAuditLogRepositoryStatisticsTests.GetStatisticsAsync_WithNoTimeFilter_ShouldReturnAllStatistics" storage="/users/r00t/projects/phonebookapp/contactservice.tests/bin/debug/net9.0/contactservice.tests.dll" id="d0df7d2e-7ab0-18b7-8342-cb7eb1d3df01">
      <Execution id="03130f3c-77e7-44e4-8b1e-e1b8ce53d15c" />
      <TestMethod codeBase="/Users/r00t/Projects/PhoneBookApp/ContactService.Tests/bin/Debug/net9.0/ContactService.Tests.dll" adapterTypeName="executor://xunit/VsTestRunner3/netcore/" className="ContactService.Tests.Repositories.MongoAuditLogRepositoryStatisticsTests" name="GetStatisticsAsync_WithNoTimeFilter_ShouldReturnAllStatistics" />
    </UnitTest>
    <UnitTest name="ContactService.Tests.Validations.CreateContactCommandValidatorTests.Validate_ValidCommand_ShouldPassValidation" storage="/users/r00t/projects/phonebookapp/contactservice.tests/bin/debug/net9.0/contactservice.tests.dll" id="2b9ee78f-35e1-e068-e40b-3b598d01c562">
      <Execution id="f81ba544-6822-4aaa-9449-a5d6b1b03f19" />
      <TestMethod codeBase="/Users/r00t/Projects/PhoneBookApp/ContactService.Tests/bin/Debug/net9.0/ContactService.Tests.dll" adapterTypeName="executor://xunit/VsTestRunner3/netcore/" className="ContactService.Tests.Validations.CreateContactCommandValidatorTests" name="Validate_ValidCommand_ShouldPassValidation" />
    </UnitTest>
    <UnitTest name="ContactService.Tests.Domain.Entities.ContactHistoryTests.Constructor_WithInvalidCorrelationId_ShouldThrowException(correlationId: null)" storage="/users/r00t/projects/phonebookapp/contactservice.tests/bin/debug/net9.0/contactservice.tests.dll" id="7b7d17f8-d4af-db7b-830b-f9e485e01b81">
      <Execution id="42178ab9-6fb0-4cb4-a6e4-18947597e228" />
      <TestMethod codeBase="/Users/r00t/Projects/PhoneBookApp/ContactService.Tests/bin/Debug/net9.0/ContactService.Tests.dll" adapterTypeName="executor://xunit/VsTestRunner3/netcore/" className="ContactService.Tests.Domain.Entities.ContactHistoryTests" name="Constructor_WithInvalidCorrelationId_ShouldThrowException" />
    </UnitTest>
    <UnitTest name="ContactService.Tests.Services.CachedContactServiceTests.GetAllContactsAsync_WhenNotCached_ShouldFetchAndCache" storage="/users/r00t/projects/phonebookapp/contactservice.tests/bin/debug/net9.0/contactservice.tests.dll" id="93a548f9-9bdb-c210-9620-95913b3b07b1">
      <Execution id="4fe1552f-5b76-4458-a24b-7a26f4b8e1c1" />
      <TestMethod codeBase="/Users/r00t/Projects/PhoneBookApp/ContactService.Tests/bin/Debug/net9.0/ContactService.Tests.dll" adapterTypeName="executor://xunit/VsTestRunner3/netcore/" className="ContactService.Tests.Services.CachedContactServiceTests" name="GetAllContactsAsync_WhenNotCached_ShouldFetchAndCache" />
    </UnitTest>
    <UnitTest name="ContactService.Tests.Repositories.MongoAuditLogRepositoryStatisticsTests.GetStatisticsAsync_EmptyResult_ShouldReturnEmptyDictionary" storage="/users/r00t/projects/phonebookapp/contactservice.tests/bin/debug/net9.0/contactservice.tests.dll" id="ecb77bbc-0b1b-a61e-4a27-10af057b9f32">
      <Execution id="15e95854-d3c4-46e2-aa3b-8bf5ce4c5539" />
      <TestMethod codeBase="/Users/r00t/Projects/PhoneBookApp/ContactService.Tests/bin/Debug/net9.0/ContactService.Tests.dll" adapterTypeName="executor://xunit/VsTestRunner3/netcore/" className="ContactService.Tests.Repositories.MongoAuditLogRepositoryStatisticsTests" name="GetStatisticsAsync_EmptyResult_ShouldReturnEmptyDictionary" />
    </UnitTest>
    <UnitTest name="ContactService.Tests.Services.CorrelationContextTests.CorrelationId_WhenInResponseHeaderOnly_ShouldReturnValueFromResponseHeader" storage="/users/r00t/projects/phonebookapp/contactservice.tests/bin/debug/net9.0/contactservice.tests.dll" id="fae52134-2b1f-9088-26f6-75e67d93c970">
      <Execution id="e0abc036-502f-417e-82a1-b0d6bb32b3d0" />
      <TestMethod codeBase="/Users/r00t/Projects/PhoneBookApp/ContactService.Tests/bin/Debug/net9.0/ContactService.Tests.dll" adapterTypeName="executor://xunit/VsTestRunner3/netcore/" className="ContactService.Tests.Services.CorrelationContextTests" name="CorrelationId_WhenInResponseHeaderOnly_ShouldReturnValueFromResponseHeader" />
    </UnitTest>
    <UnitTest name="ContactService.Tests.Domain.Entities.OutboxEventTests.Constructor_WithTooLongEventType_ShouldThrowException" storage="/users/r00t/projects/phonebookapp/contactservice.tests/bin/debug/net9.0/contactservice.tests.dll" id="8da38bde-d14e-03d1-fa43-d70ee8ff36f2">
      <Execution id="b4ce6958-69e4-4ebc-a6b3-777d26a2f73b" />
      <TestMethod codeBase="/Users/r00t/Projects/PhoneBookApp/ContactService.Tests/bin/Debug/net9.0/ContactService.Tests.dll" adapterTypeName="executor://xunit/VsTestRunner3/netcore/" className="ContactService.Tests.Domain.Entities.OutboxEventTests" name="Constructor_WithTooLongEventType_ShouldThrowException" />
    </UnitTest>
    <UnitTest name="ContactService.Tests.Domain.Entities.ContactHistoryTests.Constructor_WithInvalidCorrelationId_ShouldThrowException(correlationId: &quot;  &quot;)" storage="/users/r00t/projects/phonebookapp/contactservice.tests/bin/debug/net9.0/contactservice.tests.dll" id="ebd5682f-4fb0-09c6-30ed-c9bfcc6a4f49">
      <Execution id="59218f02-3731-4cfe-90aa-4c69d241b35e" />
      <TestMethod codeBase="/Users/r00t/Projects/PhoneBookApp/ContactService.Tests/bin/Debug/net9.0/ContactService.Tests.dll" adapterTypeName="executor://xunit/VsTestRunner3/netcore/" className="ContactService.Tests.Domain.Entities.ContactHistoryTests" name="Constructor_WithInvalidCorrelationId_ShouldThrowException" />
    </UnitTest>
    <UnitTest name="ContactService.Tests.Controllers.ContactsControllerTests.DeleteContact_WhenSuccessful_ReturnsNoContent" storage="/users/r00t/projects/phonebookapp/contactservice.tests/bin/debug/net9.0/contactservice.tests.dll" id="4e8a80f1-543c-1d02-864d-4bd3af914a2e">
      <Execution id="7f8f375c-66ef-408a-8b7d-7854a438eb08" />
      <TestMethod codeBase="/Users/r00t/Projects/PhoneBookApp/ContactService.Tests/bin/Debug/net9.0/ContactService.Tests.dll" adapterTypeName="executor://xunit/VsTestRunner3/netcore/" className="ContactService.Tests.Controllers.ContactsControllerTests" name="DeleteContact_WhenSuccessful_ReturnsNoContent" />
    </UnitTest>
    <UnitTest name="ContactService.Tests.Repositories.MongoAuditLogRepositoryTests.GetByActionAsync_ShouldReturnMatchingLogs" storage="/users/r00t/projects/phonebookapp/contactservice.tests/bin/debug/net9.0/contactservice.tests.dll" id="7c7b35de-3a22-8ded-1159-21c2cde4fe0d">
      <Execution id="61ac1cce-0a59-493a-9d96-f9f405b51c9d" />
      <TestMethod codeBase="/Users/r00t/Projects/PhoneBookApp/ContactService.Tests/bin/Debug/net9.0/ContactService.Tests.dll" adapterTypeName="executor://xunit/VsTestRunner3/netcore/" className="ContactService.Tests.Repositories.MongoAuditLogRepositoryTests" name="GetByActionAsync_ShouldReturnMatchingLogs" />
    </UnitTest>
    <UnitTest name="ContactService.Tests.Services.ContactServiceTestsFixed.DeleteContactAsync_WithExistingContact_ShouldDeleteContact" storage="/users/r00t/projects/phonebookapp/contactservice.tests/bin/debug/net9.0/contactservice.tests.dll" id="e0c0dc92-4c11-8d36-dabb-89edd3ae9421">
      <Execution id="d51ec05d-43e5-46d7-be54-4bc1fc675901" />
      <TestMethod codeBase="/Users/r00t/Projects/PhoneBookApp/ContactService.Tests/bin/Debug/net9.0/ContactService.Tests.dll" adapterTypeName="executor://xunit/VsTestRunner3/netcore/" className="ContactService.Tests.Services.ContactServiceTestsFixed" name="DeleteContactAsync_WithExistingContact_ShouldDeleteContact" />
    </UnitTest>
    <UnitTest name="ContactService.Tests.Workers.OutboxProcessorWorkerTests.ExecuteAsync_ShouldPerformPeriodicCleanup_WhenCleanupIntervalPassed" storage="/users/r00t/projects/phonebookapp/contactservice.tests/bin/debug/net9.0/contactservice.tests.dll" id="5ad82194-3594-768d-1d2b-f70885918fed">
      <Execution id="0a032935-7973-44a1-a75c-9678e912ae4a" />
      <TestMethod codeBase="/Users/r00t/Projects/PhoneBookApp/ContactService.Tests/bin/Debug/net9.0/ContactService.Tests.dll" adapterTypeName="executor://xunit/VsTestRunner3/netcore/" className="ContactService.Tests.Workers.OutboxProcessorWorkerTests" name="ExecuteAsync_ShouldPerformPeriodicCleanup_WhenCleanupIntervalPassed" />
    </UnitTest>
    <UnitTest name="ContactService.Tests.Services.CorrelationContextTests.CorrelationId_WhenHttpContextIsNull_ShouldReturnNull" storage="/users/r00t/projects/phonebookapp/contactservice.tests/bin/debug/net9.0/contactservice.tests.dll" id="017cda00-1514-bb6b-56c2-7c9dae700c26">
      <Execution id="bf67a200-cc34-4861-8b5a-ceeb5705d23a" />
      <TestMethod codeBase="/Users/r00t/Projects/PhoneBookApp/ContactService.Tests/bin/Debug/net9.0/ContactService.Tests.dll" adapterTypeName="executor://xunit/VsTestRunner3/netcore/" className="ContactService.Tests.Services.CorrelationContextTests" name="CorrelationId_WhenHttpContextIsNull_ShouldReturnNull" />
    </UnitTest>
    <UnitTest name="ContactService.Tests.Repositories.ContactHistoryRepositoryTests.GetCountByContactIdAsync_ShouldReturnContactHistoryCount" storage="/users/r00t/projects/phonebookapp/contactservice.tests/bin/debug/net9.0/contactservice.tests.dll" id="6f6162e6-6deb-eccb-af06-43aec8dc0bbb">
      <Execution id="074aaa91-d3ab-43fe-a4b5-98f62ca66bbd" />
      <TestMethod codeBase="/Users/r00t/Projects/PhoneBookApp/ContactService.Tests/bin/Debug/net9.0/ContactService.Tests.dll" adapterTypeName="executor://xunit/VsTestRunner3/netcore/" className="ContactService.Tests.Repositories.ContactHistoryRepositoryTests" name="GetCountByContactIdAsync_ShouldReturnContactHistoryCount" />
    </UnitTest>
    <UnitTest name="ContactService.Tests.Repositories.MongoAuditLogRepositoryTests.GetByCorrelationIdAsync_ShouldReturnMatchingLogs" storage="/users/r00t/projects/phonebookapp/contactservice.tests/bin/debug/net9.0/contactservice.tests.dll" id="02e0eb39-b82c-9dcc-23ce-1bfcccaf1fbf">
      <Execution id="1e75e1ee-542c-4834-9844-4bc5b5f5af3e" />
      <TestMethod codeBase="/Users/r00t/Projects/PhoneBookApp/ContactService.Tests/bin/Debug/net9.0/ContactService.Tests.dll" adapterTypeName="executor://xunit/VsTestRunner3/netcore/" className="ContactService.Tests.Repositories.MongoAuditLogRepositoryTests" name="GetByCorrelationIdAsync_ShouldReturnMatchingLogs" />
    </UnitTest>
    <UnitTest name="ContactService.Tests.Domain.Entities.ContactTests.FullName_WhenBothNamesProvided_ShouldReturnCombinedName" storage="/users/r00t/projects/phonebookapp/contactservice.tests/bin/debug/net9.0/contactservice.tests.dll" id="117ab19a-c872-02e8-c978-f08027b9b116">
      <Execution id="ff08a1bc-f874-44f8-bb90-2f8006500792" />
      <TestMethod codeBase="/Users/r00t/Projects/PhoneBookApp/ContactService.Tests/bin/Debug/net9.0/ContactService.Tests.dll" adapterTypeName="executor://xunit/VsTestRunner3/netcore/" className="ContactService.Tests.Domain.Entities.ContactTests" name="FullName_WhenBothNamesProvided_ShouldReturnCombinedName" />
    </UnitTest>
    <UnitTest name="ContactService.Tests.Services.OutboxServiceTests.GetStatisticsAsync_ShouldReturnStatistics" storage="/users/r00t/projects/phonebookapp/contactservice.tests/bin/debug/net9.0/contactservice.tests.dll" id="d6ca4153-3bc3-c4d0-31a9-0c57db630ab6">
      <Execution id="f012c70d-08eb-4b7d-b74b-fa872ee1720c" />
      <TestMethod codeBase="/Users/r00t/Projects/PhoneBookApp/ContactService.Tests/bin/Debug/net9.0/ContactService.Tests.dll" adapterTypeName="executor://xunit/VsTestRunner3/netcore/" className="ContactService.Tests.Services.OutboxServiceTests" name="GetStatisticsAsync_ShouldReturnStatistics" />
    </UnitTest>
    <UnitTest name="ContactService.Tests.Repositories.ContactHistoryRepositoryTests.GetByDateRangeAsync_ShouldReturnHistoriesInRange" storage="/users/r00t/projects/phonebookapp/contactservice.tests/bin/debug/net9.0/contactservice.tests.dll" id="3e495c5b-2707-5b37-901a-722dc64d9bc2">
      <Execution id="32a5c697-c3e5-4e4d-8450-b32f8bf52d37" />
      <TestMethod codeBase="/Users/r00t/Projects/PhoneBookApp/ContactService.Tests/bin/Debug/net9.0/ContactService.Tests.dll" adapterTypeName="executor://xunit/VsTestRunner3/netcore/" className="ContactService.Tests.Repositories.ContactHistoryRepositoryTests" name="GetByDateRangeAsync_ShouldReturnHistoriesInRange" />
    </UnitTest>
    <UnitTest name="ContactService.Tests.Domain.Entities.OutboxEventTests.Constructor_WithInvalidCorrelationId_ShouldThrowException(correlationId: null)" storage="/users/r00t/projects/phonebookapp/contactservice.tests/bin/debug/net9.0/contactservice.tests.dll" id="1630cac1-9a36-d9df-ff83-a1d786b9f5c8">
      <Execution id="5c27a49f-ff10-4cba-a68e-aa7d82fb5831" />
      <TestMethod codeBase="/Users/r00t/Projects/PhoneBookApp/ContactService.Tests/bin/Debug/net9.0/ContactService.Tests.dll" adapterTypeName="executor://xunit/VsTestRunner3/netcore/" className="ContactService.Tests.Domain.Entities.OutboxEventTests" name="Constructor_WithInvalidCorrelationId_ShouldThrowException" />
    </UnitTest>
    <UnitTest name="ContactService.Tests.Repositories.InterfaceAuditLogRepositoryTests.GetByCorrelationIdAsync_ShouldReturnMatchingLogs" storage="/users/r00t/projects/phonebookapp/contactservice.tests/bin/debug/net9.0/contactservice.tests.dll" id="6e21d2bf-8d35-7a36-d83b-8e64f6771f65">
      <Execution id="497cca0f-9720-4d76-93b1-18c7ff508490" />
      <TestMethod codeBase="/Users/r00t/Projects/PhoneBookApp/ContactService.Tests/bin/Debug/net9.0/ContactService.Tests.dll" adapterTypeName="executor://xunit/VsTestRunner3/netcore/" className="ContactService.Tests.Repositories.InterfaceAuditLogRepositoryTests" name="GetByCorrelationIdAsync_ShouldReturnMatchingLogs" />
    </UnitTest>
    <UnitTest name="ContactService.Tests.Workers.OutboxProcessorWorkerTests.StopAsync_ShouldProcessRemainingEvents_BeforeShutdown" storage="/users/r00t/projects/phonebookapp/contactservice.tests/bin/debug/net9.0/contactservice.tests.dll" id="4ddc60e9-64b4-271e-5ec6-48aa1731949d">
      <Execution id="0889f972-0573-4cbb-ab5e-96430721cbd9" />
      <TestMethod codeBase="/Users/r00t/Projects/PhoneBookApp/ContactService.Tests/bin/Debug/net9.0/ContactService.Tests.dll" adapterTypeName="executor://xunit/VsTestRunner3/netcore/" className="ContactService.Tests.Workers.OutboxProcessorWorkerTests" name="StopAsync_ShouldProcessRemainingEvents_BeforeShutdown" />
    </UnitTest>
    <UnitTest name="ContactService.Tests.Controllers.ContactsControllerTests.UpdateContact_WhenNotFound_ReturnsNotFound" storage="/users/r00t/projects/phonebookapp/contactservice.tests/bin/debug/net9.0/contactservice.tests.dll" id="14a21c97-412e-899f-b8a2-6d209cf68f26">
      <Execution id="8eaf14fa-807e-41ac-ab43-7f95786a1c7b" />
      <TestMethod codeBase="/Users/r00t/Projects/PhoneBookApp/ContactService.Tests/bin/Debug/net9.0/ContactService.Tests.dll" adapterTypeName="executor://xunit/VsTestRunner3/netcore/" className="ContactService.Tests.Controllers.ContactsControllerTests" name="UpdateContact_WhenNotFound_ReturnsNotFound" />
    </UnitTest>
    <UnitTest name="ContactService.Tests.Services.ContactServiceTestsFixed.RemoveContactInfoAsync_WithNonExistingContact_ShouldReturnFalse" storage="/users/r00t/projects/phonebookapp/contactservice.tests/bin/debug/net9.0/contactservice.tests.dll" id="a874c8d2-5316-2972-8079-a289f2f1e247">
      <Execution id="34a46d87-0fe0-465e-b3ca-091a235d08e6" />
      <TestMethod codeBase="/Users/r00t/Projects/PhoneBookApp/ContactService.Tests/bin/Debug/net9.0/ContactService.Tests.dll" adapterTypeName="executor://xunit/VsTestRunner3/netcore/" className="ContactService.Tests.Services.ContactServiceTestsFixed" name="RemoveContactInfoAsync_WithNonExistingContact_ShouldReturnFalse" />
    </UnitTest>
    <UnitTest name="ContactService.Tests.Services.CachedContactServiceTests.CreateContactAsync_ShouldInvalidateCache" storage="/users/r00t/projects/phonebookapp/contactservice.tests/bin/debug/net9.0/contactservice.tests.dll" id="c2cd70c4-e184-7086-28d9-d1ecb54689a8">
      <Execution id="d1a69bc0-52de-45ac-84da-283ddee02340" />
      <TestMethod codeBase="/Users/r00t/Projects/PhoneBookApp/ContactService.Tests/bin/Debug/net9.0/ContactService.Tests.dll" adapterTypeName="executor://xunit/VsTestRunner3/netcore/" className="ContactService.Tests.Services.CachedContactServiceTests" name="CreateContactAsync_ShouldInvalidateCache" />
    </UnitTest>
    <UnitTest name="ContactService.Tests.Repositories.MongoAuditLogRepositoryStatisticsTests.GetServiceStatisticsAsync_ShouldCallGetStatisticsAsync" storage="/users/r00t/projects/phonebookapp/contactservice.tests/bin/debug/net9.0/contactservice.tests.dll" id="6a805f05-50bf-066b-b128-90021a9a0c2b">
      <Execution id="344f0c29-72e0-4e3e-b691-f4f7d1d0f1e8" />
      <TestMethod codeBase="/Users/r00t/Projects/PhoneBookApp/ContactService.Tests/bin/Debug/net9.0/ContactService.Tests.dll" adapterTypeName="executor://xunit/VsTestRunner3/netcore/" className="ContactService.Tests.Repositories.MongoAuditLogRepositoryStatisticsTests" name="GetServiceStatisticsAsync_ShouldCallGetStatisticsAsync" />
    </UnitTest>
    <UnitTest name="ContactService.Tests.Validations.CreateContactCommandValidatorTests.Validate_EmptyCompany_ShouldPassValidation" storage="/users/r00t/projects/phonebookapp/contactservice.tests/bin/debug/net9.0/contactservice.tests.dll" id="6cd8e71e-92c0-75fb-e709-eba99947ac82">
      <Execution id="b27f10fe-eb70-4568-92a5-46371aed6942" />
      <TestMethod codeBase="/Users/r00t/Projects/PhoneBookApp/ContactService.Tests/bin/Debug/net9.0/ContactService.Tests.dll" adapterTypeName="executor://xunit/VsTestRunner3/netcore/" className="ContactService.Tests.Validations.CreateContactCommandValidatorTests" name="Validate_EmptyCompany_ShouldPassValidation" />
    </UnitTest>
    <UnitTest name="ContactService.Tests.Behaviors.CorrelationBehaviorTests.Handle_WhenNextDelegateFails_ShouldPropagateException" storage="/users/r00t/projects/phonebookapp/contactservice.tests/bin/debug/net9.0/contactservice.tests.dll" id="bb118163-e2ab-fcf8-369a-81175ae21c3d">
      <Execution id="617b116c-ad60-4778-b01d-15e5e4e56548" />
      <TestMethod codeBase="/Users/r00t/Projects/PhoneBookApp/ContactService.Tests/bin/Debug/net9.0/ContactService.Tests.dll" adapterTypeName="executor://xunit/VsTestRunner3/netcore/" className="ContactService.Tests.Behaviors.CorrelationBehaviorTests" name="Handle_WhenNextDelegateFails_ShouldPropagateException" />
    </UnitTest>
    <UnitTest name="ContactService.Tests.Domain.Entities.ContactHistoryTests.Constructor_WithInvalidCorrelationId_ShouldThrowException(correlationId: &quot;&quot;)" storage="/users/r00t/projects/phonebookapp/contactservice.tests/bin/debug/net9.0/contactservice.tests.dll" id="09bb61ca-6eab-451b-c307-4216d15f8054">
      <Execution id="c36f98eb-849a-4df4-837b-a456dce244db" />
      <TestMethod codeBase="/Users/r00t/Projects/PhoneBookApp/ContactService.Tests/bin/Debug/net9.0/ContactService.Tests.dll" adapterTypeName="executor://xunit/VsTestRunner3/netcore/" className="ContactService.Tests.Domain.Entities.ContactHistoryTests" name="Constructor_WithInvalidCorrelationId_ShouldThrowException" />
    </UnitTest>
    <UnitTest name="ContactService.Tests.Services.ContactServiceApplicationTests.DeleteContactAsync_ReturnsBoolean" storage="/users/r00t/projects/phonebookapp/contactservice.tests/bin/debug/net9.0/contactservice.tests.dll" id="b65281e8-2265-5702-574a-6c47ec24228a">
      <Execution id="e82b4619-d1eb-46d3-9cf0-9c6c383c0a08" />
      <TestMethod codeBase="/Users/r00t/Projects/PhoneBookApp/ContactService.Tests/bin/Debug/net9.0/ContactService.Tests.dll" adapterTypeName="executor://xunit/VsTestRunner3/netcore/" className="ContactService.Tests.Services.ContactServiceApplicationTests" name="DeleteContactAsync_ReturnsBoolean" />
    </UnitTest>
    <UnitTest name="ContactService.Tests.Domain.Entities.ContactHistoryTests.Constructor_WithValidParams_ShouldCreateHistoryRecord" storage="/users/r00t/projects/phonebookapp/contactservice.tests/bin/debug/net9.0/contactservice.tests.dll" id="b8757ebb-ac02-15f3-0369-d21eca9ec4b0">
      <Execution id="d6808029-fada-469d-8b25-68fd5ff53b59" />
      <TestMethod codeBase="/Users/r00t/Projects/PhoneBookApp/ContactService.Tests/bin/Debug/net9.0/ContactService.Tests.dll" adapterTypeName="executor://xunit/VsTestRunner3/netcore/" className="ContactService.Tests.Domain.Entities.ContactHistoryTests" name="Constructor_WithValidParams_ShouldCreateHistoryRecord" />
    </UnitTest>
    <UnitTest name="ContactService.Tests.Repositories.MongoAuditLogRepositoryTests.SearchAsync_ShouldApplyAllProvidedFilters" storage="/users/r00t/projects/phonebookapp/contactservice.tests/bin/debug/net9.0/contactservice.tests.dll" id="ac1714c9-ff76-cbb6-220f-9d0ef3905d15">
      <Execution id="77ee45b5-a51a-4702-90d7-1831877f260f" />
      <TestMethod codeBase="/Users/r00t/Projects/PhoneBookApp/ContactService.Tests/bin/Debug/net9.0/ContactService.Tests.dll" adapterTypeName="executor://xunit/VsTestRunner3/netcore/" className="ContactService.Tests.Repositories.MongoAuditLogRepositoryTests" name="SearchAsync_ShouldApplyAllProvidedFilters" />
    </UnitTest>
    <UnitTest name="ContactService.Tests.Services.ContactServiceMainTests.UpdateContactAsync_WhenContactExists_ShouldUpdateContactAndAddToHistory" storage="/users/r00t/projects/phonebookapp/contactservice.tests/bin/debug/net9.0/contactservice.tests.dll" id="82371a74-8284-f45a-9bd9-8febb96acef0">
      <Execution id="b66d08de-63e1-46eb-954c-8adcbf74ec61" />
      <TestMethod codeBase="/Users/r00t/Projects/PhoneBookApp/ContactService.Tests/bin/Debug/net9.0/ContactService.Tests.dll" adapterTypeName="executor://xunit/VsTestRunner3/netcore/" className="ContactService.Tests.Services.ContactServiceMainTests" name="UpdateContactAsync_WhenContactExists_ShouldUpdateContactAndAddToHistory" />
    </UnitTest>
    <UnitTest name="ContactService.Tests.Repositories.MongoAuditLogRepositoryTests.GetTotalCountAsync_ShouldReturnCount" storage="/users/r00t/projects/phonebookapp/contactservice.tests/bin/debug/net9.0/contactservice.tests.dll" id="25a08685-8a9a-a9d7-81fd-c697cf0c6d7b">
      <Execution id="c4e57b25-df76-4cee-8a32-162a3bbc54c9" />
      <TestMethod codeBase="/Users/r00t/Projects/PhoneBookApp/ContactService.Tests/bin/Debug/net9.0/ContactService.Tests.dll" adapterTypeName="executor://xunit/VsTestRunner3/netcore/" className="ContactService.Tests.Repositories.MongoAuditLogRepositoryTests" name="GetTotalCountAsync_ShouldReturnCount" />
    </UnitTest>
    <UnitTest name="ContactService.Tests.Services.ContactServiceMainTests.GetContactByIdAsync_WhenContactNotExists_ShouldReturnNull" storage="/users/r00t/projects/phonebookapp/contactservice.tests/bin/debug/net9.0/contactservice.tests.dll" id="3e0d0734-29ff-8c43-4b6f-3d6de1f1428f">
      <Execution id="1ba46589-4e81-4c08-958b-f49e59e061c3" />
      <TestMethod codeBase="/Users/r00t/Projects/PhoneBookApp/ContactService.Tests/bin/Debug/net9.0/ContactService.Tests.dll" adapterTypeName="executor://xunit/VsTestRunner3/netcore/" className="ContactService.Tests.Services.ContactServiceMainTests" name="GetContactByIdAsync_WhenContactNotExists_ShouldReturnNull" />
    </UnitTest>
    <UnitTest name="ContactService.Tests.Services.ContactServiceTestsFixed.DeleteContactAsync_WithNonExistingContact_ShouldReturnFalse" storage="/users/r00t/projects/phonebookapp/contactservice.tests/bin/debug/net9.0/contactservice.tests.dll" id="a2dd72b4-0fc4-025d-ffac-51e87e4d56ed">
      <Execution id="43fd1473-d55f-420f-a431-c8b3bb862b3c" />
      <TestMethod codeBase="/Users/r00t/Projects/PhoneBookApp/ContactService.Tests/bin/Debug/net9.0/ContactService.Tests.dll" adapterTypeName="executor://xunit/VsTestRunner3/netcore/" className="ContactService.Tests.Services.ContactServiceTestsFixed" name="DeleteContactAsync_WithNonExistingContact_ShouldReturnFalse" />
    </UnitTest>
    <UnitTest name="ContactService.Tests.Repositories.MongoAuditLogRepositoryTests.GetByTimeRangeAsync_ShouldReturnLogsInRange" storage="/users/r00t/projects/phonebookapp/contactservice.tests/bin/debug/net9.0/contactservice.tests.dll" id="882bd43e-ef74-332e-63af-36d115c7c2a9">
      <Execution id="8b0312fa-6238-45d7-8b3f-fc19326d4ead" />
      <TestMethod codeBase="/Users/r00t/Projects/PhoneBookApp/ContactService.Tests/bin/Debug/net9.0/ContactService.Tests.dll" adapterTypeName="executor://xunit/VsTestRunner3/netcore/" className="ContactService.Tests.Repositories.MongoAuditLogRepositoryTests" name="GetByTimeRangeAsync_ShouldReturnLogsInRange" />
    </UnitTest>
    <UnitTest name="ContactService.Tests.Repositories.InterfaceAuditLogRepositoryTests.CreateManyAsync_ShouldCallRepositoryWithAllLogs" storage="/users/r00t/projects/phonebookapp/contactservice.tests/bin/debug/net9.0/contactservice.tests.dll" id="179e5766-4ae7-bc37-b6b4-90c5efc021d4">
      <Execution id="1a546a45-387b-4476-bd1a-1a6299560ea5" />
      <TestMethod codeBase="/Users/r00t/Projects/PhoneBookApp/ContactService.Tests/bin/Debug/net9.0/ContactService.Tests.dll" adapterTypeName="executor://xunit/VsTestRunner3/netcore/" className="ContactService.Tests.Repositories.InterfaceAuditLogRepositoryTests" name="CreateManyAsync_ShouldCallRepositoryWithAllLogs" />
    </UnitTest>
    <UnitTest name="ContactService.Tests.Repositories.ContactHistoryRepositoryTests.CreateAsync_WithNullHistory_ShouldThrowArgumentNullException" storage="/users/r00t/projects/phonebookapp/contactservice.tests/bin/debug/net9.0/contactservice.tests.dll" id="2f39f84b-2495-025d-4dce-7e9dda04c9a0">
      <Execution id="746f7785-deb0-4660-880f-5de7df085428" />
      <TestMethod codeBase="/Users/r00t/Projects/PhoneBookApp/ContactService.Tests/bin/Debug/net9.0/ContactService.Tests.dll" adapterTypeName="executor://xunit/VsTestRunner3/netcore/" className="ContactService.Tests.Repositories.ContactHistoryRepositoryTests" name="CreateAsync_WithNullHistory_ShouldThrowArgumentNullException" />
    </UnitTest>
    <UnitTest name="ContactService.Tests.Services.ContactServiceTestsFixed.RemoveContactInfoAsync_WithValidData_ShouldRemoveContactInfo" storage="/users/r00t/projects/phonebookapp/contactservice.tests/bin/debug/net9.0/contactservice.tests.dll" id="f28e8d11-463d-a43c-7a13-c5f4c558c245">
      <Execution id="ad3e0b7b-3de9-4273-9000-d9ca55f40af3" />
      <TestMethod codeBase="/Users/r00t/Projects/PhoneBookApp/ContactService.Tests/bin/Debug/net9.0/ContactService.Tests.dll" adapterTypeName="executor://xunit/VsTestRunner3/netcore/" className="ContactService.Tests.Services.ContactServiceTestsFixed" name="RemoveContactInfoAsync_WithValidData_ShouldRemoveContactInfo" />
    </UnitTest>
    <UnitTest name="ContactService.Tests.Repositories.OutboxRepositoryTests.GetByIdAsync_WhenEventExists_ShouldReturnEvent" storage="/users/r00t/projects/phonebookapp/contactservice.tests/bin/debug/net9.0/contactservice.tests.dll" id="880cee52-ae38-bddf-dc0a-6e3ba26ffaf3">
      <Execution id="978d2c89-af9d-47ee-9b36-90e4e72b30ae" />
      <TestMethod codeBase="/Users/r00t/Projects/PhoneBookApp/ContactService.Tests/bin/Debug/net9.0/ContactService.Tests.dll" adapterTypeName="executor://xunit/VsTestRunner3/netcore/" className="ContactService.Tests.Repositories.OutboxRepositoryTests" name="GetByIdAsync_WhenEventExists_ShouldReturnEvent" />
    </UnitTest>
    <UnitTest name="ContactService.Tests.Services.CachedContactServiceTests.DeleteContactAsync_ShouldInvalidateCache" storage="/users/r00t/projects/phonebookapp/contactservice.tests/bin/debug/net9.0/contactservice.tests.dll" id="62e3da41-1e3f-0e2f-ce0f-4f47b32620d9">
      <Execution id="6933c7b7-7ce2-4c83-a279-a0d6420cad16" />
      <TestMethod codeBase="/Users/r00t/Projects/PhoneBookApp/ContactService.Tests/bin/Debug/net9.0/ContactService.Tests.dll" adapterTypeName="executor://xunit/VsTestRunner3/netcore/" className="ContactService.Tests.Services.CachedContactServiceTests" name="DeleteContactAsync_ShouldInvalidateCache" />
    </UnitTest>
    <UnitTest name="ContactService.Tests.Domain.Entities.ContactHistoryTests.Constructor_WithEmptyContactId_ShouldThrowException" storage="/users/r00t/projects/phonebookapp/contactservice.tests/bin/debug/net9.0/contactservice.tests.dll" id="13fb06c2-4134-b775-4909-b7eab9af5ddc">
      <Execution id="a7497a83-9c75-429b-96de-2a3388b0cc40" />
      <TestMethod codeBase="/Users/r00t/Projects/PhoneBookApp/ContactService.Tests/bin/Debug/net9.0/ContactService.Tests.dll" adapterTypeName="executor://xunit/VsTestRunner3/netcore/" className="ContactService.Tests.Domain.Entities.ContactHistoryTests" name="Constructor_WithEmptyContactId_ShouldThrowException" />
    </UnitTest>
    <UnitTest name="ContactService.Tests.Services.ContactServiceAddContactInfoTests.AddContactInfoAsync_WithEmptyContactId_ShouldThrowArgumentException" storage="/users/r00t/projects/phonebookapp/contactservice.tests/bin/debug/net9.0/contactservice.tests.dll" id="4e5c6fe2-590c-4908-cda3-b95c9b5e03ce">
      <Execution id="caacb9fa-86fd-4a73-b037-9f6d5658f775" />
      <TestMethod codeBase="/Users/r00t/Projects/PhoneBookApp/ContactService.Tests/bin/Debug/net9.0/ContactService.Tests.dll" adapterTypeName="executor://xunit/VsTestRunner3/netcore/" className="ContactService.Tests.Services.ContactServiceAddContactInfoTests" name="AddContactInfoAsync_WithEmptyContactId_ShouldThrowArgumentException" />
    </UnitTest>
    <UnitTest name="ContactService.Tests.Repositories.ContactHistoryRepositoryTests.GetByIdAsync_WhenHistoryDoesNotExist_ShouldReturnNull" storage="/users/r00t/projects/phonebookapp/contactservice.tests/bin/debug/net9.0/contactservice.tests.dll" id="1ddef138-b809-e014-008f-ca82adf06c8d">
      <Execution id="e85d20c9-9621-4ccf-b7c7-0b410d1c3be4" />
      <TestMethod codeBase="/Users/r00t/Projects/PhoneBookApp/ContactService.Tests/bin/Debug/net9.0/ContactService.Tests.dll" adapterTypeName="executor://xunit/VsTestRunner3/netcore/" className="ContactService.Tests.Repositories.ContactHistoryRepositoryTests" name="GetByIdAsync_WhenHistoryDoesNotExist_ShouldReturnNull" />
    </UnitTest>
    <UnitTest name="ContactService.Tests.Services.OutboxServiceTests.ProcessFailedEventsAsync_WithFailedEvents_ShouldResetAndProcess" storage="/users/r00t/projects/phonebookapp/contactservice.tests/bin/debug/net9.0/contactservice.tests.dll" id="2427865a-c234-d287-6e90-174830cd7bc5">
      <Execution id="7e7cfea6-c651-4bdf-aec6-d34764546ddc" />
      <TestMethod codeBase="/Users/r00t/Projects/PhoneBookApp/ContactService.Tests/bin/Debug/net9.0/ContactService.Tests.dll" adapterTypeName="executor://xunit/VsTestRunner3/netcore/" className="ContactService.Tests.Services.OutboxServiceTests" name="ProcessFailedEventsAsync_WithFailedEvents_ShouldResetAndProcess" />
    </UnitTest>
    <UnitTest name="ContactService.Tests.Domain.Entities.ContactHistoryTests.GetContactData_WithValidData_ShouldDeserializeCorrectly" storage="/users/r00t/projects/phonebookapp/contactservice.tests/bin/debug/net9.0/contactservice.tests.dll" id="3c06567a-faa5-e665-a0d3-95e051b2882d">
      <Execution id="f8f406cc-27e5-4ea9-91e7-2084e88ee30b" />
      <TestMethod codeBase="/Users/r00t/Projects/PhoneBookApp/ContactService.Tests/bin/Debug/net9.0/ContactService.Tests.dll" adapterTypeName="executor://xunit/VsTestRunner3/netcore/" className="ContactService.Tests.Domain.Entities.ContactHistoryTests" name="GetContactData_WithValidData_ShouldDeserializeCorrectly" />
    </UnitTest>
    <UnitTest name="ContactService.Tests.Domain.Entities.ContactTests.AddContactInfo_Should_Throw_Exception_When_Invalid_Content(infoType: PhoneNumber, content: &quot;InvalidPhone&quot;)" storage="/users/r00t/projects/phonebookapp/contactservice.tests/bin/debug/net9.0/contactservice.tests.dll" id="443e13cd-d51f-1bc7-fca6-df12d7e0a2ce">
      <Execution id="7df967cf-4ffe-4abe-b3d1-a8fb9bb5cbf1" />
      <TestMethod codeBase="/Users/r00t/Projects/PhoneBookApp/ContactService.Tests/bin/Debug/net9.0/ContactService.Tests.dll" adapterTypeName="executor://xunit/VsTestRunner3/netcore/" className="ContactService.Tests.Domain.Entities.ContactTests" name="AddContactInfo_Should_Throw_Exception_When_Invalid_Content" />
    </UnitTest>
    <UnitTest name="ContactService.Tests.Controllers.ContactsControllerTests.GetAllContacts_WhenFailed_ReturnsServerError" storage="/users/r00t/projects/phonebookapp/contactservice.tests/bin/debug/net9.0/contactservice.tests.dll" id="c335998d-9914-1d9b-f124-3bfb5566966b">
      <Execution id="4748405e-7a9d-4c03-b8f3-dd291fd82757" />
      <TestMethod codeBase="/Users/r00t/Projects/PhoneBookApp/ContactService.Tests/bin/Debug/net9.0/ContactService.Tests.dll" adapterTypeName="executor://xunit/VsTestRunner3/netcore/" className="ContactService.Tests.Controllers.ContactsControllerTests" name="GetAllContacts_WhenFailed_ReturnsServerError" />
    </UnitTest>
    <UnitTest name="ContactService.Tests.Services.ContactServiceAddContactInfoTests.AddContactInfoAsync_WithValidData_ShouldAddContactInfoSuccessfully" storage="/users/r00t/projects/phonebookapp/contactservice.tests/bin/debug/net9.0/contactservice.tests.dll" id="afc37a1d-3c5b-ea93-79ce-b30d9478a205">
      <Execution id="94db8803-3839-48dc-8e78-8fec8559948d" />
      <TestMethod codeBase="/Users/r00t/Projects/PhoneBookApp/ContactService.Tests/bin/Debug/net9.0/ContactService.Tests.dll" adapterTypeName="executor://xunit/VsTestRunner3/netcore/" className="ContactService.Tests.Services.ContactServiceAddContactInfoTests" name="AddContactInfoAsync_WithValidData_ShouldAddContactInfoSuccessfully" />
    </UnitTest>
    <UnitTest name="ContactService.Tests.Services.CachedContactServiceTests.AddContactInfoAsync_ShouldInvalidateCache" storage="/users/r00t/projects/phonebookapp/contactservice.tests/bin/debug/net9.0/contactservice.tests.dll" id="1743a143-da91-5176-77bf-9600b73576f5">
      <Execution id="192a46f1-f571-403c-9f24-f1bf44d874fa" />
      <TestMethod codeBase="/Users/r00t/Projects/PhoneBookApp/ContactService.Tests/bin/Debug/net9.0/ContactService.Tests.dll" adapterTypeName="executor://xunit/VsTestRunner3/netcore/" className="ContactService.Tests.Services.CachedContactServiceTests" name="AddContactInfoAsync_ShouldInvalidateCache" />
    </UnitTest>
    <UnitTest name="ContactService.Tests.Services.ContactServiceTestsFixed.SearchContactsAsync_WithSearchTerm_ShouldReturnMatchingContacts" storage="/users/r00t/projects/phonebookapp/contactservice.tests/bin/debug/net9.0/contactservice.tests.dll" id="0c90d8a1-af5e-9653-bf27-27fbaed88347">
      <Execution id="e2768afd-fff8-4511-868e-152adcadcb3c" />
      <TestMethod codeBase="/Users/r00t/Projects/PhoneBookApp/ContactService.Tests/bin/Debug/net9.0/ContactService.Tests.dll" adapterTypeName="executor://xunit/VsTestRunner3/netcore/" className="ContactService.Tests.Services.ContactServiceTestsFixed" name="SearchContactsAsync_WithSearchTerm_ShouldReturnMatchingContacts" />
    </UnitTest>
    <UnitTest name="ContactService.Tests.Domain.Entities.ContactHistoryTests.Constructor_WithInvalidOperationType_ShouldThrowException(operationType: null)" storage="/users/r00t/projects/phonebookapp/contactservice.tests/bin/debug/net9.0/contactservice.tests.dll" id="768c582e-eae1-d32a-ed6b-12c46db6d8c0">
      <Execution id="5e7095c1-3d3b-49b5-898e-0a2d7bc0aa04" />
      <TestMethod codeBase="/Users/r00t/Projects/PhoneBookApp/ContactService.Tests/bin/Debug/net9.0/ContactService.Tests.dll" adapterTypeName="executor://xunit/VsTestRunner3/netcore/" className="ContactService.Tests.Domain.Entities.ContactHistoryTests" name="Constructor_WithInvalidOperationType_ShouldThrowException" />
    </UnitTest>
    <UnitTest name="ContactService.Tests.Services.ContactServiceMainTests.GetContactByIdAsync_WhenContactExists_ShouldReturnContact" storage="/users/r00t/projects/phonebookapp/contactservice.tests/bin/debug/net9.0/contactservice.tests.dll" id="42d5e3f8-02e6-4479-4e81-eb4f6f42e5ab">
      <Execution id="002f7fca-97a4-45e1-aaac-7f989dce28c3" />
      <TestMethod codeBase="/Users/r00t/Projects/PhoneBookApp/ContactService.Tests/bin/Debug/net9.0/ContactService.Tests.dll" adapterTypeName="executor://xunit/VsTestRunner3/netcore/" className="ContactService.Tests.Services.ContactServiceMainTests" name="GetContactByIdAsync_WhenContactExists_ShouldReturnContact" />
    </UnitTest>
    <UnitTest name="ContactService.Tests.Controllers.ContactsControllerTests.GetContactById_WhenContactNotFound_ReturnsNotFound" storage="/users/r00t/projects/phonebookapp/contactservice.tests/bin/debug/net9.0/contactservice.tests.dll" id="fe014a10-482f-05c8-9a2a-2297dd706ba9">
      <Execution id="0f02ae55-98a6-4987-889b-4fd5690cd870" />
      <TestMethod codeBase="/Users/r00t/Projects/PhoneBookApp/ContactService.Tests/bin/Debug/net9.0/ContactService.Tests.dll" adapterTypeName="executor://xunit/VsTestRunner3/netcore/" className="ContactService.Tests.Controllers.ContactsControllerTests" name="GetContactById_WhenContactNotFound_ReturnsNotFound" />
    </UnitTest>
    <UnitTest name="ContactService.Tests.Domain.Entities.ContactTests.RemoveContactInfo_Should_Remove_Info_From_Collection" storage="/users/r00t/projects/phonebookapp/contactservice.tests/bin/debug/net9.0/contactservice.tests.dll" id="2c35d8c2-aa6c-6a0f-c68a-9c31adb9047c">
      <Execution id="b546a587-f776-43b5-a586-3f82dff65e92" />
      <TestMethod codeBase="/Users/r00t/Projects/PhoneBookApp/ContactService.Tests/bin/Debug/net9.0/ContactService.Tests.dll" adapterTypeName="executor://xunit/VsTestRunner3/netcore/" className="ContactService.Tests.Domain.Entities.ContactTests" name="RemoveContactInfo_Should_Remove_Info_From_Collection" />
    </UnitTest>
    <UnitTest name="ContactService.Tests.Services.ContactServiceApplicationTests.GetAllContactsAsync_ReturnsPagedResult" storage="/users/r00t/projects/phonebookapp/contactservice.tests/bin/debug/net9.0/contactservice.tests.dll" id="54f6c0a3-f2f8-514e-a682-001deeead796">
      <Execution id="dd155846-1f0a-4b36-ad80-c3d2b6c537f8" />
      <TestMethod codeBase="/Users/r00t/Projects/PhoneBookApp/ContactService.Tests/bin/Debug/net9.0/ContactService.Tests.dll" adapterTypeName="executor://xunit/VsTestRunner3/netcore/" className="ContactService.Tests.Services.ContactServiceApplicationTests" name="GetAllContactsAsync_ReturnsPagedResult" />
    </UnitTest>
    <UnitTest name="ContactService.Tests.Repositories.MongoAuditLogRepositoryTests.IsHealthyAsync_WhenSuccessful_ShouldReturnTrue" storage="/users/r00t/projects/phonebookapp/contactservice.tests/bin/debug/net9.0/contactservice.tests.dll" id="c22a2219-facc-0b55-ae5b-c7422017b9a7">
      <Execution id="188afdb9-6f97-4eab-90a9-09c4dec2db60" />
      <TestMethod codeBase="/Users/r00t/Projects/PhoneBookApp/ContactService.Tests/bin/Debug/net9.0/ContactService.Tests.dll" adapterTypeName="executor://xunit/VsTestRunner3/netcore/" className="ContactService.Tests.Repositories.MongoAuditLogRepositoryTests" name="IsHealthyAsync_WhenSuccessful_ShouldReturnTrue" />
    </UnitTest>
    <UnitTest name="ContactService.Tests.Services.CorrelationContextTests.CorrelationId_WhenInRequestHeader_ShouldReturnValueFromRequestHeader" storage="/users/r00t/projects/phonebookapp/contactservice.tests/bin/debug/net9.0/contactservice.tests.dll" id="76c652ac-8273-6d9f-e369-c10beb245549">
      <Execution id="eb9d798b-c995-4439-999f-d65447191be2" />
      <TestMethod codeBase="/Users/r00t/Projects/PhoneBookApp/ContactService.Tests/bin/Debug/net9.0/ContactService.Tests.dll" adapterTypeName="executor://xunit/VsTestRunner3/netcore/" className="ContactService.Tests.Services.CorrelationContextTests" name="CorrelationId_WhenInRequestHeader_ShouldReturnValueFromRequestHeader" />
    </UnitTest>
    <UnitTest name="ContactService.Tests.Services.ContactServiceMainTests.GetAllContactsAsync_WhenContactsExist_ShouldReturnPaginatedContacts" storage="/users/r00t/projects/phonebookapp/contactservice.tests/bin/debug/net9.0/contactservice.tests.dll" id="171dc43a-7202-3af2-1a2a-15fc27809ebc">
      <Execution id="d53e0777-5d11-4e41-a34c-57d7b2229964" />
      <TestMethod codeBase="/Users/r00t/Projects/PhoneBookApp/ContactService.Tests/bin/Debug/net9.0/ContactService.Tests.dll" adapterTypeName="executor://xunit/VsTestRunner3/netcore/" className="ContactService.Tests.Services.ContactServiceMainTests" name="GetAllContactsAsync_WhenContactsExist_ShouldReturnPaginatedContacts" />
    </UnitTest>
    <UnitTest name="ContactService.Tests.Services.ContactServiceMainTests.DeleteContactAsync_WhenContactExists_ShouldDeleteContactAndAddToHistory" storage="/users/r00t/projects/phonebookapp/contactservice.tests/bin/debug/net9.0/contactservice.tests.dll" id="d324fa8a-5414-ba80-97eb-374eb9c0da4a">
      <Execution id="97b736b8-f3f1-400e-b218-e7ec7530a63b" />
      <TestMethod codeBase="/Users/r00t/Projects/PhoneBookApp/ContactService.Tests/bin/Debug/net9.0/ContactService.Tests.dll" adapterTypeName="executor://xunit/VsTestRunner3/netcore/" className="ContactService.Tests.Services.ContactServiceMainTests" name="DeleteContactAsync_WhenContactExists_ShouldDeleteContactAndAddToHistory" />
    </UnitTest>
    <UnitTest name="ContactService.Tests.Controllers.ContactsControllerTests.RemoveContactInfo_WhenSuccessful_ReturnsNoContent" storage="/users/r00t/projects/phonebookapp/contactservice.tests/bin/debug/net9.0/contactservice.tests.dll" id="98ca35fe-00fc-f6f5-0ef1-bbfdec93c5fb">
      <Execution id="37f1d662-0999-482c-bcdc-dcbf44dc66d6" />
      <TestMethod codeBase="/Users/r00t/Projects/PhoneBookApp/ContactService.Tests/bin/Debug/net9.0/ContactService.Tests.dll" adapterTypeName="executor://xunit/VsTestRunner3/netcore/" className="ContactService.Tests.Controllers.ContactsControllerTests" name="RemoveContactInfo_WhenSuccessful_ReturnsNoContent" />
    </UnitTest>
    <UnitTest name="ContactService.Tests.Domain.Entities.ContactTests.RemoveContactInfo_Should_Throw_Exception_When_Info_Not_Found" storage="/users/r00t/projects/phonebookapp/contactservice.tests/bin/debug/net9.0/contactservice.tests.dll" id="d64ecd45-cc4f-5baf-530d-f6856122d028">
      <Execution id="f4e8e756-7cea-47f1-ac84-6ccec2eb967c" />
      <TestMethod codeBase="/Users/r00t/Projects/PhoneBookApp/ContactService.Tests/bin/Debug/net9.0/ContactService.Tests.dll" adapterTypeName="executor://xunit/VsTestRunner3/netcore/" className="ContactService.Tests.Domain.Entities.ContactTests" name="RemoveContactInfo_Should_Throw_Exception_When_Info_Not_Found" />
    </UnitTest>
    <UnitTest name="ContactService.Tests.Workers.OutboxProcessorWorkerTests.ExecuteAsync_ShouldHandleException_WhenOutboxServiceThrows" storage="/users/r00t/projects/phonebookapp/contactservice.tests/bin/debug/net9.0/contactservice.tests.dll" id="4c100dc2-4d54-2de6-69fc-6a0f7c39b61c">
      <Execution id="844b9734-5d57-4ad3-bc1a-e8c55f8d3a0d" />
      <TestMethod codeBase="/Users/r00t/Projects/PhoneBookApp/ContactService.Tests/bin/Debug/net9.0/ContactService.Tests.dll" adapterTypeName="executor://xunit/VsTestRunner3/netcore/" className="ContactService.Tests.Workers.OutboxProcessorWorkerTests" name="ExecuteAsync_ShouldHandleException_WhenOutboxServiceThrows" />
    </UnitTest>
    <UnitTest name="ContactService.Tests.Services.CachedContactServiceTests.GetLocationStatistics_WhenNotCached_ShouldFetchAndCache" storage="/users/r00t/projects/phonebookapp/contactservice.tests/bin/debug/net9.0/contactservice.tests.dll" id="9f54d93d-6f81-7c29-de08-ba4fb3579541">
      <Execution id="21ce818d-9cf7-4185-ad6c-dd881f2b806c" />
      <TestMethod codeBase="/Users/r00t/Projects/PhoneBookApp/ContactService.Tests/bin/Debug/net9.0/ContactService.Tests.dll" adapterTypeName="executor://xunit/VsTestRunner3/netcore/" className="ContactService.Tests.Services.CachedContactServiceTests" name="GetLocationStatistics_WhenNotCached_ShouldFetchAndCache" />
    </UnitTest>
    <UnitTest name="ContactService.Tests.Services.ContactServiceTestsFixed.GetContactByIdAsync_ExistingId_ShouldReturnContact" storage="/users/r00t/projects/phonebookapp/contactservice.tests/bin/debug/net9.0/contactservice.tests.dll" id="92781bd7-2ea2-5631-0694-f378c3f190d8">
      <Execution id="c7dffdfc-0132-4f09-9620-0e1c47d7f051" />
      <TestMethod codeBase="/Users/r00t/Projects/PhoneBookApp/ContactService.Tests/bin/Debug/net9.0/ContactService.Tests.dll" adapterTypeName="executor://xunit/VsTestRunner3/netcore/" className="ContactService.Tests.Services.ContactServiceTestsFixed" name="GetContactByIdAsync_ExistingId_ShouldReturnContact" />
    </UnitTest>
    <UnitTest name="ContactService.Tests.Services.ContactServiceApplicationTests.GetContactByIdAsync_ReturnsContact" storage="/users/r00t/projects/phonebookapp/contactservice.tests/bin/debug/net9.0/contactservice.tests.dll" id="73a1beb2-427f-b52e-5ed5-e488f7051a1c">
      <Execution id="6d9d02b9-62b3-49c3-b889-464c5863bfee" />
      <TestMethod codeBase="/Users/r00t/Projects/PhoneBookApp/ContactService.Tests/bin/Debug/net9.0/ContactService.Tests.dll" adapterTypeName="executor://xunit/VsTestRunner3/netcore/" className="ContactService.Tests.Services.ContactServiceApplicationTests" name="GetContactByIdAsync_ReturnsContact" />
    </UnitTest>
    <UnitTest name="ContactService.Tests.Behaviors.CorrelationBehaviorTests.Handle_WithNullCorrelationId_ShouldStillProceed" storage="/users/r00t/projects/phonebookapp/contactservice.tests/bin/debug/net9.0/contactservice.tests.dll" id="36fb9aff-37ba-d4cb-ac94-6c92c80db614">
      <Execution id="b074958b-3558-4c8a-9f1d-e5f150f669d8" />
      <TestMethod codeBase="/Users/r00t/Projects/PhoneBookApp/ContactService.Tests/bin/Debug/net9.0/ContactService.Tests.dll" adapterTypeName="executor://xunit/VsTestRunner3/netcore/" className="ContactService.Tests.Behaviors.CorrelationBehaviorTests" name="Handle_WithNullCorrelationId_ShouldStillProceed" />
    </UnitTest>
    <UnitTest name="ContactService.Tests.Repositories.ContactHistoryRepositoryTests.GetCountAsync_ShouldReturnTotalCount" storage="/users/r00t/projects/phonebookapp/contactservice.tests/bin/debug/net9.0/contactservice.tests.dll" id="f49e4b42-bf40-f395-8b13-c39186c2e908">
      <Execution id="78eecebb-1923-4d12-9195-4cce1bf9f1dd" />
      <TestMethod codeBase="/Users/r00t/Projects/PhoneBookApp/ContactService.Tests/bin/Debug/net9.0/ContactService.Tests.dll" adapterTypeName="executor://xunit/VsTestRunner3/netcore/" className="ContactService.Tests.Repositories.ContactHistoryRepositoryTests" name="GetCountAsync_ShouldReturnTotalCount" />
    </UnitTest>
    <UnitTest name="ContactService.Tests.Domain.Entities.OutboxEventTests.MarkAsFailed_WithTooLongErrorMessage_ShouldThrowException" storage="/users/r00t/projects/phonebookapp/contactservice.tests/bin/debug/net9.0/contactservice.tests.dll" id="d0b68fa2-8573-ff6a-1395-8672483d7840">
      <Execution id="1338128b-43cb-479a-a98a-f7541bb57ec2" />
      <TestMethod codeBase="/Users/r00t/Projects/PhoneBookApp/ContactService.Tests/bin/Debug/net9.0/ContactService.Tests.dll" adapterTypeName="executor://xunit/VsTestRunner3/netcore/" className="ContactService.Tests.Domain.Entities.OutboxEventTests" name="MarkAsFailed_WithTooLongErrorMessage_ShouldThrowException" />
    </UnitTest>
    <UnitTest name="ContactService.Tests.Repositories.ContactHistoryRepositoryTests.GetByCorrelationIdAsync_ShouldReturnMatchingHistories" storage="/users/r00t/projects/phonebookapp/contactservice.tests/bin/debug/net9.0/contactservice.tests.dll" id="9af79a75-7965-2857-a622-7a3e98c343ff">
      <Execution id="2270865a-25bf-446a-9473-b2312ead4ded" />
      <TestMethod codeBase="/Users/r00t/Projects/PhoneBookApp/ContactService.Tests/bin/Debug/net9.0/ContactService.Tests.dll" adapterTypeName="executor://xunit/VsTestRunner3/netcore/" className="ContactService.Tests.Repositories.ContactHistoryRepositoryTests" name="GetByCorrelationIdAsync_ShouldReturnMatchingHistories" />
    </UnitTest>
    <UnitTest name="ContactService.Tests.Repositories.AuditLogRepositoryStatisticsTests.GetStatisticsAsync_EmptyResult_ShouldReturnEmptyDictionary" storage="/users/r00t/projects/phonebookapp/contactservice.tests/bin/debug/net9.0/contactservice.tests.dll" id="26e6a1c0-a2f9-a0c2-b9ef-8fbf7a1b6d33">
      <Execution id="836757a1-48ea-419a-8833-b6fc9ea559cd" />
      <TestMethod codeBase="/Users/r00t/Projects/PhoneBookApp/ContactService.Tests/bin/Debug/net9.0/ContactService.Tests.dll" adapterTypeName="executor://xunit/VsTestRunner3/netcore/" className="ContactService.Tests.Repositories.AuditLogRepositoryStatisticsTests" name="GetStatisticsAsync_EmptyResult_ShouldReturnEmptyDictionary" />
    </UnitTest>
    <UnitTest name="ContactService.Tests.Services.ContactServiceDeleteTests.DeleteContactAsync_WhenRepositoryDeleteFails_ShouldReturnFalse" storage="/users/r00t/projects/phonebookapp/contactservice.tests/bin/debug/net9.0/contactservice.tests.dll" id="85ec67d1-c01a-0b2b-4f34-630d00ce6b9a">
      <Execution id="0f4feec8-47f3-4ad0-8a43-5e108f791418" />
      <TestMethod codeBase="/Users/r00t/Projects/PhoneBookApp/ContactService.Tests/bin/Debug/net9.0/ContactService.Tests.dll" adapterTypeName="executor://xunit/VsTestRunner3/netcore/" className="ContactService.Tests.Services.ContactServiceDeleteTests" name="DeleteContactAsync_WhenRepositoryDeleteFails_ShouldReturnFalse" />
    </UnitTest>
    <UnitTest name="ContactService.Tests.Repositories.MongoAuditLogRepositoryTests.GetByEntityAsync_ShouldReturnMatchingLogs" storage="/users/r00t/projects/phonebookapp/contactservice.tests/bin/debug/net9.0/contactservice.tests.dll" id="4b30f9ea-b537-a7a1-efa5-592a73cb7c4b">
      <Execution id="06ca4089-8075-4997-aa10-49be556d0f38" />
      <TestMethod codeBase="/Users/r00t/Projects/PhoneBookApp/ContactService.Tests/bin/Debug/net9.0/ContactService.Tests.dll" adapterTypeName="executor://xunit/VsTestRunner3/netcore/" className="ContactService.Tests.Repositories.MongoAuditLogRepositoryTests" name="GetByEntityAsync_ShouldReturnMatchingLogs" />
    </UnitTest>
    <UnitTest name="ContactService.Tests.Repositories.OutboxRepositoryTests.GetPendingEventsAsync_ShouldReturnPendingEvents" storage="/users/r00t/projects/phonebookapp/contactservice.tests/bin/debug/net9.0/contactservice.tests.dll" id="f01ae12c-0e66-79bc-93dc-f00b73c11376">
      <Execution id="4e22e2ab-66e0-4118-a252-3efab7525b1f" />
      <TestMethod codeBase="/Users/r00t/Projects/PhoneBookApp/ContactService.Tests/bin/Debug/net9.0/ContactService.Tests.dll" adapterTypeName="executor://xunit/VsTestRunner3/netcore/" className="ContactService.Tests.Repositories.OutboxRepositoryTests" name="GetPendingEventsAsync_ShouldReturnPendingEvents" />
    </UnitTest>
    <UnitTest name="ContactService.Tests.Domain.Entities.OutboxEventTests.Constructor_WithValidParams_ShouldCreateOutboxEvent" storage="/users/r00t/projects/phonebookapp/contactservice.tests/bin/debug/net9.0/contactservice.tests.dll" id="7f6c4745-1d82-b649-18d4-25add4972f5a">
      <Execution id="6d2d2064-25c6-411e-a6b5-849e01e176a4" />
      <TestMethod codeBase="/Users/r00t/Projects/PhoneBookApp/ContactService.Tests/bin/Debug/net9.0/ContactService.Tests.dll" adapterTypeName="executor://xunit/VsTestRunner3/netcore/" className="ContactService.Tests.Domain.Entities.OutboxEventTests" name="Constructor_WithValidParams_ShouldCreateOutboxEvent" />
    </UnitTest>
    <UnitTest name="ContactService.Tests.Services.CachedContactServiceTests.GetContactByIdAsync_WhenCached_ShouldReturnFromCache" storage="/users/r00t/projects/phonebookapp/contactservice.tests/bin/debug/net9.0/contactservice.tests.dll" id="c09b5bac-97e2-69a6-71fa-5538f74cad0e">
      <Execution id="c22b26d2-bfdd-4ce3-8ba3-51fb88758c2d" />
      <TestMethod codeBase="/Users/r00t/Projects/PhoneBookApp/ContactService.Tests/bin/Debug/net9.0/ContactService.Tests.dll" adapterTypeName="executor://xunit/VsTestRunner3/netcore/" className="ContactService.Tests.Services.CachedContactServiceTests" name="GetContactByIdAsync_WhenCached_ShouldReturnFromCache" />
    </UnitTest>
    <UnitTest name="ContactService.Tests.Repositories.ContactHistoryRepositoryTests.GetByContactIdAsync_ShouldReturnMatchingHistories" storage="/users/r00t/projects/phonebookapp/contactservice.tests/bin/debug/net9.0/contactservice.tests.dll" id="68f4590e-afad-f04b-97e1-69bd75d8d312">
      <Execution id="8c344428-8f7c-4692-8fe7-ff2eaa4bd353" />
      <TestMethod codeBase="/Users/r00t/Projects/PhoneBookApp/ContactService.Tests/bin/Debug/net9.0/ContactService.Tests.dll" adapterTypeName="executor://xunit/VsTestRunner3/netcore/" className="ContactService.Tests.Repositories.ContactHistoryRepositoryTests" name="GetByContactIdAsync_ShouldReturnMatchingHistories" />
    </UnitTest>
    <UnitTest name="ContactService.Tests.Services.OutboxServiceTests.ProcessFailedEventsAsync_WithNoFailedEvents_ShouldDoNothing" storage="/users/r00t/projects/phonebookapp/contactservice.tests/bin/debug/net9.0/contactservice.tests.dll" id="d4775dfa-cdea-3719-81f7-2f1b34fad721">
      <Execution id="b5b69288-fa23-442c-ae13-e651b1955027" />
      <TestMethod codeBase="/Users/r00t/Projects/PhoneBookApp/ContactService.Tests/bin/Debug/net9.0/ContactService.Tests.dll" adapterTypeName="executor://xunit/VsTestRunner3/netcore/" className="ContactService.Tests.Services.OutboxServiceTests" name="ProcessFailedEventsAsync_WithNoFailedEvents_ShouldDoNothing" />
    </UnitTest>
    <UnitTest name="ContactService.Tests.Domain.Entities.OutboxEventTests.ResetForRetry_WhenCanRetry_ShouldResetPendingStatus" storage="/users/r00t/projects/phonebookapp/contactservice.tests/bin/debug/net9.0/contactservice.tests.dll" id="4130d9e3-b9f1-b341-98f5-f97ea5152121">
      <Execution id="f5909bec-0531-47b6-a042-7e5d36094e53" />
      <TestMethod codeBase="/Users/r00t/Projects/PhoneBookApp/ContactService.Tests/bin/Debug/net9.0/ContactService.Tests.dll" adapterTypeName="executor://xunit/VsTestRunner3/netcore/" className="ContactService.Tests.Domain.Entities.OutboxEventTests" name="ResetForRetry_WhenCanRetry_ShouldResetPendingStatus" />
    </UnitTest>
    <UnitTest name="ContactService.Tests.Controllers.ContactsControllerTests.GetLocationStatistics_WhenSuccessful_ReturnsOkResult" storage="/users/r00t/projects/phonebookapp/contactservice.tests/bin/debug/net9.0/contactservice.tests.dll" id="86d12d44-2a3f-2f8e-2584-6f4b5918681f">
      <Execution id="11e3dbe0-c388-4aa1-80dc-1f4512602c3f" />
      <TestMethod codeBase="/Users/r00t/Projects/PhoneBookApp/ContactService.Tests/bin/Debug/net9.0/ContactService.Tests.dll" adapterTypeName="executor://xunit/VsTestRunner3/netcore/" className="ContactService.Tests.Controllers.ContactsControllerTests" name="GetLocationStatistics_WhenSuccessful_ReturnsOkResult" />
    </UnitTest>
    <UnitTest name="ContactService.Tests.Services.CorrelationContextTests.SetCorrelationId_WhenHttpContextIsNull_ShouldNotThrowException" storage="/users/r00t/projects/phonebookapp/contactservice.tests/bin/debug/net9.0/contactservice.tests.dll" id="6556c299-6bb4-5ec5-984e-fa52257e87b6">
      <Execution id="2f3b1eb4-b103-4163-bbad-f0eabff090cc" />
      <TestMethod codeBase="/Users/r00t/Projects/PhoneBookApp/ContactService.Tests/bin/Debug/net9.0/ContactService.Tests.dll" adapterTypeName="executor://xunit/VsTestRunner3/netcore/" className="ContactService.Tests.Services.CorrelationContextTests" name="SetCorrelationId_WhenHttpContextIsNull_ShouldNotThrowException" />
    </UnitTest>
    <UnitTest name="ContactService.Tests.Domain.Entities.OutboxEventTests.Constructor_WithInvalidCorrelationId_ShouldThrowException(correlationId: &quot;&quot;)" storage="/users/r00t/projects/phonebookapp/contactservice.tests/bin/debug/net9.0/contactservice.tests.dll" id="1bd7f86d-2011-8cdd-1461-8bc55c96d5ec">
      <Execution id="6f267c86-11bf-43d0-ab73-5f8878a0e42c" />
      <TestMethod codeBase="/Users/r00t/Projects/PhoneBookApp/ContactService.Tests/bin/Debug/net9.0/ContactService.Tests.dll" adapterTypeName="executor://xunit/VsTestRunner3/netcore/" className="ContactService.Tests.Domain.Entities.OutboxEventTests" name="Constructor_WithInvalidCorrelationId_ShouldThrowException" />
    </UnitTest>
    <UnitTest name="ContactService.Tests.Repositories.InterfaceAuditLogRepositoryTests.GetByEntityAsync_ShouldReturnMatchingLogs" storage="/users/r00t/projects/phonebookapp/contactservice.tests/bin/debug/net9.0/contactservice.tests.dll" id="b6c828fb-1149-e056-1671-a94ef68bd512">
      <Execution id="88a2c944-3bbc-4877-9936-89d4ec6ed39a" />
      <TestMethod codeBase="/Users/r00t/Projects/PhoneBookApp/ContactService.Tests/bin/Debug/net9.0/ContactService.Tests.dll" adapterTypeName="executor://xunit/VsTestRunner3/netcore/" className="ContactService.Tests.Repositories.InterfaceAuditLogRepositoryTests" name="GetByEntityAsync_ShouldReturnMatchingLogs" />
    </UnitTest>
    <UnitTest name="ContactService.Tests.Services.ContactServiceDeleteTests.DeleteContactAsync_WithNonExistingContact_ShouldReturnFalse" storage="/users/r00t/projects/phonebookapp/contactservice.tests/bin/debug/net9.0/contactservice.tests.dll" id="8de77c86-eebf-ad05-8f7b-74fbfb433670">
      <Execution id="30fdbe50-c3b1-4c3b-8887-3b02fac74884" />
      <TestMethod codeBase="/Users/r00t/Projects/PhoneBookApp/ContactService.Tests/bin/Debug/net9.0/ContactService.Tests.dll" adapterTypeName="executor://xunit/VsTestRunner3/netcore/" className="ContactService.Tests.Services.ContactServiceDeleteTests" name="DeleteContactAsync_WithNonExistingContact_ShouldReturnFalse" />
    </UnitTest>
    <UnitTest name="ContactService.Tests.Repositories.OutboxRepositoryTests.GetFailedEventCountAsync_ShouldReturnCorrectCount" storage="/users/r00t/projects/phonebookapp/contactservice.tests/bin/debug/net9.0/contactservice.tests.dll" id="ed0c8e56-34d1-1232-b36f-39c6723bf222">
      <Execution id="83648418-d70c-433e-a30b-2aba06cf0705" />
      <TestMethod codeBase="/Users/r00t/Projects/PhoneBookApp/ContactService.Tests/bin/Debug/net9.0/ContactService.Tests.dll" adapterTypeName="executor://xunit/VsTestRunner3/netcore/" className="ContactService.Tests.Repositories.OutboxRepositoryTests" name="GetFailedEventCountAsync_ShouldReturnCorrectCount" />
    </UnitTest>
    <UnitTest name="ContactService.Tests.Domain.Entities.OutboxEventTests.MarkAsProcessed_WhenNotPending_ShouldThrowException" storage="/users/r00t/projects/phonebookapp/contactservice.tests/bin/debug/net9.0/contactservice.tests.dll" id="00fd1338-185a-d067-df64-aa127ee360f6">
      <Execution id="2e17c23a-bacc-4cd3-a82d-969b317c810c" />
      <TestMethod codeBase="/Users/r00t/Projects/PhoneBookApp/ContactService.Tests/bin/Debug/net9.0/ContactService.Tests.dll" adapterTypeName="executor://xunit/VsTestRunner3/netcore/" className="ContactService.Tests.Domain.Entities.OutboxEventTests" name="MarkAsProcessed_WhenNotPending_ShouldThrowException" />
    </UnitTest>
    <UnitTest name="ContactService.Tests.Services.ContactServiceMainTestsFixed.RemoveContactInfoAsync_WhenContactInfoExists_ShouldRemoveInfoAndAddToHistory" storage="/users/r00t/projects/phonebookapp/contactservice.tests/bin/debug/net9.0/contactservice.tests.dll" id="d81a05aa-4346-449f-6254-59c6d8218662">
      <Execution id="298dcc92-f79a-47af-beaf-c959a77407bc" />
      <TestMethod codeBase="/Users/r00t/Projects/PhoneBookApp/ContactService.Tests/bin/Debug/net9.0/ContactService.Tests.dll" adapterTypeName="executor://xunit/VsTestRunner3/netcore/" className="ContactService.Tests.Services.ContactServiceMainTestsFixed" name="RemoveContactInfoAsync_WhenContactInfoExists_ShouldRemoveInfoAndAddToHistory" />
    </UnitTest>
    <UnitTest name="ContactService.Tests.Domain.Entities.ContactHistoryTests.Constructor_WithInvalidOperationType_ShouldThrowException(operationType: &quot;&quot;)" storage="/users/r00t/projects/phonebookapp/contactservice.tests/bin/debug/net9.0/contactservice.tests.dll" id="5c2a96c8-3dca-1622-37ae-ff6c2d99a78a">
      <Execution id="a6837333-f646-4534-9e32-6c8ed0552335" />
      <TestMethod codeBase="/Users/r00t/Projects/PhoneBookApp/ContactService.Tests/bin/Debug/net9.0/ContactService.Tests.dll" adapterTypeName="executor://xunit/VsTestRunner3/netcore/" className="ContactService.Tests.Domain.Entities.ContactHistoryTests" name="Constructor_WithInvalidOperationType_ShouldThrowException" />
    </UnitTest>
    <UnitTest name="ContactService.Tests.Services.ContactServiceApplicationTests.RemoveContactInfoAsync_ReturnsBoolean" storage="/users/r00t/projects/phonebookapp/contactservice.tests/bin/debug/net9.0/contactservice.tests.dll" id="28e6a20e-d88f-2705-d7cd-30f645e1fda4">
      <Execution id="8c47180b-3b2e-453e-8237-71c6f2addebb" />
      <TestMethod codeBase="/Users/r00t/Projects/PhoneBookApp/ContactService.Tests/bin/Debug/net9.0/ContactService.Tests.dll" adapterTypeName="executor://xunit/VsTestRunner3/netcore/" className="ContactService.Tests.Services.ContactServiceApplicationTests" name="RemoveContactInfoAsync_ReturnsBoolean" />
    </UnitTest>
    <UnitTest name="ContactService.Tests.Domain.Entities.ContactTests.Contact_Creation_Should_Throw_Exception_When_Invalid_Name(firstName: &quot; &quot;, lastName: &quot;Doe&quot;, company: &quot;ACME&quot;)" storage="/users/r00t/projects/phonebookapp/contactservice.tests/bin/debug/net9.0/contactservice.tests.dll" id="0a12353c-6cc1-fc38-327e-7eb2020ce17a">
      <Execution id="86b1e843-0cf8-46a4-8b38-a907ebfbe5d7" />
      <TestMethod codeBase="/Users/r00t/Projects/PhoneBookApp/ContactService.Tests/bin/Debug/net9.0/ContactService.Tests.dll" adapterTypeName="executor://xunit/VsTestRunner3/netcore/" className="ContactService.Tests.Domain.Entities.ContactTests" name="Contact_Creation_Should_Throw_Exception_When_Invalid_Name" />
    </UnitTest>
    <UnitTest name="ContactService.Tests.Services.ContactServiceTestsFixed.RemoveContactInfoAsync_WithNonExistingContactInfo_ShouldReturnFalse" storage="/users/r00t/projects/phonebookapp/contactservice.tests/bin/debug/net9.0/contactservice.tests.dll" id="e2894dc0-50cd-a92e-7e49-3d7b97d728a6">
      <Execution id="684dba89-62d9-4e25-823d-d92179a3835d" />
      <TestMethod codeBase="/Users/r00t/Projects/PhoneBookApp/ContactService.Tests/bin/Debug/net9.0/ContactService.Tests.dll" adapterTypeName="executor://xunit/VsTestRunner3/netcore/" className="ContactService.Tests.Services.ContactServiceTestsFixed" name="RemoveContactInfoAsync_WithNonExistingContactInfo_ShouldReturnFalse" />
    </UnitTest>
    <UnitTest name="ContactService.Tests.Services.ContactServiceMainTestsFixed.AddContactInfoAsync_WhenContactExists_ShouldAddInfoAndAddToHistory" storage="/users/r00t/projects/phonebookapp/contactservice.tests/bin/debug/net9.0/contactservice.tests.dll" id="7a45942a-3b30-94eb-c36a-c8382837d4e3">
      <Execution id="9ee6158a-e8dd-4b7b-8046-af1aa7e479fa" />
      <TestMethod codeBase="/Users/r00t/Projects/PhoneBookApp/ContactService.Tests/bin/Debug/net9.0/ContactService.Tests.dll" adapterTypeName="executor://xunit/VsTestRunner3/netcore/" className="ContactService.Tests.Services.ContactServiceMainTestsFixed" name="AddContactInfoAsync_WhenContactExists_ShouldAddInfoAndAddToHistory" />
    </UnitTest>
    <UnitTest name="ContactService.Tests.Repositories.InterfaceAuditLogRepositoryTests.DeleteOldLogsAsync_ShouldReturnDeletedCount" storage="/users/r00t/projects/phonebookapp/contactservice.tests/bin/debug/net9.0/contactservice.tests.dll" id="978172cb-2abb-e079-c46c-cb5cdeac9d07">
      <Execution id="3946ca6c-5047-43a9-be61-fa8f6a2c55e8" />
      <TestMethod codeBase="/Users/r00t/Projects/PhoneBookApp/ContactService.Tests/bin/Debug/net9.0/ContactService.Tests.dll" adapterTypeName="executor://xunit/VsTestRunner3/netcore/" className="ContactService.Tests.Repositories.InterfaceAuditLogRepositoryTests" name="DeleteOldLogsAsync_ShouldReturnDeletedCount" />
    </UnitTest>
    <UnitTest name="ContactService.Tests.Domain.Entities.OutboxEventTests.MarkAsProcessed_WhenPending_ShouldUpdateStatus" storage="/users/r00t/projects/phonebookapp/contactservice.tests/bin/debug/net9.0/contactservice.tests.dll" id="ebc1e7bb-8a9c-9b8e-bcd1-99f7525bedd1">
      <Execution id="e2172967-e751-41fc-8248-a55dbe6742b3" />
      <TestMethod codeBase="/Users/r00t/Projects/PhoneBookApp/ContactService.Tests/bin/Debug/net9.0/ContactService.Tests.dll" adapterTypeName="executor://xunit/VsTestRunner3/netcore/" className="ContactService.Tests.Domain.Entities.OutboxEventTests" name="MarkAsProcessed_WhenPending_ShouldUpdateStatus" />
    </UnitTest>
    <UnitTest name="ContactService.Tests.Services.ContactServiceUpdateTests.UpdateContactAsync_WithEmptyName_ShouldThrowArgumentException" storage="/users/r00t/projects/phonebookapp/contactservice.tests/bin/debug/net9.0/contactservice.tests.dll" id="8660af85-f3fe-d074-bdd1-80aff98c82cd">
      <Execution id="0ead67f1-ac11-4af9-97b9-b02fee703fa6" />
      <TestMethod codeBase="/Users/r00t/Projects/PhoneBookApp/ContactService.Tests/bin/Debug/net9.0/ContactService.Tests.dll" adapterTypeName="executor://xunit/VsTestRunner3/netcore/" className="ContactService.Tests.Services.ContactServiceUpdateTests" name="UpdateContactAsync_WithEmptyName_ShouldThrowArgumentException" />
    </UnitTest>
    <UnitTest name="ContactService.Tests.Services.ContactServiceAddContactInfoTests.AddContactInfoAsync_WithEmptyContent_ShouldThrowArgumentException" storage="/users/r00t/projects/phonebookapp/contactservice.tests/bin/debug/net9.0/contactservice.tests.dll" id="968c4a1e-cc0c-b858-8e0b-528ac5858b80">
      <Execution id="2b207c0e-4065-406d-808d-4e817e34fae0" />
      <TestMethod codeBase="/Users/r00t/Projects/PhoneBookApp/ContactService.Tests/bin/Debug/net9.0/ContactService.Tests.dll" adapterTypeName="executor://xunit/VsTestRunner3/netcore/" className="ContactService.Tests.Services.ContactServiceAddContactInfoTests" name="AddContactInfoAsync_WithEmptyContent_ShouldThrowArgumentException" />
    </UnitTest>
    <UnitTest name="ContactService.Tests.Repositories.InterfaceAuditLogRepositoryTests.GetStatisticsAsync_ShouldReturnStatistics" storage="/users/r00t/projects/phonebookapp/contactservice.tests/bin/debug/net9.0/contactservice.tests.dll" id="e5b3f3f9-815f-19a6-4803-fcfa541b2e01">
      <Execution id="a932c223-32c1-4700-8bdb-47d1b0371314" />
      <TestMethod codeBase="/Users/r00t/Projects/PhoneBookApp/ContactService.Tests/bin/Debug/net9.0/ContactService.Tests.dll" adapterTypeName="executor://xunit/VsTestRunner3/netcore/" className="ContactService.Tests.Repositories.InterfaceAuditLogRepositoryTests" name="GetStatisticsAsync_ShouldReturnStatistics" />
    </UnitTest>
    <UnitTest name="ContactService.Tests.Repositories.ContactHistoryRepositoryTests.DeleteOldHistoryRecordsAsync_ShouldRemoveOldRecords" storage="/users/r00t/projects/phonebookapp/contactservice.tests/bin/debug/net9.0/contactservice.tests.dll" id="fdea8046-f0e6-7536-6833-67c3c9d76e1a">
      <Execution id="b45c18ba-790f-4796-b3ce-6024319914f4" />
      <TestMethod codeBase="/Users/r00t/Projects/PhoneBookApp/ContactService.Tests/bin/Debug/net9.0/ContactService.Tests.dll" adapterTypeName="executor://xunit/VsTestRunner3/netcore/" className="ContactService.Tests.Repositories.ContactHistoryRepositoryTests" name="DeleteOldHistoryRecordsAsync_ShouldRemoveOldRecords" />
    </UnitTest>
    <UnitTest name="ContactService.Tests.Domain.Entities.ContactTests.Contact_Creation_Should_Set_Properties_Correctly" storage="/users/r00t/projects/phonebookapp/contactservice.tests/bin/debug/net9.0/contactservice.tests.dll" id="edf6a030-20b7-5099-4eae-89f53653ee9c">
      <Execution id="5efbd56e-042b-4de3-b282-708f8af3642f" />
      <TestMethod codeBase="/Users/r00t/Projects/PhoneBookApp/ContactService.Tests/bin/Debug/net9.0/ContactService.Tests.dll" adapterTypeName="executor://xunit/VsTestRunner3/netcore/" className="ContactService.Tests.Domain.Entities.ContactTests" name="Contact_Creation_Should_Set_Properties_Correctly" />
    </UnitTest>
    <UnitTest name="ContactService.Tests.Repositories.MongoAuditLogRepositoryStatisticsTests.GetActionStatisticsAsync_EmptyResult_ShouldReturnEmptyDictionary" storage="/users/r00t/projects/phonebookapp/contactservice.tests/bin/debug/net9.0/contactservice.tests.dll" id="b9ba7b92-fecc-019d-a8e3-8e9f17a30de8">
      <Execution id="1ee91389-0ec4-4c72-892a-e2bd1ac7bc04" />
      <TestMethod codeBase="/Users/r00t/Projects/PhoneBookApp/ContactService.Tests/bin/Debug/net9.0/ContactService.Tests.dll" adapterTypeName="executor://xunit/VsTestRunner3/netcore/" className="ContactService.Tests.Repositories.MongoAuditLogRepositoryStatisticsTests" name="GetActionStatisticsAsync_EmptyResult_ShouldReturnEmptyDictionary" />
    </UnitTest>
    <UnitTest name="ContactService.Tests.Repositories.MongoAuditLogRepositoryTests.IsHealthyAsync_WhenExceptionOccurs_ShouldReturnFalse" storage="/users/r00t/projects/phonebookapp/contactservice.tests/bin/debug/net9.0/contactservice.tests.dll" id="7856bcf6-78cf-2577-2caa-e3d197c45750">
      <Execution id="1b74744e-9f86-46b8-9a1c-49f5e45718df" />
      <TestMethod codeBase="/Users/r00t/Projects/PhoneBookApp/ContactService.Tests/bin/Debug/net9.0/ContactService.Tests.dll" adapterTypeName="executor://xunit/VsTestRunner3/netcore/" className="ContactService.Tests.Repositories.MongoAuditLogRepositoryTests" name="IsHealthyAsync_WhenExceptionOccurs_ShouldReturnFalse" />
    </UnitTest>
    <UnitTest name="ContactService.Tests.Services.CachedContactServiceTests.ContactExistsAsync_WhenNotCached_ShouldCheckBaseService" storage="/users/r00t/projects/phonebookapp/contactservice.tests/bin/debug/net9.0/contactservice.tests.dll" id="ffe4db92-54b1-7f83-8271-8dae375000c7">
      <Execution id="f4f00b61-9033-42af-894f-2bd67a5cefb5" />
      <TestMethod codeBase="/Users/r00t/Projects/PhoneBookApp/ContactService.Tests/bin/Debug/net9.0/ContactService.Tests.dll" adapterTypeName="executor://xunit/VsTestRunner3/netcore/" className="ContactService.Tests.Services.CachedContactServiceTests" name="ContactExistsAsync_WhenNotCached_ShouldCheckBaseService" />
    </UnitTest>
    <UnitTest name="ContactService.Tests.Services.OutboxServiceTests.ProcessPendingEventsAsync_WithPendingEvents_ShouldProcessEach" storage="/users/r00t/projects/phonebookapp/contactservice.tests/bin/debug/net9.0/contactservice.tests.dll" id="b3dc4973-fbc6-b2d1-2ad8-7683f7464d71">
      <Execution id="777b873e-a059-4823-b776-9ea6cebfdb68" />
      <TestMethod codeBase="/Users/r00t/Projects/PhoneBookApp/ContactService.Tests/bin/Debug/net9.0/ContactService.Tests.dll" adapterTypeName="executor://xunit/VsTestRunner3/netcore/" className="ContactService.Tests.Services.OutboxServiceTests" name="ProcessPendingEventsAsync_WithPendingEvents_ShouldProcessEach" />
    </UnitTest>
    <UnitTest name="ContactService.Tests.Behaviors.ValidationBehaviorTests.Handle_WithNoValidators_ShouldProceedWithRequest" storage="/users/r00t/projects/phonebookapp/contactservice.tests/bin/debug/net9.0/contactservice.tests.dll" id="a2ad692f-e493-e305-4bd6-5595a6240365">
      <Execution id="da21c6c5-4d1f-4376-a164-9263846ca36a" />
      <TestMethod codeBase="/Users/r00t/Projects/PhoneBookApp/ContactService.Tests/bin/Debug/net9.0/ContactService.Tests.dll" adapterTypeName="executor://xunit/VsTestRunner3/netcore/" className="ContactService.Tests.Behaviors.ValidationBehaviorTests" name="Handle_WithNoValidators_ShouldProceedWithRequest" />
    </UnitTest>
    <UnitTest name="ContactService.Tests.Services.ContactServiceApplicationTests.GetContactsFilterByLocation_ReturnsPagedResult" storage="/users/r00t/projects/phonebookapp/contactservice.tests/bin/debug/net9.0/contactservice.tests.dll" id="bc45d484-3cde-d461-9e43-307b5df57b1a">
      <Execution id="b9d116fb-bf02-40e1-b969-74061e43c91d" />
      <TestMethod codeBase="/Users/r00t/Projects/PhoneBookApp/ContactService.Tests/bin/Debug/net9.0/ContactService.Tests.dll" adapterTypeName="executor://xunit/VsTestRunner3/netcore/" className="ContactService.Tests.Services.ContactServiceApplicationTests" name="GetContactsFilterByLocation_ReturnsPagedResult" />
    </UnitTest>
    <UnitTest name="ContactService.Tests.Controllers.ContactsControllerTests.UpdateContact_WhenSuccessful_ReturnsOk" storage="/users/r00t/projects/phonebookapp/contactservice.tests/bin/debug/net9.0/contactservice.tests.dll" id="0d3459bc-e8cb-d47f-59e8-c2b017caff6f">
      <Execution id="cff59939-05d5-40df-822b-ef77e1c1fe22" />
      <TestMethod codeBase="/Users/r00t/Projects/PhoneBookApp/ContactService.Tests/bin/Debug/net9.0/ContactService.Tests.dll" adapterTypeName="executor://xunit/VsTestRunner3/netcore/" className="ContactService.Tests.Controllers.ContactsControllerTests" name="UpdateContact_WhenSuccessful_ReturnsOk" />
    </UnitTest>
    <UnitTest name="ContactService.Tests.Services.CorrelationContextTests.SetCorrelationId_ShouldAddToResponseHeader" storage="/users/r00t/projects/phonebookapp/contactservice.tests/bin/debug/net9.0/contactservice.tests.dll" id="3cdf2a61-6bbf-5700-dfe9-37f3eb629d2e">
      <Execution id="97c74939-fb5a-4c02-ad46-9ea1f46ad77b" />
      <TestMethod codeBase="/Users/r00t/Projects/PhoneBookApp/ContactService.Tests/bin/Debug/net9.0/ContactService.Tests.dll" adapterTypeName="executor://xunit/VsTestRunner3/netcore/" className="ContactService.Tests.Services.CorrelationContextTests" name="SetCorrelationId_ShouldAddToResponseHeader" />
    </UnitTest>
    <UnitTest name="ContactService.Tests.Services.OutboxServiceTests.ProcessPendingEventsAsync_WithNoPendingEvents_ShouldDoNothing" storage="/users/r00t/projects/phonebookapp/contactservice.tests/bin/debug/net9.0/contactservice.tests.dll" id="0ff85cf5-a2d8-d8fc-ca9b-bb20d44148c4">
      <Execution id="4bdcd97f-1780-4607-9a2b-9dce87301d7e" />
      <TestMethod codeBase="/Users/r00t/Projects/PhoneBookApp/ContactService.Tests/bin/Debug/net9.0/ContactService.Tests.dll" adapterTypeName="executor://xunit/VsTestRunner3/netcore/" className="ContactService.Tests.Services.OutboxServiceTests" name="ProcessPendingEventsAsync_WithNoPendingEvents_ShouldDoNothing" />
    </UnitTest>
    <UnitTest name="ContactService.Tests.Behaviors.ValidationBehaviorTests.Handle_WithMultipleValidators_ShouldCombineErrors" storage="/users/r00t/projects/phonebookapp/contactservice.tests/bin/debug/net9.0/contactservice.tests.dll" id="8df8dd58-ba1d-55ba-a3fa-2d529bc5271b">
      <Execution id="176e5dbf-b679-434b-8880-53beb16a20bc" />
      <TestMethod codeBase="/Users/r00t/Projects/PhoneBookApp/ContactService.Tests/bin/Debug/net9.0/ContactService.Tests.dll" adapterTypeName="executor://xunit/VsTestRunner3/netcore/" className="ContactService.Tests.Behaviors.ValidationBehaviorTests" name="Handle_WithMultipleValidators_ShouldCombineErrors" />
    </UnitTest>
    <UnitTest name="ContactService.Tests.Validations.CreateContactCommandValidatorTests.Validate_ContactInfosIsNull_ShouldFailValidation" storage="/users/r00t/projects/phonebookapp/contactservice.tests/bin/debug/net9.0/contactservice.tests.dll" id="ba2d4a45-cead-340a-a63e-a43a127065b8">
      <Execution id="2dca2578-ba08-4f20-a883-6de6dee688a5" />
      <TestMethod codeBase="/Users/r00t/Projects/PhoneBookApp/ContactService.Tests/bin/Debug/net9.0/ContactService.Tests.dll" adapterTypeName="executor://xunit/VsTestRunner3/netcore/" className="ContactService.Tests.Validations.CreateContactCommandValidatorTests" name="Validate_ContactInfosIsNull_ShouldFailValidation" />
    </UnitTest>
    <UnitTest name="ContactService.Tests.Services.CachedContactServiceTests.GetAllContactsAsync_WhenCached_ShouldReturnFromCache" storage="/users/r00t/projects/phonebookapp/contactservice.tests/bin/debug/net9.0/contactservice.tests.dll" id="31707ac5-8110-d92b-cdd7-b34a62fc2def">
      <Execution id="facc9949-1223-4c9a-aeee-b8dc87fbaf01" />
      <TestMethod codeBase="/Users/r00t/Projects/PhoneBookApp/ContactService.Tests/bin/Debug/net9.0/ContactService.Tests.dll" adapterTypeName="executor://xunit/VsTestRunner3/netcore/" className="ContactService.Tests.Services.CachedContactServiceTests" name="GetAllContactsAsync_WhenCached_ShouldReturnFromCache" />
    </UnitTest>
    <UnitTest name="ContactService.Tests.Services.ContactServiceMainTestsFixed.UpdateContactAsync_WhenContactExists_ShouldUpdateContactAndAddToHistory" storage="/users/r00t/projects/phonebookapp/contactservice.tests/bin/debug/net9.0/contactservice.tests.dll" id="93e00a94-e360-dd4d-fa61-85de87dbb093">
      <Execution id="42abcf43-23c2-425c-a177-5d4b685748f4" />
      <TestMethod codeBase="/Users/r00t/Projects/PhoneBookApp/ContactService.Tests/bin/Debug/net9.0/ContactService.Tests.dll" adapterTypeName="executor://xunit/VsTestRunner3/netcore/" className="ContactService.Tests.Services.ContactServiceMainTestsFixed" name="UpdateContactAsync_WhenContactExists_ShouldUpdateContactAndAddToHistory" />
    </UnitTest>
    <UnitTest name="ContactService.Tests.Workers.OutboxProcessorWorkerTests.StopAsync_ShouldLogError_WhenProcessingRemainingEventsFails" storage="/users/r00t/projects/phonebookapp/contactservice.tests/bin/debug/net9.0/contactservice.tests.dll" id="e692ca4f-6d6b-7fc0-48f7-fd4b7d1742b6">
      <Execution id="374eefa4-3364-4613-95e1-dd58125c2a3b" />
      <TestMethod codeBase="/Users/r00t/Projects/PhoneBookApp/ContactService.Tests/bin/Debug/net9.0/ContactService.Tests.dll" adapterTypeName="executor://xunit/VsTestRunner3/netcore/" className="ContactService.Tests.Workers.OutboxProcessorWorkerTests" name="StopAsync_ShouldLogError_WhenProcessingRemainingEventsFails" />
    </UnitTest>
    <UnitTest name="ContactService.Tests.Services.OutboxServiceTests.ProcessSingleEvent_WhenKafkaPublishFails_ShouldMarkAsFailed" storage="/users/r00t/projects/phonebookapp/contactservice.tests/bin/debug/net9.0/contactservice.tests.dll" id="4ad07b80-ee72-21d8-5f3c-d88f0480c084">
      <Execution id="df08d294-e79e-491e-a68f-c7de5443a3ff" />
      <TestMethod codeBase="/Users/r00t/Projects/PhoneBookApp/ContactService.Tests/bin/Debug/net9.0/ContactService.Tests.dll" adapterTypeName="executor://xunit/VsTestRunner3/netcore/" className="ContactService.Tests.Services.OutboxServiceTests" name="ProcessSingleEvent_WhenKafkaPublishFails_ShouldMarkAsFailed" />
    </UnitTest>
    <UnitTest name="ContactService.Tests.Domain.Entities.OutboxEventTests.GetEventData_WithValidData_ShouldDeserializeCorrectly" storage="/users/r00t/projects/phonebookapp/contactservice.tests/bin/debug/net9.0/contactservice.tests.dll" id="d27f4976-40ef-61ce-b0e6-f39fa4846412">
      <Execution id="db106346-c6da-4114-8eb6-559ca4fea650" />
      <TestMethod codeBase="/Users/r00t/Projects/PhoneBookApp/ContactService.Tests/bin/Debug/net9.0/ContactService.Tests.dll" adapterTypeName="executor://xunit/VsTestRunner3/netcore/" className="ContactService.Tests.Domain.Entities.OutboxEventTests" name="GetEventData_WithValidData_ShouldDeserializeCorrectly" />
    </UnitTest>
    <UnitTest name="ContactService.Tests.Services.ContactServiceMainTests.RemoveContactInfoAsync_WhenContactNotExists_ShouldReturnFalse" storage="/users/r00t/projects/phonebookapp/contactservice.tests/bin/debug/net9.0/contactservice.tests.dll" id="1da84cc3-d68d-1fd0-8553-02c4d595a768">
      <Execution id="73bdd8cb-c78e-43e3-a701-108eada7b74f" />
      <TestMethod codeBase="/Users/r00t/Projects/PhoneBookApp/ContactService.Tests/bin/Debug/net9.0/ContactService.Tests.dll" adapterTypeName="executor://xunit/VsTestRunner3/netcore/" className="ContactService.Tests.Services.ContactServiceMainTests" name="RemoveContactInfoAsync_WhenContactNotExists_ShouldReturnFalse" />
    </UnitTest>
    <UnitTest name="ContactService.Tests.Repositories.InterfaceAuditLogRepositoryTests.GetActionStatisticsAsync_ShouldReturnActionCounts" storage="/users/r00t/projects/phonebookapp/contactservice.tests/bin/debug/net9.0/contactservice.tests.dll" id="2827477e-050e-5a38-862a-32215e73197e">
      <Execution id="6d268184-8d44-4845-9c1a-334cc18f410f" />
      <TestMethod codeBase="/Users/r00t/Projects/PhoneBookApp/ContactService.Tests/bin/Debug/net9.0/ContactService.Tests.dll" adapterTypeName="executor://xunit/VsTestRunner3/netcore/" className="ContactService.Tests.Repositories.InterfaceAuditLogRepositoryTests" name="GetActionStatisticsAsync_ShouldReturnActionCounts" />
    </UnitTest>
    <UnitTest name="ContactService.Tests.Domain.Entities.ContactInfoTests.ContactInfo_Creation_Should_Throw_Exception_When_Invalid_Content(infoType: EmailAddress, content: &quot;invalid-email&quot;)" storage="/users/r00t/projects/phonebookapp/contactservice.tests/bin/debug/net9.0/contactservice.tests.dll" id="4efe6a47-d4b9-e826-13f7-91a5b3fe801b">
      <Execution id="78f69970-3bfe-42ca-a1f2-3d2dcef1a5be" />
      <TestMethod codeBase="/Users/r00t/Projects/PhoneBookApp/ContactService.Tests/bin/Debug/net9.0/ContactService.Tests.dll" adapterTypeName="executor://xunit/VsTestRunner3/netcore/" className="ContactService.Tests.Domain.Entities.ContactInfoTests" name="ContactInfo_Creation_Should_Throw_Exception_When_Invalid_Content" />
    </UnitTest>
    <UnitTest name="ContactService.Tests.Services.ContactServiceTestsFixed.GetContactByIdAsync_NonExistingId_ShouldReturnNull" storage="/users/r00t/projects/phonebookapp/contactservice.tests/bin/debug/net9.0/contactservice.tests.dll" id="b94d01d2-2482-f1ee-e579-e0328069493a">
      <Execution id="309fab51-1c79-4a00-b6dd-0469eba91f25" />
      <TestMethod codeBase="/Users/r00t/Projects/PhoneBookApp/ContactService.Tests/bin/Debug/net9.0/ContactService.Tests.dll" adapterTypeName="executor://xunit/VsTestRunner3/netcore/" className="ContactService.Tests.Services.ContactServiceTestsFixed" name="GetContactByIdAsync_NonExistingId_ShouldReturnNull" />
    </UnitTest>
    <UnitTest name="ContactService.Tests.Repositories.InterfaceAuditLogRepositoryTests.IsHealthyAsync_ShouldReturnRepositoryHealth" storage="/users/r00t/projects/phonebookapp/contactservice.tests/bin/debug/net9.0/contactservice.tests.dll" id="2df730f4-0d43-174e-9923-44bcaeefaf6d">
      <Execution id="6b2b0a65-a79c-401f-ab64-a4584e109253" />
      <TestMethod codeBase="/Users/r00t/Projects/PhoneBookApp/ContactService.Tests/bin/Debug/net9.0/ContactService.Tests.dll" adapterTypeName="executor://xunit/VsTestRunner3/netcore/" className="ContactService.Tests.Repositories.InterfaceAuditLogRepositoryTests" name="IsHealthyAsync_ShouldReturnRepositoryHealth" />
    </UnitTest>
    <UnitTest name="ContactService.Tests.Controllers.ContactsControllerTests.GetContactsByLocation_WhenSuccessful_ReturnsOkResult" storage="/users/r00t/projects/phonebookapp/contactservice.tests/bin/debug/net9.0/contactservice.tests.dll" id="1eb9a523-76fe-3efa-4d0c-3f8d59bfe591">
      <Execution id="67b2df4b-8c72-48d3-80f8-b92a19e72b6e" />
      <TestMethod codeBase="/Users/r00t/Projects/PhoneBookApp/ContactService.Tests/bin/Debug/net9.0/ContactService.Tests.dll" adapterTypeName="executor://xunit/VsTestRunner3/netcore/" className="ContactService.Tests.Controllers.ContactsControllerTests" name="GetContactsByLocation_WhenSuccessful_ReturnsOkResult" />
    </UnitTest>
    <UnitTest name="ContactService.Tests.Services.ContactServiceTestsFixed.AddContactInfoAsync_WithNonExistingContact_ShouldReturnNull" storage="/users/r00t/projects/phonebookapp/contactservice.tests/bin/debug/net9.0/contactservice.tests.dll" id="e1004f18-4443-4ff8-66a9-3013d39e6a45">
      <Execution id="23ad0dca-fef0-41df-9ebc-40e86b4a4619" />
      <TestMethod codeBase="/Users/r00t/Projects/PhoneBookApp/ContactService.Tests/bin/Debug/net9.0/ContactService.Tests.dll" adapterTypeName="executor://xunit/VsTestRunner3/netcore/" className="ContactService.Tests.Services.ContactServiceTestsFixed" name="AddContactInfoAsync_WithNonExistingContact_ShouldReturnNull" />
    </UnitTest>
    <UnitTest name="ContactService.Tests.Validations.CreateContactCommandValidatorTests.Validate_CompanyExceedsMaxLength_ShouldFailValidation" storage="/users/r00t/projects/phonebookapp/contactservice.tests/bin/debug/net9.0/contactservice.tests.dll" id="adfe9ae1-21b5-2360-a4e2-5db85a5d0ff1">
      <Execution id="9d711aba-e373-4f10-9d11-61dd0d6341bc" />
      <TestMethod codeBase="/Users/r00t/Projects/PhoneBookApp/ContactService.Tests/bin/Debug/net9.0/ContactService.Tests.dll" adapterTypeName="executor://xunit/VsTestRunner3/netcore/" className="ContactService.Tests.Validations.CreateContactCommandValidatorTests" name="Validate_CompanyExceedsMaxLength_ShouldFailValidation" />
    </UnitTest>
    <UnitTest name="ContactService.Tests.Repositories.AuditLogRepositoryStatisticsTests.GetActionStatisticsAsync_WithNullParameters_ShouldReturnAllActionStats" storage="/users/r00t/projects/phonebookapp/contactservice.tests/bin/debug/net9.0/contactservice.tests.dll" id="d03dd252-f28b-090c-b3e6-19aeb387f0b4">
      <Execution id="0e4ca730-88f6-486c-aeae-e4cd2c770d3f" />
      <TestMethod codeBase="/Users/r00t/Projects/PhoneBookApp/ContactService.Tests/bin/Debug/net9.0/ContactService.Tests.dll" adapterTypeName="executor://xunit/VsTestRunner3/netcore/" className="ContactService.Tests.Repositories.AuditLogRepositoryStatisticsTests" name="GetActionStatisticsAsync_WithNullParameters_ShouldReturnAllActionStats" />
    </UnitTest>
    <UnitTest name="ContactService.Tests.Domain.Entities.ContactHistoryTests.Constructor_WithNullContactData_ShouldThrowException" storage="/users/r00t/projects/phonebookapp/contactservice.tests/bin/debug/net9.0/contactservice.tests.dll" id="de0f39cd-7912-969d-abd8-0e235ffda1d3">
      <Execution id="b0d424fc-dc4d-4447-822e-1df1b242e761" />
      <TestMethod codeBase="/Users/r00t/Projects/PhoneBookApp/ContactService.Tests/bin/Debug/net9.0/ContactService.Tests.dll" adapterTypeName="executor://xunit/VsTestRunner3/netcore/" className="ContactService.Tests.Domain.Entities.ContactHistoryTests" name="Constructor_WithNullContactData_ShouldThrowException" />
    </UnitTest>
    <UnitTest name="ContactService.Tests.Domain.Entities.ContactTests.Contact_Creation_Should_Throw_Exception_When_Invalid_Name(firstName: &quot;John&quot;, lastName: &quot;&quot;, company: &quot;ACME&quot;)" storage="/users/r00t/projects/phonebookapp/contactservice.tests/bin/debug/net9.0/contactservice.tests.dll" id="705ad452-2760-dcf0-0f70-9fdb584cbe46">
      <Execution id="4d56bf6a-c526-419b-8b83-fe9d4a05e361" />
      <TestMethod codeBase="/Users/r00t/Projects/PhoneBookApp/ContactService.Tests/bin/Debug/net9.0/ContactService.Tests.dll" adapterTypeName="executor://xunit/VsTestRunner3/netcore/" className="ContactService.Tests.Domain.Entities.ContactTests" name="Contact_Creation_Should_Throw_Exception_When_Invalid_Name" />
    </UnitTest>
    <UnitTest name="ContactService.Tests.Services.ContactServiceAddContactInfoTests.AddContactInfoAsync_WithNonExistingContact_ShouldReturnNull" storage="/users/r00t/projects/phonebookapp/contactservice.tests/bin/debug/net9.0/contactservice.tests.dll" id="8f93e0b1-7b81-de08-03d7-85c2acaee6e1">
      <Execution id="9f4ab04f-5226-4bb7-9976-1a725a4651b9" />
      <TestMethod codeBase="/Users/r00t/Projects/PhoneBookApp/ContactService.Tests/bin/Debug/net9.0/ContactService.Tests.dll" adapterTypeName="executor://xunit/VsTestRunner3/netcore/" className="ContactService.Tests.Services.ContactServiceAddContactInfoTests" name="AddContactInfoAsync_WithNonExistingContact_ShouldReturnNull" />
    </UnitTest>
    <UnitTest name="ContactService.Tests.Validations.CreateContactCommandValidatorTests.Validate_EmptyOrNullName_ShouldFailValidation(name: null)" storage="/users/r00t/projects/phonebookapp/contactservice.tests/bin/debug/net9.0/contactservice.tests.dll" id="f621c9c5-ed11-460e-d765-e057008e7857">
      <Execution id="bfa63057-180e-4f5a-9c28-d31e3b9c2f40" />
      <TestMethod codeBase="/Users/r00t/Projects/PhoneBookApp/ContactService.Tests/bin/Debug/net9.0/ContactService.Tests.dll" adapterTypeName="executor://xunit/VsTestRunner3/netcore/" className="ContactService.Tests.Validations.CreateContactCommandValidatorTests" name="Validate_EmptyOrNullName_ShouldFailValidation" />
    </UnitTest>
    <UnitTest name="ContactService.Tests.Services.ContactServiceMainTests.CreateContactAsync_ShouldCreateContact_WhenValidDataProvided" storage="/users/r00t/projects/phonebookapp/contactservice.tests/bin/debug/net9.0/contactservice.tests.dll" id="f483d3f3-63fe-8590-30c3-b17059ff6060">
      <Execution id="cef09e54-d15b-4abf-aa1d-008a491da0fd" />
      <TestMethod codeBase="/Users/r00t/Projects/PhoneBookApp/ContactService.Tests/bin/Debug/net9.0/ContactService.Tests.dll" adapterTypeName="executor://xunit/VsTestRunner3/netcore/" className="ContactService.Tests.Services.ContactServiceMainTests" name="CreateContactAsync_ShouldCreateContact_WhenValidDataProvided" />
    </UnitTest>
    <UnitTest name="ContactService.Tests.Behaviors.CorrelationBehaviorTests.Handle_ShouldPropagateCorrelationIdToLogScope" storage="/users/r00t/projects/phonebookapp/contactservice.tests/bin/debug/net9.0/contactservice.tests.dll" id="540b33a6-8fe4-1aa6-ae10-dbe92135a857">
      <Execution id="8c8a5cfd-6395-4757-88a4-a2a47b05b4bd" />
      <TestMethod codeBase="/Users/r00t/Projects/PhoneBookApp/ContactService.Tests/bin/Debug/net9.0/ContactService.Tests.dll" adapterTypeName="executor://xunit/VsTestRunner3/netcore/" className="ContactService.Tests.Behaviors.CorrelationBehaviorTests" name="Handle_ShouldPropagateCorrelationIdToLogScope" />
    </UnitTest>
    <UnitTest name="ContactService.Tests.Services.ContactServiceUpdateTests.UpdateContactAsync_WithSingleName_ShouldParseCorrectly" storage="/users/r00t/projects/phonebookapp/contactservice.tests/bin/debug/net9.0/contactservice.tests.dll" id="eac69243-a831-f552-a0d0-baa6a89fca7c">
      <Execution id="3994f47c-1e58-4a25-ad4f-0ba66c1a6303" />
      <TestMethod codeBase="/Users/r00t/Projects/PhoneBookApp/ContactService.Tests/bin/Debug/net9.0/ContactService.Tests.dll" adapterTypeName="executor://xunit/VsTestRunner3/netcore/" className="ContactService.Tests.Services.ContactServiceUpdateTests" name="UpdateContactAsync_WithSingleName_ShouldParseCorrectly" />
    </UnitTest>
    <UnitTest name="ContactService.Tests.Domain.Entities.ContactHistoryTests.GetAdditionalMetadata_WithNoMetadata_ShouldReturnNull" storage="/users/r00t/projects/phonebookapp/contactservice.tests/bin/debug/net9.0/contactservice.tests.dll" id="94a0978f-a353-00a7-6ac3-ef47fec046c6">
      <Execution id="ee0e0601-d005-40b5-886a-f70bcb661e2d" />
      <TestMethod codeBase="/Users/r00t/Projects/PhoneBookApp/ContactService.Tests/bin/Debug/net9.0/ContactService.Tests.dll" adapterTypeName="executor://xunit/VsTestRunner3/netcore/" className="ContactService.Tests.Domain.Entities.ContactHistoryTests" name="GetAdditionalMetadata_WithNoMetadata_ShouldReturnNull" />
    </UnitTest>
    <UnitTest name="ContactService.Tests.Services.ContactServiceDeleteTests.DeleteContactAsync_WithEmptyId_ShouldThrowArgumentException" storage="/users/r00t/projects/phonebookapp/contactservice.tests/bin/debug/net9.0/contactservice.tests.dll" id="8a8c0ac8-1c2d-5bee-edd5-1dbde8ff21d5">
      <Execution id="77b61b83-6caa-438e-a628-3f145f9d502c" />
      <TestMethod codeBase="/Users/r00t/Projects/PhoneBookApp/ContactService.Tests/bin/Debug/net9.0/ContactService.Tests.dll" adapterTypeName="executor://xunit/VsTestRunner3/netcore/" className="ContactService.Tests.Services.ContactServiceDeleteTests" name="DeleteContactAsync_WithEmptyId_ShouldThrowArgumentException" />
    </UnitTest>
    <UnitTest name="ContactService.Tests.Behaviors.ValidationBehaviorTests.Handle_WhenValidationFails_ShouldThrowValidationException" storage="/users/r00t/projects/phonebookapp/contactservice.tests/bin/debug/net9.0/contactservice.tests.dll" id="7deab310-660c-4912-7195-863824b73d85">
      <Execution id="7c2e8c72-ce05-49cf-bd8b-bbee5a42193d" />
      <TestMethod codeBase="/Users/r00t/Projects/PhoneBookApp/ContactService.Tests/bin/Debug/net9.0/ContactService.Tests.dll" adapterTypeName="executor://xunit/VsTestRunner3/netcore/" className="ContactService.Tests.Behaviors.ValidationBehaviorTests" name="Handle_WhenValidationFails_ShouldThrowValidationException" />
    </UnitTest>
    <UnitTest name="ContactService.Tests.Domain.Entities.ContactTests.AddContactInfo_Should_Add_Info_To_Collection" storage="/users/r00t/projects/phonebookapp/contactservice.tests/bin/debug/net9.0/contactservice.tests.dll" id="da7ed9c8-00b9-c6f7-075f-2cf1b95e31b2">
      <Execution id="2ed3d2a7-2bf1-47a3-b161-5500e564a2ae" />
      <TestMethod codeBase="/Users/r00t/Projects/PhoneBookApp/ContactService.Tests/bin/Debug/net9.0/ContactService.Tests.dll" adapterTypeName="executor://xunit/VsTestRunner3/netcore/" className="ContactService.Tests.Domain.Entities.ContactTests" name="AddContactInfo_Should_Add_Info_To_Collection" />
    </UnitTest>
    <UnitTest name="ContactService.Tests.Services.ContactServiceAddContactInfoTests.AddContactInfoAsync_WithEmailType_ShouldAddEmailContactInfo" storage="/users/r00t/projects/phonebookapp/contactservice.tests/bin/debug/net9.0/contactservice.tests.dll" id="d29c4c89-19e6-22fc-eb6c-349fb2d88e93">
      <Execution id="22b9910a-08e0-40da-ab0f-1415ecddb320" />
      <TestMethod codeBase="/Users/r00t/Projects/PhoneBookApp/ContactService.Tests/bin/Debug/net9.0/ContactService.Tests.dll" adapterTypeName="executor://xunit/VsTestRunner3/netcore/" className="ContactService.Tests.Services.ContactServiceAddContactInfoTests" name="AddContactInfoAsync_WithEmailType_ShouldAddEmailContactInfo" />
    </UnitTest>
    <UnitTest name="ContactService.Tests.Services.ContactServiceUpdateTests.UpdateContactAsync_WithNonExistingContact_ShouldReturnNull" storage="/users/r00t/projects/phonebookapp/contactservice.tests/bin/debug/net9.0/contactservice.tests.dll" id="c3fe5172-5743-b77e-f041-7c3abe54e2e1">
      <Execution id="1f4448ae-8411-42f6-9dc0-37654f90a9b1" />
      <TestMethod codeBase="/Users/r00t/Projects/PhoneBookApp/ContactService.Tests/bin/Debug/net9.0/ContactService.Tests.dll" adapterTypeName="executor://xunit/VsTestRunner3/netcore/" className="ContactService.Tests.Services.ContactServiceUpdateTests" name="UpdateContactAsync_WithNonExistingContact_ShouldReturnNull" />
    </UnitTest>
    <UnitTest name="ContactService.Tests.Validations.CreateContactCommandValidatorTests.Validate_EmptyContactInfos_ShouldPassValidation" storage="/users/r00t/projects/phonebookapp/contactservice.tests/bin/debug/net9.0/contactservice.tests.dll" id="c427cb7e-c565-9a5c-6c0b-aa3bb88347e4">
      <Execution id="7364bbc5-adec-4bb9-9e74-e5ea2455fd0d" />
      <TestMethod codeBase="/Users/r00t/Projects/PhoneBookApp/ContactService.Tests/bin/Debug/net9.0/ContactService.Tests.dll" adapterTypeName="executor://xunit/VsTestRunner3/netcore/" className="ContactService.Tests.Validations.CreateContactCommandValidatorTests" name="Validate_EmptyContactInfos_ShouldPassValidation" />
    </UnitTest>
    <UnitTest name="ContactService.Tests.Workers.OutboxProcessorWorkerTests.ExecuteAsync_ShouldProcessPendingEvents_WhenCalled" storage="/users/r00t/projects/phonebookapp/contactservice.tests/bin/debug/net9.0/contactservice.tests.dll" id="92ab22b2-8846-1c64-d5bc-e6797eee3d4c">
      <Execution id="98e597e5-82bd-4ab7-bca2-78eeaf9ecd62" />
      <TestMethod codeBase="/Users/r00t/Projects/PhoneBookApp/ContactService.Tests/bin/Debug/net9.0/ContactService.Tests.dll" adapterTypeName="executor://xunit/VsTestRunner3/netcore/" className="ContactService.Tests.Workers.OutboxProcessorWorkerTests" name="ExecuteAsync_ShouldProcessPendingEvents_WhenCalled" />
    </UnitTest>
    <UnitTest name="ContactService.Tests.Domain.Entities.ContactInfoTests.UpdateContent_Should_Update_Content_Property" storage="/users/r00t/projects/phonebookapp/contactservice.tests/bin/debug/net9.0/contactservice.tests.dll" id="2ce7e47b-5f88-58f7-16ae-2cbc06265a3a">
      <Execution id="72947279-aba4-4d65-8ef8-cdd58352900d" />
      <TestMethod codeBase="/Users/r00t/Projects/PhoneBookApp/ContactService.Tests/bin/Debug/net9.0/ContactService.Tests.dll" adapterTypeName="executor://xunit/VsTestRunner3/netcore/" className="ContactService.Tests.Domain.Entities.ContactInfoTests" name="UpdateContent_Should_Update_Content_Property" />
    </UnitTest>
    <UnitTest name="ContactService.Tests.Domain.Entities.OutboxEventTests.MarkAsFailed_WithInvalidErrorMessage_ShouldThrowException(errorMessage: &quot;&quot;)" storage="/users/r00t/projects/phonebookapp/contactservice.tests/bin/debug/net9.0/contactservice.tests.dll" id="124dfbbf-60d5-a8a0-9a58-0ae196323d97">
      <Execution id="faab752d-8b9d-43f0-b946-d03deb0c04d9" />
      <TestMethod codeBase="/Users/r00t/Projects/PhoneBookApp/ContactService.Tests/bin/Debug/net9.0/ContactService.Tests.dll" adapterTypeName="executor://xunit/VsTestRunner3/netcore/" className="ContactService.Tests.Domain.Entities.OutboxEventTests" name="MarkAsFailed_WithInvalidErrorMessage_ShouldThrowException" />
    </UnitTest>
    <UnitTest name="ContactService.Tests.Services.OutboxServiceTests.ProcessPendingEventsAsync_ShouldUseCorrectTopicForEventType(eventType: &quot;ContactUpdated&quot;, expectedTopic: &quot;contact-events&quot;)" storage="/users/r00t/projects/phonebookapp/contactservice.tests/bin/debug/net9.0/contactservice.tests.dll" id="2c1f28ba-764d-3fa9-5475-82b081f91c8e">
      <Execution id="dff55d38-a410-4ef6-91d5-f41813146f9b" />
      <TestMethod codeBase="/Users/r00t/Projects/PhoneBookApp/ContactService.Tests/bin/Debug/net9.0/ContactService.Tests.dll" adapterTypeName="executor://xunit/VsTestRunner3/netcore/" className="ContactService.Tests.Services.OutboxServiceTests" name="ProcessPendingEventsAsync_ShouldUseCorrectTopicForEventType" />
    </UnitTest>
    <UnitTest name="ContactService.Tests.Controllers.ContactsControllerTests.GetAllContacts_WhenSuccessful_ReturnsOkResult" storage="/users/r00t/projects/phonebookapp/contactservice.tests/bin/debug/net9.0/contactservice.tests.dll" id="4c73dc71-56ef-c24d-a1e0-6a6db5098b10">
      <Execution id="2f194d88-e3c9-4fef-99dc-a0239b7e5174" />
      <TestMethod codeBase="/Users/r00t/Projects/PhoneBookApp/ContactService.Tests/bin/Debug/net9.0/ContactService.Tests.dll" adapterTypeName="executor://xunit/VsTestRunner3/netcore/" className="ContactService.Tests.Controllers.ContactsControllerTests" name="GetAllContacts_WhenSuccessful_ReturnsOkResult" />
    </UnitTest>
    <UnitTest name="ContactService.Tests.Domain.Entities.ContactInfoTests.UpdateContent_Should_Throw_Exception_When_Invalid_Content" storage="/users/r00t/projects/phonebookapp/contactservice.tests/bin/debug/net9.0/contactservice.tests.dll" id="b0d4b3ba-6734-251e-ba89-4709731e505d">
      <Execution id="f02fb588-3380-4902-b071-9c3cc81bd0cc" />
      <TestMethod codeBase="/Users/r00t/Projects/PhoneBookApp/ContactService.Tests/bin/Debug/net9.0/ContactService.Tests.dll" adapterTypeName="executor://xunit/VsTestRunner3/netcore/" className="ContactService.Tests.Domain.Entities.ContactInfoTests" name="UpdateContent_Should_Throw_Exception_When_Invalid_Content" />
    </UnitTest>
    <UnitTest name="ContactService.Tests.Repositories.ContactHistoryRepositoryTests.GetByOperationTypeAsync_ShouldReturnMatchingHistories" storage="/users/r00t/projects/phonebookapp/contactservice.tests/bin/debug/net9.0/contactservice.tests.dll" id="bae9764f-6739-74de-9560-36225fd37725">
      <Execution id="081a66c8-2457-4a40-8dae-c8e7886bf101" />
      <TestMethod codeBase="/Users/r00t/Projects/PhoneBookApp/ContactService.Tests/bin/Debug/net9.0/ContactService.Tests.dll" adapterTypeName="executor://xunit/VsTestRunner3/netcore/" className="ContactService.Tests.Repositories.ContactHistoryRepositoryTests" name="GetByOperationTypeAsync_ShouldReturnMatchingHistories" />
    </UnitTest>
    <UnitTest name="ContactService.Tests.Repositories.OutboxRepositoryTests.CreateAsync_ShouldAddEventToDatabase" storage="/users/r00t/projects/phonebookapp/contactservice.tests/bin/debug/net9.0/contactservice.tests.dll" id="32bb918f-a512-0e37-2e1b-c7fbebc2fb93">
      <Execution id="5415ed23-78cf-41e9-88f2-d0c49f3195d4" />
      <TestMethod codeBase="/Users/r00t/Projects/PhoneBookApp/ContactService.Tests/bin/Debug/net9.0/ContactService.Tests.dll" adapterTypeName="executor://xunit/VsTestRunner3/netcore/" className="ContactService.Tests.Repositories.OutboxRepositoryTests" name="CreateAsync_ShouldAddEventToDatabase" />
    </UnitTest>
    <UnitTest name="ContactService.Tests.Domain.Entities.OutboxEventTests.MarkAsFailed_WithInvalidErrorMessage_ShouldThrowException(errorMessage: null)" storage="/users/r00t/projects/phonebookapp/contactservice.tests/bin/debug/net9.0/contactservice.tests.dll" id="4838ad76-4ce2-fa88-aa80-6e82cd3b4524">
      <Execution id="30bb5027-b686-4897-8e78-62e3e2735f50" />
      <TestMethod codeBase="/Users/r00t/Projects/PhoneBookApp/ContactService.Tests/bin/Debug/net9.0/ContactService.Tests.dll" adapterTypeName="executor://xunit/VsTestRunner3/netcore/" className="ContactService.Tests.Domain.Entities.OutboxEventTests" name="MarkAsFailed_WithInvalidErrorMessage_ShouldThrowException" />
    </UnitTest>
    <UnitTest name="ContactService.Tests.Services.ContactServiceMainTests.UpdateContactAsync_WhenContactNotExists_ShouldReturnNull" storage="/users/r00t/projects/phonebookapp/contactservice.tests/bin/debug/net9.0/contactservice.tests.dll" id="222f46c1-1907-f69f-b4f5-c3b3cf34e4de">
      <Execution id="5ff98ccc-f7b6-450d-9d01-ba25c6838f33" />
      <TestMethod codeBase="/Users/r00t/Projects/PhoneBookApp/ContactService.Tests/bin/Debug/net9.0/ContactService.Tests.dll" adapterTypeName="executor://xunit/VsTestRunner3/netcore/" className="ContactService.Tests.Services.ContactServiceMainTests" name="UpdateContactAsync_WhenContactNotExists_ShouldReturnNull" />
    </UnitTest>
    <UnitTest name="ContactService.Tests.Domain.Entities.OutboxEventTests.MarkAsFailed_WithValidErrorMessage_ShouldUpdateStatus" storage="/users/r00t/projects/phonebookapp/contactservice.tests/bin/debug/net9.0/contactservice.tests.dll" id="79623cd3-c664-41f0-a8fd-1c4b3f193f01">
      <Execution id="1bd825ba-898f-4f91-b631-9b619f910573" />
      <TestMethod codeBase="/Users/r00t/Projects/PhoneBookApp/ContactService.Tests/bin/Debug/net9.0/ContactService.Tests.dll" adapterTypeName="executor://xunit/VsTestRunner3/netcore/" className="ContactService.Tests.Domain.Entities.OutboxEventTests" name="MarkAsFailed_WithValidErrorMessage_ShouldUpdateStatus" />
    </UnitTest>
    <UnitTest name="ContactService.Tests.Services.ContactServiceTestsFixed.UpdateContactAsync_WithNonExistingContact_ShouldReturnNull" storage="/users/r00t/projects/phonebookapp/contactservice.tests/bin/debug/net9.0/contactservice.tests.dll" id="b0f2213c-04cc-1379-5387-95cab862989b">
      <Execution id="f582bd08-63cf-4835-98b6-4c62dea7535b" />
      <TestMethod codeBase="/Users/r00t/Projects/PhoneBookApp/ContactService.Tests/bin/Debug/net9.0/ContactService.Tests.dll" adapterTypeName="executor://xunit/VsTestRunner3/netcore/" className="ContactService.Tests.Services.ContactServiceTestsFixed" name="UpdateContactAsync_WithNonExistingContact_ShouldReturnNull" />
    </UnitTest>
    <UnitTest name="ContactService.Tests.Behaviors.CorrelationBehaviorTests.Handle_ShouldLogWithCorrelationId" storage="/users/r00t/projects/phonebookapp/contactservice.tests/bin/debug/net9.0/contactservice.tests.dll" id="3901b727-f207-9fa4-2bf1-8e5ec3e44ab6">
      <Execution id="460a7fab-22eb-4d39-9a55-0bd0e1e91e7d" />
      <TestMethod codeBase="/Users/r00t/Projects/PhoneBookApp/ContactService.Tests/bin/Debug/net9.0/ContactService.Tests.dll" adapterTypeName="executor://xunit/VsTestRunner3/netcore/" className="ContactService.Tests.Behaviors.CorrelationBehaviorTests" name="Handle_ShouldLogWithCorrelationId" />
    </UnitTest>
    <UnitTest name="ContactService.Tests.Controllers.ContactsControllerTests.DeleteContact_WhenNotFound_ReturnsNotFound" storage="/users/r00t/projects/phonebookapp/contactservice.tests/bin/debug/net9.0/contactservice.tests.dll" id="5533c9fd-1d32-1a8a-1765-693d9380208a">
      <Execution id="129913d0-6565-4839-9b0d-e672ccecd73e" />
      <TestMethod codeBase="/Users/r00t/Projects/PhoneBookApp/ContactService.Tests/bin/Debug/net9.0/ContactService.Tests.dll" adapterTypeName="executor://xunit/VsTestRunner3/netcore/" className="ContactService.Tests.Controllers.ContactsControllerTests" name="DeleteContact_WhenNotFound_ReturnsNotFound" />
    </UnitTest>
    <UnitTest name="ContactService.Tests.Domain.Entities.OutboxEventTests.Constructor_WithInvalidEventType_ShouldThrowException(eventType: &quot;  &quot;)" storage="/users/r00t/projects/phonebookapp/contactservice.tests/bin/debug/net9.0/contactservice.tests.dll" id="311793d3-f7e8-8c9b-e613-9ac05d180ba7">
      <Execution id="db4ebf9c-ac49-4dee-bd60-f9f23a503365" />
      <TestMethod codeBase="/Users/r00t/Projects/PhoneBookApp/ContactService.Tests/bin/Debug/net9.0/ContactService.Tests.dll" adapterTypeName="executor://xunit/VsTestRunner3/netcore/" className="ContactService.Tests.Domain.Entities.OutboxEventTests" name="Constructor_WithInvalidEventType_ShouldThrowException" />
    </UnitTest>
    <UnitTest name="ContactService.Tests.Domain.Entities.ContactInfoTests.ContactInfo_Creation_With_Phone_Should_Validate_Format" storage="/users/r00t/projects/phonebookapp/contactservice.tests/bin/debug/net9.0/contactservice.tests.dll" id="7c54e1ae-c3f0-a0c7-0c1b-3f11ae72c258">
      <Execution id="cd34a51f-cafb-4a28-89ec-5644cfddad2d" />
      <TestMethod codeBase="/Users/r00t/Projects/PhoneBookApp/ContactService.Tests/bin/Debug/net9.0/ContactService.Tests.dll" adapterTypeName="executor://xunit/VsTestRunner3/netcore/" className="ContactService.Tests.Domain.Entities.ContactInfoTests" name="ContactInfo_Creation_With_Phone_Should_Validate_Format" />
    </UnitTest>
    <UnitTest name="ContactService.Tests.Services.ContactServiceMainTests.AddContactInfoAsync_WhenContactNotExists_ShouldReturnNull" storage="/users/r00t/projects/phonebookapp/contactservice.tests/bin/debug/net9.0/contactservice.tests.dll" id="111b7653-f816-b715-b87f-7fd8379044e4">
      <Execution id="926b4bee-8329-4daf-8bd6-24dd3dc0cde3" />
      <TestMethod codeBase="/Users/r00t/Projects/PhoneBookApp/ContactService.Tests/bin/Debug/net9.0/ContactService.Tests.dll" adapterTypeName="executor://xunit/VsTestRunner3/netcore/" className="ContactService.Tests.Services.ContactServiceMainTests" name="AddContactInfoAsync_WhenContactNotExists_ShouldReturnNull" />
    </UnitTest>
    <UnitTest name="ContactService.Tests.Domain.Entities.OutboxEventTests.Constructor_WithInvalidEventType_ShouldThrowException(eventType: &quot;&quot;)" storage="/users/r00t/projects/phonebookapp/contactservice.tests/bin/debug/net9.0/contactservice.tests.dll" id="43583dd2-2dd4-3fe1-0a2b-7e3030c5eb05">
      <Execution id="0a709f48-1875-408f-816d-cd9b6425caca" />
      <TestMethod codeBase="/Users/r00t/Projects/PhoneBookApp/ContactService.Tests/bin/Debug/net9.0/ContactService.Tests.dll" adapterTypeName="executor://xunit/VsTestRunner3/netcore/" className="ContactService.Tests.Domain.Entities.OutboxEventTests" name="Constructor_WithInvalidEventType_ShouldThrowException" />
    </UnitTest>
    <UnitTest name="ContactService.Tests.Repositories.MongoAuditLogRepositoryTests.CreateManyAsync_ShouldInsertMultipleAuditLogs" storage="/users/r00t/projects/phonebookapp/contactservice.tests/bin/debug/net9.0/contactservice.tests.dll" id="7ec04dbc-1d37-9892-81bd-96a4844d707f">
      <Execution id="60753a08-73d4-4b9f-a498-dd8bd1d00050" />
      <TestMethod codeBase="/Users/r00t/Projects/PhoneBookApp/ContactService.Tests/bin/Debug/net9.0/ContactService.Tests.dll" adapterTypeName="executor://xunit/VsTestRunner3/netcore/" className="ContactService.Tests.Repositories.MongoAuditLogRepositoryTests" name="CreateManyAsync_ShouldInsertMultipleAuditLogs" />
    </UnitTest>
    <UnitTest name="ContactService.Tests.Services.ContactServiceTestsFixed.GetContactsByLocationAsync_WithLocation_ShouldReturnContactsFromLocation" storage="/users/r00t/projects/phonebookapp/contactservice.tests/bin/debug/net9.0/contactservice.tests.dll" id="4d0fca5e-9e1d-a5e6-952d-09b701fe7b09">
      <Execution id="038c376a-60e8-463c-8472-67e8ae37b023" />
      <TestMethod codeBase="/Users/r00t/Projects/PhoneBookApp/ContactService.Tests/bin/Debug/net9.0/ContactService.Tests.dll" adapterTypeName="executor://xunit/VsTestRunner3/netcore/" className="ContactService.Tests.Services.ContactServiceTestsFixed" name="GetContactsByLocationAsync_WithLocation_ShouldReturnContactsFromLocation" />
    </UnitTest>
    <UnitTest name="ContactService.Tests.Domain.Entities.OutboxEventTests.MarkAsFailed_AfterMaxRetries_ShouldSetStatusToFailed" storage="/users/r00t/projects/phonebookapp/contactservice.tests/bin/debug/net9.0/contactservice.tests.dll" id="c7c25f38-4580-db9f-5da3-d32c41491df3">
      <Execution id="6f560592-a6ce-457f-9000-a7bd9dcf2b61" />
      <TestMethod codeBase="/Users/r00t/Projects/PhoneBookApp/ContactService.Tests/bin/Debug/net9.0/ContactService.Tests.dll" adapterTypeName="executor://xunit/VsTestRunner3/netcore/" className="ContactService.Tests.Domain.Entities.OutboxEventTests" name="MarkAsFailed_AfterMaxRetries_ShouldSetStatusToFailed" />
    </UnitTest>
    <UnitTest name="ContactService.Tests.Services.CachedContactServiceTests.GetContactByIdAsync_WhenNotCached_ShouldFetchAndCache" storage="/users/r00t/projects/phonebookapp/contactservice.tests/bin/debug/net9.0/contactservice.tests.dll" id="afeacdf0-b599-63dd-1c58-2da67c782c66">
      <Execution id="411eb894-7c78-4f46-a879-a0e4d4b7e77f" />
      <TestMethod codeBase="/Users/r00t/Projects/PhoneBookApp/ContactService.Tests/bin/Debug/net9.0/ContactService.Tests.dll" adapterTypeName="executor://xunit/VsTestRunner3/netcore/" className="ContactService.Tests.Services.CachedContactServiceTests" name="GetContactByIdAsync_WhenNotCached_ShouldFetchAndCache" />
    </UnitTest>
    <UnitTest name="ContactService.Tests.Domain.Entities.ContactHistoryTests.Constructor_WithTooLongCorrelationId_ShouldThrowException" storage="/users/r00t/projects/phonebookapp/contactservice.tests/bin/debug/net9.0/contactservice.tests.dll" id="e3e0986d-75a9-9ba8-ad43-9956b1b3878f">
      <Execution id="1aa60c44-9331-422e-b6bf-ad6e2ac3b315" />
      <TestMethod codeBase="/Users/r00t/Projects/PhoneBookApp/ContactService.Tests/bin/Debug/net9.0/ContactService.Tests.dll" adapterTypeName="executor://xunit/VsTestRunner3/netcore/" className="ContactService.Tests.Domain.Entities.ContactHistoryTests" name="Constructor_WithTooLongCorrelationId_ShouldThrowException" />
    </UnitTest>
    <UnitTest name="ContactService.Tests.Repositories.MongoAuditLogRepositoryTests.CreateManyAsync_WithEmptyList_ShouldNotCallInsertMany" storage="/users/r00t/projects/phonebookapp/contactservice.tests/bin/debug/net9.0/contactservice.tests.dll" id="6c2a16b2-1252-58f8-af52-cc93a97e6fec">
      <Execution id="a7bec44a-fe6d-4752-9653-9aec1356e701" />
      <TestMethod codeBase="/Users/r00t/Projects/PhoneBookApp/ContactService.Tests/bin/Debug/net9.0/ContactService.Tests.dll" adapterTypeName="executor://xunit/VsTestRunner3/netcore/" className="ContactService.Tests.Repositories.MongoAuditLogRepositoryTests" name="CreateManyAsync_WithEmptyList_ShouldNotCallInsertMany" />
    </UnitTest>
    <UnitTest name="ContactService.Tests.Repositories.AuditLogRepositoryStatisticsTests.GetStatisticsAsync_WithNullParameters_ShouldReturnAllStatistics" storage="/users/r00t/projects/phonebookapp/contactservice.tests/bin/debug/net9.0/contactservice.tests.dll" id="bd3e40f0-2d41-25d9-3b21-b0039a5c4363">
      <Execution id="a112eec6-353e-4bed-9204-5f2b65c1dd7b" />
      <TestMethod codeBase="/Users/r00t/Projects/PhoneBookApp/ContactService.Tests/bin/Debug/net9.0/ContactService.Tests.dll" adapterTypeName="executor://xunit/VsTestRunner3/netcore/" className="ContactService.Tests.Repositories.AuditLogRepositoryStatisticsTests" name="GetStatisticsAsync_WithNullParameters_ShouldReturnAllStatistics" />
    </UnitTest>
    <UnitTest name="ContactService.Tests.Services.ContactServiceMainTests.ContactExistsAsync_WhenContactNotExists_ShouldReturnFalse" storage="/users/r00t/projects/phonebookapp/contactservice.tests/bin/debug/net9.0/contactservice.tests.dll" id="5d0996e8-fd7f-2244-91d9-22b23dc415b5">
      <Execution id="1dafa10b-37d6-4f2b-a46b-35f3abc3410b" />
      <TestMethod codeBase="/Users/r00t/Projects/PhoneBookApp/ContactService.Tests/bin/Debug/net9.0/ContactService.Tests.dll" adapterTypeName="executor://xunit/VsTestRunner3/netcore/" className="ContactService.Tests.Services.ContactServiceMainTests" name="ContactExistsAsync_WhenContactNotExists_ShouldReturnFalse" />
    </UnitTest>
    <UnitTest name="ContactService.Tests.Behaviors.ValidationBehaviorTests.Handle_WithMixedValidationResults_ShouldThrowValidationException" storage="/users/r00t/projects/phonebookapp/contactservice.tests/bin/debug/net9.0/contactservice.tests.dll" id="5e1e1377-2309-4b64-aa4e-2b92ab69b1a6">
      <Execution id="fe48c132-46bb-4f28-a892-329e72785274" />
      <TestMethod codeBase="/Users/r00t/Projects/PhoneBookApp/ContactService.Tests/bin/Debug/net9.0/ContactService.Tests.dll" adapterTypeName="executor://xunit/VsTestRunner3/netcore/" className="ContactService.Tests.Behaviors.ValidationBehaviorTests" name="Handle_WithMixedValidationResults_ShouldThrowValidationException" />
    </UnitTest>
    <UnitTest name="ContactService.Tests.Repositories.OutboxRepositoryTests.GetByIdAsync_WhenEventDoesNotExist_ShouldReturnNull" storage="/users/r00t/projects/phonebookapp/contactservice.tests/bin/debug/net9.0/contactservice.tests.dll" id="48769fa8-8334-e0cd-8bbc-a5d611b35154">
      <Execution id="c4527164-817c-481a-ac23-147d6cc83535" />
      <TestMethod codeBase="/Users/r00t/Projects/PhoneBookApp/ContactService.Tests/bin/Debug/net9.0/ContactService.Tests.dll" adapterTypeName="executor://xunit/VsTestRunner3/netcore/" className="ContactService.Tests.Repositories.OutboxRepositoryTests" name="GetByIdAsync_WhenEventDoesNotExist_ShouldReturnNull" />
    </UnitTest>
    <UnitTest name="ContactService.Tests.Behaviors.CorrelationIdBehaviorTests.Handle_WhenExceptionOccurs_ShouldLogErrorAndRethrow" storage="/users/r00t/projects/phonebookapp/contactservice.tests/bin/debug/net9.0/contactservice.tests.dll" id="3f9af360-bf03-d7e9-99bf-e7534ad823d1">
      <Execution id="92fec977-debf-4098-bf6a-cda682afefca" />
      <TestMethod codeBase="/Users/r00t/Projects/PhoneBookApp/ContactService.Tests/bin/Debug/net9.0/ContactService.Tests.dll" adapterTypeName="executor://xunit/VsTestRunner3/netcore/" className="ContactService.Tests.Behaviors.CorrelationIdBehaviorTests" name="Handle_WhenExceptionOccurs_ShouldLogErrorAndRethrow" />
    </UnitTest>
    <UnitTest name="ContactService.Tests.Domain.Entities.ContactInfoTests.ContactInfo_Creation_With_Email_Should_Validate_Format" storage="/users/r00t/projects/phonebookapp/contactservice.tests/bin/debug/net9.0/contactservice.tests.dll" id="40bb4622-eba1-e17f-37e8-b068c30759c6">
      <Execution id="e953f718-4ed9-4525-8239-0b9c96ef7f79" />
      <TestMethod codeBase="/Users/r00t/Projects/PhoneBookApp/ContactService.Tests/bin/Debug/net9.0/ContactService.Tests.dll" adapterTypeName="executor://xunit/VsTestRunner3/netcore/" className="ContactService.Tests.Domain.Entities.ContactInfoTests" name="ContactInfo_Creation_With_Email_Should_Validate_Format" />
    </UnitTest>
    <UnitTest name="ContactService.Tests.Services.OutboxServiceTests.CleanupProcessedEventsAsync_ShouldDeleteOldEvents" storage="/users/r00t/projects/phonebookapp/contactservice.tests/bin/debug/net9.0/contactservice.tests.dll" id="081e44cb-fe35-6eba-d430-dbfbe82124e1">
      <Execution id="acc617fe-cd62-4e83-9a77-1a5d98246d67" />
      <TestMethod codeBase="/Users/r00t/Projects/PhoneBookApp/ContactService.Tests/bin/Debug/net9.0/ContactService.Tests.dll" adapterTypeName="executor://xunit/VsTestRunner3/netcore/" className="ContactService.Tests.Services.OutboxServiceTests" name="CleanupProcessedEventsAsync_ShouldDeleteOldEvents" />
    </UnitTest>
    <UnitTest name="ContactService.Tests.Services.ContactServiceDeleteTests.DeleteContactAsync_WithExistingContact_ShouldDeleteSuccessfully" storage="/users/r00t/projects/phonebookapp/contactservice.tests/bin/debug/net9.0/contactservice.tests.dll" id="8645a9b9-72c7-0bb0-8520-7a47e2be88a6">
      <Execution id="2cc5cc07-ed3d-4bb6-be80-5e9654c1508b" />
      <TestMethod codeBase="/Users/r00t/Projects/PhoneBookApp/ContactService.Tests/bin/Debug/net9.0/ContactService.Tests.dll" adapterTypeName="executor://xunit/VsTestRunner3/netcore/" className="ContactService.Tests.Services.ContactServiceDeleteTests" name="DeleteContactAsync_WithExistingContact_ShouldDeleteSuccessfully" />
    </UnitTest>
    <UnitTest name="ContactService.Tests.Services.ContactServiceApplicationTests.ContactExistsAsync_ReturnsBoolean" storage="/users/r00t/projects/phonebookapp/contactservice.tests/bin/debug/net9.0/contactservice.tests.dll" id="30ac2a89-68f6-99bb-2ce8-7e030aa4c440">
      <Execution id="686ac3fe-8953-46d0-8c83-5768f0b42464" />
      <TestMethod codeBase="/Users/r00t/Projects/PhoneBookApp/ContactService.Tests/bin/Debug/net9.0/ContactService.Tests.dll" adapterTypeName="executor://xunit/VsTestRunner3/netcore/" className="ContactService.Tests.Services.ContactServiceApplicationTests" name="ContactExistsAsync_ReturnsBoolean" />
    </UnitTest>
    <UnitTest name="ContactService.Tests.Repositories.AuditLogRepositoryStatisticsTests.GetStatisticsAsync_ShouldReturnStatisticsByService" storage="/users/r00t/projects/phonebookapp/contactservice.tests/bin/debug/net9.0/contactservice.tests.dll" id="e0512c59-b40c-2582-0763-0154a5cc09c1">
      <Execution id="4dc17f2e-3285-4147-994a-bec95a075bd6" />
      <TestMethod codeBase="/Users/r00t/Projects/PhoneBookApp/ContactService.Tests/bin/Debug/net9.0/ContactService.Tests.dll" adapterTypeName="executor://xunit/VsTestRunner3/netcore/" className="ContactService.Tests.Repositories.AuditLogRepositoryStatisticsTests" name="GetStatisticsAsync_ShouldReturnStatisticsByService" />
    </UnitTest>
    <UnitTest name="ContactService.Tests.Domain.Entities.OutboxEventTests.Constructor_WithInvalidEventType_ShouldThrowException(eventType: null)" storage="/users/r00t/projects/phonebookapp/contactservice.tests/bin/debug/net9.0/contactservice.tests.dll" id="1bfc090f-26ac-d3be-0ae1-b46c3add197c">
      <Execution id="a93ccefe-91b1-4ccd-a930-f681eab3f29a" />
      <TestMethod codeBase="/Users/r00t/Projects/PhoneBookApp/ContactService.Tests/bin/Debug/net9.0/ContactService.Tests.dll" adapterTypeName="executor://xunit/VsTestRunner3/netcore/" className="ContactService.Tests.Domain.Entities.OutboxEventTests" name="Constructor_WithInvalidEventType_ShouldThrowException" />
    </UnitTest>
    <UnitTest name="ContactService.Tests.Validations.CreateContactCommandValidatorTests.Validate_EmptyOrNullName_ShouldFailValidation(name: &quot; &quot;)" storage="/users/r00t/projects/phonebookapp/contactservice.tests/bin/debug/net9.0/contactservice.tests.dll" id="cf3fa0bc-061b-2f26-6e71-2d0393970326">
      <Execution id="79846a7b-5fb0-4076-bd4e-b35d3e28539a" />
      <TestMethod codeBase="/Users/r00t/Projects/PhoneBookApp/ContactService.Tests/bin/Debug/net9.0/ContactService.Tests.dll" adapterTypeName="executor://xunit/VsTestRunner3/netcore/" className="ContactService.Tests.Validations.CreateContactCommandValidatorTests" name="Validate_EmptyOrNullName_ShouldFailValidation" />
    </UnitTest>
    <UnitTest name="ContactService.Tests.Services.OutboxServiceTests.ProcessPendingEventsAsync_ShouldUseCorrectTopicForEventType(eventType: &quot;NotificationSent&quot;, expectedTopic: &quot;notification-events&quot;)" storage="/users/r00t/projects/phonebookapp/contactservice.tests/bin/debug/net9.0/contactservice.tests.dll" id="5929097d-0168-9fb2-e4c1-2c2e4d4a6d0d">
      <Execution id="c5ef20dc-6639-4085-ab09-704b9613f377" />
      <TestMethod codeBase="/Users/r00t/Projects/PhoneBookApp/ContactService.Tests/bin/Debug/net9.0/ContactService.Tests.dll" adapterTypeName="executor://xunit/VsTestRunner3/netcore/" className="ContactService.Tests.Services.OutboxServiceTests" name="ProcessPendingEventsAsync_ShouldUseCorrectTopicForEventType" />
    </UnitTest>
    <UnitTest name="ContactService.Tests.Repositories.MongoAuditLogRepositoryTests.DeleteOldLogsAsync_ShouldRemoveOldLogs" storage="/users/r00t/projects/phonebookapp/contactservice.tests/bin/debug/net9.0/contactservice.tests.dll" id="c66efc88-f4cd-f144-8f68-6670171de1b9">
      <Execution id="af5ef097-7b1d-4dcc-b1ad-d8c2688ea6b1" />
      <TestMethod codeBase="/Users/r00t/Projects/PhoneBookApp/ContactService.Tests/bin/Debug/net9.0/ContactService.Tests.dll" adapterTypeName="executor://xunit/VsTestRunner3/netcore/" className="ContactService.Tests.Repositories.MongoAuditLogRepositoryTests" name="DeleteOldLogsAsync_ShouldRemoveOldLogs" />
    </UnitTest>
    <UnitTest name="ContactService.Tests.Controllers.ContactsControllerTests.CreateContact_WhenFailed_ReturnsCreatedWithEmptyId" storage="/users/r00t/projects/phonebookapp/contactservice.tests/bin/debug/net9.0/contactservice.tests.dll" id="fe764a59-c9d9-90b4-01d3-048d14c51d27">
      <Execution id="044eef74-005b-4905-86ab-666cc2efbf83" />
      <TestMethod codeBase="/Users/r00t/Projects/PhoneBookApp/ContactService.Tests/bin/Debug/net9.0/ContactService.Tests.dll" adapterTypeName="executor://xunit/VsTestRunner3/netcore/" className="ContactService.Tests.Controllers.ContactsControllerTests" name="CreateContact_WhenFailed_ReturnsCreatedWithEmptyId" />
    </UnitTest>
    <UnitTest name="ContactService.Tests.Services.CachedContactServiceTests.ContactExistsAsync_WhenCached_ShouldReturnTrue" storage="/users/r00t/projects/phonebookapp/contactservice.tests/bin/debug/net9.0/contactservice.tests.dll" id="a5c23d92-ce06-97d3-7f56-54b7ff8a7f31">
      <Execution id="e935a5a0-f623-4968-ae88-2bc488c8007a" />
      <TestMethod codeBase="/Users/r00t/Projects/PhoneBookApp/ContactService.Tests/bin/Debug/net9.0/ContactService.Tests.dll" adapterTypeName="executor://xunit/VsTestRunner3/netcore/" className="ContactService.Tests.Services.CachedContactServiceTests" name="ContactExistsAsync_WhenCached_ShouldReturnTrue" />
    </UnitTest>
    <UnitTest name="ContactService.Tests.Repositories.OutboxRepositoryTests.GetPendingEventCountAsync_ShouldReturnCorrectCount" storage="/users/r00t/projects/phonebookapp/contactservice.tests/bin/debug/net9.0/contactservice.tests.dll" id="10cf3e30-ad48-e398-c3be-b6df62e58a46">
      <Execution id="2466fafb-5649-4fd5-92f1-4f79a59e2a15" />
      <TestMethod codeBase="/Users/r00t/Projects/PhoneBookApp/ContactService.Tests/bin/Debug/net9.0/ContactService.Tests.dll" adapterTypeName="executor://xunit/VsTestRunner3/netcore/" className="ContactService.Tests.Repositories.OutboxRepositoryTests" name="GetPendingEventCountAsync_ShouldReturnCorrectCount" />
    </UnitTest>
    <UnitTest name="ContactService.Tests.Repositories.ContactHistoryRepositoryTests.GetAllAsync_ShouldReturnPaginatedResults" storage="/users/r00t/projects/phonebookapp/contactservice.tests/bin/debug/net9.0/contactservice.tests.dll" id="a12b43df-565a-2911-ca37-da16e7eae7b5">
      <Execution id="bc22255b-73cc-4e4f-86f3-ce1f0ce86f02" />
      <TestMethod codeBase="/Users/r00t/Projects/PhoneBookApp/ContactService.Tests/bin/Debug/net9.0/ContactService.Tests.dll" adapterTypeName="executor://xunit/VsTestRunner3/netcore/" className="ContactService.Tests.Repositories.ContactHistoryRepositoryTests" name="GetAllAsync_ShouldReturnPaginatedResults" />
    </UnitTest>
    <UnitTest name="ContactService.Tests.Services.CachedContactServiceTests.RemoveContactInfoAsync_ShouldInvalidateCache" storage="/users/r00t/projects/phonebookapp/contactservice.tests/bin/debug/net9.0/contactservice.tests.dll" id="7c3a1928-cf81-dafe-4286-3d55ee5e1ef7">
      <Execution id="da0820b4-6d96-4cc6-a1b8-273f1d32cbbf" />
      <TestMethod codeBase="/Users/r00t/Projects/PhoneBookApp/ContactService.Tests/bin/Debug/net9.0/ContactService.Tests.dll" adapterTypeName="executor://xunit/VsTestRunner3/netcore/" className="ContactService.Tests.Services.CachedContactServiceTests" name="RemoveContactInfoAsync_ShouldInvalidateCache" />
    </UnitTest>
    <UnitTest name="ContactService.Tests.Domain.Entities.ContactTests.AddContactInfo_Should_Throw_Exception_When_Invalid_Content(infoType: Location, content: &quot;&quot;)" storage="/users/r00t/projects/phonebookapp/contactservice.tests/bin/debug/net9.0/contactservice.tests.dll" id="05c17674-6e3a-ed65-1e24-e8af01e511c6">
      <Execution id="06cacfc9-a563-4db8-8c74-792f1d3eceb8" />
      <TestMethod codeBase="/Users/r00t/Projects/PhoneBookApp/ContactService.Tests/bin/Debug/net9.0/ContactService.Tests.dll" adapterTypeName="executor://xunit/VsTestRunner3/netcore/" className="ContactService.Tests.Domain.Entities.ContactTests" name="AddContactInfo_Should_Throw_Exception_When_Invalid_Content" />
    </UnitTest>
    <UnitTest name="ContactService.Tests.Repositories.ContactHistoryRepositoryTests.ExistsAsync_WhenHistoryExists_ShouldReturnTrue" storage="/users/r00t/projects/phonebookapp/contactservice.tests/bin/debug/net9.0/contactservice.tests.dll" id="8e6d5007-84ed-f7e6-5c4b-54b89e1de5cb">
      <Execution id="77abe6ab-0f9f-4d23-8deb-099dcf214368" />
      <TestMethod codeBase="/Users/r00t/Projects/PhoneBookApp/ContactService.Tests/bin/Debug/net9.0/ContactService.Tests.dll" adapterTypeName="executor://xunit/VsTestRunner3/netcore/" className="ContactService.Tests.Repositories.ContactHistoryRepositoryTests" name="ExistsAsync_WhenHistoryExists_ShouldReturnTrue" />
    </UnitTest>
    <UnitTest name="ContactService.Tests.Services.ContactServiceMainTests.ContactExistsAsync_WhenContactExists_ShouldReturnTrue" storage="/users/r00t/projects/phonebookapp/contactservice.tests/bin/debug/net9.0/contactservice.tests.dll" id="f6522c53-be07-c331-4607-151fcd4c0159">
      <Execution id="c40c00aa-95cc-4062-ad7c-36b3abba2f0c" />
      <TestMethod codeBase="/Users/r00t/Projects/PhoneBookApp/ContactService.Tests/bin/Debug/net9.0/ContactService.Tests.dll" adapterTypeName="executor://xunit/VsTestRunner3/netcore/" className="ContactService.Tests.Services.ContactServiceMainTests" name="ContactExistsAsync_WhenContactExists_ShouldReturnTrue" />
    </UnitTest>
    <UnitTest name="ContactService.Tests.Services.OutboxServiceTests.ProcessPendingEventsAsync_ShouldUseCorrectTopicForEventType(eventType: &quot;ContactDeleted&quot;, expectedTopic: &quot;contact-events&quot;)" storage="/users/r00t/projects/phonebookapp/contactservice.tests/bin/debug/net9.0/contactservice.tests.dll" id="8e0807d9-5fdb-9205-42ee-a60e37463259">
      <Execution id="548defbe-2ad6-45c5-8d81-561d6bcf7de3" />
      <TestMethod codeBase="/Users/r00t/Projects/PhoneBookApp/ContactService.Tests/bin/Debug/net9.0/ContactService.Tests.dll" adapterTypeName="executor://xunit/VsTestRunner3/netcore/" className="ContactService.Tests.Services.OutboxServiceTests" name="ProcessPendingEventsAsync_ShouldUseCorrectTopicForEventType" />
    </UnitTest>
    <UnitTest name="ContactService.Tests.Repositories.MongoAuditLogRepositoryStatisticsTests.GetActionStatisticsAsync_ShouldReturnActionCounts" storage="/users/r00t/projects/phonebookapp/contactservice.tests/bin/debug/net9.0/contactservice.tests.dll" id="282f2e9e-8d74-cd49-7c68-22cff428626a">
      <Execution id="b0846f01-7caa-4a35-ad31-74a8672b601a" />
      <TestMethod codeBase="/Users/r00t/Projects/PhoneBookApp/ContactService.Tests/bin/Debug/net9.0/ContactService.Tests.dll" adapterTypeName="executor://xunit/VsTestRunner3/netcore/" className="ContactService.Tests.Repositories.MongoAuditLogRepositoryStatisticsTests" name="GetActionStatisticsAsync_ShouldReturnActionCounts" />
    </UnitTest>
    <UnitTest name="ContactService.Tests.Repositories.InterfaceAuditLogRepositoryTests.CreateAsync_ShouldReturnCreatedAuditLog" storage="/users/r00t/projects/phonebookapp/contactservice.tests/bin/debug/net9.0/contactservice.tests.dll" id="215612ba-9343-bd64-5eec-1346e1f27eb9">
      <Execution id="6ef9c5e1-74a2-4dc4-b10c-7e11e09444fe" />
      <TestMethod codeBase="/Users/r00t/Projects/PhoneBookApp/ContactService.Tests/bin/Debug/net9.0/ContactService.Tests.dll" adapterTypeName="executor://xunit/VsTestRunner3/netcore/" className="ContactService.Tests.Repositories.InterfaceAuditLogRepositoryTests" name="CreateAsync_ShouldReturnCreatedAuditLog" />
    </UnitTest>
    <UnitTest name="ContactService.Tests.Domain.Entities.OutboxEventTests.Constructor_WithNullEventData_ShouldThrowException" storage="/users/r00t/projects/phonebookapp/contactservice.tests/bin/debug/net9.0/contactservice.tests.dll" id="ed5694a6-cc64-5c3d-0900-c35c7fd9e260">
      <Execution id="d2a9cffc-f6ed-4aaf-a95e-bf05c3588a27" />
      <TestMethod codeBase="/Users/r00t/Projects/PhoneBookApp/ContactService.Tests/bin/Debug/net9.0/ContactService.Tests.dll" adapterTypeName="executor://xunit/VsTestRunner3/netcore/" className="ContactService.Tests.Domain.Entities.OutboxEventTests" name="Constructor_WithNullEventData_ShouldThrowException" />
    </UnitTest>
    <UnitTest name="ContactService.Tests.Services.CorrelationContextTests.CorrelationId_WhenInBothHeaders_ShouldPreferRequestHeader" storage="/users/r00t/projects/phonebookapp/contactservice.tests/bin/debug/net9.0/contactservice.tests.dll" id="1739ed07-beb4-b0cf-f3c7-f389770df44f">
      <Execution id="24fd31ab-5379-462a-8956-9ff453df906b" />
      <TestMethod codeBase="/Users/r00t/Projects/PhoneBookApp/ContactService.Tests/bin/Debug/net9.0/ContactService.Tests.dll" adapterTypeName="executor://xunit/VsTestRunner3/netcore/" className="ContactService.Tests.Services.CorrelationContextTests" name="CorrelationId_WhenInBothHeaders_ShouldPreferRequestHeader" />
    </UnitTest>
    <UnitTest name="ContactService.Tests.Services.OutboxServiceTests.ProcessPendingEventsAsync_ShouldUseCorrectTopicForEventType(eventType: &quot;ReportRequested&quot;, expectedTopic: &quot;report-events&quot;)" storage="/users/r00t/projects/phonebookapp/contactservice.tests/bin/debug/net9.0/contactservice.tests.dll" id="595273e4-06ee-22bf-3453-ecd343964fc4">
      <Execution id="d1d663f4-bfb3-405d-8598-0a4b8911c809" />
      <TestMethod codeBase="/Users/r00t/Projects/PhoneBookApp/ContactService.Tests/bin/Debug/net9.0/ContactService.Tests.dll" adapterTypeName="executor://xunit/VsTestRunner3/netcore/" className="ContactService.Tests.Services.OutboxServiceTests" name="ProcessPendingEventsAsync_ShouldUseCorrectTopicForEventType" />
    </UnitTest>
    <UnitTest name="ContactService.Tests.Repositories.ContactHistoryRepositoryTests.GetAllAsync_WithInvalidParameters_ShouldThrowArgumentException(skip: -1, take: 10)" storage="/users/r00t/projects/phonebookapp/contactservice.tests/bin/debug/net9.0/contactservice.tests.dll" id="6b3f07d3-51d8-8b58-d300-ad3775e60c2b">
      <Execution id="b37e2eca-c25d-449d-a0a3-06035f76fa12" />
      <TestMethod codeBase="/Users/r00t/Projects/PhoneBookApp/ContactService.Tests/bin/Debug/net9.0/ContactService.Tests.dll" adapterTypeName="executor://xunit/VsTestRunner3/netcore/" className="ContactService.Tests.Repositories.ContactHistoryRepositoryTests" name="GetAllAsync_WithInvalidParameters_ShouldThrowArgumentException" />
    </UnitTest>
    <UnitTest name="ContactService.Tests.Services.OutboxServiceTests.AddEventAsync_ShouldCreateOutboxEvent" storage="/users/r00t/projects/phonebookapp/contactservice.tests/bin/debug/net9.0/contactservice.tests.dll" id="c559a68f-2eff-04d6-b161-ffe428335164">
      <Execution id="052b1dfc-a57f-4733-befb-f35bf2b27cb9" />
      <TestMethod codeBase="/Users/r00t/Projects/PhoneBookApp/ContactService.Tests/bin/Debug/net9.0/ContactService.Tests.dll" adapterTypeName="executor://xunit/VsTestRunner3/netcore/" className="ContactService.Tests.Services.OutboxServiceTests" name="AddEventAsync_ShouldCreateOutboxEvent" />
    </UnitTest>
    <UnitTest name="ContactService.Tests.Validations.CreateContactCommandValidatorTests.Validate_NameExceedsMaxLength_ShouldFailValidation" storage="/users/r00t/projects/phonebookapp/contactservice.tests/bin/debug/net9.0/contactservice.tests.dll" id="07b1d682-a641-193b-b836-8fb1d07217ee">
      <Execution id="cb71ae60-a50d-4ff2-9781-505ceaf3bff5" />
      <TestMethod codeBase="/Users/r00t/Projects/PhoneBookApp/ContactService.Tests/bin/Debug/net9.0/ContactService.Tests.dll" adapterTypeName="executor://xunit/VsTestRunner3/netcore/" className="ContactService.Tests.Validations.CreateContactCommandValidatorTests" name="Validate_NameExceedsMaxLength_ShouldFailValidation" />
    </UnitTest>
    <UnitTest name="ContactService.Tests.Controllers.ContactsControllerTests.CreateContact_WhenSuccessful_ReturnsCreated" storage="/users/r00t/projects/phonebookapp/contactservice.tests/bin/debug/net9.0/contactservice.tests.dll" id="713df04e-9b75-ed3f-dd66-b6e9b948d45b">
      <Execution id="1c8b8677-ae72-40d4-a99e-0d9573ebee42" />
      <TestMethod codeBase="/Users/r00t/Projects/PhoneBookApp/ContactService.Tests/bin/Debug/net9.0/ContactService.Tests.dll" adapterTypeName="executor://xunit/VsTestRunner3/netcore/" className="ContactService.Tests.Controllers.ContactsControllerTests" name="CreateContact_WhenSuccessful_ReturnsCreated" />
    </UnitTest>
    <UnitTest name="ContactService.Tests.Services.ContactServiceApplicationTests.GetContactsFilterByCompany_ReturnsPagedResult" storage="/users/r00t/projects/phonebookapp/contactservice.tests/bin/debug/net9.0/contactservice.tests.dll" id="e1e1fb96-9511-82db-931e-49873cf79d30">
      <Execution id="bb6c895f-aaed-405c-85b1-934f84e6b9a5" />
      <TestMethod codeBase="/Users/r00t/Projects/PhoneBookApp/ContactService.Tests/bin/Debug/net9.0/ContactService.Tests.dll" adapterTypeName="executor://xunit/VsTestRunner3/netcore/" className="ContactService.Tests.Services.ContactServiceApplicationTests" name="GetContactsFilterByCompany_ReturnsPagedResult" />
    </UnitTest>
    <UnitTest name="ContactService.Tests.Repositories.MongoAuditLogRepositoryTests.GetActionStatisticsAsync_ShouldReturnActionCounts" storage="/users/r00t/projects/phonebookapp/contactservice.tests/bin/debug/net9.0/contactservice.tests.dll" id="10d14aaf-d239-279a-a6e8-f000e104a5ce">
      <Execution id="a0ed5ca3-9553-4b9e-8275-8e082527e9b1" />
      <TestMethod codeBase="/Users/r00t/Projects/PhoneBookApp/ContactService.Tests/bin/Debug/net9.0/ContactService.Tests.dll" adapterTypeName="executor://xunit/VsTestRunner3/netcore/" className="ContactService.Tests.Repositories.MongoAuditLogRepositoryTests" name="GetActionStatisticsAsync_ShouldReturnActionCounts" />
    </UnitTest>
    <UnitTest name="ContactService.Tests.Domain.Entities.ContactInfoTests.ContactInfo_Creation_Should_Throw_Exception_When_Invalid_Content(infoType: PhoneNumber, content: &quot;invalid&quot;)" storage="/users/r00t/projects/phonebookapp/contactservice.tests/bin/debug/net9.0/contactservice.tests.dll" id="126d153f-a9a1-6b93-76d7-868255d66020">
      <Execution id="9d3305e6-0055-4a2a-971e-cd08385cd30f" />
      <TestMethod codeBase="/Users/r00t/Projects/PhoneBookApp/ContactService.Tests/bin/Debug/net9.0/ContactService.Tests.dll" adapterTypeName="executor://xunit/VsTestRunner3/netcore/" className="ContactService.Tests.Domain.Entities.ContactInfoTests" name="ContactInfo_Creation_Should_Throw_Exception_When_Invalid_Content" />
    </UnitTest>
    <UnitTest name="ContactService.Tests.Domain.Entities.ContactInfoTests.ContactInfo_Creation_Should_Throw_Exception_When_Invalid_Content(infoType: Location, content: &quot;&quot;)" storage="/users/r00t/projects/phonebookapp/contactservice.tests/bin/debug/net9.0/contactservice.tests.dll" id="5c903760-9f95-3812-bc6b-25200bdf3693">
      <Execution id="331fa489-6bd2-4408-911d-d8ebd605754c" />
      <TestMethod codeBase="/Users/r00t/Projects/PhoneBookApp/ContactService.Tests/bin/Debug/net9.0/ContactService.Tests.dll" adapterTypeName="executor://xunit/VsTestRunner3/netcore/" className="ContactService.Tests.Domain.Entities.ContactInfoTests" name="ContactInfo_Creation_Should_Throw_Exception_When_Invalid_Content" />
    </UnitTest>
    <UnitTest name="ContactService.Tests.Services.OutboxServiceTests.ProcessPendingEventsAsync_ShouldUseCorrectTopicForEventType(eventType: &quot;UnknownEventType&quot;, expectedTopic: &quot;contact-events&quot;)" storage="/users/r00t/projects/phonebookapp/contactservice.tests/bin/debug/net9.0/contactservice.tests.dll" id="a5af83ba-c1e2-f1ad-153e-cfa9dec6325b">
      <Execution id="23f63ac6-645f-4724-9624-5a1d1171dc75" />
      <TestMethod codeBase="/Users/r00t/Projects/PhoneBookApp/ContactService.Tests/bin/Debug/net9.0/ContactService.Tests.dll" adapterTypeName="executor://xunit/VsTestRunner3/netcore/" className="ContactService.Tests.Services.OutboxServiceTests" name="ProcessPendingEventsAsync_ShouldUseCorrectTopicForEventType" />
    </UnitTest>
    <UnitTest name="ContactService.Tests.Repositories.MongoAuditLogRepositoryTests.GetByUserIdAsync_ShouldReturnMatchingLogs" storage="/users/r00t/projects/phonebookapp/contactservice.tests/bin/debug/net9.0/contactservice.tests.dll" id="8b8bc3b1-8f6b-0437-b174-26839f658552">
      <Execution id="a6f5c1a4-0b9f-45a2-b9be-fcbca0dd84dc" />
      <TestMethod codeBase="/Users/r00t/Projects/PhoneBookApp/ContactService.Tests/bin/Debug/net9.0/ContactService.Tests.dll" adapterTypeName="executor://xunit/VsTestRunner3/netcore/" className="ContactService.Tests.Repositories.MongoAuditLogRepositoryTests" name="GetByUserIdAsync_ShouldReturnMatchingLogs" />
    </UnitTest>
    <UnitTest name="ContactService.Tests.Services.ContactServiceMainTests.AddContactInfoAsync_WhenContactExists_ShouldAddInfoAndAddToHistory" storage="/users/r00t/projects/phonebookapp/contactservice.tests/bin/debug/net9.0/contactservice.tests.dll" id="e1bf3b06-3488-230c-60a5-00c13d075199">
      <Execution id="3b552a5b-435d-4285-9043-ef3e0b329d2d" />
      <TestMethod codeBase="/Users/r00t/Projects/PhoneBookApp/ContactService.Tests/bin/Debug/net9.0/ContactService.Tests.dll" adapterTypeName="executor://xunit/VsTestRunner3/netcore/" className="ContactService.Tests.Services.ContactServiceMainTests" name="AddContactInfoAsync_WhenContactExists_ShouldAddInfoAndAddToHistory" />
    </UnitTest>
    <UnitTest name="ContactService.Tests.Controllers.ContactsControllerTests.AddContactInfo_WhenSuccessful_ReturnsCreated" storage="/users/r00t/projects/phonebookapp/contactservice.tests/bin/debug/net9.0/contactservice.tests.dll" id="df15ea37-f342-7cbf-2c72-ee072b0b4976">
      <Execution id="fcf85ab3-87ea-4d3d-b156-6fc4c095be74" />
      <TestMethod codeBase="/Users/r00t/Projects/PhoneBookApp/ContactService.Tests/bin/Debug/net9.0/ContactService.Tests.dll" adapterTypeName="executor://xunit/VsTestRunner3/netcore/" className="ContactService.Tests.Controllers.ContactsControllerTests" name="AddContactInfo_WhenSuccessful_ReturnsCreated" />
    </UnitTest>
    <UnitTest name="ContactService.Tests.Repositories.MongoAuditLogRepositoryTests.CreateAsync_ShouldInsertAuditLog" storage="/users/r00t/projects/phonebookapp/contactservice.tests/bin/debug/net9.0/contactservice.tests.dll" id="199dfbde-9274-ecf1-85e2-7f1a5dbe1633">
      <Execution id="a122002e-617c-473f-99a9-e46dac7ce3e6" />
      <TestMethod codeBase="/Users/r00t/Projects/PhoneBookApp/ContactService.Tests/bin/Debug/net9.0/ContactService.Tests.dll" adapterTypeName="executor://xunit/VsTestRunner3/netcore/" className="ContactService.Tests.Repositories.MongoAuditLogRepositoryTests" name="CreateAsync_ShouldInsertAuditLog" />
    </UnitTest>
    <UnitTest name="ContactService.Tests.Domain.Entities.OutboxEventTests.Constructor_WithTooLongCorrelationId_ShouldThrowException" storage="/users/r00t/projects/phonebookapp/contactservice.tests/bin/debug/net9.0/contactservice.tests.dll" id="5efb2b3b-3006-0196-4952-b7dda7725483">
      <Execution id="afc92c07-3bde-42dd-91ab-49b6c3683d58" />
      <TestMethod codeBase="/Users/r00t/Projects/PhoneBookApp/ContactService.Tests/bin/Debug/net9.0/ContactService.Tests.dll" adapterTypeName="executor://xunit/VsTestRunner3/netcore/" className="ContactService.Tests.Domain.Entities.OutboxEventTests" name="Constructor_WithTooLongCorrelationId_ShouldThrowException" />
    </UnitTest>
    <UnitTest name="ContactService.Tests.Services.OutboxServiceTests.ProcessPendingEventsAsync_ShouldUseCorrectTopicForEventType(eventType: &quot;ReportCompleted&quot;, expectedTopic: &quot;report-events&quot;)" storage="/users/r00t/projects/phonebookapp/contactservice.tests/bin/debug/net9.0/contactservice.tests.dll" id="df002743-2624-0d0c-291d-49704d9201b2">
      <Execution id="490176dd-dc9b-40f4-aee4-a23f586c5a46" />
      <TestMethod codeBase="/Users/r00t/Projects/PhoneBookApp/ContactService.Tests/bin/Debug/net9.0/ContactService.Tests.dll" adapterTypeName="executor://xunit/VsTestRunner3/netcore/" className="ContactService.Tests.Services.OutboxServiceTests" name="ProcessPendingEventsAsync_ShouldUseCorrectTopicForEventType" />
    </UnitTest>
    <UnitTest name="ContactService.Tests.Repositories.AuditLogRepositoryStatisticsTests.GetServiceStatisticsAsync_ShouldCallGetStatisticsAsync" storage="/users/r00t/projects/phonebookapp/contactservice.tests/bin/debug/net9.0/contactservice.tests.dll" id="a72b625f-7dd8-453c-7e17-4e51909e5f7c">
      <Execution id="be43709a-735c-4512-8756-c6dac74ee340" />
      <TestMethod codeBase="/Users/r00t/Projects/PhoneBookApp/ContactService.Tests/bin/Debug/net9.0/ContactService.Tests.dll" adapterTypeName="executor://xunit/VsTestRunner3/netcore/" className="ContactService.Tests.Repositories.AuditLogRepositoryStatisticsTests" name="GetServiceStatisticsAsync_ShouldCallGetStatisticsAsync" />
    </UnitTest>
    <UnitTest name="ContactService.Tests.Services.CachedContactServiceTests.UpdateContactAsync_ShouldInvalidateCache" storage="/users/r00t/projects/phonebookapp/contactservice.tests/bin/debug/net9.0/contactservice.tests.dll" id="a8d90567-b808-2e87-0051-a87dfee1a679">
      <Execution id="74dcfa22-9c9d-4c6f-8610-2317bb7a6011" />
      <TestMethod codeBase="/Users/r00t/Projects/PhoneBookApp/ContactService.Tests/bin/Debug/net9.0/ContactService.Tests.dll" adapterTypeName="executor://xunit/VsTestRunner3/netcore/" className="ContactService.Tests.Services.CachedContactServiceTests" name="UpdateContactAsync_ShouldInvalidateCache" />
    </UnitTest>
    <UnitTest name="ContactService.Tests.Services.ContactServiceTestsFixed.AddContactInfoAsync_WithValidData_ShouldAddContactInfo" storage="/users/r00t/projects/phonebookapp/contactservice.tests/bin/debug/net9.0/contactservice.tests.dll" id="323343c7-d97f-2cf2-2c61-7e17a26b31d4">
      <Execution id="2dc25f9a-55ec-45c0-86fa-69645252a106" />
      <TestMethod codeBase="/Users/r00t/Projects/PhoneBookApp/ContactService.Tests/bin/Debug/net9.0/ContactService.Tests.dll" adapterTypeName="executor://xunit/VsTestRunner3/netcore/" className="ContactService.Tests.Services.ContactServiceTestsFixed" name="AddContactInfoAsync_WithValidData_ShouldAddContactInfo" />
    </UnitTest>
    <UnitTest name="ContactService.Tests.Services.ContactServiceApplicationTests.UpdateContactAsync_ValidInput_ReturnsContact" storage="/users/r00t/projects/phonebookapp/contactservice.tests/bin/debug/net9.0/contactservice.tests.dll" id="41696c85-620d-5558-7d38-3aa3e33be99c">
      <Execution id="ce571b3b-9085-4c10-97af-0def6bc7e16a" />
      <TestMethod codeBase="/Users/r00t/Projects/PhoneBookApp/ContactService.Tests/bin/Debug/net9.0/ContactService.Tests.dll" adapterTypeName="executor://xunit/VsTestRunner3/netcore/" className="ContactService.Tests.Services.ContactServiceApplicationTests" name="UpdateContactAsync_ValidInput_ReturnsContact" />
    </UnitTest>
    <UnitTest name="ContactService.Tests.Services.ContactServiceApplicationTests.GetLocationStatistics_ReturnsStatistics" storage="/users/r00t/projects/phonebookapp/contactservice.tests/bin/debug/net9.0/contactservice.tests.dll" id="079beacb-8703-1df3-fe00-909a1c0b8abb">
      <Execution id="97f6f4a3-b979-4759-8077-73243bc39618" />
      <TestMethod codeBase="/Users/r00t/Projects/PhoneBookApp/ContactService.Tests/bin/Debug/net9.0/ContactService.Tests.dll" adapterTypeName="executor://xunit/VsTestRunner3/netcore/" className="ContactService.Tests.Services.ContactServiceApplicationTests" name="GetLocationStatistics_ReturnsStatistics" />
    </UnitTest>
    <UnitTest name="ContactService.Tests.Services.ContactServiceUpdateTests.UpdateContactAsync_WithEmptyId_ShouldThrowArgumentException" storage="/users/r00t/projects/phonebookapp/contactservice.tests/bin/debug/net9.0/contactservice.tests.dll" id="378e7944-3867-d4cf-b982-003f9b831267">
      <Execution id="9fdf8bab-cc9f-4151-b6dc-b2c6f5f6ced1" />
      <TestMethod codeBase="/Users/r00t/Projects/PhoneBookApp/ContactService.Tests/bin/Debug/net9.0/ContactService.Tests.dll" adapterTypeName="executor://xunit/VsTestRunner3/netcore/" className="ContactService.Tests.Services.ContactServiceUpdateTests" name="UpdateContactAsync_WithEmptyId_ShouldThrowArgumentException" />
    </UnitTest>
    <UnitTest name="ContactService.Tests.Services.ContactServiceTestsFixed.GetAllContactsAsync_ShouldReturnAllContacts" storage="/users/r00t/projects/phonebookapp/contactservice.tests/bin/debug/net9.0/contactservice.tests.dll" id="6fc7e0c9-240c-fdb8-dd16-d4d06d6c2f87">
      <Execution id="82aaea60-e5a9-40af-a0b1-9e2c7740258d" />
      <TestMethod codeBase="/Users/r00t/Projects/PhoneBookApp/ContactService.Tests/bin/Debug/net9.0/ContactService.Tests.dll" adapterTypeName="executor://xunit/VsTestRunner3/netcore/" className="ContactService.Tests.Services.ContactServiceTestsFixed" name="GetAllContactsAsync_ShouldReturnAllContacts" />
    </UnitTest>
    <UnitTest name="ContactService.Tests.Services.ContactServiceMainTests.DeleteContactAsync_WhenContactNotExists_ShouldReturnFalse" storage="/users/r00t/projects/phonebookapp/contactservice.tests/bin/debug/net9.0/contactservice.tests.dll" id="882fcf2f-ff54-d7a0-e53f-20f457ec237d">
      <Execution id="c791cec1-b37f-4b38-9f0e-5b829c6a9dc9" />
      <TestMethod codeBase="/Users/r00t/Projects/PhoneBookApp/ContactService.Tests/bin/Debug/net9.0/ContactService.Tests.dll" adapterTypeName="executor://xunit/VsTestRunner3/netcore/" className="ContactService.Tests.Services.ContactServiceMainTests" name="DeleteContactAsync_WhenContactNotExists_ShouldReturnFalse" />
    </UnitTest>
  </TestDefinitions>
  <TestEntries>
    <TestEntry testId="14a21c97-412e-899f-b8a2-6d209cf68f26" executionId="8eaf14fa-807e-41ac-ab43-7f95786a1c7b" testListId="8c84fa94-04c1-424b-9868-57a2d4851a1d" />
    <TestEntry testId="590a02c1-90e8-4289-2822-89e1e1d08adf" executionId="2892a761-9dd2-45b8-b067-a68e04ea329a" testListId="8c84fa94-04c1-424b-9868-57a2d4851a1d" />
    <TestEntry testId="c335998d-9914-1d9b-f124-3bfb5566966b" executionId="4748405e-7a9d-4c03-b8f3-dd291fd82757" testListId="8c84fa94-04c1-424b-9868-57a2d4851a1d" />
    <TestEntry testId="05c17674-6e3a-ed65-1e24-e8af01e511c6" executionId="06cacfc9-a563-4db8-8c74-792f1d3eceb8" testListId="8c84fa94-04c1-424b-9868-57a2d4851a1d" />
    <TestEntry testId="c66efc88-f4cd-f144-8f68-6670171de1b9" executionId="af5ef097-7b1d-4dcc-b1ad-d8c2688ea6b1" testListId="8c84fa94-04c1-424b-9868-57a2d4851a1d" />
    <TestEntry testId="5efb2b3b-3006-0196-4952-b7dda7725483" executionId="afc92c07-3bde-42dd-91ab-49b6c3683d58" testListId="8c84fa94-04c1-424b-9868-57a2d4851a1d" />
    <TestEntry testId="017cda00-1514-bb6b-56c2-7c9dae700c26" executionId="bf67a200-cc34-4861-8b5a-ceeb5705d23a" testListId="8c84fa94-04c1-424b-9868-57a2d4851a1d" />
    <TestEntry testId="d64ecd45-cc4f-5baf-530d-f6856122d028" executionId="f4e8e756-7cea-47f1-ac84-6ccec2eb967c" testListId="8c84fa94-04c1-424b-9868-57a2d4851a1d" />
    <TestEntry testId="e0512c59-b40c-2582-0763-0154a5cc09c1" executionId="4dc17f2e-3285-4147-994a-bec95a075bd6" testListId="8c84fa94-04c1-424b-9868-57a2d4851a1d" />
    <TestEntry testId="b8757ebb-ac02-15f3-0369-d21eca9ec4b0" executionId="d6808029-fada-469d-8b25-68fd5ff53b59" testListId="8c84fa94-04c1-424b-9868-57a2d4851a1d" />
    <TestEntry testId="30ac2a89-68f6-99bb-2ce8-7e030aa4c440" executionId="686ac3fe-8953-46d0-8c83-5768f0b42464" testListId="8c84fa94-04c1-424b-9868-57a2d4851a1d" />
    <TestEntry testId="222f46c1-1907-f69f-b4f5-c3b3cf34e4de" executionId="5ff98ccc-f7b6-450d-9d01-ba25c6838f33" testListId="8c84fa94-04c1-424b-9868-57a2d4851a1d" />
    <TestEntry testId="a8dd3c80-baec-5569-e032-562c61405c66" executionId="0ded9f20-719c-4cfa-8f44-708d5ba63be5" testListId="8c84fa94-04c1-424b-9868-57a2d4851a1d" />
    <TestEntry testId="eac69243-a831-f552-a0d0-baa6a89fca7c" executionId="3994f47c-1e58-4a25-ad4f-0ba66c1a6303" testListId="8c84fa94-04c1-424b-9868-57a2d4851a1d" />
    <TestEntry testId="03d2df7b-7fd5-d4ef-8c80-9c4e08c34591" executionId="1fadfb24-6d2e-449f-961b-03ef20cd453e" testListId="8c84fa94-04c1-424b-9868-57a2d4851a1d" />
    <TestEntry testId="28e6a20e-d88f-2705-d7cd-30f645e1fda4" executionId="8c47180b-3b2e-453e-8237-71c6f2addebb" testListId="8c84fa94-04c1-424b-9868-57a2d4851a1d" />
    <TestEntry testId="0a12353c-6cc1-fc38-327e-7eb2020ce17a" executionId="86b1e843-0cf8-46a4-8b38-a907ebfbe5d7" testListId="8c84fa94-04c1-424b-9868-57a2d4851a1d" />
    <TestEntry testId="0d3459bc-e8cb-d47f-59e8-c2b017caff6f" executionId="cff59939-05d5-40df-822b-ef77e1c1fe22" testListId="8c84fa94-04c1-424b-9868-57a2d4851a1d" />
    <TestEntry testId="7c54e1ae-c3f0-a0c7-0c1b-3f11ae72c258" executionId="cd34a51f-cafb-4a28-89ec-5644cfddad2d" testListId="8c84fa94-04c1-424b-9868-57a2d4851a1d" />
    <TestEntry testId="7c3a1928-cf81-dafe-4286-3d55ee5e1ef7" executionId="da0820b4-6d96-4cc6-a1b8-273f1d32cbbf" testListId="8c84fa94-04c1-424b-9868-57a2d4851a1d" />
    <TestEntry testId="82371a74-8284-f45a-9bd9-8febb96acef0" executionId="b66d08de-63e1-46eb-954c-8adcbf74ec61" testListId="8c84fa94-04c1-424b-9868-57a2d4851a1d" />
    <TestEntry testId="3f9af360-bf03-d7e9-99bf-e7534ad823d1" executionId="92fec977-debf-4098-bf6a-cda682afefca" testListId="8c84fa94-04c1-424b-9868-57a2d4851a1d" />
    <TestEntry testId="882bd43e-ef74-332e-63af-36d115c7c2a9" executionId="8b0312fa-6238-45d7-8b3f-fc19326d4ead" testListId="8c84fa94-04c1-424b-9868-57a2d4851a1d" />
    <TestEntry testId="aa0f0ade-30f6-ce3c-0d3a-b05184cc7d19" executionId="b5d526a0-1b46-4dc0-a43e-2b5a9a87117c" testListId="8c84fa94-04c1-424b-9868-57a2d4851a1d" />
    <TestEntry testId="c67f170d-f20c-043f-8f1f-955be167348a" executionId="d79c664f-5cb1-42cf-9a01-dc6e5c744476" testListId="8c84fa94-04c1-424b-9868-57a2d4851a1d" />
    <TestEntry testId="07b1d682-a641-193b-b836-8fb1d07217ee" executionId="cb71ae60-a50d-4ff2-9781-505ceaf3bff5" testListId="8c84fa94-04c1-424b-9868-57a2d4851a1d" />
    <TestEntry testId="a2ad692f-e493-e305-4bd6-5595a6240365" executionId="da21c6c5-4d1f-4376-a164-9263846ca36a" testListId="8c84fa94-04c1-424b-9868-57a2d4851a1d" />
    <TestEntry testId="7ec04dbc-1d37-9892-81bd-96a4844d707f" executionId="60753a08-73d4-4b9f-a498-dd8bd1d00050" testListId="8c84fa94-04c1-424b-9868-57a2d4851a1d" />
    <TestEntry testId="edf6a030-20b7-5099-4eae-89f53653ee9c" executionId="5efbd56e-042b-4de3-b282-708f8af3642f" testListId="8c84fa94-04c1-424b-9868-57a2d4851a1d" />
    <TestEntry testId="ac1714c9-ff76-cbb6-220f-9d0ef3905d15" executionId="77ee45b5-a51a-4702-90d7-1831877f260f" testListId="8c84fa94-04c1-424b-9868-57a2d4851a1d" />
    <TestEntry testId="6f6162e6-6deb-eccb-af06-43aec8dc0bbb" executionId="074aaa91-d3ab-43fe-a4b5-98f62ca66bbd" testListId="8c84fa94-04c1-424b-9868-57a2d4851a1d" />
    <TestEntry testId="405f40d7-9561-3309-8bfa-837cee093906" executionId="67a4676a-fbac-4da7-8546-32d357932f41" testListId="8c84fa94-04c1-424b-9868-57a2d4851a1d" />
    <TestEntry testId="bae9764f-6739-74de-9560-36225fd37725" executionId="081a66c8-2457-4a40-8dae-c8e7886bf101" testListId="8c84fa94-04c1-424b-9868-57a2d4851a1d" />
    <TestEntry testId="1bd7f86d-2011-8cdd-1461-8bc55c96d5ec" executionId="6f267c86-11bf-43d0-ab73-5f8878a0e42c" testListId="8c84fa94-04c1-424b-9868-57a2d4851a1d" />
    <TestEntry testId="0ff85cf5-a2d8-d8fc-ca9b-bb20d44148c4" executionId="4bdcd97f-1780-4607-9a2b-9dce87301d7e" testListId="8c84fa94-04c1-424b-9868-57a2d4851a1d" />
    <TestEntry testId="72500727-27e7-6ae3-a846-6658170429c8" executionId="fdb25182-5233-4d81-9edd-9537bf1ca966" testListId="8c84fa94-04c1-424b-9868-57a2d4851a1d" />
    <TestEntry testId="126d153f-a9a1-6b93-76d7-868255d66020" executionId="9d3305e6-0055-4a2a-971e-cd08385cd30f" testListId="8c84fa94-04c1-424b-9868-57a2d4851a1d" />
    <TestEntry testId="44514b6a-1308-8b4b-e1cb-35d868791017" executionId="8ef234fa-1977-44b6-9dcf-62bfa6c4b750" testListId="8c84fa94-04c1-424b-9868-57a2d4851a1d" />
    <TestEntry testId="98ca35fe-00fc-f6f5-0ef1-bbfdec93c5fb" executionId="37f1d662-0999-482c-bcdc-dcbf44dc66d6" testListId="8c84fa94-04c1-424b-9868-57a2d4851a1d" />
    <TestEntry testId="5c903760-9f95-3812-bc6b-25200bdf3693" executionId="331fa489-6bd2-4408-911d-d8ebd605754c" testListId="8c84fa94-04c1-424b-9868-57a2d4851a1d" />
    <TestEntry testId="25a08685-8a9a-a9d7-81fd-c697cf0c6d7b" executionId="c4e57b25-df76-4cee-8a32-162a3bbc54c9" testListId="8c84fa94-04c1-424b-9868-57a2d4851a1d" />
    <TestEntry testId="c559a68f-2eff-04d6-b161-ffe428335164" executionId="052b1dfc-a57f-4733-befb-f35bf2b27cb9" testListId="8c84fa94-04c1-424b-9868-57a2d4851a1d" />
    <TestEntry testId="c3fe5172-5743-b77e-f041-7c3abe54e2e1" executionId="1f4448ae-8411-42f6-9dc0-37654f90a9b1" testListId="8c84fa94-04c1-424b-9868-57a2d4851a1d" />
    <TestEntry testId="e1004f18-4443-4ff8-66a9-3013d39e6a45" executionId="23ad0dca-fef0-41df-9ebc-40e86b4a4619" testListId="8c84fa94-04c1-424b-9868-57a2d4851a1d" />
    <TestEntry testId="d4775dfa-cdea-3719-81f7-2f1b34fad721" executionId="b5b69288-fa23-442c-ae13-e651b1955027" testListId="8c84fa94-04c1-424b-9868-57a2d4851a1d" />
    <TestEntry testId="124dfbbf-60d5-a8a0-9a58-0ae196323d97" executionId="faab752d-8b9d-43f0-b946-d03deb0c04d9" testListId="8c84fa94-04c1-424b-9868-57a2d4851a1d" />
    <TestEntry testId="26e6a1c0-a2f9-a0c2-b9ef-8fbf7a1b6d33" executionId="836757a1-48ea-419a-8833-b6fc9ea559cd" testListId="8c84fa94-04c1-424b-9868-57a2d4851a1d" />
    <TestEntry testId="a8d90567-b808-2e87-0051-a87dfee1a679" executionId="74dcfa22-9c9d-4c6f-8610-2317bb7a6011" testListId="8c84fa94-04c1-424b-9868-57a2d4851a1d" />
    <TestEntry testId="d0b68fa2-8573-ff6a-1395-8672483d7840" executionId="1338128b-43cb-479a-a98a-f7541bb57ec2" testListId="8c84fa94-04c1-424b-9868-57a2d4851a1d" />
    <TestEntry testId="2c35d8c2-aa6c-6a0f-c68a-9c31adb9047c" executionId="b546a587-f776-43b5-a586-3f82dff65e92" testListId="8c84fa94-04c1-424b-9868-57a2d4851a1d" />
    <TestEntry testId="f483d3f3-63fe-8590-30c3-b17059ff6060" executionId="cef09e54-d15b-4abf-aa1d-008a491da0fd" testListId="8c84fa94-04c1-424b-9868-57a2d4851a1d" />
    <TestEntry testId="10d14aaf-d239-279a-a6e8-f000e104a5ce" executionId="a0ed5ca3-9553-4b9e-8275-8e082527e9b1" testListId="8c84fa94-04c1-424b-9868-57a2d4851a1d" />
    <TestEntry testId="2f39f84b-2495-025d-4dce-7e9dda04c9a0" executionId="746f7785-deb0-4660-880f-5de7df085428" testListId="8c84fa94-04c1-424b-9868-57a2d4851a1d" />
    <TestEntry testId="7a45942a-3b30-94eb-c36a-c8382837d4e3" executionId="9ee6158a-e8dd-4b7b-8046-af1aa7e479fa" testListId="8c84fa94-04c1-424b-9868-57a2d4851a1d" />
    <TestEntry testId="b65281e8-2265-5702-574a-6c47ec24228a" executionId="e82b4619-d1eb-46d3-9cf0-9c6c383c0a08" testListId="8c84fa94-04c1-424b-9868-57a2d4851a1d" />
    <TestEntry testId="e692ca4f-6d6b-7fc0-48f7-fd4b7d1742b6" executionId="374eefa4-3364-4613-95e1-dd58125c2a3b" testListId="8c84fa94-04c1-424b-9868-57a2d4851a1d" />
    <TestEntry testId="079beacb-8703-1df3-fe00-909a1c0b8abb" executionId="97f6f4a3-b979-4759-8077-73243bc39618" testListId="8c84fa94-04c1-424b-9868-57a2d4851a1d" />
    <TestEntry testId="20515b5d-e30f-5458-7e3f-a5a075cba14a" executionId="5455a138-2271-477e-819f-1587b69f7561" testListId="8c84fa94-04c1-424b-9868-57a2d4851a1d" />
    <TestEntry testId="443e13cd-d51f-1bc7-fca6-df12d7e0a2ce" executionId="7df967cf-4ffe-4abe-b3d1-a8fb9bb5cbf1" testListId="8c84fa94-04c1-424b-9868-57a2d4851a1d" />
    <TestEntry testId="e21c7a63-6890-2b93-a955-ffd8ea432639" executionId="5c57ce25-eb1d-4687-beeb-085125296251" testListId="8c84fa94-04c1-424b-9868-57a2d4851a1d" />
    <TestEntry testId="179e5766-4ae7-bc37-b6b4-90c5efc021d4" executionId="1a546a45-387b-4476-bd1a-1a6299560ea5" testListId="8c84fa94-04c1-424b-9868-57a2d4851a1d" />
    <TestEntry testId="9f54d93d-6f81-7c29-de08-ba4fb3579541" executionId="21ce818d-9cf7-4185-ad6c-dd881f2b806c" testListId="8c84fa94-04c1-424b-9868-57a2d4851a1d" />
    <TestEntry testId="efa0793d-9ed9-d671-3dc7-bab3d6d8e171" executionId="7e7c76e7-cae9-4202-9a57-d7b3460daddd" testListId="8c84fa94-04c1-424b-9868-57a2d4851a1d" />
    <TestEntry testId="111b7653-f816-b715-b87f-7fd8379044e4" executionId="926b4bee-8329-4daf-8bd6-24dd3dc0cde3" testListId="8c84fa94-04c1-424b-9868-57a2d4851a1d" />
    <TestEntry testId="7c7b35de-3a22-8ded-1159-21c2cde4fe0d" executionId="61ac1cce-0a59-493a-9d96-f9f405b51c9d" testListId="8c84fa94-04c1-424b-9868-57a2d4851a1d" />
    <TestEntry testId="92781bd7-2ea2-5631-0694-f378c3f190d8" executionId="c7dffdfc-0132-4f09-9620-0e1c47d7f051" testListId="8c84fa94-04c1-424b-9868-57a2d4851a1d" />
    <TestEntry testId="f28e8d11-463d-a43c-7a13-c5f4c558c245" executionId="ad3e0b7b-3de9-4273-9000-d9ca55f40af3" testListId="8c84fa94-04c1-424b-9868-57a2d4851a1d" />
    <TestEntry testId="f6522c53-be07-c331-4607-151fcd4c0159" executionId="c40c00aa-95cc-4062-ad7c-36b3abba2f0c" testListId="8c84fa94-04c1-424b-9868-57a2d4851a1d" />
    <TestEntry testId="94a0978f-a353-00a7-6ac3-ef47fec046c6" executionId="ee0e0601-d005-40b5-886a-f70bcb661e2d" testListId="8c84fa94-04c1-424b-9868-57a2d4851a1d" />
    <TestEntry testId="8e0807d9-5fdb-9205-42ee-a60e37463259" executionId="548defbe-2ad6-45c5-8d81-561d6bcf7de3" testListId="8c84fa94-04c1-424b-9868-57a2d4851a1d" />
    <TestEntry testId="48769fa8-8334-e0cd-8bbc-a5d611b35154" executionId="c4527164-817c-481a-ac23-147d6cc83535" testListId="8c84fa94-04c1-424b-9868-57a2d4851a1d" />
    <TestEntry testId="2c1f28ba-764d-3fa9-5475-82b081f91c8e" executionId="dff55d38-a410-4ef6-91d5-f41813146f9b" testListId="8c84fa94-04c1-424b-9868-57a2d4851a1d" />
    <TestEntry testId="afc37a1d-3c5b-ea93-79ce-b30d9478a205" executionId="94db8803-3839-48dc-8e78-8fec8559948d" testListId="8c84fa94-04c1-424b-9868-57a2d4851a1d" />
    <TestEntry testId="f01ae12c-0e66-79bc-93dc-f00b73c11376" executionId="4e22e2ab-66e0-4118-a252-3efab7525b1f" testListId="8c84fa94-04c1-424b-9868-57a2d4851a1d" />
    <TestEntry testId="3e0d0734-29ff-8c43-4b6f-3d6de1f1428f" executionId="1ba46589-4e81-4c08-958b-f49e59e061c3" testListId="8c84fa94-04c1-424b-9868-57a2d4851a1d" />
    <TestEntry testId="de9a4fde-3700-801f-3fd1-721a68b10663" executionId="d3b36df0-b3ae-4cc8-a3f8-d477de87dd9e" testListId="8c84fa94-04c1-424b-9868-57a2d4851a1d" />
    <TestEntry testId="6c2a16b2-1252-58f8-af52-cc93a97e6fec" executionId="a7bec44a-fe6d-4752-9653-9aec1356e701" testListId="8c84fa94-04c1-424b-9868-57a2d4851a1d" />
    <TestEntry testId="3e495c5b-2707-5b37-901a-722dc64d9bc2" executionId="32a5c697-c3e5-4e4d-8450-b32f8bf52d37" testListId="8c84fa94-04c1-424b-9868-57a2d4851a1d" />
    <TestEntry testId="6556c299-6bb4-5ec5-984e-fa52257e87b6" executionId="2f3b1eb4-b103-4163-bbad-f0eabff090cc" testListId="8c84fa94-04c1-424b-9868-57a2d4851a1d" />
    <TestEntry testId="186e0ae0-54bb-b584-d5f3-d4b81fe8b789" executionId="c7d46c44-4180-44bf-bdfc-e483eae64745" testListId="8c84fa94-04c1-424b-9868-57a2d4851a1d" />
    <TestEntry testId="ffe4db92-54b1-7f83-8271-8dae375000c7" executionId="f4f00b61-9033-42af-894f-2bd67a5cefb5" testListId="8c84fa94-04c1-424b-9868-57a2d4851a1d" />
    <TestEntry testId="b0d4b3ba-6734-251e-ba89-4709731e505d" executionId="f02fb588-3380-4902-b071-9c3cc81bd0cc" testListId="8c84fa94-04c1-424b-9868-57a2d4851a1d" />
    <TestEntry testId="41696c85-620d-5558-7d38-3aa3e33be99c" executionId="ce571b3b-9085-4c10-97af-0def6bc7e16a" testListId="8c84fa94-04c1-424b-9868-57a2d4851a1d" />
    <TestEntry testId="b9ba7b92-fecc-019d-a8e3-8e9f17a30de8" executionId="1ee91389-0ec4-4c72-892a-e2bd1ac7bc04" testListId="8c84fa94-04c1-424b-9868-57a2d4851a1d" />
    <TestEntry testId="68f4590e-afad-f04b-97e1-69bd75d8d312" executionId="8c344428-8f7c-4692-8fe7-ff2eaa4bd353" testListId="8c84fa94-04c1-424b-9868-57a2d4851a1d" />
    <TestEntry testId="09bb61ca-6eab-451b-c307-4216d15f8054" executionId="c36f98eb-849a-4df4-837b-a456dce244db" testListId="8c84fa94-04c1-424b-9868-57a2d4851a1d" />
    <TestEntry testId="29e293e4-ac61-bb95-9df4-4a03b1c70d7f" executionId="925450f7-0eae-4f68-9395-83301a355281" testListId="8c84fa94-04c1-424b-9868-57a2d4851a1d" />
    <TestEntry testId="c427cb7e-c565-9a5c-6c0b-aa3bb88347e4" executionId="7364bbc5-adec-4bb9-9e74-e5ea2455fd0d" testListId="8c84fa94-04c1-424b-9868-57a2d4851a1d" />
    <TestEntry testId="e0c0dc92-4c11-8d36-dabb-89edd3ae9421" executionId="d51ec05d-43e5-46d7-be54-4bc1fc675901" testListId="8c84fa94-04c1-424b-9868-57a2d4851a1d" />
    <TestEntry testId="3f5bb582-9511-2ba7-2a49-ea1bd623604c" executionId="37c34e8f-121a-44a4-b9ea-d982ac53c9ff" testListId="8c84fa94-04c1-424b-9868-57a2d4851a1d" />
    <TestEntry testId="5374287b-1f7c-c2b3-e154-de5380cc5ee7" executionId="129894c2-c10e-413d-a015-5f63f9ece1f2" testListId="8c84fa94-04c1-424b-9868-57a2d4851a1d" />
    <TestEntry testId="b0f2213c-04cc-1379-5387-95cab862989b" executionId="f582bd08-63cf-4835-98b6-4c62dea7535b" testListId="8c84fa94-04c1-424b-9868-57a2d4851a1d" />
    <TestEntry testId="117ab19a-c872-02e8-c978-f08027b9b116" executionId="ff08a1bc-f874-44f8-bb90-2f8006500792" testListId="8c84fa94-04c1-424b-9868-57a2d4851a1d" />
    <TestEntry testId="282f2e9e-8d74-cd49-7c68-22cff428626a" executionId="b0846f01-7caa-4a35-ad31-74a8672b601a" testListId="8c84fa94-04c1-424b-9868-57a2d4851a1d" />
    <TestEntry testId="768c582e-eae1-d32a-ed6b-12c46db6d8c0" executionId="5e7095c1-3d3b-49b5-898e-0a2d7bc0aa04" testListId="8c84fa94-04c1-424b-9868-57a2d4851a1d" />
    <TestEntry testId="2427865a-c234-d287-6e90-174830cd7bc5" executionId="7e7cfea6-c651-4bdf-aec6-d34764546ddc" testListId="8c84fa94-04c1-424b-9868-57a2d4851a1d" />
    <TestEntry testId="8bbb19ee-ca07-eb9d-20fe-3a2629042ba7" executionId="920013bb-19fa-4f88-9784-13350054bbd9" testListId="8c84fa94-04c1-424b-9868-57a2d4851a1d" />
    <TestEntry testId="36fb9aff-37ba-d4cb-ac94-6c92c80db614" executionId="b074958b-3558-4c8a-9f1d-e5f150f669d8" testListId="8c84fa94-04c1-424b-9868-57a2d4851a1d" />
    <TestEntry testId="303469c6-38ab-ed9d-3288-178e4263a70a" executionId="07da3ce5-94c9-4b58-a00f-e8acadfb48c4" testListId="8c84fa94-04c1-424b-9868-57a2d4851a1d" />
    <TestEntry testId="8660af85-f3fe-d074-bdd1-80aff98c82cd" executionId="0ead67f1-ac11-4af9-97b9-b02fee703fa6" testListId="8c84fa94-04c1-424b-9868-57a2d4851a1d" />
    <TestEntry testId="ebc1e7bb-8a9c-9b8e-bcd1-99f7525bedd1" executionId="e2172967-e751-41fc-8248-a55dbe6742b3" testListId="8c84fa94-04c1-424b-9868-57a2d4851a1d" />
    <TestEntry testId="4e8a80f1-543c-1d02-864d-4bd3af914a2e" executionId="7f8f375c-66ef-408a-8b7d-7854a438eb08" testListId="8c84fa94-04c1-424b-9868-57a2d4851a1d" />
    <TestEntry testId="f49e4b42-bf40-f395-8b13-c39186c2e908" executionId="78eecebb-1923-4d12-9195-4cce1bf9f1dd" testListId="8c84fa94-04c1-424b-9868-57a2d4851a1d" />
    <TestEntry testId="971f74ca-45cd-bbdc-49ea-21ff7eee9175" executionId="0fb119cf-cf21-4aa1-88bd-a1a952979c46" testListId="8c84fa94-04c1-424b-9868-57a2d4851a1d" />
    <TestEntry testId="2df730f4-0d43-174e-9923-44bcaeefaf6d" executionId="6b2b0a65-a79c-401f-ab64-a4584e109253" testListId="8c84fa94-04c1-424b-9868-57a2d4851a1d" />
    <TestEntry testId="636c8e1b-2921-90bc-df3a-d04e31cba999" executionId="d52dfc64-6afc-4889-9e57-1039dbe77cd4" testListId="8c84fa94-04c1-424b-9868-57a2d4851a1d" />
    <TestEntry testId="882fcf2f-ff54-d7a0-e53f-20f457ec237d" executionId="c791cec1-b37f-4b38-9f0e-5b829c6a9dc9" testListId="8c84fa94-04c1-424b-9868-57a2d4851a1d" />
    <TestEntry testId="5533c9fd-1d32-1a8a-1765-693d9380208a" executionId="129913d0-6565-4839-9b0d-e672ccecd73e" testListId="8c84fa94-04c1-424b-9868-57a2d4851a1d" />
    <TestEntry testId="c265e0ad-d94e-42fe-4e3b-d91e4cefddef" executionId="8690506d-2f8f-461c-8460-07c00b30fe9f" testListId="8c84fa94-04c1-424b-9868-57a2d4851a1d" />
    <TestEntry testId="968c4a1e-cc0c-b858-8e0b-528ac5858b80" executionId="2b207c0e-4065-406d-808d-4e817e34fae0" testListId="8c84fa94-04c1-424b-9868-57a2d4851a1d" />
    <TestEntry testId="2b9ee78f-35e1-e068-e40b-3b598d01c562" executionId="f81ba544-6822-4aaa-9449-a5d6b1b03f19" testListId="8c84fa94-04c1-424b-9868-57a2d4851a1d" />
    <TestEntry testId="ebd5682f-4fb0-09c6-30ed-c9bfcc6a4f49" executionId="59218f02-3731-4cfe-90aa-4c69d241b35e" testListId="8c84fa94-04c1-424b-9868-57a2d4851a1d" />
    <TestEntry testId="4e4fa4f6-c071-ab44-a927-8c5880bc65fa" executionId="39c8a6f4-09e3-4d2c-a4c0-d9cd2b2dcd9e" testListId="8c84fa94-04c1-424b-9868-57a2d4851a1d" />
    <TestEntry testId="4130d9e3-b9f1-b341-98f5-f97ea5152121" executionId="f5909bec-0531-47b6-a042-7e5d36094e53" testListId="8c84fa94-04c1-424b-9868-57a2d4851a1d" />
    <TestEntry testId="4efe6a47-d4b9-e826-13f7-91a5b3fe801b" executionId="78f69970-3bfe-42ca-a1f2-3d2dcef1a5be" testListId="8c84fa94-04c1-424b-9868-57a2d4851a1d" />
    <TestEntry testId="a874c8d2-5316-2972-8079-a289f2f1e247" executionId="34a46d87-0fe0-465e-b3ca-091a235d08e6" testListId="8c84fa94-04c1-424b-9868-57a2d4851a1d" />
    <TestEntry testId="785c5a05-d1a4-775f-7667-0fb40096a903" executionId="7ec55f77-165a-4656-9ec4-1fc057300a49" testListId="8c84fa94-04c1-424b-9868-57a2d4851a1d" />
    <TestEntry testId="e3e0986d-75a9-9ba8-ad43-9956b1b3878f" executionId="1aa60c44-9331-422e-b6bf-ad6e2ac3b315" testListId="8c84fa94-04c1-424b-9868-57a2d4851a1d" />
    <TestEntry testId="93e00a94-e360-dd4d-fa61-85de87dbb093" executionId="42abcf43-23c2-425c-a177-5d4b685748f4" testListId="8c84fa94-04c1-424b-9868-57a2d4851a1d" />
    <TestEntry testId="3c06567a-faa5-e665-a0d3-95e051b2882d" executionId="f8f406cc-27e5-4ea9-91e7-2084e88ee30b" testListId="8c84fa94-04c1-424b-9868-57a2d4851a1d" />
    <TestEntry testId="85ec67d1-c01a-0b2b-4f34-630d00ce6b9a" executionId="0f4feec8-47f3-4ad0-8a43-5e108f791418" testListId="8c84fa94-04c1-424b-9868-57a2d4851a1d" />
    <TestEntry testId="7b7d17f8-d4af-db7b-830b-f9e485e01b81" executionId="42178ab9-6fb0-4cb4-a6e4-18947597e228" testListId="8c84fa94-04c1-424b-9868-57a2d4851a1d" />
    <TestEntry testId="86d12d44-2a3f-2f8e-2584-6f4b5918681f" executionId="11e3dbe0-c388-4aa1-80dc-1f4512602c3f" testListId="8c84fa94-04c1-424b-9868-57a2d4851a1d" />
    <TestEntry testId="dbe292bc-3a80-0e4c-f6be-328bcc89dd40" executionId="843a7672-1020-4d41-9853-bf788388294c" testListId="8c84fa94-04c1-424b-9868-57a2d4851a1d" />
    <TestEntry testId="595273e4-06ee-22bf-3453-ecd343964fc4" executionId="d1d663f4-bfb3-405d-8598-0a4b8911c809" testListId="8c84fa94-04c1-424b-9868-57a2d4851a1d" />
    <TestEntry testId="13fb06c2-4134-b775-4909-b7eab9af5ddc" executionId="a7497a83-9c75-429b-96de-2a3388b0cc40" testListId="8c84fa94-04c1-424b-9868-57a2d4851a1d" />
    <TestEntry testId="1bfc090f-26ac-d3be-0ae1-b46c3add197c" executionId="a93ccefe-91b1-4ccd-a930-f681eab3f29a" testListId="8c84fa94-04c1-424b-9868-57a2d4851a1d" />
    <TestEntry testId="1743a143-da91-5176-77bf-9600b73576f5" executionId="192a46f1-f571-403c-9f24-f1bf44d874fa" testListId="8c84fa94-04c1-424b-9868-57a2d4851a1d" />
    <TestEntry testId="b274f1bf-e50c-37c1-bbf0-41f6669ca612" executionId="898c1a32-5010-4012-988f-ce20e6e95da3" testListId="8c84fa94-04c1-424b-9868-57a2d4851a1d" />
    <TestEntry testId="cf3fa0bc-061b-2f26-6e71-2d0393970326" executionId="79846a7b-5fb0-4076-bd4e-b35d3e28539a" testListId="8c84fa94-04c1-424b-9868-57a2d4851a1d" />
    <TestEntry testId="8da38bde-d14e-03d1-fa43-d70ee8ff36f2" executionId="b4ce6958-69e4-4ebc-a6b3-777d26a2f73b" testListId="8c84fa94-04c1-424b-9868-57a2d4851a1d" />
    <TestEntry testId="21177713-0664-d2f9-4bc9-b96dd1ee3911" executionId="d5701c7f-dad3-42b8-91b3-d9489847f28a" testListId="8c84fa94-04c1-424b-9868-57a2d4851a1d" />
    <TestEntry testId="6cd8e71e-92c0-75fb-e709-eba99947ac82" executionId="b27f10fe-eb70-4568-92a5-46371aed6942" testListId="8c84fa94-04c1-424b-9868-57a2d4851a1d" />
    <TestEntry testId="d0df7d2e-7ab0-18b7-8342-cb7eb1d3df01" executionId="03130f3c-77e7-44e4-8b1e-e1b8ce53d15c" testListId="8c84fa94-04c1-424b-9868-57a2d4851a1d" />
    <TestEntry testId="378e7944-3867-d4cf-b982-003f9b831267" executionId="9fdf8bab-cc9f-4151-b6dc-b2c6f5f6ced1" testListId="8c84fa94-04c1-424b-9868-57a2d4851a1d" />
    <TestEntry testId="5d0996e8-fd7f-2244-91d9-22b23dc415b5" executionId="1dafa10b-37d6-4f2b-a46b-35f3abc3410b" testListId="8c84fa94-04c1-424b-9868-57a2d4851a1d" />
    <TestEntry testId="c1535f5e-9821-2318-5e4b-fc0d5c6dc1b7" executionId="9324369c-d9a4-42dd-999f-3ddd06bad6c5" testListId="8c84fa94-04c1-424b-9868-57a2d4851a1d" />
    <TestEntry testId="5ccace46-0f74-b6d1-7237-e04c8c13a0ce" executionId="580fdfa1-7478-4556-b5ec-4045d16ed364" testListId="8c84fa94-04c1-424b-9868-57a2d4851a1d" />
    <TestEntry testId="7856bcf6-78cf-2577-2caa-e3d197c45750" executionId="1b74744e-9f86-46b8-9a1c-49f5e45718df" testListId="8c84fa94-04c1-424b-9868-57a2d4851a1d" />
    <TestEntry testId="4b30f9ea-b537-a7a1-efa5-592a73cb7c4b" executionId="06ca4089-8075-4997-aa10-49be556d0f38" testListId="8c84fa94-04c1-424b-9868-57a2d4851a1d" />
    <TestEntry testId="0c90d8a1-af5e-9653-bf27-27fbaed88347" executionId="e2768afd-fff8-4511-868e-152adcadcb3c" testListId="8c84fa94-04c1-424b-9868-57a2d4851a1d" />
    <TestEntry testId="df15ea37-f342-7cbf-2c72-ee072b0b4976" executionId="fcf85ab3-87ea-4d3d-b156-6fc4c095be74" testListId="8c84fa94-04c1-424b-9868-57a2d4851a1d" />
    <TestEntry testId="e2894dc0-50cd-a92e-7e49-3d7b97d728a6" executionId="684dba89-62d9-4e25-823d-d92179a3835d" testListId="8c84fa94-04c1-424b-9868-57a2d4851a1d" />
    <TestEntry testId="713df04e-9b75-ed3f-dd66-b6e9b948d45b" executionId="1c8b8677-ae72-40d4-a99e-0d9573ebee42" testListId="8c84fa94-04c1-424b-9868-57a2d4851a1d" />
    <TestEntry testId="ba2d4a45-cead-340a-a63e-a43a127065b8" executionId="2dca2578-ba08-4f20-a883-6de6dee688a5" testListId="8c84fa94-04c1-424b-9868-57a2d4851a1d" />
    <TestEntry testId="540b33a6-8fe4-1aa6-ae10-dbe92135a857" executionId="8c8a5cfd-6395-4757-88a4-a2a47b05b4bd" testListId="8c84fa94-04c1-424b-9868-57a2d4851a1d" />
    <TestEntry testId="fdea8046-f0e6-7536-6833-67c3c9d76e1a" executionId="b45c18ba-790f-4796-b3ce-6024319914f4" testListId="8c84fa94-04c1-424b-9868-57a2d4851a1d" />
    <TestEntry testId="6b9bfd0c-67c8-c0c3-9649-9c290a5b6a5a" executionId="b1374433-4d74-473d-8a4f-d6e3a9e28f8e" testListId="8c84fa94-04c1-424b-9868-57a2d4851a1d" />
    <TestEntry testId="8de77c86-eebf-ad05-8f7b-74fbfb433670" executionId="30fdbe50-c3b1-4c3b-8887-3b02fac74884" testListId="8c84fa94-04c1-424b-9868-57a2d4851a1d" />
    <TestEntry testId="d324fa8a-5414-ba80-97eb-374eb9c0da4a" executionId="97b736b8-f3f1-400e-b218-e7ec7530a63b" testListId="8c84fa94-04c1-424b-9868-57a2d4851a1d" />
    <TestEntry testId="f6d2978e-dae0-7de4-d089-9d3548c89767" executionId="7443a1bf-24d9-4007-a2e3-44bfc053650b" testListId="8c84fa94-04c1-424b-9868-57a2d4851a1d" />
    <TestEntry testId="fe014a10-482f-05c8-9a2a-2297dd706ba9" executionId="0f02ae55-98a6-4987-889b-4fd5690cd870" testListId="8c84fa94-04c1-424b-9868-57a2d4851a1d" />
    <TestEntry testId="8645a9b9-72c7-0bb0-8520-7a47e2be88a6" executionId="2cc5cc07-ed3d-4bb6-be80-5e9654c1508b" testListId="8c84fa94-04c1-424b-9868-57a2d4851a1d" />
    <TestEntry testId="00fd1338-185a-d067-df64-aa127ee360f6" executionId="2e17c23a-bacc-4cd3-a82d-969b317c810c" testListId="8c84fa94-04c1-424b-9868-57a2d4851a1d" />
    <TestEntry testId="978172cb-2abb-e079-c46c-cb5cdeac9d07" executionId="3946ca6c-5047-43a9-be61-fa8f6a2c55e8" testListId="8c84fa94-04c1-424b-9868-57a2d4851a1d" />
    <TestEntry testId="62e3da41-1e3f-0e2f-ce0f-4f47b32620d9" executionId="6933c7b7-7ce2-4c83-a279-a0d6420cad16" testListId="8c84fa94-04c1-424b-9868-57a2d4851a1d" />
    <TestEntry testId="1eb9a523-76fe-3efa-4d0c-3f8d59bfe591" executionId="67b2df4b-8c72-48d3-80f8-b92a19e72b6e" testListId="8c84fa94-04c1-424b-9868-57a2d4851a1d" />
    <TestEntry testId="e5b3f3f9-815f-19a6-4803-fcfa541b2e01" executionId="a932c223-32c1-4700-8bdb-47d1b0371314" testListId="8c84fa94-04c1-424b-9868-57a2d4851a1d" />
    <TestEntry testId="f621c9c5-ed11-460e-d765-e057008e7857" executionId="bfa63057-180e-4f5a-9c28-d31e3b9c2f40" testListId="8c84fa94-04c1-424b-9868-57a2d4851a1d" />
    <TestEntry testId="8e6d5007-84ed-f7e6-5c4b-54b89e1de5cb" executionId="77abe6ab-0f9f-4d23-8deb-099dcf214368" testListId="8c84fa94-04c1-424b-9868-57a2d4851a1d" />
    <TestEntry testId="6b3f07d3-51d8-8b58-d300-ad3775e60c2b" executionId="b37e2eca-c25d-449d-a0a3-06035f76fa12" testListId="8c84fa94-04c1-424b-9868-57a2d4851a1d" />
    <TestEntry testId="081e44cb-fe35-6eba-d430-dbfbe82124e1" executionId="acc617fe-cd62-4e83-9a77-1a5d98246d67" testListId="8c84fa94-04c1-424b-9868-57a2d4851a1d" />
    <TestEntry testId="4ad07b80-ee72-21d8-5f3c-d88f0480c084" executionId="df08d294-e79e-491e-a68f-c7de5443a3ff" testListId="8c84fa94-04c1-424b-9868-57a2d4851a1d" />
    <TestEntry testId="ecb77bbc-0b1b-a61e-4a27-10af057b9f32" executionId="15e95854-d3c4-46e2-aa3b-8bf5ce4c5539" testListId="8c84fa94-04c1-424b-9868-57a2d4851a1d" />
    <TestEntry testId="199dfbde-9274-ecf1-85e2-7f1a5dbe1633" executionId="a122002e-617c-473f-99a9-e46dac7ce3e6" testListId="8c84fa94-04c1-424b-9868-57a2d4851a1d" />
    <TestEntry testId="f6cc4de9-bc93-ddd1-2691-512c66bfa34f" executionId="12b675db-7875-4433-a8e9-4f1b4a5af123" testListId="8c84fa94-04c1-424b-9868-57a2d4851a1d" />
    <TestEntry testId="6a805f05-50bf-066b-b128-90021a9a0c2b" executionId="344f0c29-72e0-4e3e-b691-f4f7d1d0f1e8" testListId="8c84fa94-04c1-424b-9868-57a2d4851a1d" />
    <TestEntry testId="bb118163-e2ab-fcf8-369a-81175ae21c3d" executionId="617b116c-ad60-4778-b01d-15e5e4e56548" testListId="8c84fa94-04c1-424b-9868-57a2d4851a1d" />
    <TestEntry testId="7f6c4745-1d82-b649-18d4-25add4972f5a" executionId="6d2d2064-25c6-411e-a6b5-849e01e176a4" testListId="8c84fa94-04c1-424b-9868-57a2d4851a1d" />
    <TestEntry testId="bd3e40f0-2d41-25d9-3b21-b0039a5c4363" executionId="a112eec6-353e-4bed-9204-5f2b65c1dd7b" testListId="8c84fa94-04c1-424b-9868-57a2d4851a1d" />
    <TestEntry testId="5e1e1377-2309-4b64-aa4e-2b92ab69b1a6" executionId="fe48c132-46bb-4f28-a892-329e72785274" testListId="8c84fa94-04c1-424b-9868-57a2d4851a1d" />
    <TestEntry testId="e687c0c9-e8f5-210d-6629-c1db0675e79a" executionId="85349439-e2e3-4662-bac2-b5521c557256" testListId="8c84fa94-04c1-424b-9868-57a2d4851a1d" />
    <TestEntry testId="a5af83ba-c1e2-f1ad-153e-cfa9dec6325b" executionId="23f63ac6-645f-4724-9624-5a1d1171dc75" testListId="8c84fa94-04c1-424b-9868-57a2d4851a1d" />
    <TestEntry testId="a12b43df-565a-2911-ca37-da16e7eae7b5" executionId="bc22255b-73cc-4e4f-86f3-ce1f0ce86f02" testListId="8c84fa94-04c1-424b-9868-57a2d4851a1d" />
    <TestEntry testId="1739ed07-beb4-b0cf-f3c7-f389770df44f" executionId="24fd31ab-5379-462a-8956-9ff453df906b" testListId="8c84fa94-04c1-424b-9868-57a2d4851a1d" />
    <TestEntry testId="c22a2219-facc-0b55-ae5b-c7422017b9a7" executionId="188afdb9-6f97-4eab-90a9-09c4dec2db60" testListId="8c84fa94-04c1-424b-9868-57a2d4851a1d" />
    <TestEntry testId="35b978b9-024b-99e0-6603-6ef26ec2ebf5" executionId="996fb27c-93a1-46ae-b606-61962ccf64f9" testListId="8c84fa94-04c1-424b-9868-57a2d4851a1d" />
    <TestEntry testId="9af79a75-7965-2857-a622-7a3e98c343ff" executionId="2270865a-25bf-446a-9473-b2312ead4ded" testListId="8c84fa94-04c1-424b-9868-57a2d4851a1d" />
    <TestEntry testId="4c73dc71-56ef-c24d-a1e0-6a6db5098b10" executionId="2f194d88-e3c9-4fef-99dc-a0239b7e5174" testListId="8c84fa94-04c1-424b-9868-57a2d4851a1d" />
    <TestEntry testId="92ab22b2-8846-1c64-d5bc-e6797eee3d4c" executionId="98e597e5-82bd-4ab7-bca2-78eeaf9ecd62" testListId="8c84fa94-04c1-424b-9868-57a2d4851a1d" />
    <TestEntry testId="76c652ac-8273-6d9f-e369-c10beb245549" executionId="eb9d798b-c995-4439-999f-d65447191be2" testListId="8c84fa94-04c1-424b-9868-57a2d4851a1d" />
    <TestEntry testId="e1e1fb96-9511-82db-931e-49873cf79d30" executionId="bb6c895f-aaed-405c-85b1-934f84e6b9a5" testListId="8c84fa94-04c1-424b-9868-57a2d4851a1d" />
    <TestEntry testId="a4f8bfa9-6cc1-5bf5-36f0-2d9d79a6bf43" executionId="c8af7d1f-02d2-4fbb-9c6f-add1a8b76166" testListId="8c84fa94-04c1-424b-9868-57a2d4851a1d" />
    <TestEntry testId="4e5c6fe2-590c-4908-cda3-b95c9b5e03ce" executionId="caacb9fa-86fd-4a73-b037-9f6d5658f775" testListId="8c84fa94-04c1-424b-9868-57a2d4851a1d" />
    <TestEntry testId="32bb918f-a512-0e37-2e1b-c7fbebc2fb93" executionId="5415ed23-78cf-41e9-88f2-d0c49f3195d4" testListId="8c84fa94-04c1-424b-9868-57a2d4851a1d" />
    <TestEntry testId="3cdf2a61-6bbf-5700-dfe9-37f3eb629d2e" executionId="97c74939-fb5a-4c02-ad46-9ea1f46ad77b" testListId="8c84fa94-04c1-424b-9868-57a2d4851a1d" />
    <TestEntry testId="d29c4c89-19e6-22fc-eb6c-349fb2d88e93" executionId="22b9910a-08e0-40da-ab0f-1415ecddb320" testListId="8c84fa94-04c1-424b-9868-57a2d4851a1d" />
    <TestEntry testId="4ddc60e9-64b4-271e-5ec6-48aa1731949d" executionId="0889f972-0573-4cbb-ab5e-96430721cbd9" testListId="8c84fa94-04c1-424b-9868-57a2d4851a1d" />
    <TestEntry testId="b6c828fb-1149-e056-1671-a94ef68bd512" executionId="88a2c944-3bbc-4877-9936-89d4ec6ed39a" testListId="8c84fa94-04c1-424b-9868-57a2d4851a1d" />
    <TestEntry testId="a98941f9-647a-7d94-aa3e-6a0a737d8705" executionId="5ba81d85-0645-434f-8ae3-1bda32cc6c54" testListId="8c84fa94-04c1-424b-9868-57a2d4851a1d" />
    <TestEntry testId="42d5e3f8-02e6-4479-4e81-eb4f6f42e5ab" executionId="002f7fca-97a4-45e1-aaac-7f989dce28c3" testListId="8c84fa94-04c1-424b-9868-57a2d4851a1d" />
    <TestEntry testId="a5c23d92-ce06-97d3-7f56-54b7ff8a7f31" executionId="e935a5a0-f623-4968-ae88-2bc488c8007a" testListId="8c84fa94-04c1-424b-9868-57a2d4851a1d" />
    <TestEntry testId="1be1eef3-dd6b-5c52-1364-42afe525766d" executionId="ee7375be-cc10-4c55-803c-f8458e02acf8" testListId="8c84fa94-04c1-424b-9868-57a2d4851a1d" />
    <TestEntry testId="7de7d957-c48d-4f97-368d-ebbe90064a6b" executionId="65f5b250-9362-4190-8e2e-8e98f1f2200c" testListId="8c84fa94-04c1-424b-9868-57a2d4851a1d" />
    <TestEntry testId="adfe9ae1-21b5-2360-a4e2-5db85a5d0ff1" executionId="9d711aba-e373-4f10-9d11-61dd0d6341bc" testListId="8c84fa94-04c1-424b-9868-57a2d4851a1d" />
    <TestEntry testId="2827477e-050e-5a38-862a-32215e73197e" executionId="6d268184-8d44-4845-9c1a-334cc18f410f" testListId="8c84fa94-04c1-424b-9868-57a2d4851a1d" />
    <TestEntry testId="705ad452-2760-dcf0-0f70-9fdb584cbe46" executionId="4d56bf6a-c526-419b-8b83-fe9d4a05e361" testListId="8c84fa94-04c1-424b-9868-57a2d4851a1d" />
    <TestEntry testId="ec02fbb4-d590-b6b0-27ca-a9b5c98b723e" executionId="b6bfbc6d-7edb-4cf3-a822-c7049112b4e2" testListId="8c84fa94-04c1-424b-9868-57a2d4851a1d" />
    <TestEntry testId="93a548f9-9bdb-c210-9620-95913b3b07b1" executionId="4fe1552f-5b76-4458-a24b-7a26f4b8e1c1" testListId="8c84fa94-04c1-424b-9868-57a2d4851a1d" />
    <TestEntry testId="ed0c8e56-34d1-1232-b36f-39c6723bf222" executionId="83648418-d70c-433e-a30b-2aba06cf0705" testListId="8c84fa94-04c1-424b-9868-57a2d4851a1d" />
    <TestEntry testId="7deab310-660c-4912-7195-863824b73d85" executionId="7c2e8c72-ce05-49cf-bd8b-bbee5a42193d" testListId="8c84fa94-04c1-424b-9868-57a2d4851a1d" />
    <TestEntry testId="1da84cc3-d68d-1fd0-8553-02c4d595a768" executionId="73bdd8cb-c78e-43e3-a701-108eada7b74f" testListId="8c84fa94-04c1-424b-9868-57a2d4851a1d" />
    <TestEntry testId="31707ac5-8110-d92b-cdd7-b34a62fc2def" executionId="facc9949-1223-4c9a-aeee-b8dc87fbaf01" testListId="8c84fa94-04c1-424b-9868-57a2d4851a1d" />
    <TestEntry testId="b3dc4973-fbc6-b2d1-2ad8-7683f7464d71" executionId="777b873e-a059-4823-b776-9ea6cebfdb68" testListId="8c84fa94-04c1-424b-9868-57a2d4851a1d" />
    <TestEntry testId="171dc43a-7202-3af2-1a2a-15fc27809ebc" executionId="d53e0777-5d11-4e41-a34c-57d7b2229964" testListId="8c84fa94-04c1-424b-9868-57a2d4851a1d" />
    <TestEntry testId="8a8c0ac8-1c2d-5bee-edd5-1dbde8ff21d5" executionId="77b61b83-6caa-438e-a628-3f145f9d502c" testListId="8c84fa94-04c1-424b-9868-57a2d4851a1d" />
    <TestEntry testId="a2dd72b4-0fc4-025d-ffac-51e87e4d56ed" executionId="43fd1473-d55f-420f-a431-c8b3bb862b3c" testListId="8c84fa94-04c1-424b-9868-57a2d4851a1d" />
    <TestEntry testId="bc45d484-3cde-d461-9e43-307b5df57b1a" executionId="b9d116fb-bf02-40e1-b969-74061e43c91d" testListId="8c84fa94-04c1-424b-9868-57a2d4851a1d" />
    <TestEntry testId="a72b625f-7dd8-453c-7e17-4e51909e5f7c" executionId="be43709a-735c-4512-8756-c6dac74ee340" testListId="8c84fa94-04c1-424b-9868-57a2d4851a1d" />
    <TestEntry testId="afeacdf0-b599-63dd-1c58-2da67c782c66" executionId="411eb894-7c78-4f46-a879-a0e4d4b7e77f" testListId="8c84fa94-04c1-424b-9868-57a2d4851a1d" />
    <TestEntry testId="4c100dc2-4d54-2de6-69fc-6a0f7c39b61c" executionId="844b9734-5d57-4ad3-bc1a-e8c55f8d3a0d" testListId="8c84fa94-04c1-424b-9868-57a2d4851a1d" />
    <TestEntry testId="b94d01d2-2482-f1ee-e579-e0328069493a" executionId="309fab51-1c79-4a00-b6dd-0469eba91f25" testListId="8c84fa94-04c1-424b-9868-57a2d4851a1d" />
    <TestEntry testId="73a1beb2-427f-b52e-5ed5-e488f7051a1c" executionId="6d9d02b9-62b3-49c3-b889-464c5863bfee" testListId="8c84fa94-04c1-424b-9868-57a2d4851a1d" />
    <TestEntry testId="c7c25f38-4580-db9f-5da3-d32c41491df3" executionId="6f560592-a6ce-457f-9000-a7bd9dcf2b61" testListId="8c84fa94-04c1-424b-9868-57a2d4851a1d" />
    <TestEntry testId="7b1a0e55-ebf1-ac80-0df9-765bdf08c16d" executionId="669cca85-f5a9-4bcb-bd74-f278a4c3a686" testListId="8c84fa94-04c1-424b-9868-57a2d4851a1d" />
    <TestEntry testId="d81a05aa-4346-449f-6254-59c6d8218662" executionId="298dcc92-f79a-47af-beaf-c959a77407bc" testListId="8c84fa94-04c1-424b-9868-57a2d4851a1d" />
    <TestEntry testId="1630cac1-9a36-d9df-ff83-a1d786b9f5c8" executionId="5c27a49f-ff10-4cba-a68e-aa7d82fb5831" testListId="8c84fa94-04c1-424b-9868-57a2d4851a1d" />
    <TestEntry testId="79623cd3-c664-41f0-a8fd-1c4b3f193f01" executionId="1bd825ba-898f-4f91-b631-9b619f910573" testListId="8c84fa94-04c1-424b-9868-57a2d4851a1d" />
    <TestEntry testId="d27f4976-40ef-61ce-b0e6-f39fa4846412" executionId="db106346-c6da-4114-8eb6-559ca4fea650" testListId="8c84fa94-04c1-424b-9868-57a2d4851a1d" />
    <TestEntry testId="323343c7-d97f-2cf2-2c61-7e17a26b31d4" executionId="2dc25f9a-55ec-45c0-86fa-69645252a106" testListId="8c84fa94-04c1-424b-9868-57a2d4851a1d" />
    <TestEntry testId="02e0eb39-b82c-9dcc-23ce-1bfcccaf1fbf" executionId="1e75e1ee-542c-4834-9844-4bc5b5f5af3e" testListId="8c84fa94-04c1-424b-9868-57a2d4851a1d" />
    <TestEntry testId="df002743-2624-0d0c-291d-49704d9201b2" executionId="490176dd-dc9b-40f4-aee4-a23f586c5a46" testListId="8c84fa94-04c1-424b-9868-57a2d4851a1d" />
    <TestEntry testId="5c2a96c8-3dca-1622-37ae-ff6c2d99a78a" executionId="a6837333-f646-4534-9e32-6c8ed0552335" testListId="8c84fa94-04c1-424b-9868-57a2d4851a1d" />
    <TestEntry testId="564c5037-65a1-7599-1569-b6c4c9625451" executionId="e8a7b634-3e8e-4290-a6ee-1856727119cc" testListId="8c84fa94-04c1-424b-9868-57a2d4851a1d" />
    <TestEntry testId="fe764a59-c9d9-90b4-01d3-048d14c51d27" executionId="044eef74-005b-4905-86ab-666cc2efbf83" testListId="8c84fa94-04c1-424b-9868-57a2d4851a1d" />
    <TestEntry testId="311793d3-f7e8-8c9b-e613-9ac05d180ba7" executionId="db4ebf9c-ac49-4dee-bd60-f9f23a503365" testListId="8c84fa94-04c1-424b-9868-57a2d4851a1d" />
    <TestEntry testId="ed5694a6-cc64-5c3d-0900-c35c7fd9e260" executionId="d2a9cffc-f6ed-4aaf-a95e-bf05c3588a27" testListId="8c84fa94-04c1-424b-9868-57a2d4851a1d" />
    <TestEntry testId="8f93e0b1-7b81-de08-03d7-85c2acaee6e1" executionId="9f4ab04f-5226-4bb7-9976-1a725a4651b9" testListId="8c84fa94-04c1-424b-9868-57a2d4851a1d" />
    <TestEntry testId="d6ca4153-3bc3-c4d0-31a9-0c57db630ab6" executionId="f012c70d-08eb-4b7d-b74b-fa872ee1720c" testListId="8c84fa94-04c1-424b-9868-57a2d4851a1d" />
    <TestEntry testId="c2cd70c4-e184-7086-28d9-d1ecb54689a8" executionId="d1a69bc0-52de-45ac-84da-283ddee02340" testListId="8c84fa94-04c1-424b-9868-57a2d4851a1d" />
    <TestEntry testId="2ce7e47b-5f88-58f7-16ae-2cbc06265a3a" executionId="72947279-aba4-4d65-8ef8-cdd58352900d" testListId="8c84fa94-04c1-424b-9868-57a2d4851a1d" />
    <TestEntry testId="e1bf3b06-3488-230c-60a5-00c13d075199" executionId="3b552a5b-435d-4285-9043-ef3e0b329d2d" testListId="8c84fa94-04c1-424b-9868-57a2d4851a1d" />
    <TestEntry testId="845261f0-e98d-a9b8-413e-9d417cff7f7d" executionId="67ba620a-665c-4da0-b371-be396c9bc349" testListId="8c84fa94-04c1-424b-9868-57a2d4851a1d" />
    <TestEntry testId="8bf11057-d034-46e9-c31f-3379f9cc18ac" executionId="5b32d589-1b58-4e6d-9099-d51260d0ca40" testListId="8c84fa94-04c1-424b-9868-57a2d4851a1d" />
    <TestEntry testId="8df8dd58-ba1d-55ba-a3fa-2d529bc5271b" executionId="176e5dbf-b679-434b-8880-53beb16a20bc" testListId="8c84fa94-04c1-424b-9868-57a2d4851a1d" />
    <TestEntry testId="72574eb0-b856-dae8-755b-38faed34615b" executionId="1cbc80da-1281-46ed-a286-986ccc228646" testListId="8c84fa94-04c1-424b-9868-57a2d4851a1d" />
    <TestEntry testId="10cf3e30-ad48-e398-c3be-b6df62e58a46" executionId="2466fafb-5649-4fd5-92f1-4f79a59e2a15" testListId="8c84fa94-04c1-424b-9868-57a2d4851a1d" />
    <TestEntry testId="36e8b842-b424-20c1-51ec-e771bdd22315" executionId="fa20212e-582c-4de1-b056-0c6e6aff2d44" testListId="8c84fa94-04c1-424b-9868-57a2d4851a1d" />
    <TestEntry testId="de0f39cd-7912-969d-abd8-0e235ffda1d3" executionId="b0d424fc-dc4d-4447-822e-1df1b242e761" testListId="8c84fa94-04c1-424b-9868-57a2d4851a1d" />
    <TestEntry testId="5a3d8493-7c44-ef1a-59d7-15dc693e5f8d" executionId="68a00021-aa53-4029-8804-f5b4756a1bba" testListId="8c84fa94-04c1-424b-9868-57a2d4851a1d" />
    <TestEntry testId="43583dd2-2dd4-3fe1-0a2b-7e3030c5eb05" executionId="0a709f48-1875-408f-816d-cd9b6425caca" testListId="8c84fa94-04c1-424b-9868-57a2d4851a1d" />
    <TestEntry testId="3901b727-f207-9fa4-2bf1-8e5ec3e44ab6" executionId="460a7fab-22eb-4d39-9a55-0bd0e1e91e7d" testListId="8c84fa94-04c1-424b-9868-57a2d4851a1d" />
    <TestEntry testId="4d0fca5e-9e1d-a5e6-952d-09b701fe7b09" executionId="038c376a-60e8-463c-8472-67e8ae37b023" testListId="8c84fa94-04c1-424b-9868-57a2d4851a1d" />
    <TestEntry testId="4838ad76-4ce2-fa88-aa80-6e82cd3b4524" executionId="30bb5027-b686-4897-8e78-62e3e2735f50" testListId="8c84fa94-04c1-424b-9868-57a2d4851a1d" />
    <TestEntry testId="8b8bc3b1-8f6b-0437-b174-26839f658552" executionId="a6f5c1a4-0b9f-45a2-b9be-fcbca0dd84dc" testListId="8c84fa94-04c1-424b-9868-57a2d4851a1d" />
    <TestEntry testId="6e21d2bf-8d35-7a36-d83b-8e64f6771f65" executionId="497cca0f-9720-4d76-93b1-18c7ff508490" testListId="8c84fa94-04c1-424b-9868-57a2d4851a1d" />
    <TestEntry testId="6fc7e0c9-240c-fdb8-dd16-d4d06d6c2f87" executionId="82aaea60-e5a9-40af-a0b1-9e2c7740258d" testListId="8c84fa94-04c1-424b-9868-57a2d4851a1d" />
    <TestEntry testId="40bb4622-eba1-e17f-37e8-b068c30759c6" executionId="e953f718-4ed9-4525-8239-0b9c96ef7f79" testListId="8c84fa94-04c1-424b-9868-57a2d4851a1d" />
    <TestEntry testId="5929097d-0168-9fb2-e4c1-2c2e4d4a6d0d" executionId="c5ef20dc-6639-4085-ab09-704b9613f377" testListId="8c84fa94-04c1-424b-9868-57a2d4851a1d" />
    <TestEntry testId="da7ed9c8-00b9-c6f7-075f-2cf1b95e31b2" executionId="2ed3d2a7-2bf1-47a3-b161-5500e564a2ae" testListId="8c84fa94-04c1-424b-9868-57a2d4851a1d" />
    <TestEntry testId="d03dd252-f28b-090c-b3e6-19aeb387f0b4" executionId="0e4ca730-88f6-486c-aeae-e4cd2c770d3f" testListId="8c84fa94-04c1-424b-9868-57a2d4851a1d" />
    <TestEntry testId="215612ba-9343-bd64-5eec-1346e1f27eb9" executionId="6ef9c5e1-74a2-4dc4-b10c-7e11e09444fe" testListId="8c84fa94-04c1-424b-9868-57a2d4851a1d" />
    <TestEntry testId="54f6c0a3-f2f8-514e-a682-001deeead796" executionId="dd155846-1f0a-4b36-ad80-c3d2b6c537f8" testListId="8c84fa94-04c1-424b-9868-57a2d4851a1d" />
    <TestEntry testId="fae52134-2b1f-9088-26f6-75e67d93c970" executionId="e0abc036-502f-417e-82a1-b0d6bb32b3d0" testListId="8c84fa94-04c1-424b-9868-57a2d4851a1d" />
    <TestEntry testId="880cee52-ae38-bddf-dc0a-6e3ba26ffaf3" executionId="978d2c89-af9d-47ee-9b36-90e4e72b30ae" testListId="8c84fa94-04c1-424b-9868-57a2d4851a1d" />
    <TestEntry testId="c09b5bac-97e2-69a6-71fa-5538f74cad0e" executionId="c22b26d2-bfdd-4ce3-8ba3-51fb88758c2d" testListId="8c84fa94-04c1-424b-9868-57a2d4851a1d" />
    <TestEntry testId="5ad82194-3594-768d-1d2b-f70885918fed" executionId="0a032935-7973-44a1-a75c-9678e912ae4a" testListId="8c84fa94-04c1-424b-9868-57a2d4851a1d" />
    <TestEntry testId="1ddef138-b809-e014-008f-ca82adf06c8d" executionId="e85d20c9-9621-4ccf-b7c7-0b410d1c3be4" testListId="8c84fa94-04c1-424b-9868-57a2d4851a1d" />
    <TestEntry testId="5b70870a-4044-8f36-8484-a148325bc901" executionId="40c95277-29f2-4963-be29-f7a9bada8121" testListId="8c84fa94-04c1-424b-9868-57a2d4851a1d" />
    <TestEntry testId="8dd9aa31-5523-1047-66ae-9f4c2c842812" executionId="0529c3e1-26df-46d3-a8ee-efcf7bbb59c1" testListId="8c84fa94-04c1-424b-9868-57a2d4851a1d" />
  </TestEntries>
  <TestLists>
    <TestList name="Results Not in a List" id="8c84fa94-04c1-424b-9868-57a2d4851a1d" />
    <TestList name="All Loaded Results" id="19431567-8539-422a-85d7-44ee4e166bda" />
  </TestLists>
  <ResultSummary outcome="Failed">
    <Counters total="260" executed="254" passed="247" failed="7" error="0" timeout="0" aborted="0" inconclusive="0" passedButRunAborted="0" notRunnable="0" notExecuted="0" disconnected="0" warning="0" completed="0" inProgress="0" pending="0" />
    <Output>
      <StdOut>[xUnit.net 00:00:00.00] xUnit.net VSTest Adapter v3.1.3+b1b99bdeb3 (64-bit .NET 9.0.8)
[xUnit.net 00:00:00.03]   Discovering: ContactService.Tests
[xUnit.net 00:00:00.06]   Discovered:  ContactService.Tests
[xUnit.net 00:00:00.08]   Starting:    ContactService.Tests
     Warning:
     The component "Fluent Assertions" is governed by the rules defined in the Xceed License Agreement and
     the Xceed Fluent Assertions Community License. You may use Fluent Assertions free of charge for
     non-commercial use only. An active subscription is required to use Fluent Assertions for commercial use.
     Please contact Xceed Sales mailto:sales@xceed.com to acquire a subscription at a very low cost.
     A paid commercial license supports the development and continued increasing support of
     Fluent Assertions users under both commercial and community licenses. Help us
     keep Fluent Assertions at the forefront of unit testing.
     For more information, visit https://xceed.com/products/unit-testing/fluent-assertions/
[xUnit.net 00:00:00.12]       Temporarily disabled due to MongoDB mocking complexity
[xUnit.net 00:00:00.12]       Temporarily disabled due to MongoDB mocking complexity
[xUnit.net 00:00:00.12]       Temporarily disabled due to MongoDB mocking complexity
[xUnit.net 00:00:00.12]       Temporarily disabled due to MongoDB mocking complexity
[xUnit.net 00:00:00.12]       Temporarily disabled due to MongoDB mocking complexity
Test 'ContactService.Tests.Repositories.MongoAuditLogRepositoryStatisticsTests.GetStatisticsAsync_ShouldReturnServiceStatistics' was skipped in the test run.
Test 'ContactService.Tests.Repositories.MongoAuditLogRepositoryStatisticsTests.GetServiceStatisticsAsync_ShouldCallGetStatisticsAsync' was skipped in the test run.
Test 'ContactService.Tests.Repositories.MongoAuditLogRepositoryStatisticsTests.GetActionStatisticsAsync_EmptyResult_ShouldReturnEmptyDictionary' was skipped in the test run.
Test 'ContactService.Tests.Repositories.MongoAuditLogRepositoryStatisticsTests.GetStatisticsAsync_WithNoTimeFilter_ShouldReturnAllStatistics' was skipped in the test run.
Test 'ContactService.Tests.Repositories.MongoAuditLogRepositoryStatisticsTests.GetStatisticsAsync_EmptyResult_ShouldReturnEmptyDictionary' was skipped in the test run.
[xUnit.net 00:00:00.12]       Temporarily disabled due to MongoDB mocking complexity
Test 'ContactService.Tests.Repositories.MongoAuditLogRepositoryStatisticsTests.GetActionStatisticsAsync_ShouldReturnActionCounts' was skipped in the test run.
[xUnit.net 00:00:00.15]       System.ArgumentException : lastName cannot be null or empty (Parameter 'lastName')
[xUnit.net 00:00:00.15]       Stack Trace:
[xUnit.net 00:00:00.15]         /Users/r00t/Projects/PhoneBookApp/ContactService.Domain/Entities/Contact.cs(128,0): at ContactService.Domain.Entities.Contact.ValidateName(String name, String paramName)
[xUnit.net 00:00:00.15]         /Users/r00t/Projects/PhoneBookApp/ContactService.Domain/Entities/Contact.cs(58,0): at ContactService.Domain.Entities.Contact.UpdateContactInformation(String firstName, String lastName, String company)
[xUnit.net 00:00:00.15]         /Users/r00t/Projects/PhoneBookApp/ContactService.ApplicationService/Services/ContactService.cs(198,0): at ContactService.ApplicationService.Services.ContactService.UpdateContactAsync(Guid id, String name, String company, IEnumerable`1 contactInfos, CancellationToken cancellationToken)
[xUnit.net 00:00:00.15]         /Users/r00t/Projects/PhoneBookApp/ContactService.Tests/Services/ContactServiceUpdateTests.cs(139,0): at ContactService.Tests.Services.ContactServiceUpdateTests.UpdateContactAsync_WithSingleName_ShouldParseCorrectly()
[xUnit.net 00:00:00.15]         --- End of stack trace from previous location ---
[xUnit.net 00:00:00.17]       Expected result to be True, but found False.
[xUnit.net 00:00:00.17]       Stack Trace:
[xUnit.net 00:00:00.17]            at FluentAssertions.Execution.LateBoundTestFramework.Throw(String message)
[xUnit.net 00:00:00.17]            at FluentAssertions.Execution.DefaultAssertionStrategy.HandleFailure(String message)
[xUnit.net 00:00:00.17]            at FluentAssertions.Execution.AssertionScope.AddPreFormattedFailure(String formattedFailureMessage)
[xUnit.net 00:00:00.17]            at FluentAssertions.Execution.AssertionChain.FailWith(Func`1 getFailureReason)
[xUnit.net 00:00:00.17]            at FluentAssertions.Execution.AssertionChain.FailWith(Func`1 getFailureReason)
[xUnit.net 00:00:00.17]            at FluentAssertions.Execution.AssertionChain.FailWith(String message, Object[] args)
[xUnit.net 00:00:00.17]            at FluentAssertions.Primitives.BooleanAssertions`1.BeTrue(String because, Object[] becauseArgs)
[xUnit.net 00:00:00.17]         /Users/r00t/Projects/PhoneBookApp/ContactService.Tests/Services/ContactServiceMainTests_Fixed.cs(162,0): at ContactService.Tests.Services.ContactServiceMainTestsFixed.RemoveContactInfoAsync_WhenContactInfoExists_ShouldRemoveInfoAndAddToHistory()
[xUnit.net 00:00:00.17]         --- End of stack trace from previous location ---
[xUnit.net 00:00:00.17]       Expected result to be True, but found False.
[xUnit.net 00:00:00.17]       Stack Trace:
[xUnit.net 00:00:00.17]            at FluentAssertions.Execution.LateBoundTestFramework.Throw(String message)
[xUnit.net 00:00:00.17]            at FluentAssertions.Execution.DefaultAssertionStrategy.HandleFailure(String message)
[xUnit.net 00:00:00.17]            at FluentAssertions.Execution.AssertionScope.AddPreFormattedFailure(String formattedFailureMessage)
[xUnit.net 00:00:00.17]            at FluentAssertions.Execution.AssertionChain.FailWith(Func`1 getFailureReason)
[xUnit.net 00:00:00.17]            at FluentAssertions.Execution.AssertionChain.FailWith(Func`1 getFailureReason)
[xUnit.net 00:00:00.17]            at FluentAssertions.Execution.AssertionChain.FailWith(String message, Object[] args)
[xUnit.net 00:00:00.17]            at FluentAssertions.Primitives.BooleanAssertions`1.BeTrue(String because, Object[] becauseArgs)
[xUnit.net 00:00:00.17]         /Users/r00t/Projects/PhoneBookApp/ContactService.Tests/Services/ContactServiceMainTests.cs(299,0): at ContactService.Tests.Services.ContactServiceMainTests.RemoveContactInfoAsync_WhenContactAndInfoExist_ShouldRemoveInfoAndReturnTrue()
[xUnit.net 00:00:00.17]         --- End of stack trace from previous location ---
[xUnit.net 00:00:00.17]       Moq.MockException : 
[xUnit.net 00:00:00.17]       Expected invocation on the mock once, but was 0 times: x =&gt; x.GetByIdAsync(37ab0a5e-7f75-441d-9aac-f4825d8044b7, It.IsAny&lt;CancellationToken&gt;())
[xUnit.net 00:00:00.17]       
[xUnit.net 00:00:00.17]       Performed invocations:
[xUnit.net 00:00:00.17]       
[xUnit.net 00:00:00.17]          Mock&lt;IContactRepository:37&gt; (x):
[xUnit.net 00:00:00.17]       
[xUnit.net 00:00:00.17]             IContactRepository.RemoveContactInfoAsync(5251ad76-4d9c-45af-9432-9fa2e25a8d60, CancellationToken)
[xUnit.net 00:00:00.17]       
[xUnit.net 00:00:00.17]       Stack Trace:
[xUnit.net 00:00:00.17]         /_/src/Moq/Mock.cs(332,0): at Moq.Mock.Verify(Mock mock, LambdaExpression expression, Times times, String failMessage)
[xUnit.net 00:00:00.17]         /_/src/Moq/Mock`1.cs(840,0): at Moq.Mock`1.Verify[TResult](Expression`1 expression, Func`1 times)
[xUnit.net 00:00:00.17]         /Users/r00t/Projects/PhoneBookApp/ContactService.Tests/Services/ContactServiceTests.cs(371,0): at ContactService.Tests.Services.ContactServiceTestsFixed.RemoveContactInfoAsync_WithNonExistingContactInfo_ShouldReturnFalse()
[xUnit.net 00:00:00.17]         --- End of stack trace from previous location ---
[xUnit.net 00:00:00.18]       Expected result to be True, but found False.
[xUnit.net 00:00:00.18]       Stack Trace:
[xUnit.net 00:00:00.18]            at FluentAssertions.Execution.LateBoundTestFramework.Throw(String message)
[xUnit.net 00:00:00.18]            at FluentAssertions.Execution.DefaultAssertionStrategy.HandleFailure(String message)
[xUnit.net 00:00:00.18]            at FluentAssertions.Execution.AssertionScope.AddPreFormattedFailure(String formattedFailureMessage)
[xUnit.net 00:00:00.18]            at FluentAssertions.Execution.AssertionChain.FailWith(Func`1 getFailureReason)
[xUnit.net 00:00:00.18]            at FluentAssertions.Execution.AssertionChain.FailWith(Func`1 getFailureReason)
[xUnit.net 00:00:00.18]            at FluentAssertions.Execution.AssertionChain.FailWith(String message, Object[] args)
[xUnit.net 00:00:00.18]            at FluentAssertions.Primitives.BooleanAssertions`1.BeTrue(String because, Object[] becauseArgs)
[xUnit.net 00:00:00.18]         /Users/r00t/Projects/PhoneBookApp/ContactService.Tests/Services/ContactServiceTests.cs(330,0): at ContactService.Tests.Services.ContactServiceTestsFixed.RemoveContactInfoAsync_WithValidData_ShouldRemoveContactInfo()
[xUnit.net 00:00:00.18]         --- End of stack trace from previous location ---
[xUnit.net 00:00:00.18]       Moq.MockException : 
[xUnit.net 00:00:00.18]       Expected invocation on the mock once, but was 0 times: x =&gt; x.GetByIdAsync(9fe2291e-f53c-4bfb-a2cc-fab8d5c9b1e2, It.IsAny&lt;CancellationToken&gt;())
[xUnit.net 00:00:00.18]       
[xUnit.net 00:00:00.18]       Performed invocations:
[xUnit.net 00:00:00.18]       
[xUnit.net 00:00:00.18]          Mock&lt;IContactRepository:60&gt; (x):
[xUnit.net 00:00:00.18]       
[xUnit.net 00:00:00.18]             IContactRepository.RemoveContactInfoAsync(00c97c31-407c-4cfb-82f9-6f28e267f5a9, CancellationToken)
[xUnit.net 00:00:00.18]       
[xUnit.net 00:00:00.18]       Stack Trace:
[xUnit.net 00:00:00.18]         /_/src/Moq/Mock.cs(332,0): at Moq.Mock.Verify(Mock mock, LambdaExpression expression, Times times, String failMessage)
[xUnit.net 00:00:00.18]         /_/src/Moq/Mock`1.cs(840,0): at Moq.Mock`1.Verify[TResult](Expression`1 expression, Func`1 times)
[xUnit.net 00:00:00.18]         /Users/r00t/Projects/PhoneBookApp/ContactService.Tests/Services/ContactServiceTests.cs(349,0): at ContactService.Tests.Services.ContactServiceTestsFixed.RemoveContactInfoAsync_WithNonExistingContact_ShouldReturnFalse()
[xUnit.net 00:00:00.18]         --- End of stack trace from previous location ---
[xUnit.net 00:00:00.18]       Expected result.Data to contain 1 item(s), but found 0: {empty}.
[xUnit.net 00:00:00.18]       Stack Trace:
[xUnit.net 00:00:00.18]            at FluentAssertions.Execution.LateBoundTestFramework.Throw(String message)
[xUnit.net 00:00:00.18]            at FluentAssertions.Execution.DefaultAssertionStrategy.HandleFailure(String message)
[xUnit.net 00:00:00.18]            at FluentAssertions.Execution.AssertionScope.AddPreFormattedFailure(String formattedFailureMessage)
[xUnit.net 00:00:00.18]            at FluentAssertions.Execution.AssertionChain.FailWith(Func`1 getFailureReason)
[xUnit.net 00:00:00.18]            at FluentAssertions.Execution.AssertionChain.FailWith(Func`1 getFailureReason)
[xUnit.net 00:00:00.18]            at FluentAssertions.Execution.AssertionChain.FailWith(String message, Object[] args)
[xUnit.net 00:00:00.18]            at FluentAssertions.Collections.GenericCollectionAssertions`3.HaveCount(Int32 expected, String because, Object[] becauseArgs)
[xUnit.net 00:00:00.18]         /Users/r00t/Projects/PhoneBookApp/ContactService.Tests/Services/ContactServiceTests.cs(115,0): at ContactService.Tests.Services.ContactServiceTestsFixed.SearchContactsAsync_WithSearchTerm_ShouldReturnMatchingContacts()
[xUnit.net 00:00:00.18]         --- End of stack trace from previous location ---
[xUnit.net 00:00:01.06]   Finished:    ContactService.Tests
</StdOut>
    </Output>
    <RunInfos>
      <RunInfo computerName="base" outcome="Warning" timestamp="2025-08-09T20:52:09.0882890+03:00">
        <Text>[xUnit.net 00:00:00.12]     ContactService.Tests.Repositories.MongoAuditLogRepositoryStatisticsTests.GetStatisticsAsync_ShouldReturnServiceStatistics [SKIP]</Text>
      </RunInfo>
      <RunInfo computerName="base" outcome="Warning" timestamp="2025-08-09T20:52:09.0883210+03:00">
        <Text>[xUnit.net 00:00:00.12]     ContactService.Tests.Repositories.MongoAuditLogRepositoryStatisticsTests.GetServiceStatisticsAsync_ShouldCallGetStatisticsAsync [SKIP]</Text>
      </RunInfo>
      <RunInfo computerName="base" outcome="Warning" timestamp="2025-08-09T20:52:09.0883260+03:00">
        <Text>[xUnit.net 00:00:00.12]     ContactService.Tests.Repositories.MongoAuditLogRepositoryStatisticsTests.GetActionStatisticsAsync_EmptyResult_ShouldReturnEmptyDictionary [SKIP]</Text>
      </RunInfo>
      <RunInfo computerName="base" outcome="Warning" timestamp="2025-08-09T20:52:09.0883310+03:00">
        <Text>[xUnit.net 00:00:00.12]     ContactService.Tests.Repositories.MongoAuditLogRepositoryStatisticsTests.GetStatisticsAsync_WithNoTimeFilter_ShouldReturnAllStatistics [SKIP]</Text>
      </RunInfo>
      <RunInfo computerName="base" outcome="Warning" timestamp="2025-08-09T20:52:09.0883390+03:00">
        <Text>[xUnit.net 00:00:00.12]     ContactService.Tests.Repositories.MongoAuditLogRepositoryStatisticsTests.GetStatisticsAsync_EmptyResult_ShouldReturnEmptyDictionary [SKIP]</Text>
      </RunInfo>
      <RunInfo computerName="base" outcome="Warning" timestamp="2025-08-09T20:52:09.0884330+03:00">
        <Text>[xUnit.net 00:00:00.12]     ContactService.Tests.Repositories.MongoAuditLogRepositoryStatisticsTests.GetActionStatisticsAsync_ShouldReturnActionCounts [SKIP]</Text>
      </RunInfo>
      <RunInfo computerName="base" outcome="Error" timestamp="2025-08-09T20:52:09.1053130+03:00">
        <Text>[xUnit.net 00:00:00.15]     ContactService.Tests.Services.ContactServiceUpdateTests.UpdateContactAsync_WithSingleName_ShouldParseCorrectly [FAIL]</Text>
      </RunInfo>
      <RunInfo computerName="base" outcome="Error" timestamp="2025-08-09T20:52:09.1251610+03:00">
        <Text>[xUnit.net 00:00:00.17]     ContactService.Tests.Services.ContactServiceMainTestsFixed.RemoveContactInfoAsync_WhenContactInfoExists_ShouldRemoveInfoAndAddToHistory [FAIL]</Text>
      </RunInfo>
      <RunInfo computerName="base" outcome="Error" timestamp="2025-08-09T20:52:09.1253200+03:00">
        <Text>[xUnit.net 00:00:00.17]     ContactService.Tests.Services.ContactServiceMainTests.RemoveContactInfoAsync_WhenContactAndInfoExist_ShouldRemoveInfoAndReturnTrue [FAIL]</Text>
      </RunInfo>
      <RunInfo computerName="base" outcome="Error" timestamp="2025-08-09T20:52:09.1318520+03:00">
        <Text>[xUnit.net 00:00:00.17]     ContactService.Tests.Services.ContactServiceTestsFixed.RemoveContactInfoAsync_WithNonExistingContactInfo_ShouldReturnFalse [FAIL]</Text>
      </RunInfo>
      <RunInfo computerName="base" outcome="Error" timestamp="2025-08-09T20:52:09.1360160+03:00">
        <Text>[xUnit.net 00:00:00.18]     ContactService.Tests.Services.ContactServiceTestsFixed.RemoveContactInfoAsync_WithValidData_ShouldRemoveContactInfo [FAIL]</Text>
      </RunInfo>
      <RunInfo computerName="base" outcome="Error" timestamp="2025-08-09T20:52:09.1409870+03:00">
        <Text>[xUnit.net 00:00:00.18]     ContactService.Tests.Services.ContactServiceTestsFixed.RemoveContactInfoAsync_WithNonExistingContact_ShouldReturnFalse [FAIL]</Text>
      </RunInfo>
      <RunInfo computerName="base" outcome="Error" timestamp="2025-08-09T20:52:09.1430430+03:00">
        <Text>[xUnit.net 00:00:00.18]     ContactService.Tests.Services.ContactServiceTestsFixed.SearchContactsAsync_WithSearchTerm_ShouldReturnMatchingContacts [FAIL]</Text>
      </RunInfo>
    </RunInfos>
  </ResultSummary>
</TestRun>