<?xml version="1.0" encoding="utf-8"?>
<TestRun id="1961a0ab-d47d-4aee-9975-02e54dc9509f" name="@base 2025-08-09 20:56:27" xmlns="http://microsoft.com/schemas/VisualStudio/TeamTest/2010">
  <Times creation="2025-08-09T20:56:27.0915790+03:00" queuing="2025-08-09T20:56:27.0915790+03:00" start="2025-08-09T20:56:26.6913290+03:00" finish="2025-08-09T20:56:28.1294440+03:00" />
  <TestSettings name="default" id="f731bcd4-aa40-4fdf-825f-0392dd3c8acf">
    <Deployment runDeploymentRoot="_base_2025-08-09_20_56_27" />
  </TestSettings>
  <Results>
    <UnitTestResult executionId="18f4dcc3-7482-482b-8e53-412a13e6a169" testId="4ddc60e9-64b4-271e-5ec6-48aa1731949d" testName="ContactService.Tests.Workers.OutboxProcessorWorkerTests.StopAsync_ShouldProcessRemainingEvents_BeforeShutdown" computerName="base" duration="00:00:00.0007720" startTime="2025-08-09T20:56:27.5811280+03:00" endTime="2025-08-09T20:56:27.5815950+03:00" testType="13cdc9d9-ddb5-4fa4-a97d-d965ccfc6d4b" outcome="Passed" testListId="8c84fa94-04c1-424b-9868-57a2d4851a1d" relativeResultsDirectory="18f4dcc3-7482-482b-8e53-412a13e6a169" />
    <UnitTestResult executionId="d0b294d8-1b44-431a-b02a-8abbe1dee373" testId="d4775dfa-cdea-3719-81f7-2f1b34fad721" testName="ContactService.Tests.Services.OutboxServiceTests.ProcessFailedEventsAsync_WithNoFailedEvents_ShouldDoNothing" computerName="base" duration="00:00:00.0044219" startTime="2025-08-09T20:56:27.1862870+03:00" endTime="2025-08-09T20:56:27.1867300+03:00" testType="13cdc9d9-ddb5-4fa4-a97d-d965ccfc6d4b" outcome="Passed" testListId="8c84fa94-04c1-424b-9868-57a2d4851a1d" relativeResultsDirectory="d0b294d8-1b44-431a-b02a-8abbe1dee373" />
    <UnitTestResult executionId="8b032221-0474-4ee2-a21b-0963c2a6b27f" testId="afc37a1d-3c5b-ea93-79ce-b30d9478a205" testName="ContactService.Tests.Services.ContactServiceAddContactInfoTests.AddContactInfoAsync_WithValidData_ShouldAddContactInfoSuccessfully" computerName="base" duration="00:00:00.0030634" startTime="2025-08-09T20:56:27.1511620+03:00" endTime="2025-08-09T20:56:27.1536590+03:00" testType="13cdc9d9-ddb5-4fa4-a97d-d965ccfc6d4b" outcome="Passed" testListId="8c84fa94-04c1-424b-9868-57a2d4851a1d" relativeResultsDirectory="8b032221-0474-4ee2-a21b-0963c2a6b27f" />
    <UnitTestResult executionId="b4a7a9b1-08b5-47b5-a2e7-e61cb489afd4" testId="2b9ee78f-35e1-e068-e40b-3b598d01c562" testName="ContactService.Tests.Validations.CreateContactCommandValidatorTests.Validate_ValidCommand_ShouldPassValidation" computerName="base" duration="00:00:00.0103034" startTime="2025-08-09T20:56:27.0866920+03:00" endTime="2025-08-09T20:56:27.0949090+03:00" testType="13cdc9d9-ddb5-4fa4-a97d-d965ccfc6d4b" outcome="Passed" testListId="8c84fa94-04c1-424b-9868-57a2d4851a1d" relativeResultsDirectory="b4a7a9b1-08b5-47b5-a2e7-e61cb489afd4" />
    <UnitTestResult executionId="4e37dc22-586a-4c21-bf9e-d6cf068456d8" testId="bae9764f-6739-74de-9560-36225fd37725" testName="ContactService.Tests.Repositories.ContactHistoryRepositoryTests.GetByOperationTypeAsync_ShouldReturnMatchingHistories" computerName="base" duration="00:00:00.0041063" startTime="2025-08-09T20:56:27.4773990+03:00" endTime="2025-08-09T20:56:27.4814920+03:00" testType="13cdc9d9-ddb5-4fa4-a97d-d965ccfc6d4b" outcome="Passed" testListId="8c84fa94-04c1-424b-9868-57a2d4851a1d" relativeResultsDirectory="4e37dc22-586a-4c21-bf9e-d6cf068456d8" />
    <UnitTestResult executionId="3d5550b5-bca5-488b-bd34-7721bc15b75d" testId="36fb9aff-37ba-d4cb-ac94-6c92c80db614" testName="ContactService.Tests.Behaviors.CorrelationBehaviorTests.Handle_WithNullCorrelationId_ShouldStillProceed" computerName="base" duration="00:00:00.0003876" startTime="2025-08-09T20:56:27.1456440+03:00" endTime="2025-08-09T20:56:27.1457270+03:00" testType="13cdc9d9-ddb5-4fa4-a97d-d965ccfc6d4b" outcome="Passed" testListId="8c84fa94-04c1-424b-9868-57a2d4851a1d" relativeResultsDirectory="3d5550b5-bca5-488b-bd34-7721bc15b75d" />
    <UnitTestResult executionId="b40b103e-2850-4359-8f7f-6ac6c5d37860" testId="82371a74-8284-f45a-9bd9-8febb96acef0" testName="ContactService.Tests.Services.ContactServiceMainTests.UpdateContactAsync_WhenContactExists_ShouldUpdateContactAndAddToHistory" computerName="base" duration="00:00:00.0054418" startTime="2025-08-09T20:56:27.1401300+03:00" endTime="2025-08-09T20:56:27.1451970+03:00" testType="13cdc9d9-ddb5-4fa4-a97d-d965ccfc6d4b" outcome="Passed" testListId="8c84fa94-04c1-424b-9868-57a2d4851a1d" relativeResultsDirectory="b40b103e-2850-4359-8f7f-6ac6c5d37860" />
    <UnitTestResult executionId="c18a7112-d5a9-43fb-9ab3-af2620983a42" testId="a2ad692f-e493-e305-4bd6-5595a6240365" testName="ContactService.Tests.Behaviors.ValidationBehaviorTests.Handle_WithNoValidators_ShouldProceedWithRequest" computerName="base" duration="00:00:00.0007047" startTime="2025-08-09T20:56:27.1333150+03:00" endTime="2025-08-09T20:56:27.1343630+03:00" testType="13cdc9d9-ddb5-4fa4-a97d-d965ccfc6d4b" outcome="Passed" testListId="8c84fa94-04c1-424b-9868-57a2d4851a1d" relativeResultsDirectory="c18a7112-d5a9-43fb-9ab3-af2620983a42" />
    <UnitTestResult executionId="cbf2e799-44e0-4187-97b2-37e7b3ad4561" testId="1ddef138-b809-e014-008f-ca82adf06c8d" testName="ContactService.Tests.Repositories.ContactHistoryRepositoryTests.GetByIdAsync_WhenHistoryDoesNotExist_ShouldReturnNull" computerName="base" duration="00:00:00.0005884" startTime="2025-08-09T20:56:27.4951370+03:00" endTime="2025-08-09T20:56:27.4957150+03:00" testType="13cdc9d9-ddb5-4fa4-a97d-d965ccfc6d4b" outcome="Passed" testListId="8c84fa94-04c1-424b-9868-57a2d4851a1d" relativeResultsDirectory="cbf2e799-44e0-4187-97b2-37e7b3ad4561" />
    <UnitTestResult executionId="32f74437-1465-4902-a689-e6c479097780" testId="00fd1338-185a-d067-df64-aa127ee360f6" testName="ContactService.Tests.Domain.Entities.OutboxEventTests.MarkAsProcessed_WhenNotPending_ShouldThrowException" computerName="base" duration="00:00:00.0058221" startTime="2025-08-09T20:56:27.1178230+03:00" endTime="2025-08-09T20:56:27.1233330+03:00" testType="13cdc9d9-ddb5-4fa4-a97d-d965ccfc6d4b" outcome="Passed" testListId="8c84fa94-04c1-424b-9868-57a2d4851a1d" relativeResultsDirectory="32f74437-1465-4902-a689-e6c479097780" />
    <UnitTestResult executionId="be560d85-9198-4ab0-99f7-4355eb941672" testId="e1e1fb96-9511-82db-931e-49873cf79d30" testName="ContactService.Tests.Services.ContactServiceApplicationTests.GetContactsFilterByCompany_ReturnsPagedResult" computerName="base" duration="00:00:00.0015017" startTime="2025-08-09T20:56:27.1648240+03:00" endTime="2025-08-09T20:56:27.1664210+03:00" testType="13cdc9d9-ddb5-4fa4-a97d-d965ccfc6d4b" outcome="Passed" testListId="8c84fa94-04c1-424b-9868-57a2d4851a1d" relativeResultsDirectory="be560d85-9198-4ab0-99f7-4355eb941672" />
    <UnitTestResult executionId="281a78be-c32b-4607-8bd3-55f01dbf370e" testId="ed0c8e56-34d1-1232-b36f-39c6723bf222" testName="ContactService.Tests.Repositories.OutboxRepositoryTests.GetFailedEventCountAsync_ShouldReturnCorrectCount" computerName="base" duration="00:00:00.2686328" startTime="2025-08-09T20:56:27.1480820+03:00" endTime="2025-08-09T20:56:27.4165800+03:00" testType="13cdc9d9-ddb5-4fa4-a97d-d965ccfc6d4b" outcome="Passed" testListId="8c84fa94-04c1-424b-9868-57a2d4851a1d" relativeResultsDirectory="281a78be-c32b-4607-8bd3-55f01dbf370e" />
    <UnitTestResult executionId="35372ff9-81c5-41f1-afec-8a23dff14011" testId="fe764a59-c9d9-90b4-01d3-048d14c51d27" testName="ContactService.Tests.Controllers.ContactsControllerTests.CreateContact_WhenFailed_ReturnsCreatedWithEmptyId" computerName="base" duration="00:00:00.0006088" startTime="2025-08-09T20:56:27.1680620+03:00" endTime="2025-08-09T20:56:27.1686340+03:00" testType="13cdc9d9-ddb5-4fa4-a97d-d965ccfc6d4b" outcome="Passed" testListId="8c84fa94-04c1-424b-9868-57a2d4851a1d" relativeResultsDirectory="35372ff9-81c5-41f1-afec-8a23dff14011" />
    <UnitTestResult executionId="61191064-3e10-4a07-9a12-576bbe2e4a40" testId="72574eb0-b856-dae8-755b-38faed34615b" testName="ContactService.Tests.Domain.Entities.OutboxEventTests.MarkAsFailed_WithInvalidErrorMessage_ShouldThrowException(errorMessage: &quot;  &quot;)" computerName="base" duration="00:00:00.0003229" startTime="2025-08-09T20:56:27.1157810+03:00" endTime="2025-08-09T20:56:27.1159780+03:00" testType="13cdc9d9-ddb5-4fa4-a97d-d965ccfc6d4b" outcome="Passed" testListId="8c84fa94-04c1-424b-9868-57a2d4851a1d" relativeResultsDirectory="61191064-3e10-4a07-9a12-576bbe2e4a40" />
    <UnitTestResult executionId="3b6023e1-13d4-4659-93b2-03659e94a15c" testId="7c54e1ae-c3f0-a0c7-0c1b-3f11ae72c258" testName="ContactService.Tests.Domain.Entities.ContactInfoTests.ContactInfo_Creation_With_Phone_Should_Validate_Format" computerName="base" duration="00:00:00.0000745" startTime="2025-08-09T20:56:27.0842200+03:00" endTime="2025-08-09T20:56:27.0842380+03:00" testType="13cdc9d9-ddb5-4fa4-a97d-d965ccfc6d4b" outcome="Passed" testListId="8c84fa94-04c1-424b-9868-57a2d4851a1d" relativeResultsDirectory="3b6023e1-13d4-4659-93b2-03659e94a15c" />
    <UnitTestResult executionId="61b3c442-9530-48b4-8dcc-ac8b58a29de6" testId="fe014a10-482f-05c8-9a2a-2297dd706ba9" testName="ContactService.Tests.Controllers.ContactsControllerTests.GetContactById_WhenContactNotFound_ReturnsNotFound" computerName="base" duration="00:00:00.0006795" startTime="2025-08-09T20:56:27.1686980+03:00" endTime="2025-08-09T20:56:27.1692730+03:00" testType="13cdc9d9-ddb5-4fa4-a97d-d965ccfc6d4b" outcome="Passed" testListId="8c84fa94-04c1-424b-9868-57a2d4851a1d" relativeResultsDirectory="61b3c442-9530-48b4-8dcc-ac8b58a29de6" />
    <UnitTestResult executionId="a09c83da-57fd-415c-a894-81d6c04e6859" testId="28e6a20e-d88f-2705-d7cd-30f645e1fda4" testName="ContactService.Tests.Services.ContactServiceApplicationTests.RemoveContactInfoAsync_ReturnsBoolean" computerName="base" duration="00:00:00.0012160" startTime="2025-08-09T20:56:27.1535620+03:00" endTime="2025-08-09T20:56:27.1547990+03:00" testType="13cdc9d9-ddb5-4fa4-a97d-d965ccfc6d4b" outcome="Passed" testListId="8c84fa94-04c1-424b-9868-57a2d4851a1d" relativeResultsDirectory="a09c83da-57fd-415c-a894-81d6c04e6859" />
    <UnitTestResult executionId="0c0cc27a-8c42-4f25-8fee-12f188ab1b73" testId="edf6a030-20b7-5099-4eae-89f53653ee9c" testName="ContactService.Tests.Domain.Entities.ContactTests.Contact_Creation_Should_Set_Properties_Correctly" computerName="base" duration="00:00:00.0005568" startTime="2025-08-09T20:56:27.1279510+03:00" endTime="2025-08-09T20:56:27.1283520+03:00" testType="13cdc9d9-ddb5-4fa4-a97d-d965ccfc6d4b" outcome="Passed" testListId="8c84fa94-04c1-424b-9868-57a2d4851a1d" relativeResultsDirectory="0c0cc27a-8c42-4f25-8fee-12f188ab1b73" />
    <UnitTestResult executionId="d454863f-580b-4806-bea7-39903036dad7" testId="ffe4db92-54b1-7f83-8271-8dae375000c7" testName="ContactService.Tests.Services.CachedContactServiceTests.ContactExistsAsync_WhenNotCached_ShouldCheckBaseService" computerName="base" duration="00:00:00.0015790" startTime="2025-08-09T20:56:27.1740800+03:00" endTime="2025-08-09T20:56:27.1752970+03:00" testType="13cdc9d9-ddb5-4fa4-a97d-d965ccfc6d4b" outcome="Passed" testListId="8c84fa94-04c1-424b-9868-57a2d4851a1d" relativeResultsDirectory="d454863f-580b-4806-bea7-39903036dad7" />
    <UnitTestResult executionId="2d00e3d4-548e-4003-a093-0cf3affde122" testId="92781bd7-2ea2-5631-0694-f378c3f190d8" testName="ContactService.Tests.Services.ContactServiceTestsFixed.GetContactByIdAsync_ExistingId_ShouldReturnContact" computerName="base" duration="00:00:00.0010447" startTime="2025-08-09T20:56:27.1642780+03:00" endTime="2025-08-09T20:56:27.1654250+03:00" testType="13cdc9d9-ddb5-4fa4-a97d-d965ccfc6d4b" outcome="Passed" testListId="8c84fa94-04c1-424b-9868-57a2d4851a1d" relativeResultsDirectory="2d00e3d4-548e-4003-a093-0cf3affde122" />
    <UnitTestResult executionId="733be974-b4ed-4d0d-b0fb-142cb522e7b3" testId="bc45d484-3cde-d461-9e43-307b5df57b1a" testName="ContactService.Tests.Services.ContactServiceApplicationTests.GetContactsFilterByLocation_ReturnsPagedResult" computerName="base" duration="00:00:00.0017818" startTime="2025-08-09T20:56:27.1491170+03:00" endTime="2025-08-09T20:56:27.1511880+03:00" testType="13cdc9d9-ddb5-4fa4-a97d-d965ccfc6d4b" outcome="Passed" testListId="8c84fa94-04c1-424b-9868-57a2d4851a1d" relativeResultsDirectory="733be974-b4ed-4d0d-b0fb-142cb522e7b3" />
    <UnitTestResult executionId="f3d7daf7-aad1-42a9-ad25-317a2abb0b8d" testId="7b7d17f8-d4af-db7b-830b-f9e485e01b81" testName="ContactService.Tests.Domain.Entities.ContactHistoryTests.Constructor_WithInvalidCorrelationId_ShouldThrowException(correlationId: null)" computerName="base" duration="00:00:00.0009885" startTime="2025-08-09T20:56:27.1112940+03:00" endTime="2025-08-09T20:56:27.1126190+03:00" testType="13cdc9d9-ddb5-4fa4-a97d-d965ccfc6d4b" outcome="Passed" testListId="8c84fa94-04c1-424b-9868-57a2d4851a1d" relativeResultsDirectory="f3d7daf7-aad1-42a9-ad25-317a2abb0b8d" />
    <UnitTestResult executionId="2678753e-7655-46cd-9aa9-e568cc3a34ce" testId="443e13cd-d51f-1bc7-fca6-df12d7e0a2ce" testName="ContactService.Tests.Domain.Entities.ContactTests.AddContactInfo_Should_Throw_Exception_When_Invalid_Content(infoType: PhoneNumber, content: &quot;InvalidPhone&quot;)" computerName="base" duration="00:00:00.0000935" startTime="2025-08-09T20:56:27.1257330+03:00" endTime="2025-08-09T20:56:27.1257520+03:00" testType="13cdc9d9-ddb5-4fa4-a97d-d965ccfc6d4b" outcome="Passed" testListId="8c84fa94-04c1-424b-9868-57a2d4851a1d" relativeResultsDirectory="2678753e-7655-46cd-9aa9-e568cc3a34ce" />
    <UnitTestResult executionId="23f2b53e-f89e-42aa-8633-9655ad48c3f7" testId="f621c9c5-ed11-460e-d765-e057008e7857" testName="ContactService.Tests.Validations.CreateContactCommandValidatorTests.Validate_EmptyOrNullName_ShouldFailValidation(name: null)" computerName="base" duration="00:00:00.0005756" startTime="2025-08-09T20:56:27.0864730+03:00" endTime="2025-08-09T20:56:27.0865530+03:00" testType="13cdc9d9-ddb5-4fa4-a97d-d965ccfc6d4b" outcome="Passed" testListId="8c84fa94-04c1-424b-9868-57a2d4851a1d" relativeResultsDirectory="23f2b53e-f89e-42aa-8633-9655ad48c3f7" />
    <UnitTestResult executionId="a02e1c9d-9e1c-4950-9902-0afc9dc21b5a" testId="1743a143-da91-5176-77bf-9600b73576f5" testName="ContactService.Tests.Services.CachedContactServiceTests.AddContactInfoAsync_ShouldInvalidateCache" computerName="base" duration="00:00:00.0026705" startTime="2025-08-09T20:56:27.1504850+03:00" endTime="2025-08-09T20:56:27.1531380+03:00" testType="13cdc9d9-ddb5-4fa4-a97d-d965ccfc6d4b" outcome="Passed" testListId="8c84fa94-04c1-424b-9868-57a2d4851a1d" relativeResultsDirectory="a02e1c9d-9e1c-4950-9902-0afc9dc21b5a" />
    <UnitTestResult executionId="a77a2727-305d-43f0-abdf-a8d2560a0d59" testId="d324fa8a-5414-ba80-97eb-374eb9c0da4a" testName="ContactService.Tests.Services.ContactServiceMainTests.DeleteContactAsync_WhenContactExists_ShouldDeleteContactAndAddToHistory" computerName="base" duration="00:00:00.0011065" startTime="2025-08-09T20:56:27.1499200+03:00" endTime="2025-08-09T20:56:27.1512560+03:00" testType="13cdc9d9-ddb5-4fa4-a97d-d965ccfc6d4b" outcome="Passed" testListId="8c84fa94-04c1-424b-9868-57a2d4851a1d" relativeResultsDirectory="a77a2727-305d-43f0-abdf-a8d2560a0d59" />
    <UnitTestResult executionId="c9dacde6-671b-48db-8df5-5f9b6521ec65" testId="ec02fbb4-d590-b6b0-27ca-a9b5c98b723e" testName="ContactService.Tests.Services.ContactServiceMainTestsFixed.GetAllContactsAsync_ShouldReturnContacts_WhenContactsExist" computerName="base" duration="00:00:00.0036311" startTime="2025-08-09T20:56:27.1295840+03:00" endTime="2025-08-09T20:56:27.1331650+03:00" testType="13cdc9d9-ddb5-4fa4-a97d-d965ccfc6d4b" outcome="Passed" testListId="8c84fa94-04c1-424b-9868-57a2d4851a1d" relativeResultsDirectory="c9dacde6-671b-48db-8df5-5f9b6521ec65" />
    <UnitTestResult executionId="65b81dfc-5422-4135-a7f8-3f3ba3d43ced" testId="ecb77bbc-0b1b-a61e-4a27-10af057b9f32" testName="ContactService.Tests.Repositories.MongoAuditLogRepositoryStatisticsTests.GetStatisticsAsync_EmptyResult_ShouldReturnEmptyDictionary" computerName="base" duration="00:00:00.0010000" startTime="2025-08-09T20:56:27.0755250+03:00" endTime="2025-08-09T20:56:27.0755330+03:00" testType="13cdc9d9-ddb5-4fa4-a97d-d965ccfc6d4b" outcome="NotExecuted" testListId="8c84fa94-04c1-424b-9868-57a2d4851a1d" relativeResultsDirectory="65b81dfc-5422-4135-a7f8-3f3ba3d43ced">
      <Output>
        <ErrorInfo>
          <Message>Temporarily disabled due to MongoDB mocking complexity</Message>
        </ErrorInfo>
      </Output>
    </UnitTestResult>
    <UnitTestResult executionId="95dfb098-0350-4380-bf44-d5f077d298a5" testId="3e495c5b-2707-5b37-901a-722dc64d9bc2" testName="ContactService.Tests.Repositories.ContactHistoryRepositoryTests.GetByDateRangeAsync_ShouldReturnHistoriesInRange" computerName="base" duration="00:00:00.0303095" startTime="2025-08-09T20:56:27.4421650+03:00" endTime="2025-08-09T20:56:27.4726090+03:00" testType="13cdc9d9-ddb5-4fa4-a97d-d965ccfc6d4b" outcome="Passed" testListId="8c84fa94-04c1-424b-9868-57a2d4851a1d" relativeResultsDirectory="95dfb098-0350-4380-bf44-d5f077d298a5" />
    <UnitTestResult executionId="8d028107-3629-456c-8b74-e91f210000bd" testId="e692ca4f-6d6b-7fc0-48f7-fd4b7d1742b6" testName="ContactService.Tests.Workers.OutboxProcessorWorkerTests.StopAsync_ShouldLogError_WhenProcessingRemainingEventsFails" computerName="base" duration="00:00:00.0005106" startTime="2025-08-09T20:56:27.5817700+03:00" endTime="2025-08-09T20:56:27.5821280+03:00" testType="13cdc9d9-ddb5-4fa4-a97d-d965ccfc6d4b" outcome="Passed" testListId="8c84fa94-04c1-424b-9868-57a2d4851a1d" relativeResultsDirectory="8d028107-3629-456c-8b74-e91f210000bd" />
    <UnitTestResult executionId="fded964c-99c1-4f23-82ec-8b66c4c053ba" testId="5c903760-9f95-3812-bc6b-25200bdf3693" testName="ContactService.Tests.Domain.Entities.ContactInfoTests.ContactInfo_Creation_Should_Throw_Exception_When_Invalid_Content(infoType: Location, content: &quot;&quot;)" computerName="base" duration="00:00:00.0224446" startTime="2025-08-09T20:56:27.0627070+03:00" endTime="2025-08-09T20:56:27.0830810+03:00" testType="13cdc9d9-ddb5-4fa4-a97d-d965ccfc6d4b" outcome="Passed" testListId="8c84fa94-04c1-424b-9868-57a2d4851a1d" relativeResultsDirectory="fded964c-99c1-4f23-82ec-8b66c4c053ba" />
    <UnitTestResult executionId="09e6673d-7017-4502-897f-a2c473fb21a3" testId="3e0d0734-29ff-8c43-4b6f-3d6de1f1428f" testName="ContactService.Tests.Services.ContactServiceMainTests.GetContactByIdAsync_WhenContactNotExists_ShouldReturnNull" computerName="base" duration="00:00:00.0006589" startTime="2025-08-09T20:56:27.1460450+03:00" endTime="2025-08-09T20:56:27.1471060+03:00" testType="13cdc9d9-ddb5-4fa4-a97d-d965ccfc6d4b" outcome="Passed" testListId="8c84fa94-04c1-424b-9868-57a2d4851a1d" relativeResultsDirectory="09e6673d-7017-4502-897f-a2c473fb21a3" />
    <UnitTestResult executionId="14d5667c-f681-4230-b214-7e5b7a0da1c9" testId="8de77c86-eebf-ad05-8f7b-74fbfb433670" testName="ContactService.Tests.Services.ContactServiceDeleteTests.DeleteContactAsync_WithNonExistingContact_ShouldReturnFalse" computerName="base" duration="00:00:00.0046337" startTime="2025-08-09T20:56:27.1403550+03:00" endTime="2025-08-09T20:56:27.1448840+03:00" testType="13cdc9d9-ddb5-4fa4-a97d-d965ccfc6d4b" outcome="Passed" testListId="8c84fa94-04c1-424b-9868-57a2d4851a1d" relativeResultsDirectory="14d5667c-f681-4230-b214-7e5b7a0da1c9" />
    <UnitTestResult executionId="16fdb78e-97cb-4093-98fa-b7b9de217024" testId="f483d3f3-63fe-8590-30c3-b17059ff6060" testName="ContactService.Tests.Services.ContactServiceMainTests.CreateContactAsync_ShouldCreateContact_WhenValidDataProvided" computerName="base" duration="00:00:00.0004308" startTime="2025-08-09T20:56:27.1488690+03:00" endTime="2025-08-09T20:56:27.1496740+03:00" testType="13cdc9d9-ddb5-4fa4-a97d-d965ccfc6d4b" outcome="Passed" testListId="8c84fa94-04c1-424b-9868-57a2d4851a1d" relativeResultsDirectory="16fdb78e-97cb-4093-98fa-b7b9de217024" />
    <UnitTestResult executionId="1bdd42ae-dd27-4fae-be79-0a192e3c0d7a" testId="5efb2b3b-3006-0196-4952-b7dda7725483" testName="ContactService.Tests.Domain.Entities.OutboxEventTests.Constructor_WithTooLongCorrelationId_ShouldThrowException" computerName="base" duration="00:00:00.0003428" startTime="2025-08-09T20:56:27.1066590+03:00" endTime="2025-08-09T20:56:27.1070290+03:00" testType="13cdc9d9-ddb5-4fa4-a97d-d965ccfc6d4b" outcome="Passed" testListId="8c84fa94-04c1-424b-9868-57a2d4851a1d" relativeResultsDirectory="1bdd42ae-dd27-4fae-be79-0a192e3c0d7a" />
    <UnitTestResult executionId="6c39526e-e0bb-46fe-a9e0-499805995b9a" testId="b274f1bf-e50c-37c1-bbf0-41f6669ca612" testName="ContactService.Tests.Services.ContactServiceUpdateTests.UpdateContactAsync_WithValidData_ShouldUpdateContactSuccessfully" computerName="base" duration="00:00:00.0031649" startTime="2025-08-09T20:56:27.1457090+03:00" endTime="2025-08-09T20:56:27.1484970+03:00" testType="13cdc9d9-ddb5-4fa4-a97d-d965ccfc6d4b" outcome="Passed" testListId="8c84fa94-04c1-424b-9868-57a2d4851a1d" relativeResultsDirectory="6c39526e-e0bb-46fe-a9e0-499805995b9a" />
    <UnitTestResult executionId="fcc79ed1-e584-49f4-87f0-0dbdb465d588" testId="8660af85-f3fe-d074-bdd1-80aff98c82cd" testName="ContactService.Tests.Services.ContactServiceUpdateTests.UpdateContactAsync_WithEmptyName_ShouldThrowArgumentException" computerName="base" duration="00:00:00.0043139" startTime="2025-08-09T20:56:27.1402120+03:00" endTime="2025-08-09T20:56:27.1443750+03:00" testType="13cdc9d9-ddb5-4fa4-a97d-d965ccfc6d4b" outcome="Passed" testListId="8c84fa94-04c1-424b-9868-57a2d4851a1d" relativeResultsDirectory="fcc79ed1-e584-49f4-87f0-0dbdb465d588" />
    <UnitTestResult executionId="3dc15c0a-3849-4210-a0f1-3e21981fad3f" testId="c7c25f38-4580-db9f-5da3-d32c41491df3" testName="ContactService.Tests.Domain.Entities.OutboxEventTests.MarkAsFailed_AfterMaxRetries_ShouldSetStatusToFailed" computerName="base" duration="00:00:00.0001555" startTime="2025-08-09T20:56:27.1167600+03:00" endTime="2025-08-09T20:56:27.1167790+03:00" testType="13cdc9d9-ddb5-4fa4-a97d-d965ccfc6d4b" outcome="Passed" testListId="8c84fa94-04c1-424b-9868-57a2d4851a1d" relativeResultsDirectory="3dc15c0a-3849-4210-a0f1-3e21981fad3f" />
    <UnitTestResult executionId="5b1b632a-2371-4e1f-b2c9-6059754011dd" testId="713df04e-9b75-ed3f-dd66-b6e9b948d45b" testName="ContactService.Tests.Controllers.ContactsControllerTests.CreateContact_WhenSuccessful_ReturnsCreated" computerName="base" duration="00:00:00.0016919" startTime="2025-08-09T20:56:27.1647550+03:00" endTime="2025-08-09T20:56:27.1667630+03:00" testType="13cdc9d9-ddb5-4fa4-a97d-d965ccfc6d4b" outcome="Passed" testListId="8c84fa94-04c1-424b-9868-57a2d4851a1d" relativeResultsDirectory="5b1b632a-2371-4e1f-b2c9-6059754011dd" />
    <UnitTestResult executionId="2827ba95-7d9e-48cf-ac98-105fa5c192a6" testId="186e0ae0-54bb-b584-d5f3-d4b81fe8b789" testName="ContactService.Tests.Behaviors.ValidationBehaviorTests.Handle_WhenValidationPasses_ShouldProceedWithRequest" computerName="base" duration="00:00:00.0033593" startTime="2025-08-09T20:56:27.1279850+03:00" endTime="2025-08-09T20:56:27.1311710+03:00" testType="13cdc9d9-ddb5-4fa4-a97d-d965ccfc6d4b" outcome="Passed" testListId="8c84fa94-04c1-424b-9868-57a2d4851a1d" relativeResultsDirectory="2827ba95-7d9e-48cf-ac98-105fa5c192a6" />
    <UnitTestResult executionId="e46e04ce-dc2e-4889-84ac-6bc1d4332819" testId="081e44cb-fe35-6eba-d430-dbfbe82124e1" testName="ContactService.Tests.Services.OutboxServiceTests.CleanupProcessedEventsAsync_ShouldDeleteOldEvents" computerName="base" duration="00:00:00.0017507" startTime="2025-08-09T20:56:27.1905400+03:00" endTime="2025-08-09T20:56:27.1922500+03:00" testType="13cdc9d9-ddb5-4fa4-a97d-d965ccfc6d4b" outcome="Passed" testListId="8c84fa94-04c1-424b-9868-57a2d4851a1d" relativeResultsDirectory="e46e04ce-dc2e-4889-84ac-6bc1d4332819" />
    <UnitTestResult executionId="ad73928f-64bd-4861-a9b3-e610288b6561" testId="62e3da41-1e3f-0e2f-ce0f-4f47b32620d9" testName="ContactService.Tests.Services.CachedContactServiceTests.DeleteContactAsync_ShouldInvalidateCache" computerName="base" duration="00:00:00.0021681" startTime="2025-08-09T20:56:27.1753440+03:00" endTime="2025-08-09T20:56:27.1775050+03:00" testType="13cdc9d9-ddb5-4fa4-a97d-d965ccfc6d4b" outcome="Passed" testListId="8c84fa94-04c1-424b-9868-57a2d4851a1d" relativeResultsDirectory="ad73928f-64bd-4861-a9b3-e610288b6561" />
    <UnitTestResult executionId="f7822ef0-d80a-4a29-a108-5e69706c4d4e" testId="c427cb7e-c565-9a5c-6c0b-aa3bb88347e4" testName="ContactService.Tests.Validations.CreateContactCommandValidatorTests.Validate_EmptyContactInfos_ShouldPassValidation" computerName="base" duration="00:00:00.0002223" startTime="2025-08-09T20:56:27.0950370+03:00" endTime="2025-08-09T20:56:27.0950610+03:00" testType="13cdc9d9-ddb5-4fa4-a97d-d965ccfc6d4b" outcome="Passed" testListId="8c84fa94-04c1-424b-9868-57a2d4851a1d" relativeResultsDirectory="f7822ef0-d80a-4a29-a108-5e69706c4d4e" />
    <UnitTestResult executionId="27487fae-0ac7-4b24-b449-eab67c8bbb3d" testId="6a805f05-50bf-066b-b128-90021a9a0c2b" testName="ContactService.Tests.Repositories.MongoAuditLogRepositoryStatisticsTests.GetServiceStatisticsAsync_ShouldCallGetStatisticsAsync" computerName="base" duration="00:00:00.0010000" startTime="2025-08-09T20:56:27.0745370+03:00" endTime="2025-08-09T20:56:27.0745610+03:00" testType="13cdc9d9-ddb5-4fa4-a97d-d965ccfc6d4b" outcome="NotExecuted" testListId="8c84fa94-04c1-424b-9868-57a2d4851a1d" relativeResultsDirectory="27487fae-0ac7-4b24-b449-eab67c8bbb3d">
      <Output>
        <ErrorInfo>
          <Message>Temporarily disabled due to MongoDB mocking complexity</Message>
        </ErrorInfo>
      </Output>
    </UnitTestResult>
    <UnitTestResult executionId="129d0f10-8593-49a6-9ca1-10c83fe39dd1" testId="bb118163-e2ab-fcf8-369a-81175ae21c3d" testName="ContactService.Tests.Behaviors.CorrelationBehaviorTests.Handle_WhenNextDelegateFails_ShouldPropagateException" computerName="base" duration="00:00:00.0007584" startTime="2025-08-09T20:56:27.1457670+03:00" endTime="2025-08-09T20:56:27.1465380+03:00" testType="13cdc9d9-ddb5-4fa4-a97d-d965ccfc6d4b" outcome="Passed" testListId="8c84fa94-04c1-424b-9868-57a2d4851a1d" relativeResultsDirectory="129d0f10-8593-49a6-9ca1-10c83fe39dd1" />
    <UnitTestResult executionId="a46d1170-59ef-44e1-b82e-8cb838d04d27" testId="f6522c53-be07-c331-4607-151fcd4c0159" testName="ContactService.Tests.Services.ContactServiceMainTests.ContactExistsAsync_WhenContactExists_ShouldReturnTrue" computerName="base" duration="00:00:00.0005426" startTime="2025-08-09T20:56:27.1497280+03:00" endTime="2025-08-09T20:56:27.1498450+03:00" testType="13cdc9d9-ddb5-4fa4-a97d-d965ccfc6d4b" outcome="Passed" testListId="8c84fa94-04c1-424b-9868-57a2d4851a1d" relativeResultsDirectory="a46d1170-59ef-44e1-b82e-8cb838d04d27" />
    <UnitTestResult executionId="c4efe3c9-e792-4e36-9997-0aa284bf6086" testId="4efe6a47-d4b9-e826-13f7-91a5b3fe801b" testName="ContactService.Tests.Domain.Entities.ContactInfoTests.ContactInfo_Creation_Should_Throw_Exception_When_Invalid_Content(infoType: EmailAddress, content: &quot;invalid-email&quot;)" computerName="base" duration="00:00:00.0004301" startTime="2025-08-09T20:56:27.0839440+03:00" endTime="2025-08-09T20:56:27.0839760+03:00" testType="13cdc9d9-ddb5-4fa4-a97d-d965ccfc6d4b" outcome="Passed" testListId="8c84fa94-04c1-424b-9868-57a2d4851a1d" relativeResultsDirectory="c4efe3c9-e792-4e36-9997-0aa284bf6086" />
    <UnitTestResult executionId="7bfb9aed-2a27-4282-9afb-c5bb1ed4bb99" testId="4c100dc2-4d54-2de6-69fc-6a0f7c39b61c" testName="ContactService.Tests.Workers.OutboxProcessorWorkerTests.ExecuteAsync_ShouldHandleException_WhenOutboxServiceThrows" computerName="base" duration="00:00:00.2311627" startTime="2025-08-09T20:56:27.1447430+03:00" endTime="2025-08-09T20:56:27.3764410+03:00" testType="13cdc9d9-ddb5-4fa4-a97d-d965ccfc6d4b" outcome="Passed" testListId="8c84fa94-04c1-424b-9868-57a2d4851a1d" relativeResultsDirectory="7bfb9aed-2a27-4282-9afb-c5bb1ed4bb99" />
    <UnitTestResult executionId="5d5d563e-0df4-4483-b83d-cbc33ddbb021" testId="215612ba-9343-bd64-5eec-1346e1f27eb9" testName="ContactService.Tests.Repositories.InterfaceAuditLogRepositoryTests.CreateAsync_ShouldReturnCreatedAuditLog" computerName="base" duration="00:00:00.0074999" startTime="2025-08-09T20:56:27.1546260+03:00" endTime="2025-08-09T20:56:27.1618410+03:00" testType="13cdc9d9-ddb5-4fa4-a97d-d965ccfc6d4b" outcome="Passed" testListId="8c84fa94-04c1-424b-9868-57a2d4851a1d" relativeResultsDirectory="5d5d563e-0df4-4483-b83d-cbc33ddbb021" />
    <UnitTestResult executionId="f8f56264-5925-4c46-b1d3-e7cf6a2eda66" testId="7c3a1928-cf81-dafe-4286-3d55ee5e1ef7" testName="ContactService.Tests.Services.CachedContactServiceTests.RemoveContactInfoAsync_ShouldInvalidateCache" computerName="base" duration="00:00:00.0021071" startTime="2025-08-09T20:56:27.1633480+03:00" endTime="2025-08-09T20:56:27.1653650+03:00" testType="13cdc9d9-ddb5-4fa4-a97d-d965ccfc6d4b" outcome="Passed" testListId="8c84fa94-04c1-424b-9868-57a2d4851a1d" relativeResultsDirectory="f8f56264-5925-4c46-b1d3-e7cf6a2eda66" />
    <UnitTestResult executionId="41352c09-2ed5-4b86-b036-28d98c99c6aa" testId="5b70870a-4044-8f36-8484-a148325bc901" testName="ContactService.Tests.Repositories.ContactHistoryRepositoryTests.GetAllAsync_WithInvalidParameters_ShouldThrowArgumentException(skip: 0, take: 0)" computerName="base" duration="00:00:00.0003507" startTime="2025-08-09T20:56:27.4910290+03:00" endTime="2025-08-09T20:56:27.4913060+03:00" testType="13cdc9d9-ddb5-4fa4-a97d-d965ccfc6d4b" outcome="Passed" testListId="8c84fa94-04c1-424b-9868-57a2d4851a1d" relativeResultsDirectory="41352c09-2ed5-4b86-b036-28d98c99c6aa" />
    <UnitTestResult executionId="2a855f41-91bb-4b3f-a73e-252a4d3035a5" testId="3c06567a-faa5-e665-a0d3-95e051b2882d" testName="ContactService.Tests.Domain.Entities.ContactHistoryTests.GetContactData_WithValidData_ShouldDeserializeCorrectly" computerName="base" duration="00:00:00.0203131" startTime="2025-08-09T20:56:27.0865350+03:00" endTime="2025-08-09T20:56:27.1042250+03:00" testType="13cdc9d9-ddb5-4fa4-a97d-d965ccfc6d4b" outcome="Passed" testListId="8c84fa94-04c1-424b-9868-57a2d4851a1d" relativeResultsDirectory="2a855f41-91bb-4b3f-a73e-252a4d3035a5" />
    <UnitTestResult executionId="7ef055b3-a01b-48c0-ad9c-425355beb7bc" testId="ac1714c9-ff76-cbb6-220f-9d0ef3905d15" testName="ContactService.Tests.Repositories.MongoAuditLogRepositoryTests.SearchAsync_ShouldApplyAllProvidedFilters" computerName="base" duration="00:00:00.0022098" startTime="2025-08-09T20:56:27.2348420+03:00" endTime="2025-08-09T20:56:27.2370340+03:00" testType="13cdc9d9-ddb5-4fa4-a97d-d965ccfc6d4b" outcome="Passed" testListId="8c84fa94-04c1-424b-9868-57a2d4851a1d" relativeResultsDirectory="7ef055b3-a01b-48c0-ad9c-425355beb7bc" />
    <UnitTestResult executionId="b434a2e7-c96f-4841-b4a9-2e137e876251" testId="02e0eb39-b82c-9dcc-23ce-1bfcccaf1fbf" testName="ContactService.Tests.Repositories.MongoAuditLogRepositoryTests.GetByCorrelationIdAsync_ShouldReturnMatchingLogs" computerName="base" duration="00:00:00.0010722" startTime="2025-08-09T20:56:27.2489260+03:00" endTime="2025-08-09T20:56:27.2499670+03:00" testType="13cdc9d9-ddb5-4fa4-a97d-d965ccfc6d4b" outcome="Passed" testListId="8c84fa94-04c1-424b-9868-57a2d4851a1d" relativeResultsDirectory="b434a2e7-c96f-4841-b4a9-2e137e876251" />
    <UnitTestResult executionId="a9143980-a119-488d-8d4c-f2ad23f606f8" testId="8bf11057-d034-46e9-c31f-3379f9cc18ac" testName="ContactService.Tests.Repositories.MongoAuditLogRepositoryStatisticsTests.GetStatisticsAsync_ShouldReturnServiceStatistics" computerName="base" duration="00:00:00.0010000" startTime="2025-08-09T20:56:27.0627490+03:00" endTime="2025-08-09T20:56:27.0637850+03:00" testType="13cdc9d9-ddb5-4fa4-a97d-d965ccfc6d4b" outcome="NotExecuted" testListId="8c84fa94-04c1-424b-9868-57a2d4851a1d" relativeResultsDirectory="a9143980-a119-488d-8d4c-f2ad23f606f8">
      <Output>
        <ErrorInfo>
          <Message>Temporarily disabled due to MongoDB mocking complexity</Message>
        </ErrorInfo>
      </Output>
    </UnitTestResult>
    <UnitTestResult executionId="5d6d3164-9868-49da-8b63-7b9db2312b0c" testId="222f46c1-1907-f69f-b4f5-c3b3cf34e4de" testName="ContactService.Tests.Services.ContactServiceMainTests.UpdateContactAsync_WhenContactNotExists_ShouldReturnNull" computerName="base" duration="00:00:00.0010370" startTime="2025-08-09T20:56:27.1513010+03:00" endTime="2025-08-09T20:56:27.1520520+03:00" testType="13cdc9d9-ddb5-4fa4-a97d-d965ccfc6d4b" outcome="Passed" testListId="8c84fa94-04c1-424b-9868-57a2d4851a1d" relativeResultsDirectory="5d6d3164-9868-49da-8b63-7b9db2312b0c" />
    <UnitTestResult executionId="2a6247a0-c131-49ac-90cc-c840b3089957" testId="b9ba7b92-fecc-019d-a8e3-8e9f17a30de8" testName="ContactService.Tests.Repositories.MongoAuditLogRepositoryStatisticsTests.GetActionStatisticsAsync_EmptyResult_ShouldReturnEmptyDictionary" computerName="base" duration="00:00:00.0010000" startTime="2025-08-09T20:56:27.0753020+03:00" endTime="2025-08-09T20:56:27.0753150+03:00" testType="13cdc9d9-ddb5-4fa4-a97d-d965ccfc6d4b" outcome="NotExecuted" testListId="8c84fa94-04c1-424b-9868-57a2d4851a1d" relativeResultsDirectory="2a6247a0-c131-49ac-90cc-c840b3089957">
      <Output>
        <ErrorInfo>
          <Message>Temporarily disabled due to MongoDB mocking complexity</Message>
        </ErrorInfo>
      </Output>
    </UnitTestResult>
    <UnitTestResult executionId="811d4355-8c3c-4df0-a786-c4eb366c5371" testId="6e21d2bf-8d35-7a36-d83b-8e64f6771f65" testName="ContactService.Tests.Repositories.InterfaceAuditLogRepositoryTests.GetByCorrelationIdAsync_ShouldReturnMatchingLogs" computerName="base" duration="00:00:00.0008129" startTime="2025-08-09T20:56:27.1660300+03:00" endTime="2025-08-09T20:56:27.1668320+03:00" testType="13cdc9d9-ddb5-4fa4-a97d-d965ccfc6d4b" outcome="Passed" testListId="8c84fa94-04c1-424b-9868-57a2d4851a1d" relativeResultsDirectory="811d4355-8c3c-4df0-a786-c4eb366c5371" />
    <UnitTestResult executionId="56e3769c-eb5f-409f-9e46-f4add6f63b0f" testId="de0f39cd-7912-969d-abd8-0e235ffda1d3" testName="ContactService.Tests.Domain.Entities.ContactHistoryTests.Constructor_WithNullContactData_ShouldThrowException" computerName="base" duration="00:00:00.0006510" startTime="2025-08-09T20:56:27.1246760+03:00" endTime="2025-08-09T20:56:27.1250880+03:00" testType="13cdc9d9-ddb5-4fa4-a97d-d965ccfc6d4b" outcome="Passed" testListId="8c84fa94-04c1-424b-9868-57a2d4851a1d" relativeResultsDirectory="56e3769c-eb5f-409f-9e46-f4add6f63b0f" />
    <UnitTestResult executionId="f155a951-0d0d-4e21-a877-fa64a4362d05" testId="d03dd252-f28b-090c-b3e6-19aeb387f0b4" testName="ContactService.Tests.Repositories.AuditLogRepositoryStatisticsTests.GetActionStatisticsAsync_WithNullParameters_ShouldReturnAllActionStats" computerName="base" duration="00:00:00.0714970" startTime="2025-08-09T20:56:27.0826650+03:00" endTime="2025-08-09T20:56:27.1223940+03:00" testType="13cdc9d9-ddb5-4fa4-a97d-d965ccfc6d4b" outcome="Passed" testListId="8c84fa94-04c1-424b-9868-57a2d4851a1d" relativeResultsDirectory="f155a951-0d0d-4e21-a877-fa64a4362d05" />
    <UnitTestResult executionId="b6959711-52fc-41f3-84fe-61546aaa2177" testId="5e1e1377-2309-4b64-aa4e-2b92ab69b1a6" testName="ContactService.Tests.Behaviors.ValidationBehaviorTests.Handle_WithMixedValidationResults_ShouldThrowValidationException" computerName="base" duration="00:00:00.0009026" startTime="2025-08-09T20:56:27.1330130+03:00" endTime="2025-08-09T20:56:27.1332710+03:00" testType="13cdc9d9-ddb5-4fa4-a97d-d965ccfc6d4b" outcome="Passed" testListId="8c84fa94-04c1-424b-9868-57a2d4851a1d" relativeResultsDirectory="b6959711-52fc-41f3-84fe-61546aaa2177" />
    <UnitTestResult executionId="bc8898b2-0a90-423b-8da6-eb09296e9751" testId="da7ed9c8-00b9-c6f7-075f-2cf1b95e31b2" testName="ContactService.Tests.Domain.Entities.ContactTests.AddContactInfo_Should_Add_Info_To_Collection" computerName="base" duration="00:00:00.0007514" startTime="2025-08-09T20:56:27.1266670+03:00" endTime="2025-08-09T20:56:27.1274550+03:00" testType="13cdc9d9-ddb5-4fa4-a97d-d965ccfc6d4b" outcome="Passed" testListId="8c84fa94-04c1-424b-9868-57a2d4851a1d" relativeResultsDirectory="bc8898b2-0a90-423b-8da6-eb09296e9751" />
    <UnitTestResult executionId="e7b1918b-b0f2-4833-93d8-1c53a953cc7f" testId="f28e8d11-463d-a43c-7a13-c5f4c558c245" testName="ContactService.Tests.Services.ContactServiceTestsFixed.RemoveContactInfoAsync_WithValidData_ShouldRemoveContactInfo" computerName="base" duration="00:00:00.0008260" startTime="2025-08-09T20:56:27.1681760+03:00" endTime="2025-08-09T20:56:27.1688910+03:00" testType="13cdc9d9-ddb5-4fa4-a97d-d965ccfc6d4b" outcome="Passed" testListId="8c84fa94-04c1-424b-9868-57a2d4851a1d" relativeResultsDirectory="e7b1918b-b0f2-4833-93d8-1c53a953cc7f" />
    <UnitTestResult executionId="0e82275b-8687-412a-bf0c-7080e7ea153b" testId="4838ad76-4ce2-fa88-aa80-6e82cd3b4524" testName="ContactService.Tests.Domain.Entities.OutboxEventTests.MarkAsFailed_WithInvalidErrorMessage_ShouldThrowException(errorMessage: null)" computerName="base" duration="00:00:00.0000944" startTime="2025-08-09T20:56:27.1166820+03:00" endTime="2025-08-09T20:56:27.1167030+03:00" testType="13cdc9d9-ddb5-4fa4-a97d-d965ccfc6d4b" outcome="Passed" testListId="8c84fa94-04c1-424b-9868-57a2d4851a1d" relativeResultsDirectory="0e82275b-8687-412a-bf0c-7080e7ea153b" />
    <UnitTestResult executionId="0891ca4a-cd71-4734-9335-07d2f452b9d3" testId="8da38bde-d14e-03d1-fa43-d70ee8ff36f2" testName="ContactService.Tests.Domain.Entities.OutboxEventTests.Constructor_WithTooLongEventType_ShouldThrowException" computerName="base" duration="00:00:00.0002283" startTime="2025-08-09T20:56:27.1168290+03:00" endTime="2025-08-09T20:56:27.1168500+03:00" testType="13cdc9d9-ddb5-4fa4-a97d-d965ccfc6d4b" outcome="Passed" testListId="8c84fa94-04c1-424b-9868-57a2d4851a1d" relativeResultsDirectory="0891ca4a-cd71-4734-9335-07d2f452b9d3" />
    <UnitTestResult executionId="6266b55d-d936-4a7a-a0af-6b666f96733f" testId="4e4fa4f6-c071-ab44-a927-8c5880bc65fa" testName="ContactService.Tests.Services.ContactServiceAddContactInfoTests.AddContactInfoAsync_WithNullContent_ShouldThrowArgumentException" computerName="base" duration="00:00:00.0011186" startTime="2025-08-09T20:56:27.1641830+03:00" endTime="2025-08-09T20:56:27.1649620+03:00" testType="13cdc9d9-ddb5-4fa4-a97d-d965ccfc6d4b" outcome="Passed" testListId="8c84fa94-04c1-424b-9868-57a2d4851a1d" relativeResultsDirectory="6266b55d-d936-4a7a-a0af-6b666f96733f" />
    <UnitTestResult executionId="e80b7749-34c0-4443-8e69-e46e2141dd69" testId="e3e0986d-75a9-9ba8-ad43-9956b1b3878f" testName="ContactService.Tests.Domain.Entities.ContactHistoryTests.Constructor_WithTooLongCorrelationId_ShouldThrowException" computerName="base" duration="00:00:00.0004059" startTime="2025-08-09T20:56:27.1044730+03:00" endTime="2025-08-09T20:56:27.1051130+03:00" testType="13cdc9d9-ddb5-4fa4-a97d-d965ccfc6d4b" outcome="Passed" testListId="8c84fa94-04c1-424b-9868-57a2d4851a1d" relativeResultsDirectory="e80b7749-34c0-4443-8e69-e46e2141dd69" />
    <UnitTestResult executionId="14a4c684-2328-470e-832b-4bbb3aeeb962" testId="5a3d8493-7c44-ef1a-59d7-15dc693e5f8d" testName="ContactService.Tests.Services.CachedContactServiceTests.GetLocationStatistics_WhenCached_ShouldReturnFromCache" computerName="base" duration="00:00:00.0011340" startTime="2025-08-09T20:56:27.1623620+03:00" endTime="2025-08-09T20:56:27.1632980+03:00" testType="13cdc9d9-ddb5-4fa4-a97d-d965ccfc6d4b" outcome="Passed" testListId="8c84fa94-04c1-424b-9868-57a2d4851a1d" relativeResultsDirectory="14a4c684-2328-470e-832b-4bbb3aeeb962" />
    <UnitTestResult executionId="15614105-3f0b-412f-8f45-26aa498b683e" testId="a2dd72b4-0fc4-025d-ffac-51e87e4d56ed" testName="ContactService.Tests.Services.ContactServiceTestsFixed.DeleteContactAsync_WithNonExistingContact_ShouldReturnFalse" computerName="base" duration="00:00:00.0014083" startTime="2025-08-09T20:56:27.1616400+03:00" endTime="2025-08-09T20:56:27.1631980+03:00" testType="13cdc9d9-ddb5-4fa4-a97d-d965ccfc6d4b" outcome="Passed" testListId="8c84fa94-04c1-424b-9868-57a2d4851a1d" relativeResultsDirectory="15614105-3f0b-412f-8f45-26aa498b683e" />
    <UnitTestResult executionId="1b7bba73-604e-491e-bf12-e55d76167cfe" testId="282f2e9e-8d74-cd49-7c68-22cff428626a" testName="ContactService.Tests.Repositories.MongoAuditLogRepositoryStatisticsTests.GetActionStatisticsAsync_ShouldReturnActionCounts" computerName="base" duration="00:00:00.0010000" startTime="2025-08-09T20:56:27.0817400+03:00" endTime="2025-08-09T20:56:27.0817590+03:00" testType="13cdc9d9-ddb5-4fa4-a97d-d965ccfc6d4b" outcome="NotExecuted" testListId="8c84fa94-04c1-424b-9868-57a2d4851a1d" relativeResultsDirectory="1b7bba73-604e-491e-bf12-e55d76167cfe">
      <Output>
        <ErrorInfo>
          <Message>Temporarily disabled due to MongoDB mocking complexity</Message>
        </ErrorInfo>
      </Output>
    </UnitTestResult>
    <UnitTestResult executionId="32bdb3f1-ae15-41d9-9bcf-3e9b9a8e55a8" testId="92ab22b2-8846-1c64-d5bc-e6797eee3d4c" testName="ContactService.Tests.Workers.OutboxProcessorWorkerTests.ExecuteAsync_ShouldProcessPendingEvents_WhenCalled" computerName="base" duration="00:00:00.2035630" startTime="2025-08-09T20:56:27.3768840+03:00" endTime="2025-08-09T20:56:27.5806690+03:00" testType="13cdc9d9-ddb5-4fa4-a97d-d965ccfc6d4b" outcome="Passed" testListId="8c84fa94-04c1-424b-9868-57a2d4851a1d" relativeResultsDirectory="32bdb3f1-ae15-41d9-9bcf-3e9b9a8e55a8" />
    <UnitTestResult executionId="0f4c6366-6ff9-47b7-b1bc-57e02a6eb752" testId="b0f2213c-04cc-1379-5387-95cab862989b" testName="ContactService.Tests.Services.ContactServiceTestsFixed.UpdateContactAsync_WithNonExistingContact_ShouldReturnNull" computerName="base" duration="00:00:00.0009790" startTime="2025-08-09T20:56:27.1743220+03:00" endTime="2025-08-09T20:56:27.1752010+03:00" testType="13cdc9d9-ddb5-4fa4-a97d-d965ccfc6d4b" outcome="Passed" testListId="8c84fa94-04c1-424b-9868-57a2d4851a1d" relativeResultsDirectory="0f4c6366-6ff9-47b7-b1bc-57e02a6eb752" />
    <UnitTestResult executionId="cd033ee6-56ba-4f64-a2f1-84ce076fedc9" testId="8e0807d9-5fdb-9205-42ee-a60e37463259" testName="ContactService.Tests.Services.OutboxServiceTests.ProcessPendingEventsAsync_ShouldUseCorrectTopicForEventType(eventType: &quot;ContactDeleted&quot;, expectedTopic: &quot;contact-events&quot;)" computerName="base" duration="00:00:00.0004011" startTime="2025-08-09T20:56:27.1767490+03:00" endTime="2025-08-09T20:56:27.1771460+03:00" testType="13cdc9d9-ddb5-4fa4-a97d-d965ccfc6d4b" outcome="Passed" testListId="8c84fa94-04c1-424b-9868-57a2d4851a1d" relativeResultsDirectory="cd033ee6-56ba-4f64-a2f1-84ce076fedc9" />
    <UnitTestResult executionId="4d23c77c-7300-4796-912d-d733cce4d367" testId="3cdf2a61-6bbf-5700-dfe9-37f3eb629d2e" testName="ContactService.Tests.Services.CorrelationContextTests.SetCorrelationId_ShouldAddToResponseHeader" computerName="base" duration="00:00:00.0030837" startTime="2025-08-09T20:56:27.1297450+03:00" endTime="2025-08-09T20:56:27.1330420+03:00" testType="13cdc9d9-ddb5-4fa4-a97d-d965ccfc6d4b" outcome="Passed" testListId="8c84fa94-04c1-424b-9868-57a2d4851a1d" relativeResultsDirectory="4d23c77c-7300-4796-912d-d733cce4d367" />
    <UnitTestResult executionId="f7c54d43-aa2e-47af-9ad2-3041d79a4276" testId="6b3f07d3-51d8-8b58-d300-ad3775e60c2b" testName="ContactService.Tests.Repositories.ContactHistoryRepositoryTests.GetAllAsync_WithInvalidParameters_ShouldThrowArgumentException(skip: -1, take: 10)" computerName="base" duration="00:00:00.0000471" startTime="2025-08-09T20:56:27.4914780+03:00" endTime="2025-08-09T20:56:27.4914960+03:00" testType="13cdc9d9-ddb5-4fa4-a97d-d965ccfc6d4b" outcome="Passed" testListId="8c84fa94-04c1-424b-9868-57a2d4851a1d" relativeResultsDirectory="f7c54d43-aa2e-47af-9ad2-3041d79a4276" />
    <UnitTestResult executionId="a2b20844-5df6-4a4c-8e8d-ce27ce4e1180" testId="3f9af360-bf03-d7e9-99bf-e7534ad823d1" testName="ContactService.Tests.Behaviors.CorrelationIdBehaviorTests.Handle_WhenExceptionOccurs_ShouldLogErrorAndRethrow" computerName="base" duration="00:00:00.0025486" startTime="2025-08-09T20:56:27.1443210+03:00" endTime="2025-08-09T20:56:27.1466670+03:00" testType="13cdc9d9-ddb5-4fa4-a97d-d965ccfc6d4b" outcome="Passed" testListId="8c84fa94-04c1-424b-9868-57a2d4851a1d" relativeResultsDirectory="a2b20844-5df6-4a4c-8e8d-ce27ce4e1180" />
    <UnitTestResult executionId="9a0394c2-f3e5-453e-98ca-03b85ae609c9" testId="42d5e3f8-02e6-4479-4e81-eb4f6f42e5ab" testName="ContactService.Tests.Services.ContactServiceMainTests.GetContactByIdAsync_WhenContactExists_ShouldReturnContact" computerName="base" duration="00:00:00.0023459" startTime="2025-08-09T20:56:27.1359440+03:00" endTime="2025-08-09T20:56:27.1381710+03:00" testType="13cdc9d9-ddb5-4fa4-a97d-d965ccfc6d4b" outcome="Passed" testListId="8c84fa94-04c1-424b-9868-57a2d4851a1d" relativeResultsDirectory="9a0394c2-f3e5-453e-98ca-03b85ae609c9" />
    <UnitTestResult executionId="a6ec60a7-96bd-4177-a96e-1517da89494b" testId="5c2a96c8-3dca-1622-37ae-ff6c2d99a78a" testName="ContactService.Tests.Domain.Entities.ContactHistoryTests.Constructor_WithInvalidOperationType_ShouldThrowException(operationType: &quot;&quot;)" computerName="base" duration="00:00:00.0303846" startTime="2025-08-09T20:56:27.0627390+03:00" endTime="2025-08-09T20:56:27.0858260+03:00" testType="13cdc9d9-ddb5-4fa4-a97d-d965ccfc6d4b" outcome="Passed" testListId="8c84fa94-04c1-424b-9868-57a2d4851a1d" relativeResultsDirectory="a6ec60a7-96bd-4177-a96e-1517da89494b" />
    <UnitTestResult executionId="19cecced-1851-4a1c-987f-0e648928aa1b" testId="882fcf2f-ff54-d7a0-e53f-20f457ec237d" testName="ContactService.Tests.Services.ContactServiceMainTests.DeleteContactAsync_WhenContactNotExists_ShouldReturnFalse" computerName="base" duration="00:00:00.0023397" startTime="2025-08-09T20:56:27.1336780+03:00" endTime="2025-08-09T20:56:27.1358610+03:00" testType="13cdc9d9-ddb5-4fa4-a97d-d965ccfc6d4b" outcome="Passed" testListId="8c84fa94-04c1-424b-9868-57a2d4851a1d" relativeResultsDirectory="19cecced-1851-4a1c-987f-0e648928aa1b" />
    <UnitTestResult executionId="6d414d15-0817-4b99-82b9-8e3dee3891a3" testId="4e8a80f1-543c-1d02-864d-4bd3af914a2e" testName="ContactService.Tests.Controllers.ContactsControllerTests.DeleteContact_WhenSuccessful_ReturnsNoContent" computerName="base" duration="00:00:00.0710406" startTime="2025-08-09T20:56:27.0626760+03:00" endTime="2025-08-09T20:56:27.1217000+03:00" testType="13cdc9d9-ddb5-4fa4-a97d-d965ccfc6d4b" outcome="Passed" testListId="8c84fa94-04c1-424b-9868-57a2d4851a1d" relativeResultsDirectory="6d414d15-0817-4b99-82b9-8e3dee3891a3" />
    <UnitTestResult executionId="4b1742dc-b46c-4571-94e9-818d217c0195" testId="4e5c6fe2-590c-4908-cda3-b95c9b5e03ce" testName="ContactService.Tests.Services.ContactServiceAddContactInfoTests.AddContactInfoAsync_WithEmptyContactId_ShouldThrowArgumentException" computerName="base" duration="00:00:00.0017960" startTime="2025-08-09T20:56:27.1487980+03:00" endTime="2025-08-09T20:56:27.1507760+03:00" testType="13cdc9d9-ddb5-4fa4-a97d-d965ccfc6d4b" outcome="Passed" testListId="8c84fa94-04c1-424b-9868-57a2d4851a1d" relativeResultsDirectory="4b1742dc-b46c-4571-94e9-818d217c0195" />
    <UnitTestResult executionId="5a76fead-ff87-4e23-a622-7b1706763026" testId="c1535f5e-9821-2318-5e4b-fc0d5c6dc1b7" testName="ContactService.Tests.Domain.Entities.ContactHistoryTests.GetAdditionalMetadata_WithValidData_ShouldDeserializeCorrectly" computerName="base" duration="00:00:00.0121205" startTime="2025-08-09T20:56:27.1130830+03:00" endTime="2025-08-09T20:56:27.1243860+03:00" testType="13cdc9d9-ddb5-4fa4-a97d-d965ccfc6d4b" outcome="Passed" testListId="8c84fa94-04c1-424b-9868-57a2d4851a1d" relativeResultsDirectory="5a76fead-ff87-4e23-a622-7b1706763026" />
    <UnitTestResult executionId="6aadd52f-b9be-4e02-a510-f509a226ec71" testId="1bfc090f-26ac-d3be-0ae1-b46c3add197c" testName="ContactService.Tests.Domain.Entities.OutboxEventTests.Constructor_WithInvalidEventType_ShouldThrowException(eventType: null)" computerName="base" duration="00:00:00.0003146" startTime="2025-08-09T20:56:27.1139190+03:00" endTime="2025-08-09T20:56:27.1139410+03:00" testType="13cdc9d9-ddb5-4fa4-a97d-d965ccfc6d4b" outcome="Passed" testListId="8c84fa94-04c1-424b-9868-57a2d4851a1d" relativeResultsDirectory="6aadd52f-b9be-4e02-a510-f509a226ec71" />
    <UnitTestResult executionId="4968ac9c-c12f-4ef9-91e6-722fe9409c5e" testId="73a1beb2-427f-b52e-5ed5-e488f7051a1c" testName="ContactService.Tests.Services.ContactServiceApplicationTests.GetContactByIdAsync_ReturnsContact" computerName="base" duration="00:00:00.0016007" startTime="2025-08-09T20:56:27.1667390+03:00" endTime="2025-08-09T20:56:27.1680770+03:00" testType="13cdc9d9-ddb5-4fa4-a97d-d965ccfc6d4b" outcome="Passed" testListId="8c84fa94-04c1-424b-9868-57a2d4851a1d" relativeResultsDirectory="4968ac9c-c12f-4ef9-91e6-722fe9409c5e" />
    <UnitTestResult executionId="98be5798-c310-4954-ac47-bedb0261a515" testId="768c582e-eae1-d32a-ed6b-12c46db6d8c0" testName="ContactService.Tests.Domain.Entities.ContactHistoryTests.Constructor_WithInvalidOperationType_ShouldThrowException(operationType: null)" computerName="base" duration="00:00:00.0004268" startTime="2025-08-09T20:56:27.0860700+03:00" endTime="2025-08-09T20:56:27.0860880+03:00" testType="13cdc9d9-ddb5-4fa4-a97d-d965ccfc6d4b" outcome="Passed" testListId="8c84fa94-04c1-424b-9868-57a2d4851a1d" relativeResultsDirectory="98be5798-c310-4954-ac47-bedb0261a515" />
    <UnitTestResult executionId="4cee45f0-62fd-4ff3-bd2a-4704ad97fd4e" testId="8b8bc3b1-8f6b-0437-b174-26839f658552" testName="ContactService.Tests.Repositories.MongoAuditLogRepositoryTests.GetByUserIdAsync_ShouldReturnMatchingLogs" computerName="base" duration="00:00:00.0070153" startTime="2025-08-09T20:56:27.2261630+03:00" endTime="2025-08-09T20:56:27.2331330+03:00" testType="13cdc9d9-ddb5-4fa4-a97d-d965ccfc6d4b" outcome="Passed" testListId="8c84fa94-04c1-424b-9868-57a2d4851a1d" relativeResultsDirectory="4cee45f0-62fd-4ff3-bd2a-4704ad97fd4e" />
    <UnitTestResult executionId="b0022bbf-eeca-439b-b809-c359e6ca825d" testId="8f93e0b1-7b81-de08-03d7-85c2acaee6e1" testName="ContactService.Tests.Services.ContactServiceAddContactInfoTests.AddContactInfoAsync_WithNonExistingContact_ShouldReturnNull" computerName="base" duration="00:00:00.0021286" startTime="2025-08-09T20:56:27.1470860+03:00" endTime="2025-08-09T20:56:27.1487270+03:00" testType="13cdc9d9-ddb5-4fa4-a97d-d965ccfc6d4b" outcome="Passed" testListId="8c84fa94-04c1-424b-9868-57a2d4851a1d" relativeResultsDirectory="b0022bbf-eeca-439b-b809-c359e6ca825d" />
    <UnitTestResult executionId="b7cd26b7-5219-4e57-b46b-385277f5824d" testId="26e6a1c0-a2f9-a0c2-b9ef-8fbf7a1b6d33" testName="ContactService.Tests.Repositories.AuditLogRepositoryStatisticsTests.GetStatisticsAsync_EmptyResult_ShouldReturnEmptyDictionary" computerName="base" duration="00:00:00.0005913" startTime="2025-08-09T20:56:27.1373250+03:00" endTime="2025-08-09T20:56:27.1378430+03:00" testType="13cdc9d9-ddb5-4fa4-a97d-d965ccfc6d4b" outcome="Passed" testListId="8c84fa94-04c1-424b-9868-57a2d4851a1d" relativeResultsDirectory="b7cd26b7-5219-4e57-b46b-385277f5824d" />
    <UnitTestResult executionId="00e75307-0d10-4e75-b1c3-096d276c4650" testId="3901b727-f207-9fa4-2bf1-8e5ec3e44ab6" testName="ContactService.Tests.Behaviors.CorrelationBehaviorTests.Handle_ShouldLogWithCorrelationId" computerName="base" duration="00:00:00.0148203" startTime="2025-08-09T20:56:27.1305030+03:00" endTime="2025-08-09T20:56:27.1455900+03:00" testType="13cdc9d9-ddb5-4fa4-a97d-d965ccfc6d4b" outcome="Passed" testListId="8c84fa94-04c1-424b-9868-57a2d4851a1d" relativeResultsDirectory="00e75307-0d10-4e75-b1c3-096d276c4650" />
    <UnitTestResult executionId="0ddbe849-2516-40ae-9ed4-b9a45bbb7748" testId="c559a68f-2eff-04d6-b161-ffe428335164" testName="ContactService.Tests.Services.OutboxServiceTests.AddEventAsync_ShouldCreateOutboxEvent" computerName="base" duration="00:00:00.0021399" startTime="2025-08-09T20:56:27.1867980+03:00" endTime="2025-08-09T20:56:27.1889360+03:00" testType="13cdc9d9-ddb5-4fa4-a97d-d965ccfc6d4b" outcome="Passed" testListId="8c84fa94-04c1-424b-9868-57a2d4851a1d" relativeResultsDirectory="0ddbe849-2516-40ae-9ed4-b9a45bbb7748" />
    <UnitTestResult executionId="2c22c42d-de2d-4231-b9ed-0eb9e060adc7" testId="4b30f9ea-b537-a7a1-efa5-592a73cb7c4b" testName="ContactService.Tests.Repositories.MongoAuditLogRepositoryTests.GetByEntityAsync_ShouldReturnMatchingLogs" computerName="base" duration="00:00:00.0008711" startTime="2025-08-09T20:56:27.2411370+03:00" endTime="2025-08-09T20:56:27.2419720+03:00" testType="13cdc9d9-ddb5-4fa4-a97d-d965ccfc6d4b" outcome="Passed" testListId="8c84fa94-04c1-424b-9868-57a2d4851a1d" relativeResultsDirectory="2c22c42d-de2d-4231-b9ed-0eb9e060adc7" />
    <UnitTestResult executionId="4f45fd80-6382-4dcf-b625-a409d10e5c88" testId="df15ea37-f342-7cbf-2c72-ee072b0b4976" testName="ContactService.Tests.Controllers.ContactsControllerTests.AddContactInfo_WhenSuccessful_ReturnsCreated" computerName="base" duration="00:00:00.0099472" startTime="2025-08-09T20:56:27.1517030+03:00" endTime="2025-08-09T20:56:27.1616580+03:00" testType="13cdc9d9-ddb5-4fa4-a97d-d965ccfc6d4b" outcome="Passed" testListId="8c84fa94-04c1-424b-9868-57a2d4851a1d" relativeResultsDirectory="4f45fd80-6382-4dcf-b625-a409d10e5c88" />
    <UnitTestResult executionId="964436f8-3361-4678-9fed-d74fd63bb229" testId="5533c9fd-1d32-1a8a-1765-693d9380208a" testName="ContactService.Tests.Controllers.ContactsControllerTests.DeleteContact_WhenNotFound_ReturnsNotFound" computerName="base" duration="00:00:00.0004614" startTime="2025-08-09T20:56:27.1703550+03:00" endTime="2025-08-09T20:56:27.1705090+03:00" testType="13cdc9d9-ddb5-4fa4-a97d-d965ccfc6d4b" outcome="Passed" testListId="8c84fa94-04c1-424b-9868-57a2d4851a1d" relativeResultsDirectory="964436f8-3361-4678-9fed-d74fd63bb229" />
    <UnitTestResult executionId="e39d4665-0934-4853-9da2-a0b67fc497dc" testId="6556c299-6bb4-5ec5-984e-fa52257e87b6" testName="ContactService.Tests.Services.CorrelationContextTests.SetCorrelationId_WhenHttpContextIsNull_ShouldNotThrowException" computerName="base" duration="00:00:00.0007413" startTime="2025-08-09T20:56:27.1285470+03:00" endTime="2025-08-09T20:56:27.1296250+03:00" testType="13cdc9d9-ddb5-4fa4-a97d-d965ccfc6d4b" outcome="Passed" testListId="8c84fa94-04c1-424b-9868-57a2d4851a1d" relativeResultsDirectory="e39d4665-0934-4853-9da2-a0b67fc497dc" />
    <UnitTestResult executionId="c6d9486a-e3d6-41d8-9571-7a1c8b8baf44" testId="2f39f84b-2495-025d-4dce-7e9dda04c9a0" testName="ContactService.Tests.Repositories.ContactHistoryRepositoryTests.CreateAsync_WithNullHistory_ShouldThrowArgumentNullException" computerName="base" duration="00:00:00.0003533" startTime="2025-08-09T20:56:27.4834290+03:00" endTime="2025-08-09T20:56:27.4837680+03:00" testType="13cdc9d9-ddb5-4fa4-a97d-d965ccfc6d4b" outcome="Passed" testListId="8c84fa94-04c1-424b-9868-57a2d4851a1d" relativeResultsDirectory="c6d9486a-e3d6-41d8-9571-7a1c8b8baf44" />
    <UnitTestResult executionId="4b228163-3659-49e8-9d45-2019cf9fcc81" testId="8bbb19ee-ca07-eb9d-20fe-3a2629042ba7" testName="ContactService.Tests.Repositories.ContactHistoryRepositoryTests.GetAllAsync_WithInvalidParameters_ShouldThrowArgumentException(skip: 0, take: 1001)" computerName="base" duration="00:00:00.0001195" startTime="2025-08-09T20:56:27.4913660+03:00" endTime="2025-08-09T20:56:27.4914350+03:00" testType="13cdc9d9-ddb5-4fa4-a97d-d965ccfc6d4b" outcome="Passed" testListId="8c84fa94-04c1-424b-9868-57a2d4851a1d" relativeResultsDirectory="4b228163-3659-49e8-9d45-2019cf9fcc81" />
    <UnitTestResult executionId="ea6b64f5-a514-4de8-9fe3-64b867c45a56" testId="ba2d4a45-cead-340a-a63e-a43a127065b8" testName="ContactService.Tests.Validations.CreateContactCommandValidatorTests.Validate_ContactInfosIsNull_ShouldFailValidation" computerName="base" duration="00:00:00.0003405" startTime="2025-08-09T20:56:27.0954910+03:00" endTime="2025-08-09T20:56:27.0955390+03:00" testType="13cdc9d9-ddb5-4fa4-a97d-d965ccfc6d4b" outcome="Passed" testListId="8c84fa94-04c1-424b-9868-57a2d4851a1d" relativeResultsDirectory="ea6b64f5-a514-4de8-9fe3-64b867c45a56" />
    <UnitTestResult executionId="6815d5d8-5a53-4e28-bbe2-8858a883a5e2" testId="41696c85-620d-5558-7d38-3aa3e33be99c" testName="ContactService.Tests.Services.ContactServiceApplicationTests.UpdateContactAsync_ValidInput_ReturnsContact" computerName="base" duration="00:00:00.0023528" startTime="2025-08-09T20:56:27.1625970+03:00" endTime="2025-08-09T20:56:27.1647770+03:00" testType="13cdc9d9-ddb5-4fa4-a97d-d965ccfc6d4b" outcome="Passed" testListId="8c84fa94-04c1-424b-9868-57a2d4851a1d" relativeResultsDirectory="6815d5d8-5a53-4e28-bbe2-8858a883a5e2" />
    <UnitTestResult executionId="753b58b0-1940-4315-9cd1-3b6a6d76c683" testId="1bd7f86d-2011-8cdd-1461-8bc55c96d5ec" testName="ContactService.Tests.Domain.Entities.OutboxEventTests.Constructor_WithInvalidCorrelationId_ShouldThrowException(correlationId: &quot;&quot;)" computerName="base" duration="00:00:00.0302138" startTime="2025-08-09T20:56:27.0627200+03:00" endTime="2025-08-09T20:56:27.0853760+03:00" testType="13cdc9d9-ddb5-4fa4-a97d-d965ccfc6d4b" outcome="Passed" testListId="8c84fa94-04c1-424b-9868-57a2d4851a1d" relativeResultsDirectory="753b58b0-1940-4315-9cd1-3b6a6d76c683" />
    <UnitTestResult executionId="6f61057b-e55a-4781-aaff-194cb59e4704" testId="7a45942a-3b30-94eb-c36a-c8382837d4e3" testName="ContactService.Tests.Services.ContactServiceMainTestsFixed.AddContactInfoAsync_WhenContactExists_ShouldAddInfoAndAddToHistory" computerName="base" duration="00:00:00.0069502" startTime="2025-08-09T20:56:27.1377480+03:00" endTime="2025-08-09T20:56:27.1447570+03:00" testType="13cdc9d9-ddb5-4fa4-a97d-d965ccfc6d4b" outcome="Passed" testListId="8c84fa94-04c1-424b-9868-57a2d4851a1d" relativeResultsDirectory="6f61057b-e55a-4781-aaff-194cb59e4704" />
    <UnitTestResult executionId="ca729956-bd7e-41ec-96f1-24edfe7da96f" testId="9f54d93d-6f81-7c29-de08-ba4fb3579541" testName="ContactService.Tests.Services.CachedContactServiceTests.GetLocationStatistics_WhenNotCached_ShouldFetchAndCache" computerName="base" duration="00:00:00.0037146" startTime="2025-08-09T20:56:27.1448700+03:00" endTime="2025-08-09T20:56:27.1484310+03:00" testType="13cdc9d9-ddb5-4fa4-a97d-d965ccfc6d4b" outcome="Passed" testListId="8c84fa94-04c1-424b-9868-57a2d4851a1d" relativeResultsDirectory="ca729956-bd7e-41ec-96f1-24edfe7da96f" />
    <UnitTestResult executionId="584950a5-e5e3-4353-b80b-83c60546018b" testId="8dd9aa31-5523-1047-66ae-9f4c2c842812" testName="ContactService.Tests.Workers.OutboxProcessorWorkerTests.ExecuteAsync_ShouldContinueProcessing_AfterTransientError" computerName="base" duration="00:00:00.2036587" startTime="2025-08-09T20:56:27.8847300+03:00" endTime="2025-08-09T20:56:28.0888290+03:00" testType="13cdc9d9-ddb5-4fa4-a97d-d965ccfc6d4b" outcome="Passed" testListId="8c84fa94-04c1-424b-9868-57a2d4851a1d" relativeResultsDirectory="584950a5-e5e3-4353-b80b-83c60546018b" />
    <UnitTestResult executionId="9b74be6b-495e-4814-a53c-4d478dd8c318" testId="378e7944-3867-d4cf-b982-003f9b831267" testName="ContactService.Tests.Services.ContactServiceUpdateTests.UpdateContactAsync_WithEmptyId_ShouldThrowArgumentException" computerName="base" duration="00:00:00.0037802" startTime="2025-08-09T20:56:27.1360250+03:00" endTime="2025-08-09T20:56:27.1401510+03:00" testType="13cdc9d9-ddb5-4fa4-a97d-d965ccfc6d4b" outcome="Passed" testListId="8c84fa94-04c1-424b-9868-57a2d4851a1d" relativeResultsDirectory="9b74be6b-495e-4814-a53c-4d478dd8c318" />
    <UnitTestResult executionId="0866ac57-09e0-48dd-ae9f-fa648c502b0b" testId="6c2a16b2-1252-58f8-af52-cc93a97e6fec" testName="ContactService.Tests.Repositories.MongoAuditLogRepositoryTests.CreateManyAsync_WithEmptyList_ShouldNotCallInsertMany" computerName="base" duration="00:00:00.0004427" startTime="2025-08-09T20:56:27.2484970+03:00" endTime="2025-08-09T20:56:27.2488750+03:00" testType="13cdc9d9-ddb5-4fa4-a97d-d965ccfc6d4b" outcome="Passed" testListId="8c84fa94-04c1-424b-9868-57a2d4851a1d" relativeResultsDirectory="0866ac57-09e0-48dd-ae9f-fa648c502b0b" />
    <UnitTestResult executionId="d0b11346-c0bf-4def-9aa7-54a1439449c5" testId="124dfbbf-60d5-a8a0-9a58-0ae196323d97" testName="ContactService.Tests.Domain.Entities.OutboxEventTests.MarkAsFailed_WithInvalidErrorMessage_ShouldThrowException(errorMessage: &quot;&quot;)" computerName="base" duration="00:00:00.0001767" startTime="2025-08-09T20:56:27.1166050+03:00" endTime="2025-08-09T20:56:27.1166320+03:00" testType="13cdc9d9-ddb5-4fa4-a97d-d965ccfc6d4b" outcome="Passed" testListId="8c84fa94-04c1-424b-9868-57a2d4851a1d" relativeResultsDirectory="d0b11346-c0bf-4def-9aa7-54a1439449c5" />
    <UnitTestResult executionId="d3a811c8-fd67-4dd7-93bd-8a3a9a34f3b4" testId="09bb61ca-6eab-451b-c307-4216d15f8054" testName="ContactService.Tests.Domain.Entities.ContactHistoryTests.Constructor_WithInvalidCorrelationId_ShouldThrowException(correlationId: &quot;&quot;)" computerName="base" duration="00:00:00.0000913" startTime="2025-08-09T20:56:27.1128970+03:00" endTime="2025-08-09T20:56:27.1129380+03:00" testType="13cdc9d9-ddb5-4fa4-a97d-d965ccfc6d4b" outcome="Passed" testListId="8c84fa94-04c1-424b-9868-57a2d4851a1d" relativeResultsDirectory="d3a811c8-fd67-4dd7-93bd-8a3a9a34f3b4" />
    <UnitTestResult executionId="dc289e35-d2d8-44ce-88a4-961b35403659" testId="e687c0c9-e8f5-210d-6629-c1db0675e79a" testName="ContactService.Tests.Services.ContactServiceMainTestsFixed.CreateContactAsync_ShouldCreateContact_WhenValidDataProvided" computerName="base" duration="00:00:00.0045735" startTime="2025-08-09T20:56:27.1332080+03:00" endTime="2025-08-09T20:56:27.1374010+03:00" testType="13cdc9d9-ddb5-4fa4-a97d-d965ccfc6d4b" outcome="Passed" testListId="8c84fa94-04c1-424b-9868-57a2d4851a1d" relativeResultsDirectory="dc289e35-d2d8-44ce-88a4-961b35403659" />
    <UnitTestResult executionId="ffc89cf3-f86f-4eec-8a08-f2c994f76fec" testId="311793d3-f7e8-8c9b-e613-9ac05d180ba7" testName="ContactService.Tests.Domain.Entities.OutboxEventTests.Constructor_WithInvalidEventType_ShouldThrowException(eventType: &quot;  &quot;)" computerName="base" duration="00:00:00.0001535" startTime="2025-08-09T20:56:27.1139770+03:00" endTime="2025-08-09T20:56:27.1139940+03:00" testType="13cdc9d9-ddb5-4fa4-a97d-d965ccfc6d4b" outcome="Passed" testListId="8c84fa94-04c1-424b-9868-57a2d4851a1d" relativeResultsDirectory="ffc89cf3-f86f-4eec-8a08-f2c994f76fec" />
    <UnitTestResult executionId="0ada4b85-89dd-4894-aadd-552d94f01cd9" testId="6f6162e6-6deb-eccb-af06-43aec8dc0bbb" testName="ContactService.Tests.Repositories.ContactHistoryRepositoryTests.GetCountByContactIdAsync_ShouldReturnContactHistoryCount" computerName="base" duration="00:00:00.0018706" startTime="2025-08-09T20:56:27.4815820+03:00" endTime="2025-08-09T20:56:27.4833780+03:00" testType="13cdc9d9-ddb5-4fa4-a97d-d965ccfc6d4b" outcome="Passed" testListId="8c84fa94-04c1-424b-9868-57a2d4851a1d" relativeResultsDirectory="0ada4b85-89dd-4894-aadd-552d94f01cd9" />
    <UnitTestResult executionId="65d414a3-c6e2-4eb9-9d83-35137b284e6c" testId="2ce7e47b-5f88-58f7-16ae-2cbc06265a3a" testName="ContactService.Tests.Domain.Entities.ContactInfoTests.UpdateContent_Should_Update_Content_Property" computerName="base" duration="00:00:00.0001190" startTime="2025-08-09T20:56:27.0842830+03:00" endTime="2025-08-09T20:56:27.0843010+03:00" testType="13cdc9d9-ddb5-4fa4-a97d-d965ccfc6d4b" outcome="Passed" testListId="8c84fa94-04c1-424b-9868-57a2d4851a1d" relativeResultsDirectory="65d414a3-c6e2-4eb9-9d83-35137b284e6c" />
    <UnitTestResult executionId="dd69f826-4422-4fe5-9300-b055f5670ff4" testId="882bd43e-ef74-332e-63af-36d115c7c2a9" testName="ContactService.Tests.Repositories.MongoAuditLogRepositoryTests.GetByTimeRangeAsync_ShouldReturnLogsInRange" computerName="base" duration="00:00:00.0008386" startTime="2025-08-09T20:56:27.2500380+03:00" endTime="2025-08-09T20:56:27.2508250+03:00" testType="13cdc9d9-ddb5-4fa4-a97d-d965ccfc6d4b" outcome="Passed" testListId="8c84fa94-04c1-424b-9868-57a2d4851a1d" relativeResultsDirectory="dd69f826-4422-4fe5-9300-b055f5670ff4" />
    <UnitTestResult executionId="dc362549-f9eb-4f6a-b81e-293e48327489" testId="fdea8046-f0e6-7536-6833-67c3c9d76e1a" testName="ContactService.Tests.Repositories.ContactHistoryRepositoryTests.DeleteOldHistoryRecordsAsync_ShouldRemoveOldRecords" computerName="base" duration="00:00:00.0035766" startTime="2025-08-09T20:56:27.4915410+03:00" endTime="2025-08-09T20:56:27.4950880+03:00" testType="13cdc9d9-ddb5-4fa4-a97d-d965ccfc6d4b" outcome="Passed" testListId="8c84fa94-04c1-424b-9868-57a2d4851a1d" relativeResultsDirectory="dc362549-f9eb-4f6a-b81e-293e48327489" />
    <UnitTestResult executionId="1b5fb7c6-4cf0-473f-97a5-d134db66aa67" testId="94a0978f-a353-00a7-6ac3-ef47fec046c6" testName="ContactService.Tests.Domain.Entities.ContactHistoryTests.GetAdditionalMetadata_WithNoMetadata_ShouldReturnNull" computerName="base" duration="00:00:00.0006951" startTime="2025-08-09T20:56:27.1251600+03:00" endTime="2025-08-09T20:56:27.1258520+03:00" testType="13cdc9d9-ddb5-4fa4-a97d-d965ccfc6d4b" outcome="Passed" testListId="8c84fa94-04c1-424b-9868-57a2d4851a1d" relativeResultsDirectory="1b5fb7c6-4cf0-473f-97a5-d134db66aa67" />
    <UnitTestResult executionId="4f6d9028-8e80-4a62-b6a8-d7c662b92c01" testId="705ad452-2760-dcf0-0f70-9fdb584cbe46" testName="ContactService.Tests.Domain.Entities.ContactTests.Contact_Creation_Should_Throw_Exception_When_Invalid_Name(firstName: &quot;John&quot;, lastName: &quot;&quot;, company: &quot;ACME&quot;)" computerName="base" duration="00:00:00.0000946" startTime="2025-08-09T20:56:27.1265380+03:00" endTime="2025-08-09T20:56:27.1265620+03:00" testType="13cdc9d9-ddb5-4fa4-a97d-d965ccfc6d4b" outcome="Passed" testListId="8c84fa94-04c1-424b-9868-57a2d4851a1d" relativeResultsDirectory="4f6d9028-8e80-4a62-b6a8-d7c662b92c01" />
    <UnitTestResult executionId="805d4785-9518-4729-9a16-0c9519a6d3e1" testId="6b9bfd0c-67c8-c0c3-9649-9c290a5b6a5a" testName="ContactService.Tests.Repositories.ContactHistoryRepositoryTests.GetContactHistoryForReplayAsync_ShouldReturnOrderedHistory" computerName="base" duration="00:00:00.0036996" startTime="2025-08-09T20:56:27.4872920+03:00" endTime="2025-08-09T20:56:27.4909400+03:00" testType="13cdc9d9-ddb5-4fa4-a97d-d965ccfc6d4b" outcome="Passed" testListId="8c84fa94-04c1-424b-9868-57a2d4851a1d" relativeResultsDirectory="805d4785-9518-4729-9a16-0c9519a6d3e1" />
    <UnitTestResult executionId="e419886f-00d2-4407-b442-604f5d19e578" testId="1eb9a523-76fe-3efa-4d0c-3f8d59bfe591" testName="ContactService.Tests.Controllers.ContactsControllerTests.GetContactsByLocation_WhenSuccessful_ReturnsOkResult" computerName="base" duration="00:00:00.0015100" startTime="2025-08-09T20:56:27.1668120+03:00" endTime="2025-08-09T20:56:27.1679920+03:00" testType="13cdc9d9-ddb5-4fa4-a97d-d965ccfc6d4b" outcome="Passed" testListId="8c84fa94-04c1-424b-9868-57a2d4851a1d" relativeResultsDirectory="e419886f-00d2-4407-b442-604f5d19e578" />
    <UnitTestResult executionId="d5df6341-03c5-46f4-913f-bb32454ecf3a" testId="880cee52-ae38-bddf-dc0a-6e3ba26ffaf3" testName="ContactService.Tests.Repositories.OutboxRepositoryTests.GetByIdAsync_WhenEventExists_ShouldReturnEvent" computerName="base" duration="00:00:00.0169831" startTime="2025-08-09T20:56:27.4166980+03:00" endTime="2025-08-09T20:56:27.4336660+03:00" testType="13cdc9d9-ddb5-4fa4-a97d-d965ccfc6d4b" outcome="Passed" testListId="8c84fa94-04c1-424b-9868-57a2d4851a1d" relativeResultsDirectory="d5df6341-03c5-46f4-913f-bb32454ecf3a" />
    <UnitTestResult executionId="a8c93645-1b37-48f7-8e48-474a5a932dfd" testId="405f40d7-9561-3309-8bfa-837cee093906" testName="ContactService.Tests.Repositories.InterfaceAuditLogRepositoryTests.SearchAsync_ShouldReturnFilteredResults" computerName="base" duration="00:00:00.0031186" startTime="2025-08-09T20:56:27.1622750+03:00" endTime="2025-08-09T20:56:27.1650500+03:00" testType="13cdc9d9-ddb5-4fa4-a97d-d965ccfc6d4b" outcome="Passed" testListId="8c84fa94-04c1-424b-9868-57a2d4851a1d" relativeResultsDirectory="a8c93645-1b37-48f7-8e48-474a5a932dfd" />
    <UnitTestResult executionId="e56110a2-cfd7-4335-afc7-aaadf75faab2" testId="25a08685-8a9a-a9d7-81fd-c697cf0c6d7b" testName="ContactService.Tests.Repositories.MongoAuditLogRepositoryTests.GetTotalCountAsync_ShouldReturnCount" computerName="base" duration="00:00:00.0979972" startTime="2025-08-09T20:56:27.1262130+03:00" endTime="2025-08-09T20:56:27.2238470+03:00" testType="13cdc9d9-ddb5-4fa4-a97d-d965ccfc6d4b" outcome="Passed" testListId="8c84fa94-04c1-424b-9868-57a2d4851a1d" relativeResultsDirectory="e56110a2-cfd7-4335-afc7-aaadf75faab2" />
    <UnitTestResult executionId="06e854f1-6230-4955-b170-3fde1810e1ef" testId="35b978b9-024b-99e0-6603-6ef26ec2ebf5" testName="ContactService.Tests.Domain.Entities.ContactTests.Contact_Creation_Should_Throw_Exception_When_Invalid_Name(firstName: &quot;&quot;, lastName: &quot;Doe&quot;, company: &quot;ACME&quot;)" computerName="base" duration="00:00:00.0004718" startTime="2025-08-09T20:56:27.1258200+03:00" endTime="2025-08-09T20:56:27.1262290+03:00" testType="13cdc9d9-ddb5-4fa4-a97d-d965ccfc6d4b" outcome="Passed" testListId="8c84fa94-04c1-424b-9868-57a2d4851a1d" relativeResultsDirectory="06e854f1-6230-4955-b170-3fde1810e1ef" />
    <UnitTestResult executionId="f7687891-a625-4ed9-b95e-97e6bf0bd76a" testId="a8dd3c80-baec-5569-e032-562c61405c66" testName="ContactService.Tests.Repositories.OutboxRepositoryTests.DeleteProcessedEventsAsync_ShouldRemoveOldProcessedEvents" computerName="base" duration="00:00:00.0106093" startTime="2025-08-09T20:56:27.4538120+03:00" endTime="2025-08-09T20:56:27.4636740+03:00" testType="13cdc9d9-ddb5-4fa4-a97d-d965ccfc6d4b" outcome="Passed" testListId="8c84fa94-04c1-424b-9868-57a2d4851a1d" relativeResultsDirectory="f7687891-a625-4ed9-b95e-97e6bf0bd76a" />
    <UnitTestResult executionId="f35ae7e0-6816-44be-8743-16d2c91f41ea" testId="bd3e40f0-2d41-25d9-3b21-b0039a5c4363" testName="ContactService.Tests.Repositories.AuditLogRepositoryStatisticsTests.GetStatisticsAsync_WithNullParameters_ShouldReturnAllStatistics" computerName="base" duration="00:00:00.0011355" startTime="2025-08-09T20:56:27.1360910+03:00" endTime="2025-08-09T20:56:27.1372340+03:00" testType="13cdc9d9-ddb5-4fa4-a97d-d965ccfc6d4b" outcome="Passed" testListId="8c84fa94-04c1-424b-9868-57a2d4851a1d" relativeResultsDirectory="f35ae7e0-6816-44be-8743-16d2c91f41ea" />
    <UnitTestResult executionId="86ca9cbe-b864-411d-83b9-d961ade091c0" testId="efa0793d-9ed9-d671-3dc7-bab3d6d8e171" testName="ContactService.Tests.Services.ContactServiceApplicationTests.CreateContactAsync_ValidInput_ReturnsContact" computerName="base" duration="00:00:00.0075758" startTime="2025-08-09T20:56:27.1606260+03:00" endTime="2025-08-09T20:56:27.1624540+03:00" testType="13cdc9d9-ddb5-4fa4-a97d-d965ccfc6d4b" outcome="Passed" testListId="8c84fa94-04c1-424b-9868-57a2d4851a1d" relativeResultsDirectory="86ca9cbe-b864-411d-83b9-d961ade091c0" />
    <UnitTestResult executionId="80c8b769-e8b8-4606-99e5-3153f8849bf0" testId="40bb4622-eba1-e17f-37e8-b068c30759c6" testName="ContactService.Tests.Domain.Entities.ContactInfoTests.ContactInfo_Creation_With_Email_Should_Validate_Format" computerName="base" duration="00:00:00.0009877" startTime="2025-08-09T20:56:27.0840930+03:00" endTime="2025-08-09T20:56:27.0841120+03:00" testType="13cdc9d9-ddb5-4fa4-a97d-d965ccfc6d4b" outcome="Passed" testListId="8c84fa94-04c1-424b-9868-57a2d4851a1d" relativeResultsDirectory="80c8b769-e8b8-4606-99e5-3153f8849bf0" />
    <UnitTestResult executionId="46204e8d-17a9-4319-97fe-f23a4ea192c0" testId="845261f0-e98d-a9b8-413e-9d417cff7f7d" testName="ContactService.Tests.Repositories.AuditLogRepositoryStatisticsTests.GetActionStatisticsAsync_ShouldReturnActionCounts" computerName="base" duration="00:00:00.0051721" startTime="2025-08-09T20:56:27.1309930+03:00" endTime="2025-08-09T20:56:27.1360400+03:00" testType="13cdc9d9-ddb5-4fa4-a97d-d965ccfc6d4b" outcome="Passed" testListId="8c84fa94-04c1-424b-9868-57a2d4851a1d" relativeResultsDirectory="46204e8d-17a9-4319-97fe-f23a4ea192c0" />
    <UnitTestResult executionId="047f96d7-a056-47b7-9ddf-4fab7a10df95" testId="e1bf3b06-3488-230c-60a5-00c13d075199" testName="ContactService.Tests.Services.ContactServiceMainTests.AddContactInfoAsync_WhenContactExists_ShouldAddInfoAndAddToHistory" computerName="base" duration="00:00:00.0021529" startTime="2025-08-09T20:56:27.1471530+03:00" endTime="2025-08-09T20:56:27.1488200+03:00" testType="13cdc9d9-ddb5-4fa4-a97d-d965ccfc6d4b" outcome="Passed" testListId="8c84fa94-04c1-424b-9868-57a2d4851a1d" relativeResultsDirectory="047f96d7-a056-47b7-9ddf-4fab7a10df95" />
    <UnitTestResult executionId="eb9ce67b-b217-4c23-a3ee-5e1f45e6b340" testId="44514b6a-1308-8b4b-e1cb-35d868791017" testName="ContactService.Tests.Services.ContactServiceApplicationTests.AddContactInfoAsync_ValidInput_ReturnsContact" computerName="base" duration="00:00:00.0020569" startTime="2025-08-09T20:56:27.1472210+03:00" endTime="2025-08-09T20:56:27.1490620+03:00" testType="13cdc9d9-ddb5-4fa4-a97d-d965ccfc6d4b" outcome="Passed" testListId="8c84fa94-04c1-424b-9868-57a2d4851a1d" relativeResultsDirectory="eb9ce67b-b217-4c23-a3ee-5e1f45e6b340" />
    <UnitTestResult executionId="024d28e5-273c-47d8-852e-cc81b66e3580" testId="adfe9ae1-21b5-2360-a4e2-5db85a5d0ff1" testName="ContactService.Tests.Validations.CreateContactCommandValidatorTests.Validate_CompanyExceedsMaxLength_ShouldFailValidation" computerName="base" duration="00:00:00.0002424" startTime="2025-08-09T20:56:27.0956600+03:00" endTime="2025-08-09T20:56:27.0956850+03:00" testType="13cdc9d9-ddb5-4fa4-a97d-d965ccfc6d4b" outcome="Passed" testListId="8c84fa94-04c1-424b-9868-57a2d4851a1d" relativeResultsDirectory="024d28e5-273c-47d8-852e-cc81b66e3580" />
    <UnitTestResult executionId="f99b0236-a80b-4f65-bc3b-39695acb8eec" testId="32bb918f-a512-0e37-2e1b-c7fbebc2fb93" testName="ContactService.Tests.Repositories.OutboxRepositoryTests.CreateAsync_ShouldAddEventToDatabase" computerName="base" duration="00:00:00.0010655" startTime="2025-08-09T20:56:27.4523460+03:00" endTime="2025-08-09T20:56:27.4536000+03:00" testType="13cdc9d9-ddb5-4fa4-a97d-d965ccfc6d4b" outcome="Passed" testListId="8c84fa94-04c1-424b-9868-57a2d4851a1d" relativeResultsDirectory="f99b0236-a80b-4f65-bc3b-39695acb8eec" />
    <UnitTestResult executionId="510c48c9-a125-4446-94af-cc370608b639" testId="564c5037-65a1-7599-1569-b6c4c9625451" testName="ContactService.Tests.Domain.Entities.ContactInfoTests.ContactInfo_Creation_Should_Set_Properties_Correctly" computerName="base" duration="00:00:00.0036857" startTime="2025-08-09T20:56:27.0841590+03:00" endTime="2025-08-09T20:56:27.0841790+03:00" testType="13cdc9d9-ddb5-4fa4-a97d-d965ccfc6d4b" outcome="Passed" testListId="8c84fa94-04c1-424b-9868-57a2d4851a1d" relativeResultsDirectory="510c48c9-a125-4446-94af-cc370608b639" />
    <UnitTestResult executionId="e53e3aa5-5407-4641-9859-c1b7d0a85b26" testId="43583dd2-2dd4-3fe1-0a2b-7e3030c5eb05" testName="ContactService.Tests.Domain.Entities.OutboxEventTests.Constructor_WithInvalidEventType_ShouldThrowException(eventType: &quot;&quot;)" computerName="base" duration="00:00:00.0002142" startTime="2025-08-09T20:56:27.1140240+03:00" endTime="2025-08-09T20:56:27.1146050+03:00" testType="13cdc9d9-ddb5-4fa4-a97d-d965ccfc6d4b" outcome="Passed" testListId="8c84fa94-04c1-424b-9868-57a2d4851a1d" relativeResultsDirectory="e53e3aa5-5407-4641-9859-c1b7d0a85b26" />
    <UnitTestResult executionId="88b12366-e33b-4b4e-861a-63b297e540e6" testId="017cda00-1514-bb6b-56c2-7c9dae700c26" testName="ContactService.Tests.Services.CorrelationContextTests.CorrelationId_WhenHttpContextIsNull_ShouldReturnNull" computerName="base" duration="00:00:00.0738186" startTime="2025-08-09T20:56:27.0627740+03:00" endTime="2025-08-09T20:56:27.1246970+03:00" testType="13cdc9d9-ddb5-4fa4-a97d-d965ccfc6d4b" outcome="Passed" testListId="8c84fa94-04c1-424b-9868-57a2d4851a1d" relativeResultsDirectory="88b12366-e33b-4b4e-861a-63b297e540e6" />
    <UnitTestResult executionId="073bd36d-e877-4a15-a216-729bb21ce38b" testId="2c1f28ba-764d-3fa9-5475-82b081f91c8e" testName="ContactService.Tests.Services.OutboxServiceTests.ProcessPendingEventsAsync_ShouldUseCorrectTopicForEventType(eventType: &quot;ContactUpdated&quot;, expectedTopic: &quot;contact-events&quot;)" computerName="base" duration="00:00:00.0005798" startTime="2025-08-09T20:56:27.1755780+03:00" endTime="2025-08-09T20:56:27.1761790+03:00" testType="13cdc9d9-ddb5-4fa4-a97d-d965ccfc6d4b" outcome="Passed" testListId="8c84fa94-04c1-424b-9868-57a2d4851a1d" relativeResultsDirectory="073bd36d-e877-4a15-a216-729bb21ce38b" />
    <UnitTestResult executionId="8a4b585a-02a7-41a2-9a80-292ba2c512d9" testId="f49e4b42-bf40-f395-8b13-c39186c2e908" testName="ContactService.Tests.Repositories.ContactHistoryRepositoryTests.GetCountAsync_ShouldReturnTotalCount" computerName="base" duration="00:00:00.0016935" startTime="2025-08-09T20:56:27.4727150+03:00" endTime="2025-08-09T20:56:27.4743570+03:00" testType="13cdc9d9-ddb5-4fa4-a97d-d965ccfc6d4b" outcome="Passed" testListId="8c84fa94-04c1-424b-9868-57a2d4851a1d" relativeResultsDirectory="8a4b585a-02a7-41a2-9a80-292ba2c512d9" />
    <UnitTestResult executionId="d4132092-75cd-42a2-9e56-9c55df604bb0" testId="79623cd3-c664-41f0-a8fd-1c4b3f193f01" testName="ContactService.Tests.Domain.Entities.OutboxEventTests.MarkAsFailed_WithValidErrorMessage_ShouldUpdateStatus" computerName="base" duration="00:00:00.0012875" startTime="2025-08-09T20:56:27.1149790+03:00" endTime="2025-08-09T20:56:27.1155830+03:00" testType="13cdc9d9-ddb5-4fa4-a97d-d965ccfc6d4b" outcome="Passed" testListId="8c84fa94-04c1-424b-9868-57a2d4851a1d" relativeResultsDirectory="d4132092-75cd-42a2-9e56-9c55df604bb0" />
    <UnitTestResult executionId="258170d2-8be0-4d5b-bd01-c23c283a9689" testId="d27f4976-40ef-61ce-b0e6-f39fa4846412" testName="ContactService.Tests.Domain.Entities.OutboxEventTests.GetEventData_WithValidData_ShouldDeserializeCorrectly" computerName="base" duration="00:00:00.0043277" startTime="2025-08-09T20:56:27.1080370+03:00" endTime="2025-08-09T20:56:27.1113190+03:00" testType="13cdc9d9-ddb5-4fa4-a97d-d965ccfc6d4b" outcome="Passed" testListId="8c84fa94-04c1-424b-9868-57a2d4851a1d" relativeResultsDirectory="258170d2-8be0-4d5b-bd01-c23c283a9689" />
    <UnitTestResult executionId="1dc33bb9-3809-4398-96e1-623274ebf112" testId="1630cac1-9a36-d9df-ff83-a1d786b9f5c8" testName="ContactService.Tests.Domain.Entities.OutboxEventTests.Constructor_WithInvalidCorrelationId_ShouldThrowException(correlationId: null)" computerName="base" duration="00:00:00.0000996" startTime="2025-08-09T20:56:27.0859560+03:00" endTime="2025-08-09T20:56:27.0859740+03:00" testType="13cdc9d9-ddb5-4fa4-a97d-d965ccfc6d4b" outcome="Passed" testListId="8c84fa94-04c1-424b-9868-57a2d4851a1d" relativeResultsDirectory="1dc33bb9-3809-4398-96e1-623274ebf112" />
    <UnitTestResult executionId="d36abaab-f406-4261-9bb8-a426d38c67c0" testId="2c35d8c2-aa6c-6a0f-c68a-9c31adb9047c" testName="ContactService.Tests.Domain.Entities.ContactTests.RemoveContactInfo_Should_Remove_Info_From_Collection" computerName="base" duration="00:00:00.0005695" startTime="2025-08-09T20:56:27.1298070+03:00" endTime="2025-08-09T20:56:27.1300760+03:00" testType="13cdc9d9-ddb5-4fa4-a97d-d965ccfc6d4b" outcome="Passed" testListId="8c84fa94-04c1-424b-9868-57a2d4851a1d" relativeResultsDirectory="d36abaab-f406-4261-9bb8-a426d38c67c0" />
    <UnitTestResult executionId="639cba54-aa54-47e2-b56d-9e9b6bd04b0c" testId="8a8c0ac8-1c2d-5bee-edd5-1dbde8ff21d5" testName="ContactService.Tests.Services.ContactServiceDeleteTests.DeleteContactAsync_WithEmptyId_ShouldThrowArgumentException" computerName="base" duration="00:00:00.0050442" startTime="2025-08-09T20:56:27.1348860+03:00" endTime="2025-08-09T20:56:27.1403060+03:00" testType="13cdc9d9-ddb5-4fa4-a97d-d965ccfc6d4b" outcome="Passed" testListId="8c84fa94-04c1-424b-9868-57a2d4851a1d" relativeResultsDirectory="639cba54-aa54-47e2-b56d-9e9b6bd04b0c" />
    <UnitTestResult executionId="d61aebb5-1c5a-46d7-9e52-cb4ada53c0ae" testId="117ab19a-c872-02e8-c978-f08027b9b116" testName="ContactService.Tests.Domain.Entities.ContactTests.FullName_WhenBothNamesProvided_ShouldReturnCombinedName" computerName="base" duration="00:00:00.0002916" startTime="2025-08-09T20:56:27.1275140+03:00" endTime="2025-08-09T20:56:27.1278750+03:00" testType="13cdc9d9-ddb5-4fa4-a97d-d965ccfc6d4b" outcome="Passed" testListId="8c84fa94-04c1-424b-9868-57a2d4851a1d" relativeResultsDirectory="d61aebb5-1c5a-46d7-9e52-cb4ada53c0ae" />
    <UnitTestResult executionId="c0e84d2a-85f9-4f29-bc49-c1cbc4e53ea0" testId="126d153f-a9a1-6b93-76d7-868255d66020" testName="ContactService.Tests.Domain.Entities.ContactInfoTests.ContactInfo_Creation_Should_Throw_Exception_When_Invalid_Content(infoType: PhoneNumber, content: &quot;invalid&quot;)" computerName="base" duration="00:00:00.0002348" startTime="2025-08-09T20:56:27.0840200+03:00" endTime="2025-08-09T20:56:27.0840400+03:00" testType="13cdc9d9-ddb5-4fa4-a97d-d965ccfc6d4b" outcome="Passed" testListId="8c84fa94-04c1-424b-9868-57a2d4851a1d" relativeResultsDirectory="c0e84d2a-85f9-4f29-bc49-c1cbc4e53ea0" />
    <UnitTestResult executionId="eb198528-4321-4757-9965-de7fbe2014ab" testId="ed5694a6-cc64-5c3d-0900-c35c7fd9e260" testName="ContactService.Tests.Domain.Entities.OutboxEventTests.Constructor_WithNullEventData_ShouldThrowException" computerName="base" duration="00:00:00.0022227" startTime="2025-08-09T20:56:27.1113740+03:00" endTime="2025-08-09T20:56:27.1138310+03:00" testType="13cdc9d9-ddb5-4fa4-a97d-d965ccfc6d4b" outcome="Passed" testListId="8c84fa94-04c1-424b-9868-57a2d4851a1d" relativeResultsDirectory="eb198528-4321-4757-9965-de7fbe2014ab" />
    <UnitTestResult executionId="2cc84204-d850-4a57-8656-3efc60f47be0" testId="323343c7-d97f-2cf2-2c61-7e17a26b31d4" testName="ContactService.Tests.Services.ContactServiceTestsFixed.AddContactInfoAsync_WithValidData_ShouldAddContactInfo" computerName="base" duration="00:00:00.0012177" startTime="2025-08-09T20:56:27.1717600+03:00" endTime="2025-08-09T20:56:27.1728390+03:00" testType="13cdc9d9-ddb5-4fa4-a97d-d965ccfc6d4b" outcome="Passed" testListId="8c84fa94-04c1-424b-9868-57a2d4851a1d" relativeResultsDirectory="2cc84204-d850-4a57-8656-3efc60f47be0" />
    <UnitTestResult executionId="af364f03-f671-4773-97f3-99a65807ec8c" testId="8e6d5007-84ed-f7e6-5c4b-54b89e1de5cb" testName="ContactService.Tests.Repositories.ContactHistoryRepositoryTests.ExistsAsync_WhenHistoryExists_ShouldReturnTrue" computerName="base" duration="00:00:00.0040520" startTime="2025-08-09T20:56:27.4337820+03:00" endTime="2025-08-09T20:56:27.4377520+03:00" testType="13cdc9d9-ddb5-4fa4-a97d-d965ccfc6d4b" outcome="Passed" testListId="8c84fa94-04c1-424b-9868-57a2d4851a1d" relativeResultsDirectory="af364f03-f671-4773-97f3-99a65807ec8c" />
    <UnitTestResult executionId="45994685-ebbf-46b6-bb1f-00dbad26f648" testId="a5c23d92-ce06-97d3-7f56-54b7ff8a7f31" testName="ContactService.Tests.Services.CachedContactServiceTests.ContactExistsAsync_WhenCached_ShouldReturnTrue" computerName="base" duration="00:00:00.0021777" startTime="2025-08-09T20:56:27.1484780+03:00" endTime="2025-08-09T20:56:27.1504230+03:00" testType="13cdc9d9-ddb5-4fa4-a97d-d965ccfc6d4b" outcome="Passed" testListId="8c84fa94-04c1-424b-9868-57a2d4851a1d" relativeResultsDirectory="45994685-ebbf-46b6-bb1f-00dbad26f648" />
    <UnitTestResult executionId="b710b210-1a03-44cb-b773-0bede0307a96" testId="199dfbde-9274-ecf1-85e2-7f1a5dbe1633" testName="ContactService.Tests.Repositories.MongoAuditLogRepositoryTests.CreateAsync_ShouldInsertAuditLog" computerName="base" duration="00:00:00.0008078" startTime="2025-08-09T20:56:27.2434210+03:00" endTime="2025-08-09T20:56:27.2442050+03:00" testType="13cdc9d9-ddb5-4fa4-a97d-d965ccfc6d4b" outcome="Passed" testListId="8c84fa94-04c1-424b-9868-57a2d4851a1d" relativeResultsDirectory="b710b210-1a03-44cb-b773-0bede0307a96" />
    <UnitTestResult executionId="7e5c0b09-f22e-49ac-91b5-bcc333503e12" testId="54f6c0a3-f2f8-514e-a682-001deeead796" testName="ContactService.Tests.Services.ContactServiceApplicationTests.GetAllContactsAsync_ReturnsPagedResult" computerName="base" duration="00:00:00.0050957" startTime="2025-08-09T20:56:27.1402920+03:00" endTime="2025-08-09T20:56:27.1449560+03:00" testType="13cdc9d9-ddb5-4fa4-a97d-d965ccfc6d4b" outcome="Passed" testListId="8c84fa94-04c1-424b-9868-57a2d4851a1d" relativeResultsDirectory="7e5c0b09-f22e-49ac-91b5-bcc333503e12" />
    <UnitTestResult executionId="b263dae3-6ac0-4f9e-acf2-ea0c6223304f" testId="7f6c4745-1d82-b649-18d4-25add4972f5a" testName="ContactService.Tests.Domain.Entities.OutboxEventTests.Constructor_WithValidParams_ShouldCreateOutboxEvent" computerName="base" duration="00:00:00.0239759" startTime="2025-08-09T20:56:27.0860210+03:00" endTime="2025-08-09T20:56:27.1065590+03:00" testType="13cdc9d9-ddb5-4fa4-a97d-d965ccfc6d4b" outcome="Passed" testListId="8c84fa94-04c1-424b-9868-57a2d4851a1d" relativeResultsDirectory="b263dae3-6ac0-4f9e-acf2-ea0c6223304f" />
    <UnitTestResult executionId="793a0ba8-dca5-49e6-8821-b96062369fbb" testId="0a12353c-6cc1-fc38-327e-7eb2020ce17a" testName="ContactService.Tests.Domain.Entities.ContactTests.Contact_Creation_Should_Throw_Exception_When_Invalid_Name(firstName: &quot; &quot;, lastName: &quot;Doe&quot;, company: &quot;ACME&quot;)" computerName="base" duration="00:00:00.0000844" startTime="2025-08-09T20:56:27.1266000+03:00" endTime="2025-08-09T20:56:27.1266180+03:00" testType="13cdc9d9-ddb5-4fa4-a97d-d965ccfc6d4b" outcome="Passed" testListId="8c84fa94-04c1-424b-9868-57a2d4851a1d" relativeResultsDirectory="793a0ba8-dca5-49e6-8821-b96062369fbb" />
    <UnitTestResult executionId="92451990-f981-4ff8-822b-be730db25e43" testId="d64ecd45-cc4f-5baf-530d-f6856122d028" testName="ContactService.Tests.Domain.Entities.ContactTests.RemoveContactInfo_Should_Throw_Exception_When_Info_Not_Found" computerName="base" duration="00:00:00.0010107" startTime="2025-08-09T20:56:27.1284720+03:00" endTime="2025-08-09T20:56:27.1297630+03:00" testType="13cdc9d9-ddb5-4fa4-a97d-d965ccfc6d4b" outcome="Passed" testListId="8c84fa94-04c1-424b-9868-57a2d4851a1d" relativeResultsDirectory="92451990-f981-4ff8-822b-be730db25e43" />
    <UnitTestResult executionId="6f6d14cf-67b8-455e-b013-16bde7b7361b" testId="30ac2a89-68f6-99bb-2ce8-7e030aa4c440" testName="ContactService.Tests.Services.ContactServiceApplicationTests.ContactExistsAsync_ReturnsBoolean" computerName="base" duration="00:00:00.0054405" startTime="2025-08-09T20:56:27.1348080+03:00" endTime="2025-08-09T20:56:27.1402370+03:00" testType="13cdc9d9-ddb5-4fa4-a97d-d965ccfc6d4b" outcome="Passed" testListId="8c84fa94-04c1-424b-9868-57a2d4851a1d" relativeResultsDirectory="6f6d14cf-67b8-455e-b013-16bde7b7361b" />
    <UnitTestResult executionId="a8e86366-65e1-44ee-a780-fd3717900604" testId="e0c0dc92-4c11-8d36-dabb-89edd3ae9421" testName="ContactService.Tests.Services.ContactServiceTestsFixed.DeleteContactAsync_WithExistingContact_ShouldDeleteContact" computerName="base" duration="00:00:00.0026509" startTime="2025-08-09T20:56:27.1689750+03:00" endTime="2025-08-09T20:56:27.1716120+03:00" testType="13cdc9d9-ddb5-4fa4-a97d-d965ccfc6d4b" outcome="Passed" testListId="8c84fa94-04c1-424b-9868-57a2d4851a1d" relativeResultsDirectory="a8e86366-65e1-44ee-a780-fd3717900604" />
    <UnitTestResult executionId="09c86b34-b43e-40e8-8c01-5624fdde4d1e" testId="3f5bb582-9511-2ba7-2a49-ea1bd623604c" testName="ContactService.Tests.Services.ContactServiceMainTests.RemoveContactInfoAsync_WhenContactAndInfoExist_ShouldRemoveInfoAndReturnTrue" computerName="base" duration="00:00:00.0785344" startTime="2025-08-09T20:56:27.0627830+03:00" endTime="2025-08-09T20:56:27.1291410+03:00" testType="13cdc9d9-ddb5-4fa4-a97d-d965ccfc6d4b" outcome="Passed" testListId="8c84fa94-04c1-424b-9868-57a2d4851a1d" relativeResultsDirectory="09c86b34-b43e-40e8-8c01-5624fdde4d1e" />
    <UnitTestResult executionId="60524708-ad1d-4a36-9ed5-2576746594d0" testId="1739ed07-beb4-b0cf-f3c7-f389770df44f" testName="ContactService.Tests.Services.CorrelationContextTests.CorrelationId_WhenInBothHeaders_ShouldPreferRequestHeader" computerName="base" duration="00:00:00.0002136" startTime="2025-08-09T20:56:27.1331090+03:00" endTime="2025-08-09T20:56:27.1331280+03:00" testType="13cdc9d9-ddb5-4fa4-a97d-d965ccfc6d4b" outcome="Passed" testListId="8c84fa94-04c1-424b-9868-57a2d4851a1d" relativeResultsDirectory="60524708-ad1d-4a36-9ed5-2576746594d0" />
    <UnitTestResult executionId="97ac0353-0821-4c20-b216-15b85dc09734" testId="c2cd70c4-e184-7086-28d9-d1ecb54689a8" testName="ContactService.Tests.Services.CachedContactServiceTests.CreateContactAsync_ShouldInvalidateCache" computerName="base" duration="00:00:00.0087398" startTime="2025-08-09T20:56:27.1534000+03:00" endTime="2025-08-09T20:56:27.1623010+03:00" testType="13cdc9d9-ddb5-4fa4-a97d-d965ccfc6d4b" outcome="Passed" testListId="8c84fa94-04c1-424b-9868-57a2d4851a1d" relativeResultsDirectory="97ac0353-0821-4c20-b216-15b85dc09734" />
    <UnitTestResult executionId="3d53ca17-8dcf-47e2-91b8-6d2a9d82ab09" testId="c3fe5172-5743-b77e-f041-7c3abe54e2e1" testName="ContactService.Tests.Services.ContactServiceUpdateTests.UpdateContactAsync_WithNonExistingContact_ShouldReturnNull" computerName="base" duration="00:00:00.0012107" startTime="2025-08-09T20:56:27.1447030+03:00" endTime="2025-08-09T20:56:27.1456570+03:00" testType="13cdc9d9-ddb5-4fa4-a97d-d965ccfc6d4b" outcome="Passed" testListId="8c84fa94-04c1-424b-9868-57a2d4851a1d" relativeResultsDirectory="3d53ca17-8dcf-47e2-91b8-6d2a9d82ab09" />
    <UnitTestResult executionId="afbce010-ee28-4650-8575-d7003813ff08" testId="971f74ca-45cd-bbdc-49ea-21ff7eee9175" testName="ContactService.Tests.Repositories.OutboxRepositoryTests.UpdateAsync_ShouldUpdateEventInDatabase" computerName="base" duration="00:00:00.0072995" startTime="2025-08-09T20:56:27.4337730+03:00" endTime="2025-08-09T20:56:27.4409970+03:00" testType="13cdc9d9-ddb5-4fa4-a97d-d965ccfc6d4b" outcome="Passed" testListId="8c84fa94-04c1-424b-9868-57a2d4851a1d" relativeResultsDirectory="afbce010-ee28-4650-8575-d7003813ff08" />
    <UnitTestResult executionId="4a0ed842-af05-470d-9630-4b5822a38929" testId="5ccace46-0f74-b6d1-7237-e04c8c13a0ce" testName="ContactService.Tests.Domain.Entities.OutboxEventTests.ResetForRetry_WhenCannotRetry_ShouldThrowException" computerName="base" duration="00:00:00.0005631" startTime="2025-08-09T20:56:27.1235290+03:00" endTime="2025-08-09T20:56:27.1241290+03:00" testType="13cdc9d9-ddb5-4fa4-a97d-d965ccfc6d4b" outcome="Passed" testListId="8c84fa94-04c1-424b-9868-57a2d4851a1d" relativeResultsDirectory="4a0ed842-af05-470d-9630-4b5822a38929" />
    <UnitTestResult executionId="179219b8-4e9d-4156-ab35-a6f1697db512" testId="afeacdf0-b599-63dd-1c58-2da67c782c66" testName="ContactService.Tests.Services.CachedContactServiceTests.GetContactByIdAsync_WhenNotCached_ShouldFetchAndCache" computerName="base" duration="00:00:00.0148164" startTime="2025-08-09T20:56:27.1300550+03:00" endTime="2025-08-09T20:56:27.1448260+03:00" testType="13cdc9d9-ddb5-4fa4-a97d-d965ccfc6d4b" outcome="Passed" testListId="8c84fa94-04c1-424b-9868-57a2d4851a1d" relativeResultsDirectory="179219b8-4e9d-4156-ab35-a6f1697db512" />
    <UnitTestResult executionId="ad41509c-c5ba-480d-ac94-44864e6bda0d" testId="f6d2978e-dae0-7de4-d089-9d3548c89767" testName="ContactService.Tests.Repositories.ContactHistoryRepositoryTests.ExistsAsync_WhenHistoryDoesNotExist_ShouldReturnFalse" computerName="base" duration="00:00:00.0003281" startTime="2025-08-09T20:56:27.4957650+03:00" endTime="2025-08-09T20:56:27.4960740+03:00" testType="13cdc9d9-ddb5-4fa4-a97d-d965ccfc6d4b" outcome="Passed" testListId="8c84fa94-04c1-424b-9868-57a2d4851a1d" relativeResultsDirectory="ad41509c-c5ba-480d-ac94-44864e6bda0d" />
    <UnitTestResult executionId="c80812a4-7152-4786-beac-d64aef2221de" testId="4c73dc71-56ef-c24d-a1e0-6a6db5098b10" testName="ContactService.Tests.Controllers.ContactsControllerTests.GetAllContacts_WhenSuccessful_ReturnsOkResult" computerName="base" duration="00:00:00.0006484" startTime="2025-08-09T20:56:27.1693350+03:00" endTime="2025-08-09T20:56:27.1702630+03:00" testType="13cdc9d9-ddb5-4fa4-a97d-d965ccfc6d4b" outcome="Passed" testListId="8c84fa94-04c1-424b-9868-57a2d4851a1d" relativeResultsDirectory="c80812a4-7152-4786-beac-d64aef2221de" />
    <UnitTestResult executionId="16e63902-90bf-4db3-9e62-9275a90eea6d" testId="fae52134-2b1f-9088-26f6-75e67d93c970" testName="ContactService.Tests.Services.CorrelationContextTests.CorrelationId_WhenInResponseHeaderOnly_ShouldReturnValueFromResponseHeader" computerName="base" duration="00:00:00.0001256" startTime="2025-08-09T20:56:27.1296790+03:00" endTime="2025-08-09T20:56:27.1297020+03:00" testType="13cdc9d9-ddb5-4fa4-a97d-d965ccfc6d4b" outcome="Passed" testListId="8c84fa94-04c1-424b-9868-57a2d4851a1d" relativeResultsDirectory="16e63902-90bf-4db3-9e62-9275a90eea6d" />
    <UnitTestResult executionId="c55d6900-e523-4b84-93d7-57a0a145d132" testId="c09b5bac-97e2-69a6-71fa-5538f74cad0e" testName="ContactService.Tests.Services.CachedContactServiceTests.GetContactByIdAsync_WhenCached_ShouldReturnFromCache" computerName="base" duration="00:00:00.0339109" startTime="2025-08-09T20:56:27.0957770+03:00" endTime="2025-08-09T20:56:27.1298250+03:00" testType="13cdc9d9-ddb5-4fa4-a97d-d965ccfc6d4b" outcome="Passed" testListId="8c84fa94-04c1-424b-9868-57a2d4851a1d" relativeResultsDirectory="c55d6900-e523-4b84-93d7-57a0a145d132" />
    <UnitTestResult executionId="73147366-15e2-438b-9b27-4f01ebec010d" testId="df002743-2624-0d0c-291d-49704d9201b2" testName="ContactService.Tests.Services.OutboxServiceTests.ProcessPendingEventsAsync_ShouldUseCorrectTopicForEventType(eventType: &quot;ReportCompleted&quot;, expectedTopic: &quot;report-events&quot;)" computerName="base" duration="00:00:00.0003272" startTime="2025-08-09T20:56:27.1776940+03:00" endTime="2025-08-09T20:56:27.1779680+03:00" testType="13cdc9d9-ddb5-4fa4-a97d-d965ccfc6d4b" outcome="Passed" testListId="8c84fa94-04c1-424b-9868-57a2d4851a1d" relativeResultsDirectory="73147366-15e2-438b-9b27-4f01ebec010d" />
    <UnitTestResult executionId="860d0fc4-4676-412b-8e78-fb7426b6b240" testId="76c652ac-8273-6d9f-e369-c10beb245549" testName="ContactService.Tests.Services.CorrelationContextTests.CorrelationId_WhenInRequestHeader_ShouldReturnValueFromRequestHeader" computerName="base" duration="00:00:00.0030628" startTime="2025-08-09T20:56:27.1247450+03:00" endTime="2025-08-09T20:56:27.1275340+03:00" testType="13cdc9d9-ddb5-4fa4-a97d-d965ccfc6d4b" outcome="Passed" testListId="8c84fa94-04c1-424b-9868-57a2d4851a1d" relativeResultsDirectory="860d0fc4-4676-412b-8e78-fb7426b6b240" />
    <UnitTestResult executionId="32f6d61c-e264-4d77-9112-3bd6d50eca38" testId="03d2df7b-7fd5-d4ef-8c80-9c4e08c34591" testName="ContactService.Tests.Domain.Entities.ContactTests.Contact_Creation_Should_Throw_Exception_When_Invalid_Name(firstName: &quot;John&quot;, lastName: &quot; &quot;, company: &quot;ACME&quot;)" computerName="base" duration="00:00:00.0001926" startTime="2025-08-09T20:56:27.1262720+03:00" endTime="2025-08-09T20:56:27.1264600+03:00" testType="13cdc9d9-ddb5-4fa4-a97d-d965ccfc6d4b" outcome="Passed" testListId="8c84fa94-04c1-424b-9868-57a2d4851a1d" relativeResultsDirectory="32f6d61c-e264-4d77-9112-3bd6d50eca38" />
    <UnitTestResult executionId="70852089-d209-4564-b957-3e9b9a7b01a0" testId="98ca35fe-00fc-f6f5-0ef1-bbfdec93c5fb" testName="ContactService.Tests.Controllers.ContactsControllerTests.RemoveContactInfo_WhenSuccessful_ReturnsNoContent" computerName="base" duration="00:00:00.0010811" startTime="2025-08-09T20:56:27.1511460+03:00" endTime="2025-08-09T20:56:27.1516460+03:00" testType="13cdc9d9-ddb5-4fa4-a97d-d965ccfc6d4b" outcome="Passed" testListId="8c84fa94-04c1-424b-9868-57a2d4851a1d" relativeResultsDirectory="70852089-d209-4564-b957-3e9b9a7b01a0" />
    <UnitTestResult executionId="e1fc14c5-0454-4804-b888-38b381741091" testId="7c7b35de-3a22-8ded-1159-21c2cde4fe0d" testName="ContactService.Tests.Repositories.MongoAuditLogRepositoryTests.GetByActionAsync_ShouldReturnMatchingLogs" computerName="base" duration="00:00:00.0009893" startTime="2025-08-09T20:56:27.2474950+03:00" endTime="2025-08-09T20:56:27.2484180+03:00" testType="13cdc9d9-ddb5-4fa4-a97d-d965ccfc6d4b" outcome="Passed" testListId="8c84fa94-04c1-424b-9868-57a2d4851a1d" relativeResultsDirectory="e1fc14c5-0454-4804-b888-38b381741091" />
    <UnitTestResult executionId="bc1cca7a-59fa-4034-9cd7-e0f3ec44123b" testId="dbe292bc-3a80-0e4c-f6be-328bcc89dd40" testName="ContactService.Tests.Services.ContactServiceTestsFixed.UpdateContactAsync_WithValidData_ShouldUpdateContact" computerName="base" duration="00:00:00.0871997" startTime="2025-08-09T20:56:27.0635040+03:00" endTime="2025-08-09T20:56:27.1379080+03:00" testType="13cdc9d9-ddb5-4fa4-a97d-d965ccfc6d4b" outcome="Passed" testListId="8c84fa94-04c1-424b-9868-57a2d4851a1d" relativeResultsDirectory="bc1cca7a-59fa-4034-9cd7-e0f3ec44123b" />
    <UnitTestResult executionId="5498bd93-8251-4fac-92b9-e1059f9713f7" testId="2df730f4-0d43-174e-9923-44bcaeefaf6d" testName="ContactService.Tests.Repositories.InterfaceAuditLogRepositoryTests.IsHealthyAsync_ShouldReturnRepositoryHealth" computerName="base" duration="00:00:00.0009293" startTime="2025-08-09T20:56:27.1653440+03:00" endTime="2025-08-09T20:56:27.1659770+03:00" testType="13cdc9d9-ddb5-4fa4-a97d-d965ccfc6d4b" outcome="Passed" testListId="8c84fa94-04c1-424b-9868-57a2d4851a1d" relativeResultsDirectory="5498bd93-8251-4fac-92b9-e1059f9713f7" />
    <UnitTestResult executionId="948181c0-80b3-454e-8c31-049f7968fa1d" testId="1be1eef3-dd6b-5c52-1364-42afe525766d" testName="ContactService.Tests.Behaviors.CorrelationIdBehaviorTests.Handle_ShouldLogWithCorrelationId" computerName="base" duration="00:00:00.0012594" startTime="2025-08-09T20:56:27.1470540+03:00" endTime="2025-08-09T20:56:27.1480080+03:00" testType="13cdc9d9-ddb5-4fa4-a97d-d965ccfc6d4b" outcome="Passed" testListId="8c84fa94-04c1-424b-9868-57a2d4851a1d" relativeResultsDirectory="948181c0-80b3-454e-8c31-049f7968fa1d" />
    <UnitTestResult executionId="2904b5d5-93d0-4d95-9fea-3a306ea143e1" testId="5374287b-1f7c-c2b3-e154-de5380cc5ee7" testName="ContactService.Tests.Repositories.OutboxRepositoryTests.GetFailedEventsReadyForRetryAsync_ShouldReturnFailedEventsForRetry" computerName="base" duration="00:00:00.0058616" startTime="2025-08-09T20:56:27.4460590+03:00" endTime="2025-08-09T20:56:27.4518960+03:00" testType="13cdc9d9-ddb5-4fa4-a97d-d965ccfc6d4b" outcome="Passed" testListId="8c84fa94-04c1-424b-9868-57a2d4851a1d" relativeResultsDirectory="2904b5d5-93d0-4d95-9fea-3a306ea143e1" />
    <UnitTestResult executionId="b410685a-45b6-4e13-bebf-bd148744c2fc" testId="10d14aaf-d239-279a-a6e8-f000e104a5ce" testName="ContactService.Tests.Repositories.MongoAuditLogRepositoryTests.GetActionStatisticsAsync_ShouldReturnActionCounts" computerName="base" duration="00:00:00.0016109" startTime="2025-08-09T20:56:27.2335380+03:00" endTime="2025-08-09T20:56:27.2347750+03:00" testType="13cdc9d9-ddb5-4fa4-a97d-d965ccfc6d4b" outcome="Passed" testListId="8c84fa94-04c1-424b-9868-57a2d4851a1d" relativeResultsDirectory="b410685a-45b6-4e13-bebf-bd148744c2fc" />
    <UnitTestResult executionId="1306a136-4e75-4d0d-964c-ffb7359f0dc1" testId="785c5a05-d1a4-775f-7667-0fb40096a903" testName="ContactService.Tests.Repositories.MongoAuditLogRepositoryTests.GetStatisticsAsync_ShouldReturnStatistics" computerName="base" duration="00:00:00.0021759" startTime="2025-08-09T20:56:27.2239510+03:00" endTime="2025-08-09T20:56:27.2260740+03:00" testType="13cdc9d9-ddb5-4fa4-a97d-d965ccfc6d4b" outcome="Passed" testListId="8c84fa94-04c1-424b-9868-57a2d4851a1d" relativeResultsDirectory="1306a136-4e75-4d0d-964c-ffb7359f0dc1" />
    <UnitTestResult executionId="2ce07427-52a6-4eaa-861a-3d4be2595747" testId="0c90d8a1-af5e-9653-bf27-27fbaed88347" testName="ContactService.Tests.Services.ContactServiceTestsFixed.SearchContactsAsync_WithSearchTerm_ShouldReturnMatchingContacts" computerName="base" duration="00:00:00.0010987" startTime="2025-08-09T20:56:27.1760480+03:00" endTime="2025-08-09T20:56:27.1773250+03:00" testType="13cdc9d9-ddb5-4fa4-a97d-d965ccfc6d4b" outcome="Passed" testListId="8c84fa94-04c1-424b-9868-57a2d4851a1d" relativeResultsDirectory="2ce07427-52a6-4eaa-861a-3d4be2595747" />
    <UnitTestResult executionId="443a8da5-1748-4fe5-ae46-66a71f9282b3" testId="f01ae12c-0e66-79bc-93dc-f00b73c11376" testName="ContactService.Tests.Repositories.OutboxRepositoryTests.GetPendingEventsAsync_ShouldReturnPendingEvents" computerName="base" duration="00:00:00.0044257" startTime="2025-08-09T20:56:27.4415680+03:00" endTime="2025-08-09T20:56:27.4459680+03:00" testType="13cdc9d9-ddb5-4fa4-a97d-d965ccfc6d4b" outcome="Passed" testListId="8c84fa94-04c1-424b-9868-57a2d4851a1d" relativeResultsDirectory="443a8da5-1748-4fe5-ae46-66a71f9282b3" />
    <UnitTestResult executionId="c184e0d9-284b-47b9-b64a-8ebdd846a5b3" testId="a5af83ba-c1e2-f1ad-153e-cfa9dec6325b" testName="ContactService.Tests.Services.OutboxServiceTests.ProcessPendingEventsAsync_ShouldUseCorrectTopicForEventType(eventType: &quot;UnknownEventType&quot;, expectedTopic: &quot;contact-events&quot;)" computerName="base" duration="00:00:00.0008727" startTime="2025-08-09T20:56:27.1746800+03:00" endTime="2025-08-09T20:56:27.1755120+03:00" testType="13cdc9d9-ddb5-4fa4-a97d-d965ccfc6d4b" outcome="Passed" testListId="8c84fa94-04c1-424b-9868-57a2d4851a1d" relativeResultsDirectory="c184e0d9-284b-47b9-b64a-8ebdd846a5b3" />
    <UnitTestResult executionId="c7111bef-e840-4cf9-afc0-453f803a0824" testId="e1004f18-4443-4ff8-66a9-3013d39e6a45" testName="ContactService.Tests.Services.ContactServiceTestsFixed.AddContactInfoAsync_WithNonExistingContact_ShouldReturnNull" computerName="base" duration="00:00:00.0011522" startTime="2025-08-09T20:56:27.1632760+03:00" endTime="2025-08-09T20:56:27.1642160+03:00" testType="13cdc9d9-ddb5-4fa4-a97d-d965ccfc6d4b" outcome="Passed" testListId="8c84fa94-04c1-424b-9868-57a2d4851a1d" relativeResultsDirectory="c7111bef-e840-4cf9-afc0-453f803a0824" />
    <UnitTestResult executionId="b705bab4-3528-483d-8e53-4c207829689d" testId="a874c8d2-5316-2972-8079-a289f2f1e247" testName="ContactService.Tests.Services.ContactServiceTestsFixed.RemoveContactInfoAsync_WithNonExistingContact_ShouldReturnFalse" computerName="base" duration="00:00:00.0007653" startTime="2025-08-09T20:56:27.1752760+03:00" endTime="2025-08-09T20:56:27.1759850+03:00" testType="13cdc9d9-ddb5-4fa4-a97d-d965ccfc6d4b" outcome="Passed" testListId="8c84fa94-04c1-424b-9868-57a2d4851a1d" relativeResultsDirectory="b705bab4-3528-483d-8e53-4c207829689d" />
    <UnitTestResult executionId="edfb8d67-8bd9-48fb-887d-e01497a2ddc2" testId="10cf3e30-ad48-e398-c3be-b6df62e58a46" testName="ContactService.Tests.Repositories.OutboxRepositoryTests.GetPendingEventCountAsync_ShouldReturnCorrectCount" computerName="base" duration="00:00:00.0019528" startTime="2025-08-09T20:56:27.4637900+03:00" endTime="2025-08-09T20:56:27.4657490+03:00" testType="13cdc9d9-ddb5-4fa4-a97d-d965ccfc6d4b" outcome="Passed" testListId="8c84fa94-04c1-424b-9868-57a2d4851a1d" relativeResultsDirectory="edfb8d67-8bd9-48fb-887d-e01497a2ddc2" />
    <UnitTestResult executionId="43da1e93-9153-4933-a446-eb3b4f4349f5" testId="05c17674-6e3a-ed65-1e24-e8af01e511c6" testName="ContactService.Tests.Domain.Entities.ContactTests.AddContactInfo_Should_Throw_Exception_When_Invalid_Content(infoType: Location, content: &quot;&quot;)" computerName="base" duration="00:00:00.0001900" startTime="2025-08-09T20:56:27.1256590+03:00" endTime="2025-08-09T20:56:27.1256850+03:00" testType="13cdc9d9-ddb5-4fa4-a97d-d965ccfc6d4b" outcome="Passed" testListId="8c84fa94-04c1-424b-9868-57a2d4851a1d" relativeResultsDirectory="43da1e93-9153-4933-a446-eb3b4f4349f5" />
    <UnitTestResult executionId="2ad14e11-36d2-4dbf-bb01-dc3a287c6009" testId="de9a4fde-3700-801f-3fd1-721a68b10663" testName="ContactService.Tests.Domain.Entities.ContactTests.AddContactInfo_Should_Throw_Exception_When_Invalid_Content(infoType: EmailAddress, content: &quot;invalid-email&quot;)" computerName="base" duration="00:00:00.0008564" startTime="2025-08-09T20:56:27.1248360+03:00" endTime="2025-08-09T20:56:27.1254510+03:00" testType="13cdc9d9-ddb5-4fa4-a97d-d965ccfc6d4b" outcome="Passed" testListId="8c84fa94-04c1-424b-9868-57a2d4851a1d" relativeResultsDirectory="2ad14e11-36d2-4dbf-bb01-dc3a287c6009" />
    <UnitTestResult executionId="74a801fb-e949-4cec-b1d7-3227f9adddb9" testId="86d12d44-2a3f-2f8e-2584-6f4b5918681f" testName="ContactService.Tests.Controllers.ContactsControllerTests.GetLocationStatistics_WhenSuccessful_ReturnsOkResult" computerName="base" duration="00:00:00.0253989" startTime="2025-08-09T20:56:27.1241050+03:00" endTime="2025-08-09T20:56:27.1492470+03:00" testType="13cdc9d9-ddb5-4fa4-a97d-d965ccfc6d4b" outcome="Passed" testListId="8c84fa94-04c1-424b-9868-57a2d4851a1d" relativeResultsDirectory="74a801fb-e949-4cec-b1d7-3227f9adddb9" />
    <UnitTestResult executionId="8b0afb96-e386-4e44-9b6b-3433b7c6bbcd" testId="5929097d-0168-9fb2-e4c1-2c2e4d4a6d0d" testName="ContactService.Tests.Services.OutboxServiceTests.ProcessPendingEventsAsync_ShouldUseCorrectTopicForEventType(eventType: &quot;NotificationSent&quot;, expectedTopic: &quot;notification-events&quot;)" computerName="base" duration="00:00:00.0005657" startTime="2025-08-09T20:56:27.1765130+03:00" endTime="2025-08-09T20:56:27.1766910+03:00" testType="13cdc9d9-ddb5-4fa4-a97d-d965ccfc6d4b" outcome="Passed" testListId="8c84fa94-04c1-424b-9868-57a2d4851a1d" relativeResultsDirectory="8b0afb96-e386-4e44-9b6b-3433b7c6bbcd" />
    <UnitTestResult executionId="402a8e39-da3f-4eb1-aa2c-d74e0472178d" testId="c265e0ad-d94e-42fe-4e3b-d91e4cefddef" testName="ContactService.Tests.Behaviors.CorrelationIdBehaviorTests.Handle_WithNullCorrelationId_ShouldStillProceed" computerName="base" duration="00:00:00.0047771" startTime="2025-08-09T20:56:27.1332590+03:00" endTime="2025-08-09T20:56:27.1377700+03:00" testType="13cdc9d9-ddb5-4fa4-a97d-d965ccfc6d4b" outcome="Passed" testListId="8c84fa94-04c1-424b-9868-57a2d4851a1d" relativeResultsDirectory="402a8e39-da3f-4eb1-aa2c-d74e0472178d" />
    <UnitTestResult executionId="8e4db72a-dfb8-4c3b-ab6c-7a0c24bb27e8" testId="540b33a6-8fe4-1aa6-ae10-dbe92135a857" testName="ContactService.Tests.Behaviors.CorrelationBehaviorTests.Handle_ShouldPropagateCorrelationIdToLogScope" computerName="base" duration="00:00:00.0014759" startTime="2025-08-09T20:56:27.1466500+03:00" endTime="2025-08-09T20:56:27.1481310+03:00" testType="13cdc9d9-ddb5-4fa4-a97d-d965ccfc6d4b" outcome="Passed" testListId="8c84fa94-04c1-424b-9868-57a2d4851a1d" relativeResultsDirectory="8e4db72a-dfb8-4c3b-ab6c-7a0c24bb27e8" />
    <UnitTestResult executionId="359b6cad-4b60-4082-9e18-9e3b6942f919" testId="978172cb-2abb-e079-c46c-cb5cdeac9d07" testName="ContactService.Tests.Repositories.InterfaceAuditLogRepositoryTests.DeleteOldLogsAsync_ShouldReturnDeletedCount" computerName="base" duration="00:00:00.0011454" startTime="2025-08-09T20:56:27.1533780+03:00" endTime="2025-08-09T20:56:27.1542940+03:00" testType="13cdc9d9-ddb5-4fa4-a97d-d965ccfc6d4b" outcome="Passed" testListId="8c84fa94-04c1-424b-9868-57a2d4851a1d" relativeResultsDirectory="359b6cad-4b60-4082-9e18-9e3b6942f919" />
    <UnitTestResult executionId="8a039334-85b9-4dbd-a959-b1aea0e71270" testId="7b1a0e55-ebf1-ac80-0df9-765bdf08c16d" testName="ContactService.Tests.Repositories.MongoAuditLogRepositoryTests.GetByServiceAsync_ShouldReturnMatchingLogs" computerName="base" duration="00:00:00.0008627" startTime="2025-08-09T20:56:27.2402800+03:00" endTime="2025-08-09T20:56:27.2410870+03:00" testType="13cdc9d9-ddb5-4fa4-a97d-d965ccfc6d4b" outcome="Passed" testListId="8c84fa94-04c1-424b-9868-57a2d4851a1d" relativeResultsDirectory="8a039334-85b9-4dbd-a959-b1aea0e71270" />
    <UnitTestResult executionId="0ec1410e-88ed-47f1-8f1e-68269877a579" testId="4d0fca5e-9e1d-a5e6-952d-09b701fe7b09" testName="ContactService.Tests.Services.ContactServiceTestsFixed.GetContactsByLocationAsync_WithLocation_ShouldReturnContactsFromLocation" computerName="base" duration="00:00:00.0013173" startTime="2025-08-09T20:56:27.1729160+03:00" endTime="2025-08-09T20:56:27.1742520+03:00" testType="13cdc9d9-ddb5-4fa4-a97d-d965ccfc6d4b" outcome="Passed" testListId="8c84fa94-04c1-424b-9868-57a2d4851a1d" relativeResultsDirectory="0ec1410e-88ed-47f1-8f1e-68269877a579" />
    <UnitTestResult executionId="7ba3357c-71b5-4fe5-b4f1-03a2f210612f" testId="eac69243-a831-f552-a0d0-baa6a89fca7c" testName="ContactService.Tests.Services.ContactServiceUpdateTests.UpdateContactAsync_WithSingleName_ShouldParseCorrectly" computerName="base" duration="00:00:00.0853693" startTime="2025-08-09T20:56:27.0627300+03:00" endTime="2025-08-09T20:56:27.1359730+03:00" testType="13cdc9d9-ddb5-4fa4-a97d-d965ccfc6d4b" outcome="Passed" testListId="8c84fa94-04c1-424b-9868-57a2d4851a1d" relativeResultsDirectory="7ba3357c-71b5-4fe5-b4f1-03a2f210612f" />
    <UnitTestResult executionId="2a74cd91-e2b4-4e1e-b99c-d58b85d175a8" testId="7deab310-660c-4912-7195-863824b73d85" testName="ContactService.Tests.Behaviors.ValidationBehaviorTests.Handle_WhenValidationFails_ShouldThrowValidationException" computerName="base" duration="00:00:00.0012016" startTime="2025-08-09T20:56:27.1312580+03:00" endTime="2025-08-09T20:56:27.1323770+03:00" testType="13cdc9d9-ddb5-4fa4-a97d-d965ccfc6d4b" outcome="Passed" testListId="8c84fa94-04c1-424b-9868-57a2d4851a1d" relativeResultsDirectory="2a74cd91-e2b4-4e1e-b99c-d58b85d175a8" />
    <UnitTestResult executionId="a43ffb34-09c1-4aff-9220-fa05755b9141" testId="7856bcf6-78cf-2577-2caa-e3d197c45750" testName="ContactService.Tests.Repositories.MongoAuditLogRepositoryTests.IsHealthyAsync_WhenExceptionOccurs_ShouldReturnFalse" computerName="base" duration="00:00:00.0007531" startTime="2025-08-09T20:56:27.2394820+03:00" endTime="2025-08-09T20:56:27.2402100+03:00" testType="13cdc9d9-ddb5-4fa4-a97d-d965ccfc6d4b" outcome="Passed" testListId="8c84fa94-04c1-424b-9868-57a2d4851a1d" relativeResultsDirectory="a43ffb34-09c1-4aff-9220-fa05755b9141" />
    <UnitTestResult executionId="6f8c96f9-d1da-4979-b205-80aa89e3aebd" testId="93e00a94-e360-dd4d-fa61-85de87dbb093" testName="ContactService.Tests.Services.ContactServiceMainTestsFixed.UpdateContactAsync_WhenContactExists_ShouldUpdateContactAndAddToHistory" computerName="base" duration="00:00:00.0021493" startTime="2025-08-09T20:56:27.1448070+03:00" endTime="2025-08-09T20:56:27.1467040+03:00" testType="13cdc9d9-ddb5-4fa4-a97d-d965ccfc6d4b" outcome="Passed" testListId="8c84fa94-04c1-424b-9868-57a2d4851a1d" relativeResultsDirectory="6f8c96f9-d1da-4979-b205-80aa89e3aebd" />
    <UnitTestResult executionId="51f4ff23-f4b8-472b-86d4-aed3440c4840" testId="a8d90567-b808-2e87-0051-a87dfee1a679" testName="ContactService.Tests.Services.CachedContactServiceTests.UpdateContactAsync_ShouldInvalidateCache" computerName="base" duration="00:00:00.0029905" startTime="2025-08-09T20:56:27.1654120+03:00" endTime="2025-08-09T20:56:27.1681950+03:00" testType="13cdc9d9-ddb5-4fa4-a97d-d965ccfc6d4b" outcome="Passed" testListId="8c84fa94-04c1-424b-9868-57a2d4851a1d" relativeResultsDirectory="51f4ff23-f4b8-472b-86d4-aed3440c4840" />
    <UnitTestResult executionId="f51ee513-3671-41df-9775-67712fc164ca" testId="68f4590e-afad-f04b-97e1-69bd75d8d312" testName="ContactService.Tests.Repositories.ContactHistoryRepositoryTests.GetByContactIdAsync_ShouldReturnMatchingHistories" computerName="base" duration="00:00:00.3675095" startTime="2025-08-09T20:56:27.0627660+03:00" endTime="2025-08-09T20:56:27.4181040+03:00" testType="13cdc9d9-ddb5-4fa4-a97d-d965ccfc6d4b" outcome="Passed" testListId="8c84fa94-04c1-424b-9868-57a2d4851a1d" relativeResultsDirectory="f51ee513-3671-41df-9775-67712fc164ca" />
    <UnitTestResult executionId="7315d590-b992-40fc-8c8f-6d187aee5b44" testId="968c4a1e-cc0c-b858-8e0b-528ac5858b80" testName="ContactService.Tests.Services.ContactServiceAddContactInfoTests.AddContactInfoAsync_WithEmptyContent_ShouldThrowArgumentException" computerName="base" duration="00:00:00.0006062" startTime="2025-08-09T20:56:27.1650280+03:00" endTime="2025-08-09T20:56:27.1656270+03:00" testType="13cdc9d9-ddb5-4fa4-a97d-d965ccfc6d4b" outcome="Passed" testListId="8c84fa94-04c1-424b-9868-57a2d4851a1d" relativeResultsDirectory="7315d590-b992-40fc-8c8f-6d187aee5b44" />
    <UnitTestResult executionId="fb663d41-a8ce-446f-9b9a-1bcf78e1d8cb" testId="b94d01d2-2482-f1ee-e579-e0328069493a" testName="ContactService.Tests.Services.ContactServiceTestsFixed.GetContactByIdAsync_NonExistingId_ShouldReturnNull" computerName="base" duration="00:00:00.0009547" startTime="2025-08-09T20:56:27.1664030+03:00" endTime="2025-08-09T20:56:27.1673130+03:00" testType="13cdc9d9-ddb5-4fa4-a97d-d965ccfc6d4b" outcome="Passed" testListId="8c84fa94-04c1-424b-9868-57a2d4851a1d" relativeResultsDirectory="fb663d41-a8ce-446f-9b9a-1bcf78e1d8cb" />
    <UnitTestResult executionId="dd4cce0c-7ace-48c4-84b3-6e5c218873a7" testId="36e8b842-b424-20c1-51ec-e771bdd22315" testName="ContactService.Tests.Domain.Entities.ContactTests.UpdateContactInformation_Should_Update_Properties" computerName="base" duration="00:00:00.0003111" startTime="2025-08-09T20:56:27.1301190+03:00" endTime="2025-08-09T20:56:27.1304070+03:00" testType="13cdc9d9-ddb5-4fa4-a97d-d965ccfc6d4b" outcome="Passed" testListId="8c84fa94-04c1-424b-9868-57a2d4851a1d" relativeResultsDirectory="dd4cce0c-7ace-48c4-84b3-6e5c218873a7" />
    <UnitTestResult executionId="3c38dfdf-8fde-492f-9eb7-22a9357c8885" testId="a4f8bfa9-6cc1-5bf5-36f0-2d9d79a6bf43" testName="ContactService.Tests.Repositories.AuditLogRepositoryStatisticsTests.GetActionStatisticsAsync_EmptyResult_ShouldReturnEmptyDictionary" computerName="base" duration="00:00:00.0050211" startTime="2025-08-09T20:56:27.1224700+03:00" endTime="2025-08-09T20:56:27.1272170+03:00" testType="13cdc9d9-ddb5-4fa4-a97d-d965ccfc6d4b" outcome="Passed" testListId="8c84fa94-04c1-424b-9868-57a2d4851a1d" relativeResultsDirectory="3c38dfdf-8fde-492f-9eb7-22a9357c8885" />
    <UnitTestResult executionId="7a8a72e6-a3ca-4033-bdb1-511666645ccf" testId="171dc43a-7202-3af2-1a2a-15fc27809ebc" testName="ContactService.Tests.Services.ContactServiceMainTests.GetAllContactsAsync_WhenContactsExist_ShouldReturnPaginatedContacts" computerName="base" duration="00:00:00.0042629" startTime="2025-08-09T20:56:27.1295740+03:00" endTime="2025-08-09T20:56:27.1336060+03:00" testType="13cdc9d9-ddb5-4fa4-a97d-d965ccfc6d4b" outcome="Passed" testListId="8c84fa94-04c1-424b-9868-57a2d4851a1d" relativeResultsDirectory="7a8a72e6-a3ca-4033-bdb1-511666645ccf" />
    <UnitTestResult executionId="bd79d2d7-a455-421d-ac6a-a192d6cab04d" testId="5ad82194-3594-768d-1d2b-f70885918fed" testName="ContactService.Tests.Workers.OutboxProcessorWorkerTests.ExecuteAsync_ShouldPerformPeriodicCleanup_WhenCleanupIntervalPassed" computerName="base" duration="00:00:00.3022616" startTime="2025-08-09T20:56:27.5822220+03:00" endTime="2025-08-09T20:56:27.8845740+03:00" testType="13cdc9d9-ddb5-4fa4-a97d-d965ccfc6d4b" outcome="Passed" testListId="8c84fa94-04c1-424b-9868-57a2d4851a1d" relativeResultsDirectory="bd79d2d7-a455-421d-ac6a-a192d6cab04d" />
    <UnitTestResult executionId="520ce0a0-d475-4199-af0d-8f043fb92966" testId="6fc7e0c9-240c-fdb8-dd16-d4d06d6c2f87" testName="ContactService.Tests.Services.ContactServiceTestsFixed.GetAllContactsAsync_ShouldReturnAllContacts" computerName="base" duration="00:00:00.0236805" startTime="2025-08-09T20:56:27.1379530+03:00" endTime="2025-08-09T20:56:27.1615530+03:00" testType="13cdc9d9-ddb5-4fa4-a97d-d965ccfc6d4b" outcome="Passed" testListId="8c84fa94-04c1-424b-9868-57a2d4851a1d" relativeResultsDirectory="520ce0a0-d475-4199-af0d-8f043fb92966" />
    <UnitTestResult executionId="d9f67f5b-f6c7-4b65-9315-e9db7d71835f" testId="d81a05aa-4346-449f-6254-59c6d8218662" testName="ContactService.Tests.Services.ContactServiceMainTestsFixed.RemoveContactInfoAsync_WhenContactInfoExists_ShouldRemoveInfoAndAddToHistory" computerName="base" duration="00:00:00.0468185" startTime="2025-08-09T20:56:27.0858530+03:00" endTime="2025-08-09T20:56:27.1292160+03:00" testType="13cdc9d9-ddb5-4fa4-a97d-d965ccfc6d4b" outcome="Passed" testListId="8c84fa94-04c1-424b-9868-57a2d4851a1d" relativeResultsDirectory="d9f67f5b-f6c7-4b65-9315-e9db7d71835f" />
    <UnitTestResult executionId="ba7ac403-189f-4e8c-b556-8acbd1ffbf3f" testId="7de7d957-c48d-4f97-368d-ebbe90064a6b" testName="ContactService.Tests.Repositories.MongoAuditLogRepositoryTests.CreateAsync_WhenExceptionOccurs_ShouldLogAndRethrow" computerName="base" duration="00:00:00.0013889" startTime="2025-08-09T20:56:27.2420170+03:00" endTime="2025-08-09T20:56:27.2433770+03:00" testType="13cdc9d9-ddb5-4fa4-a97d-d965ccfc6d4b" outcome="Passed" testListId="8c84fa94-04c1-424b-9868-57a2d4851a1d" relativeResultsDirectory="ba7ac403-189f-4e8c-b556-8acbd1ffbf3f" />
    <UnitTestResult executionId="88ba3a79-ee3f-42e0-93c5-9ad32b7748ad" testId="595273e4-06ee-22bf-3453-ecd343964fc4" testName="ContactService.Tests.Services.OutboxServiceTests.ProcessPendingEventsAsync_ShouldUseCorrectTopicForEventType(eventType: &quot;ReportRequested&quot;, expectedTopic: &quot;report-events&quot;)" computerName="base" duration="00:00:00.0005060" startTime="2025-08-09T20:56:27.1773040+03:00" endTime="2025-08-09T20:56:27.1776460+03:00" testType="13cdc9d9-ddb5-4fa4-a97d-d965ccfc6d4b" outcome="Passed" testListId="8c84fa94-04c1-424b-9868-57a2d4851a1d" relativeResultsDirectory="88ba3a79-ee3f-42e0-93c5-9ad32b7748ad" />
    <UnitTestResult executionId="f58e187a-0d08-42b7-acf9-e7d730264737" testId="636c8e1b-2921-90bc-df3a-d04e31cba999" testName="ContactService.Tests.Services.ContactServiceTestsFixed.CreateContactAsync_WithValidData_ShouldCreateContact" computerName="base" duration="00:00:00.0007482" startTime="2025-08-09T20:56:27.1675400+03:00" endTime="2025-08-09T20:56:27.1681300+03:00" testType="13cdc9d9-ddb5-4fa4-a97d-d965ccfc6d4b" outcome="Passed" testListId="8c84fa94-04c1-424b-9868-57a2d4851a1d" relativeResultsDirectory="f58e187a-0d08-42b7-acf9-e7d730264737" />
    <UnitTestResult executionId="72719665-21dc-4179-9f45-35b10b8c0b33" testId="31707ac5-8110-d92b-cdd7-b34a62fc2def" testName="ContactService.Tests.Services.CachedContactServiceTests.GetAllContactsAsync_WhenCached_ShouldReturnFromCache" computerName="base" duration="00:00:00.0023920" startTime="2025-08-09T20:56:27.1776220+03:00" endTime="2025-08-09T20:56:27.1799380+03:00" testType="13cdc9d9-ddb5-4fa4-a97d-d965ccfc6d4b" outcome="Passed" testListId="8c84fa94-04c1-424b-9868-57a2d4851a1d" relativeResultsDirectory="72719665-21dc-4179-9f45-35b10b8c0b33" />
    <UnitTestResult executionId="086c5240-7cc2-41a6-932a-2cc3ceceb041" testId="179e5766-4ae7-bc37-b6b4-90c5efc021d4" testName="ContactService.Tests.Repositories.InterfaceAuditLogRepositoryTests.CreateManyAsync_ShouldCallRepositoryWithAllLogs" computerName="base" duration="00:00:00.0785410" startTime="2025-08-09T20:56:27.0593450+03:00" endTime="2025-08-09T20:56:27.1291630+03:00" testType="13cdc9d9-ddb5-4fa4-a97d-d965ccfc6d4b" outcome="Passed" testListId="8c84fa94-04c1-424b-9868-57a2d4851a1d" relativeResultsDirectory="086c5240-7cc2-41a6-932a-2cc3ceceb041" />
    <UnitTestResult executionId="aea6009c-c47c-431a-9c46-f054da3b18da" testId="4ad07b80-ee72-21d8-5f3c-d88f0480c084" testName="ContactService.Tests.Services.OutboxServiceTests.ProcessSingleEvent_WhenKafkaPublishFails_ShouldMarkAsFailed" computerName="base" duration="00:00:00.0014724" startTime="2025-08-09T20:56:27.1890330+03:00" endTime="2025-08-09T20:56:27.1904480+03:00" testType="13cdc9d9-ddb5-4fa4-a97d-d965ccfc6d4b" outcome="Passed" testListId="8c84fa94-04c1-424b-9868-57a2d4851a1d" relativeResultsDirectory="aea6009c-c47c-431a-9c46-f054da3b18da" />
    <UnitTestResult executionId="d536c7fa-e1e1-4734-b5ef-9659c8a592f4" testId="b6c828fb-1149-e056-1671-a94ef68bd512" testName="ContactService.Tests.Repositories.InterfaceAuditLogRepositoryTests.GetByEntityAsync_ShouldReturnMatchingLogs" computerName="base" duration="00:00:00.0180135" startTime="2025-08-09T20:56:27.1314520+03:00" endTime="2025-08-09T20:56:27.1497530+03:00" testType="13cdc9d9-ddb5-4fa4-a97d-d965ccfc6d4b" outcome="Passed" testListId="8c84fa94-04c1-424b-9868-57a2d4851a1d" relativeResultsDirectory="d536c7fa-e1e1-4734-b5ef-9659c8a592f4" />
    <UnitTestResult executionId="1d965d02-901c-4145-8807-64ae689eff88" testId="9af79a75-7965-2857-a622-7a3e98c343ff" testName="ContactService.Tests.Repositories.ContactHistoryRepositoryTests.GetByCorrelationIdAsync_ShouldReturnMatchingHistories" computerName="base" duration="00:00:00.0033641" startTime="2025-08-09T20:56:27.4841500+03:00" endTime="2025-08-09T20:56:27.4871610+03:00" testType="13cdc9d9-ddb5-4fa4-a97d-d965ccfc6d4b" outcome="Passed" testListId="8c84fa94-04c1-424b-9868-57a2d4851a1d" relativeResultsDirectory="1d965d02-901c-4145-8807-64ae689eff88" />
    <UnitTestResult executionId="ea191faf-67e2-4ab5-9b08-510900786506" testId="2427865a-c234-d287-6e90-174830cd7bc5" testName="ContactService.Tests.Services.OutboxServiceTests.ProcessFailedEventsAsync_WithFailedEvents_ShouldResetAndProcess" computerName="base" duration="00:00:00.0019581" startTime="2025-08-09T20:56:27.1803840+03:00" endTime="2025-08-09T20:56:27.1822840+03:00" testType="13cdc9d9-ddb5-4fa4-a97d-d965ccfc6d4b" outcome="Passed" testListId="8c84fa94-04c1-424b-9868-57a2d4851a1d" relativeResultsDirectory="ea191faf-67e2-4ab5-9b08-510900786506" />
    <UnitTestResult executionId="b724562b-d816-4451-b5e8-bdcd7d8133a3" testId="c335998d-9914-1d9b-f124-3bfb5566966b" testName="ContactService.Tests.Controllers.ContactsControllerTests.GetAllContacts_WhenFailed_ReturnsServerError" computerName="base" duration="00:00:00.0022222" startTime="2025-08-09T20:56:27.1626070+03:00" endTime="2025-08-09T20:56:27.1646840+03:00" testType="13cdc9d9-ddb5-4fa4-a97d-d965ccfc6d4b" outcome="Passed" testListId="8c84fa94-04c1-424b-9868-57a2d4851a1d" relativeResultsDirectory="b724562b-d816-4451-b5e8-bdcd7d8133a3" />
    <UnitTestResult executionId="fc9e7a00-34cc-4fd3-bf75-1c04cf63a55f" testId="ebd5682f-4fb0-09c6-30ed-c9bfcc6a4f49" testName="ContactService.Tests.Domain.Entities.ContactHistoryTests.Constructor_WithInvalidCorrelationId_ShouldThrowException(correlationId: &quot;  &quot;)" computerName="base" duration="00:00:00.0001703" startTime="2025-08-09T20:56:27.1127670+03:00" endTime="2025-08-09T20:56:27.1128140+03:00" testType="13cdc9d9-ddb5-4fa4-a97d-d965ccfc6d4b" outcome="Passed" testListId="8c84fa94-04c1-424b-9868-57a2d4851a1d" relativeResultsDirectory="fc9e7a00-34cc-4fd3-bf75-1c04cf63a55f" />
    <UnitTestResult executionId="2373b539-4c2b-4a2f-8dd7-c3c285eb9760" testId="a72b625f-7dd8-453c-7e17-4e51909e5f7c" testName="ContactService.Tests.Repositories.AuditLogRepositoryStatisticsTests.GetServiceStatisticsAsync_ShouldCallGetStatisticsAsync" computerName="base" duration="00:00:00.0035822" startTime="2025-08-09T20:56:27.1273030+03:00" endTime="2025-08-09T20:56:27.1309040+03:00" testType="13cdc9d9-ddb5-4fa4-a97d-d965ccfc6d4b" outcome="Passed" testListId="8c84fa94-04c1-424b-9868-57a2d4851a1d" relativeResultsDirectory="2373b539-4c2b-4a2f-8dd7-c3c285eb9760" />
    <UnitTestResult executionId="d23380bb-6acb-4ede-a7e2-260139c333b2" testId="5d0996e8-fd7f-2244-91d9-22b23dc415b5" testName="ContactService.Tests.Services.ContactServiceMainTests.ContactExistsAsync_WhenContactNotExists_ShouldReturnFalse" computerName="base" duration="00:00:00.0007368" startTime="2025-08-09T20:56:27.1455670+03:00" endTime="2025-08-09T20:56:27.1459700+03:00" testType="13cdc9d9-ddb5-4fa4-a97d-d965ccfc6d4b" outcome="Passed" testListId="8c84fa94-04c1-424b-9868-57a2d4851a1d" relativeResultsDirectory="d23380bb-6acb-4ede-a7e2-260139c333b2" />
    <UnitTestResult executionId="bab661ce-09db-42e7-875f-fcd7677162e4" testId="e21c7a63-6890-2b93-a955-ffd8ea432639" testName="ContactService.Tests.Validations.CreateContactCommandValidatorTests.Validate_EmptyOrNullName_ShouldFailValidation(name: &quot;&quot;)" computerName="base" duration="00:00:00.0002333" startTime="2025-08-09T20:56:27.0865830+03:00" endTime="2025-08-09T20:56:27.0866010+03:00" testType="13cdc9d9-ddb5-4fa4-a97d-d965ccfc6d4b" outcome="Passed" testListId="8c84fa94-04c1-424b-9868-57a2d4851a1d" relativeResultsDirectory="bab661ce-09db-42e7-875f-fcd7677162e4" />
    <UnitTestResult executionId="e7108678-736b-43a8-82ad-ef8ff2bcd067" testId="d29c4c89-19e6-22fc-eb6c-349fb2d88e93" testName="ContactService.Tests.Services.ContactServiceAddContactInfoTests.AddContactInfoAsync_WithEmailType_ShouldAddEmailContactInfo" computerName="base" duration="00:00:00.0027390" startTime="2025-08-09T20:56:27.1610090+03:00" endTime="2025-08-09T20:56:27.1637380+03:00" testType="13cdc9d9-ddb5-4fa4-a97d-d965ccfc6d4b" outcome="Passed" testListId="8c84fa94-04c1-424b-9868-57a2d4851a1d" relativeResultsDirectory="e7108678-736b-43a8-82ad-ef8ff2bcd067" />
    <UnitTestResult executionId="75e4f1d6-74a5-448b-a152-8e7f1bce8082" testId="a12b43df-565a-2911-ca37-da16e7eae7b5" testName="ContactService.Tests.Repositories.ContactHistoryRepositoryTests.GetAllAsync_ShouldReturnPaginatedResults" computerName="base" duration="00:00:00.0043125" startTime="2025-08-09T20:56:27.4378720+03:00" endTime="2025-08-09T20:56:27.4420850+03:00" testType="13cdc9d9-ddb5-4fa4-a97d-d965ccfc6d4b" outcome="Passed" testListId="8c84fa94-04c1-424b-9868-57a2d4851a1d" relativeResultsDirectory="75e4f1d6-74a5-448b-a152-8e7f1bce8082" />
    <UnitTestResult executionId="64d8e69b-cea8-45d9-ac7e-837ecec2dae0" testId="14a21c97-412e-899f-b8a2-6d209cf68f26" testName="ContactService.Tests.Controllers.ContactsControllerTests.UpdateContact_WhenNotFound_ReturnsNotFound" computerName="base" duration="00:00:00.0007257" startTime="2025-08-09T20:56:27.1617080+03:00" endTime="2025-08-09T20:56:27.1624340+03:00" testType="13cdc9d9-ddb5-4fa4-a97d-d965ccfc6d4b" outcome="Passed" testListId="8c84fa94-04c1-424b-9868-57a2d4851a1d" relativeResultsDirectory="64d8e69b-cea8-45d9-ac7e-837ecec2dae0" />
    <UnitTestResult executionId="49e24502-986f-4c10-a3bd-1d747a991a5a" testId="13fb06c2-4134-b775-4909-b7eab9af5ddc" testName="ContactService.Tests.Domain.Entities.ContactHistoryTests.Constructor_WithEmptyContactId_ShouldThrowException" computerName="base" duration="00:00:00.0006088" startTime="2025-08-09T20:56:27.0864020+03:00" endTime="2025-08-09T20:56:27.0864920+03:00" testType="13cdc9d9-ddb5-4fa4-a97d-d965ccfc6d4b" outcome="Passed" testListId="8c84fa94-04c1-424b-9868-57a2d4851a1d" relativeResultsDirectory="49e24502-986f-4c10-a3bd-1d747a991a5a" />
    <UnitTestResult executionId="1a1b1625-56a4-4438-a3bf-c42e2760dbfa" testId="111b7653-f816-b715-b87f-7fd8379044e4" testName="ContactService.Tests.Services.ContactServiceMainTests.AddContactInfoAsync_WhenContactNotExists_ShouldReturnNull" computerName="base" duration="00:00:00.0011706" startTime="2025-08-09T20:56:27.1525910+03:00" endTime="2025-08-09T20:56:27.1534330+03:00" testType="13cdc9d9-ddb5-4fa4-a97d-d965ccfc6d4b" outcome="Passed" testListId="8c84fa94-04c1-424b-9868-57a2d4851a1d" relativeResultsDirectory="1a1b1625-56a4-4438-a3bf-c42e2760dbfa" />
    <UnitTestResult executionId="00eefe9b-06a6-456d-8a52-8c993853f875" testId="b65281e8-2265-5702-574a-6c47ec24228a" testName="ContactService.Tests.Services.ContactServiceApplicationTests.DeleteContactAsync_ReturnsBoolean" computerName="base" duration="00:00:00.0020347" startTime="2025-08-09T20:56:27.1449980+03:00" endTime="2025-08-09T20:56:27.1471770+03:00" testType="13cdc9d9-ddb5-4fa4-a97d-d965ccfc6d4b" outcome="Passed" testListId="8c84fa94-04c1-424b-9868-57a2d4851a1d" relativeResultsDirectory="00eefe9b-06a6-456d-8a52-8c993853f875" />
    <UnitTestResult executionId="e1eb4230-e776-4a9e-89a7-60b975c74db5" testId="c66efc88-f4cd-f144-8f68-6670171de1b9" testName="ContactService.Tests.Repositories.MongoAuditLogRepositoryTests.DeleteOldLogsAsync_ShouldRemoveOldLogs" computerName="base" duration="00:00:00.0031408" startTime="2025-08-09T20:56:27.2445440+03:00" endTime="2025-08-09T20:56:27.2473980+03:00" testType="13cdc9d9-ddb5-4fa4-a97d-d965ccfc6d4b" outcome="Passed" testListId="8c84fa94-04c1-424b-9868-57a2d4851a1d" relativeResultsDirectory="e1eb4230-e776-4a9e-89a7-60b975c74db5" />
    <UnitTestResult executionId="88220608-8e4b-4b0a-be90-567d52bf8c76" testId="c67f170d-f20c-043f-8f1f-955be167348a" testName="ContactService.Tests.Controllers.ContactsControllerTests.GetContactById_WhenContactExists_ReturnsOkResult" computerName="base" duration="00:00:00.0021084" startTime="2025-08-09T20:56:27.1223630+03:00" endTime="2025-08-09T20:56:27.1240250+03:00" testType="13cdc9d9-ddb5-4fa4-a97d-d965ccfc6d4b" outcome="Passed" testListId="8c84fa94-04c1-424b-9868-57a2d4851a1d" relativeResultsDirectory="88220608-8e4b-4b0a-be90-567d52bf8c76" />
    <UnitTestResult executionId="6f31f3ae-d483-4bc6-bf23-7d2b6e6cfd3e" testId="f6cc4de9-bc93-ddd1-2691-512c66bfa34f" testName="ContactService.Tests.Repositories.ContactHistoryRepositoryTests.GetByIdAsync_WhenHistoryExists_ShouldReturnHistory" computerName="base" duration="00:00:00.0029562" startTime="2025-08-09T20:56:27.4744400+03:00" endTime="2025-08-09T20:56:27.4773350+03:00" testType="13cdc9d9-ddb5-4fa4-a97d-d965ccfc6d4b" outcome="Passed" testListId="8c84fa94-04c1-424b-9868-57a2d4851a1d" relativeResultsDirectory="6f31f3ae-d483-4bc6-bf23-7d2b6e6cfd3e" />
    <UnitTestResult executionId="a017ac71-4eec-4d38-abf2-c21cb145a9f5" testId="29e293e4-ac61-bb95-9df4-4a03b1c70d7f" testName="ContactService.Tests.Services.CorrelationContextTests.CorrelationId_WhenNoHeaderExists_ShouldReturnNull" computerName="base" duration="00:00:00.0009079" startTime="2025-08-09T20:56:27.1278540+03:00" endTime="2025-08-09T20:56:27.1284950+03:00" testType="13cdc9d9-ddb5-4fa4-a97d-d965ccfc6d4b" outcome="Passed" testListId="8c84fa94-04c1-424b-9868-57a2d4851a1d" relativeResultsDirectory="a017ac71-4eec-4d38-abf2-c21cb145a9f5" />
    <UnitTestResult executionId="30edd619-1342-4d65-bb5e-12a199479518" testId="b3dc4973-fbc6-b2d1-2ad8-7683f7464d71" testName="ContactService.Tests.Services.OutboxServiceTests.ProcessPendingEventsAsync_WithPendingEvents_ShouldProcessEach" computerName="base" duration="00:00:00.0008601" startTime="2025-08-09T20:56:27.1930760+03:00" endTime="2025-08-09T20:56:27.1940070+03:00" testType="13cdc9d9-ddb5-4fa4-a97d-d965ccfc6d4b" outcome="Passed" testListId="8c84fa94-04c1-424b-9868-57a2d4851a1d" relativeResultsDirectory="30edd619-1342-4d65-bb5e-12a199479518" />
    <UnitTestResult executionId="5c80edd5-a7f9-4dc0-9ed8-29812df5aa81" testId="07b1d682-a641-193b-b836-8fb1d07217ee" testName="ContactService.Tests.Validations.CreateContactCommandValidatorTests.Validate_NameExceedsMaxLength_ShouldFailValidation" computerName="base" duration="00:00:00.0326809" startTime="2025-08-09T20:56:27.0634940+03:00" endTime="2025-08-09T20:56:27.0864230+03:00" testType="13cdc9d9-ddb5-4fa4-a97d-d965ccfc6d4b" outcome="Passed" testListId="8c84fa94-04c1-424b-9868-57a2d4851a1d" relativeResultsDirectory="5c80edd5-a7f9-4dc0-9ed8-29812df5aa81" />
    <UnitTestResult executionId="a2e03ce7-6825-478f-bfeb-8888435b9e3b" testId="aa0f0ade-30f6-ce3c-0d3a-b05184cc7d19" testName="ContactService.Tests.Services.ContactServiceAddContactInfoTests.AddContactInfoAsync_WithLocationInfo_ShouldAddLocationContactInfo" computerName="base" duration="00:00:00.0072497" startTime="2025-08-09T20:56:27.1537120+03:00" endTime="2025-08-09T20:56:27.1609230+03:00" testType="13cdc9d9-ddb5-4fa4-a97d-d965ccfc6d4b" outcome="Passed" testListId="8c84fa94-04c1-424b-9868-57a2d4851a1d" relativeResultsDirectory="a2e03ce7-6825-478f-bfeb-8888435b9e3b" />
    <UnitTestResult executionId="40cb5f90-b464-4bdc-a8e4-9d453f45509f" testId="e0512c59-b40c-2582-0763-0154a5cc09c1" testName="ContactService.Tests.Repositories.AuditLogRepositoryStatisticsTests.GetStatisticsAsync_ShouldReturnStatisticsByService" computerName="base" duration="00:00:00.0061189" startTime="2025-08-09T20:56:27.1378890+03:00" endTime="2025-08-09T20:56:27.1442120+03:00" testType="13cdc9d9-ddb5-4fa4-a97d-d965ccfc6d4b" outcome="Passed" testListId="8c84fa94-04c1-424b-9868-57a2d4851a1d" relativeResultsDirectory="40cb5f90-b464-4bdc-a8e4-9d453f45509f" />
    <UnitTestResult executionId="c761652d-1906-4e90-863a-a54947fd11b3" testId="72500727-27e7-6ae3-a846-6658170429c8" testName="ContactService.Tests.Domain.Entities.OutboxEventTests.Constructor_WithInvalidCorrelationId_ShouldThrowException(correlationId: &quot;  &quot;)" computerName="base" duration="00:00:00.0002630" startTime="2025-08-09T20:56:27.0854420+03:00" endTime="2025-08-09T20:56:27.0859200+03:00" testType="13cdc9d9-ddb5-4fa4-a97d-d965ccfc6d4b" outcome="Passed" testListId="8c84fa94-04c1-424b-9868-57a2d4851a1d" relativeResultsDirectory="c761652d-1906-4e90-863a-a54947fd11b3" />
    <UnitTestResult executionId="7adbdd08-e8ff-4489-a59d-b11914354ac7" testId="20515b5d-e30f-5458-7e3f-a5a075cba14a" testName="ContactService.Tests.Repositories.InterfaceAuditLogRepositoryTests.GetTotalCountAsync_ShouldReturnCount" computerName="base" duration="00:00:00.0021604" startTime="2025-08-09T20:56:27.1295920+03:00" endTime="2025-08-09T20:56:27.1313960+03:00" testType="13cdc9d9-ddb5-4fa4-a97d-d965ccfc6d4b" outcome="Passed" testListId="8c84fa94-04c1-424b-9868-57a2d4851a1d" relativeResultsDirectory="7adbdd08-e8ff-4489-a59d-b11914354ac7" />
    <UnitTestResult executionId="1844d34a-a1c7-4c28-9fb8-6111fb71ece2" testId="4130d9e3-b9f1-b341-98f5-f97ea5152121" testName="ContactService.Tests.Domain.Entities.OutboxEventTests.ResetForRetry_WhenCanRetry_ShouldResetPendingStatus" computerName="base" duration="00:00:00.0002003" startTime="2025-08-09T20:56:27.1242590+03:00" endTime="2025-08-09T20:56:27.1243060+03:00" testType="13cdc9d9-ddb5-4fa4-a97d-d965ccfc6d4b" outcome="Passed" testListId="8c84fa94-04c1-424b-9868-57a2d4851a1d" relativeResultsDirectory="1844d34a-a1c7-4c28-9fb8-6111fb71ece2" />
    <UnitTestResult executionId="9e3c89f9-39fb-4c85-95af-360b2a813d08" testId="0ff85cf5-a2d8-d8fc-ca9b-bb20d44148c4" testName="ContactService.Tests.Services.OutboxServiceTests.ProcessPendingEventsAsync_WithNoPendingEvents_ShouldDoNothing" computerName="base" duration="00:00:00.0007328" startTime="2025-08-09T20:56:27.1923330+03:00" endTime="2025-08-09T20:56:27.1929990+03:00" testType="13cdc9d9-ddb5-4fa4-a97d-d965ccfc6d4b" outcome="Passed" testListId="8c84fa94-04c1-424b-9868-57a2d4851a1d" relativeResultsDirectory="9e3c89f9-39fb-4c85-95af-360b2a813d08" />
    <UnitTestResult executionId="46c75713-c164-4e4a-9903-39bef4e4a2bf" testId="85ec67d1-c01a-0b2b-4f34-630d00ce6b9a" testName="ContactService.Tests.Services.ContactServiceDeleteTests.DeleteContactAsync_WhenRepositoryDeleteFails_ShouldReturnFalse" computerName="base" duration="00:00:00.0841354" startTime="2025-08-09T20:56:27.0634770+03:00" endTime="2025-08-09T20:56:27.1348260+03:00" testType="13cdc9d9-ddb5-4fa4-a97d-d965ccfc6d4b" outcome="Passed" testListId="8c84fa94-04c1-424b-9868-57a2d4851a1d" relativeResultsDirectory="46c75713-c164-4e4a-9903-39bef4e4a2bf" />
    <UnitTestResult executionId="a3e0d605-131d-4790-8614-45c6dc0f1e4a" testId="2827477e-050e-5a38-862a-32215e73197e" testName="ContactService.Tests.Repositories.InterfaceAuditLogRepositoryTests.GetActionStatisticsAsync_ShouldReturnActionCounts" computerName="base" duration="00:00:00.0024057" startTime="2025-08-09T20:56:27.1497990+03:00" endTime="2025-08-09T20:56:27.1518400+03:00" testType="13cdc9d9-ddb5-4fa4-a97d-d965ccfc6d4b" outcome="Passed" testListId="8c84fa94-04c1-424b-9868-57a2d4851a1d" relativeResultsDirectory="a3e0d605-131d-4790-8614-45c6dc0f1e4a" />
    <UnitTestResult executionId="dbea6667-7a82-4015-bdb2-1e317eb6b22b" testId="6cd8e71e-92c0-75fb-e709-eba99947ac82" testName="ContactService.Tests.Validations.CreateContactCommandValidatorTests.Validate_EmptyCompany_ShouldPassValidation" computerName="base" duration="00:00:00.0000920" startTime="2025-08-09T20:56:27.0951120+03:00" endTime="2025-08-09T20:56:27.0951310+03:00" testType="13cdc9d9-ddb5-4fa4-a97d-d965ccfc6d4b" outcome="Passed" testListId="8c84fa94-04c1-424b-9868-57a2d4851a1d" relativeResultsDirectory="dbea6667-7a82-4015-bdb2-1e317eb6b22b" />
    <UnitTestResult executionId="6dd1b498-e3ab-4232-87ab-9efa2435ecc8" testId="d0b68fa2-8573-ff6a-1395-8672483d7840" testName="ContactService.Tests.Domain.Entities.OutboxEventTests.MarkAsFailed_WithTooLongErrorMessage_ShouldThrowException" computerName="base" duration="00:00:00.0002817" startTime="2025-08-09T20:56:27.1243660+03:00" endTime="2025-08-09T20:56:27.1247620+03:00" testType="13cdc9d9-ddb5-4fa4-a97d-d965ccfc6d4b" outcome="Passed" testListId="8c84fa94-04c1-424b-9868-57a2d4851a1d" relativeResultsDirectory="6dd1b498-e3ab-4232-87ab-9efa2435ecc8" />
    <UnitTestResult executionId="446b247a-4f2a-4d5d-b5b4-b2b67742a748" testId="8645a9b9-72c7-0bb0-8520-7a47e2be88a6" testName="ContactService.Tests.Services.ContactServiceDeleteTests.DeleteContactAsync_WithExistingContact_ShouldDeleteSuccessfully" computerName="base" duration="00:00:00.0033207" startTime="2025-08-09T20:56:27.1449270+03:00" endTime="2025-08-09T20:56:27.1479220+03:00" testType="13cdc9d9-ddb5-4fa4-a97d-d965ccfc6d4b" outcome="Passed" testListId="8c84fa94-04c1-424b-9868-57a2d4851a1d" relativeResultsDirectory="446b247a-4f2a-4d5d-b5b4-b2b67742a748" />
    <UnitTestResult executionId="4e565ac7-e538-49f6-8e15-1939c9ffe4b8" testId="0d3459bc-e8cb-d47f-59e8-c2b017caff6f" testName="ContactService.Tests.Controllers.ContactsControllerTests.UpdateContact_WhenSuccessful_ReturnsOk" computerName="base" duration="00:00:00.0012784" startTime="2025-08-09T20:56:27.1496570+03:00" endTime="2025-08-09T20:56:27.1505740+03:00" testType="13cdc9d9-ddb5-4fa4-a97d-d965ccfc6d4b" outcome="Passed" testListId="8c84fa94-04c1-424b-9868-57a2d4851a1d" relativeResultsDirectory="4e565ac7-e538-49f6-8e15-1939c9ffe4b8" />
    <UnitTestResult executionId="09208900-8ad3-4e6a-9658-cae33f2e4f6c" testId="7ec04dbc-1d37-9892-81bd-96a4844d707f" testName="ContactService.Tests.Repositories.MongoAuditLogRepositoryTests.CreateManyAsync_ShouldInsertMultipleAuditLogs" computerName="base" duration="00:00:00.0015611" startTime="2025-08-09T20:56:27.2371270+03:00" endTime="2025-08-09T20:56:27.2386200+03:00" testType="13cdc9d9-ddb5-4fa4-a97d-d965ccfc6d4b" outcome="Passed" testListId="8c84fa94-04c1-424b-9868-57a2d4851a1d" relativeResultsDirectory="09208900-8ad3-4e6a-9658-cae33f2e4f6c" />
    <UnitTestResult executionId="6d1e3a94-29d3-46b2-9b20-84d95deb351c" testId="e2894dc0-50cd-a92e-7e49-3d7b97d728a6" testName="ContactService.Tests.Services.ContactServiceTestsFixed.RemoveContactInfoAsync_WithNonExistingContactInfo_ShouldReturnFalse" computerName="base" duration="00:00:00.0010437" startTime="2025-08-09T20:56:27.1654700+03:00" endTime="2025-08-09T20:56:27.1663370+03:00" testType="13cdc9d9-ddb5-4fa4-a97d-d965ccfc6d4b" outcome="Passed" testListId="8c84fa94-04c1-424b-9868-57a2d4851a1d" relativeResultsDirectory="6d1e3a94-29d3-46b2-9b20-84d95deb351c" />
    <UnitTestResult executionId="e665481c-590b-4e12-9ee0-d096ec5ab1ad" testId="a98941f9-647a-7d94-aa3e-6a0a737d8705" testName="ContactService.Tests.Repositories.ContactHistoryRepositoryTests.CreateAsync_ShouldAddHistoryToDatabase" computerName="base" duration="00:00:00.0154492" startTime="2025-08-09T20:56:27.4184770+03:00" endTime="2025-08-09T20:56:27.4336240+03:00" testType="13cdc9d9-ddb5-4fa4-a97d-d965ccfc6d4b" outcome="Passed" testListId="8c84fa94-04c1-424b-9868-57a2d4851a1d" relativeResultsDirectory="e665481c-590b-4e12-9ee0-d096ec5ab1ad" />
    <UnitTestResult executionId="693aab19-5332-437d-bd92-5c53bc2af223" testId="8df8dd58-ba1d-55ba-a3fa-2d529bc5271b" testName="ContactService.Tests.Behaviors.ValidationBehaviorTests.Handle_WithMultipleValidators_ShouldCombineErrors" computerName="base" duration="00:00:00.0758942" startTime="2025-08-09T20:56:27.0627570+03:00" endTime="2025-08-09T20:56:27.1279200+03:00" testType="13cdc9d9-ddb5-4fa4-a97d-d965ccfc6d4b" outcome="Passed" testListId="8c84fa94-04c1-424b-9868-57a2d4851a1d" relativeResultsDirectory="693aab19-5332-437d-bd92-5c53bc2af223" />
    <UnitTestResult executionId="524a1a4d-f636-4161-b132-8eb7f84f173f" testId="48769fa8-8334-e0cd-8bbc-a5d611b35154" testName="ContactService.Tests.Repositories.OutboxRepositoryTests.GetByIdAsync_WhenEventDoesNotExist_ShouldReturnNull" computerName="base" duration="00:00:00.0004925" startTime="2025-08-09T20:56:27.4411160+03:00" endTime="2025-08-09T20:56:27.4415070+03:00" testType="13cdc9d9-ddb5-4fa4-a97d-d965ccfc6d4b" outcome="Passed" testListId="8c84fa94-04c1-424b-9868-57a2d4851a1d" relativeResultsDirectory="524a1a4d-f636-4161-b132-8eb7f84f173f" />
    <UnitTestResult executionId="dcc22c03-7eca-498d-859d-8663f80df4b6" testId="303469c6-38ab-ed9d-3288-178e4263a70a" testName="ContactService.Tests.Behaviors.CorrelationIdBehaviorTests.Handle_ShouldPropagateCorrelationIdToLogScope" computerName="base" duration="00:00:00.0062108" startTime="2025-08-09T20:56:27.1378230+03:00" endTime="2025-08-09T20:56:27.1439960+03:00" testType="13cdc9d9-ddb5-4fa4-a97d-d965ccfc6d4b" outcome="Passed" testListId="8c84fa94-04c1-424b-9868-57a2d4851a1d" relativeResultsDirectory="dcc22c03-7eca-498d-859d-8663f80df4b6" />
    <UnitTestResult executionId="b8316453-bdb2-46f3-8575-d6d0bd2c48bd" testId="93a548f9-9bdb-c210-9620-95913b3b07b1" testName="ContactService.Tests.Services.CachedContactServiceTests.GetAllContactsAsync_WhenNotCached_ShouldFetchAndCache" computerName="base" duration="00:00:00.0054295" startTime="2025-08-09T20:56:27.1684840+03:00" endTime="2025-08-09T20:56:27.1736870+03:00" testType="13cdc9d9-ddb5-4fa4-a97d-d965ccfc6d4b" outcome="Passed" testListId="8c84fa94-04c1-424b-9868-57a2d4851a1d" relativeResultsDirectory="b8316453-bdb2-46f3-8575-d6d0bd2c48bd" />
    <UnitTestResult executionId="03e46224-9fb9-4980-a654-0d91d6195172" testId="079beacb-8703-1df3-fe00-909a1c0b8abb" testName="ContactService.Tests.Services.ContactServiceApplicationTests.GetLocationStatistics_ReturnsStatistics" computerName="base" duration="00:00:00.0026520" startTime="2025-08-09T20:56:27.1512430+03:00" endTime="2025-08-09T20:56:27.1535120+03:00" testType="13cdc9d9-ddb5-4fa4-a97d-d965ccfc6d4b" outcome="Passed" testListId="8c84fa94-04c1-424b-9868-57a2d4851a1d" relativeResultsDirectory="03e46224-9fb9-4980-a654-0d91d6195172" />
    <UnitTestResult executionId="280b250d-6743-4259-8bbc-c84de70093eb" testId="ebc1e7bb-8a9c-9b8e-bcd1-99f7525bedd1" testName="ContactService.Tests.Domain.Entities.OutboxEventTests.MarkAsProcessed_WhenPending_ShouldUpdateStatus" computerName="base" duration="00:00:00.0008070" startTime="2025-08-09T20:56:27.1169090+03:00" endTime="2025-08-09T20:56:27.1177040+03:00" testType="13cdc9d9-ddb5-4fa4-a97d-d965ccfc6d4b" outcome="Passed" testListId="8c84fa94-04c1-424b-9868-57a2d4851a1d" relativeResultsDirectory="280b250d-6743-4259-8bbc-c84de70093eb" />
    <UnitTestResult executionId="c345f0d1-07bc-4d20-a8dc-41c4cd796fb5" testId="d0df7d2e-7ab0-18b7-8342-cb7eb1d3df01" testName="ContactService.Tests.Repositories.MongoAuditLogRepositoryStatisticsTests.GetStatisticsAsync_WithNoTimeFilter_ShouldReturnAllStatistics" computerName="base" duration="00:00:00.0010000" startTime="2025-08-09T20:56:27.0754440+03:00" endTime="2025-08-09T20:56:27.0754520+03:00" testType="13cdc9d9-ddb5-4fa4-a97d-d965ccfc6d4b" outcome="NotExecuted" testListId="8c84fa94-04c1-424b-9868-57a2d4851a1d" relativeResultsDirectory="c345f0d1-07bc-4d20-a8dc-41c4cd796fb5">
      <Output>
        <ErrorInfo>
          <Message>Temporarily disabled due to MongoDB mocking complexity</Message>
        </ErrorInfo>
      </Output>
    </UnitTestResult>
    <UnitTestResult executionId="8e46c422-7c39-4489-bb8e-d3b62666336a" testId="b8757ebb-ac02-15f3-0369-d21eca9ec4b0" testName="ContactService.Tests.Domain.Entities.ContactHistoryTests.Constructor_WithValidParams_ShouldCreateHistoryRecord" computerName="base" duration="00:00:00.0062271" startTime="2025-08-09T20:56:27.1052430+03:00" endTime="2025-08-09T20:56:27.1108970+03:00" testType="13cdc9d9-ddb5-4fa4-a97d-d965ccfc6d4b" outcome="Passed" testListId="8c84fa94-04c1-424b-9868-57a2d4851a1d" relativeResultsDirectory="8e46c422-7c39-4489-bb8e-d3b62666336a" />
    <UnitTestResult executionId="35f74bd8-9847-4aaf-aada-61165fbc05e5" testId="21177713-0664-d2f9-4bc9-b96dd1ee3911" testName="ContactService.Tests.Domain.Entities.ContactHistoryTests.Constructor_WithInvalidOperationType_ShouldThrowException(operationType: &quot;  &quot;)" computerName="base" duration="00:00:00.0004544" startTime="2025-08-09T20:56:27.0858920+03:00" endTime="2025-08-09T20:56:27.0860390+03:00" testType="13cdc9d9-ddb5-4fa4-a97d-d965ccfc6d4b" outcome="Passed" testListId="8c84fa94-04c1-424b-9868-57a2d4851a1d" relativeResultsDirectory="35f74bd8-9847-4aaf-aada-61165fbc05e5" />
    <UnitTestResult executionId="d9ea3b84-cd1c-4bfb-a66e-dc4a77b83750" testId="d6ca4153-3bc3-c4d0-31a9-0c57db630ab6" testName="ContactService.Tests.Services.OutboxServiceTests.GetStatisticsAsync_ShouldReturnStatistics" computerName="base" duration="00:00:00.0022764" startTime="2025-08-09T20:56:27.1780340+03:00" endTime="2025-08-09T20:56:27.1802940+03:00" testType="13cdc9d9-ddb5-4fa4-a97d-d965ccfc6d4b" outcome="Passed" testListId="8c84fa94-04c1-424b-9868-57a2d4851a1d" relativeResultsDirectory="d9ea3b84-cd1c-4bfb-a66e-dc4a77b83750" />
    <UnitTestResult executionId="b7e2688c-c2bc-4637-bb8e-c130d530c604" testId="b0d4b3ba-6734-251e-ba89-4709731e505d" testName="ContactService.Tests.Domain.Entities.ContactInfoTests.UpdateContent_Should_Throw_Exception_When_Invalid_Content" computerName="base" duration="00:00:00.0002783" startTime="2025-08-09T20:56:27.0853400+03:00" endTime="2025-08-09T20:56:27.0854630+03:00" testType="13cdc9d9-ddb5-4fa4-a97d-d965ccfc6d4b" outcome="Passed" testListId="8c84fa94-04c1-424b-9868-57a2d4851a1d" relativeResultsDirectory="b7e2688c-c2bc-4637-bb8e-c130d530c604" />
    <UnitTestResult executionId="8b19284e-9109-4dde-8661-c89e0df33662" testId="1da84cc3-d68d-1fd0-8553-02c4d595a768" testName="ContactService.Tests.Services.ContactServiceMainTests.RemoveContactInfoAsync_WhenContactNotExists_ShouldReturnFalse" computerName="base" duration="00:00:00.0015270" startTime="2025-08-09T20:56:27.1382230+03:00" endTime="2025-08-09T20:56:27.1397450+03:00" testType="13cdc9d9-ddb5-4fa4-a97d-d965ccfc6d4b" outcome="Passed" testListId="8c84fa94-04c1-424b-9868-57a2d4851a1d" relativeResultsDirectory="8b19284e-9109-4dde-8661-c89e0df33662" />
    <UnitTestResult executionId="cea12bbe-2c21-46d2-9dc8-fd6c729de96d" testId="cf3fa0bc-061b-2f26-6e71-2d0393970326" testName="ContactService.Tests.Validations.CreateContactCommandValidatorTests.Validate_EmptyOrNullName_ShouldFailValidation(name: &quot; &quot;)" computerName="base" duration="00:00:00.0001072" startTime="2025-08-09T20:56:27.0866300+03:00" endTime="2025-08-09T20:56:27.0866480+03:00" testType="13cdc9d9-ddb5-4fa4-a97d-d965ccfc6d4b" outcome="Passed" testListId="8c84fa94-04c1-424b-9868-57a2d4851a1d" relativeResultsDirectory="cea12bbe-2c21-46d2-9dc8-fd6c729de96d" />
    <UnitTestResult executionId="e02722c7-a2cd-4140-81da-350bf7cf53d8" testId="c22a2219-facc-0b55-ae5b-c7422017b9a7" testName="ContactService.Tests.Repositories.MongoAuditLogRepositoryTests.IsHealthyAsync_WhenSuccessful_ShouldReturnTrue" computerName="base" duration="00:00:00.0007799" startTime="2025-08-09T20:56:27.2386900+03:00" endTime="2025-08-09T20:56:27.2394180+03:00" testType="13cdc9d9-ddb5-4fa4-a97d-d965ccfc6d4b" outcome="Passed" testListId="8c84fa94-04c1-424b-9868-57a2d4851a1d" relativeResultsDirectory="e02722c7-a2cd-4140-81da-350bf7cf53d8" />
    <UnitTestResult executionId="90b3339e-d74d-4b7e-8661-06b9b89049af" testId="e5b3f3f9-815f-19a6-4803-fcfa541b2e01" testName="ContactService.Tests.Repositories.InterfaceAuditLogRepositoryTests.GetStatisticsAsync_ShouldReturnStatistics" computerName="base" duration="00:00:00.0012682" startTime="2025-08-09T20:56:27.1518890+03:00" endTime="2025-08-09T20:56:27.1532600+03:00" testType="13cdc9d9-ddb5-4fa4-a97d-d965ccfc6d4b" outcome="Passed" testListId="8c84fa94-04c1-424b-9868-57a2d4851a1d" relativeResultsDirectory="90b3339e-d74d-4b7e-8661-06b9b89049af" />
    <UnitTestResult executionId="5b222cf7-6f11-4279-85b1-cc3c00a8c9d5" testId="590a02c1-90e8-4289-2822-89e1e1d08adf" testName="ContactService.Tests.Services.OutboxServiceTests.ProcessPendingEventsAsync_ShouldUseCorrectTopicForEventType(eventType: &quot;ContactCreated&quot;, expectedTopic: &quot;contact-events&quot;)" computerName="base" duration="00:00:00.0266532" startTime="2025-08-09T20:56:27.1481170+03:00" endTime="2025-08-09T20:56:27.1746260+03:00" testType="13cdc9d9-ddb5-4fa4-a97d-d965ccfc6d4b" outcome="Passed" testListId="8c84fa94-04c1-424b-9868-57a2d4851a1d" relativeResultsDirectory="5b222cf7-6f11-4279-85b1-cc3c00a8c9d5" />
  </Results>
  <TestDefinitions>
    <UnitTest name="ContactService.Tests.Domain.Entities.OutboxEventTests.ResetForRetry_WhenCannotRetry_ShouldThrowException" storage="/users/r00t/projects/phonebookapp/contactservice.tests/bin/debug/net9.0/contactservice.tests.dll" id="5ccace46-0f74-b6d1-7237-e04c8c13a0ce">
      <Execution id="4a0ed842-af05-470d-9630-4b5822a38929" />
      <TestMethod codeBase="/Users/r00t/Projects/PhoneBookApp/ContactService.Tests/bin/Debug/net9.0/ContactService.Tests.dll" adapterTypeName="executor://xunit/VsTestRunner3/netcore/" className="ContactService.Tests.Domain.Entities.OutboxEventTests" name="ResetForRetry_WhenCannotRetry_ShouldThrowException" />
    </UnitTest>
    <UnitTest name="ContactService.Tests.Repositories.MongoAuditLogRepositoryTests.GetByServiceAsync_ShouldReturnMatchingLogs" storage="/users/r00t/projects/phonebookapp/contactservice.tests/bin/debug/net9.0/contactservice.tests.dll" id="7b1a0e55-ebf1-ac80-0df9-765bdf08c16d">
      <Execution id="8a039334-85b9-4dbd-a959-b1aea0e71270" />
      <TestMethod codeBase="/Users/r00t/Projects/PhoneBookApp/ContactService.Tests/bin/Debug/net9.0/ContactService.Tests.dll" adapterTypeName="executor://xunit/VsTestRunner3/netcore/" className="ContactService.Tests.Repositories.MongoAuditLogRepositoryTests" name="GetByServiceAsync_ShouldReturnMatchingLogs" />
    </UnitTest>
    <UnitTest name="ContactService.Tests.Behaviors.CorrelationIdBehaviorTests.Handle_ShouldPropagateCorrelationIdToLogScope" storage="/users/r00t/projects/phonebookapp/contactservice.tests/bin/debug/net9.0/contactservice.tests.dll" id="303469c6-38ab-ed9d-3288-178e4263a70a">
      <Execution id="dcc22c03-7eca-498d-859d-8663f80df4b6" />
      <TestMethod codeBase="/Users/r00t/Projects/PhoneBookApp/ContactService.Tests/bin/Debug/net9.0/ContactService.Tests.dll" adapterTypeName="executor://xunit/VsTestRunner3/netcore/" className="ContactService.Tests.Behaviors.CorrelationIdBehaviorTests" name="Handle_ShouldPropagateCorrelationIdToLogScope" />
    </UnitTest>
    <UnitTest name="ContactService.Tests.Repositories.OutboxRepositoryTests.DeleteProcessedEventsAsync_ShouldRemoveOldProcessedEvents" storage="/users/r00t/projects/phonebookapp/contactservice.tests/bin/debug/net9.0/contactservice.tests.dll" id="a8dd3c80-baec-5569-e032-562c61405c66">
      <Execution id="f7687891-a625-4ed9-b95e-97e6bf0bd76a" />
      <TestMethod codeBase="/Users/r00t/Projects/PhoneBookApp/ContactService.Tests/bin/Debug/net9.0/ContactService.Tests.dll" adapterTypeName="executor://xunit/VsTestRunner3/netcore/" className="ContactService.Tests.Repositories.OutboxRepositoryTests" name="DeleteProcessedEventsAsync_ShouldRemoveOldProcessedEvents" />
    </UnitTest>
    <UnitTest name="ContactService.Tests.Repositories.ContactHistoryRepositoryTests.ExistsAsync_WhenHistoryDoesNotExist_ShouldReturnFalse" storage="/users/r00t/projects/phonebookapp/contactservice.tests/bin/debug/net9.0/contactservice.tests.dll" id="f6d2978e-dae0-7de4-d089-9d3548c89767">
      <Execution id="ad41509c-c5ba-480d-ac94-44864e6bda0d" />
      <TestMethod codeBase="/Users/r00t/Projects/PhoneBookApp/ContactService.Tests/bin/Debug/net9.0/ContactService.Tests.dll" adapterTypeName="executor://xunit/VsTestRunner3/netcore/" className="ContactService.Tests.Repositories.ContactHistoryRepositoryTests" name="ExistsAsync_WhenHistoryDoesNotExist_ShouldReturnFalse" />
    </UnitTest>
    <UnitTest name="ContactService.Tests.Behaviors.ValidationBehaviorTests.Handle_WhenValidationPasses_ShouldProceedWithRequest" storage="/users/r00t/projects/phonebookapp/contactservice.tests/bin/debug/net9.0/contactservice.tests.dll" id="186e0ae0-54bb-b584-d5f3-d4b81fe8b789">
      <Execution id="2827ba95-7d9e-48cf-ac98-105fa5c192a6" />
      <TestMethod codeBase="/Users/r00t/Projects/PhoneBookApp/ContactService.Tests/bin/Debug/net9.0/ContactService.Tests.dll" adapterTypeName="executor://xunit/VsTestRunner3/netcore/" className="ContactService.Tests.Behaviors.ValidationBehaviorTests" name="Handle_WhenValidationPasses_ShouldProceedWithRequest" />
    </UnitTest>
    <UnitTest name="ContactService.Tests.Services.ContactServiceMainTestsFixed.GetAllContactsAsync_ShouldReturnContacts_WhenContactsExist" storage="/users/r00t/projects/phonebookapp/contactservice.tests/bin/debug/net9.0/contactservice.tests.dll" id="ec02fbb4-d590-b6b0-27ca-a9b5c98b723e">
      <Execution id="c9dacde6-671b-48db-8df5-5f9b6521ec65" />
      <TestMethod codeBase="/Users/r00t/Projects/PhoneBookApp/ContactService.Tests/bin/Debug/net9.0/ContactService.Tests.dll" adapterTypeName="executor://xunit/VsTestRunner3/netcore/" className="ContactService.Tests.Services.ContactServiceMainTestsFixed" name="GetAllContactsAsync_ShouldReturnContacts_WhenContactsExist" />
    </UnitTest>
    <UnitTest name="ContactService.Tests.Repositories.AuditLogRepositoryStatisticsTests.GetActionStatisticsAsync_ShouldReturnActionCounts" storage="/users/r00t/projects/phonebookapp/contactservice.tests/bin/debug/net9.0/contactservice.tests.dll" id="845261f0-e98d-a9b8-413e-9d417cff7f7d">
      <Execution id="46204e8d-17a9-4319-97fe-f23a4ea192c0" />
      <TestMethod codeBase="/Users/r00t/Projects/PhoneBookApp/ContactService.Tests/bin/Debug/net9.0/ContactService.Tests.dll" adapterTypeName="executor://xunit/VsTestRunner3/netcore/" className="ContactService.Tests.Repositories.AuditLogRepositoryStatisticsTests" name="GetActionStatisticsAsync_ShouldReturnActionCounts" />
    </UnitTest>
    <UnitTest name="ContactService.Tests.Behaviors.CorrelationIdBehaviorTests.Handle_WithNullCorrelationId_ShouldStillProceed" storage="/users/r00t/projects/phonebookapp/contactservice.tests/bin/debug/net9.0/contactservice.tests.dll" id="c265e0ad-d94e-42fe-4e3b-d91e4cefddef">
      <Execution id="402a8e39-da3f-4eb1-aa2c-d74e0472178d" />
      <TestMethod codeBase="/Users/r00t/Projects/PhoneBookApp/ContactService.Tests/bin/Debug/net9.0/ContactService.Tests.dll" adapterTypeName="executor://xunit/VsTestRunner3/netcore/" className="ContactService.Tests.Behaviors.CorrelationIdBehaviorTests" name="Handle_WithNullCorrelationId_ShouldStillProceed" />
    </UnitTest>
    <UnitTest name="ContactService.Tests.Domain.Entities.ContactInfoTests.ContactInfo_Creation_Should_Set_Properties_Correctly" storage="/users/r00t/projects/phonebookapp/contactservice.tests/bin/debug/net9.0/contactservice.tests.dll" id="564c5037-65a1-7599-1569-b6c4c9625451">
      <Execution id="510c48c9-a125-4446-94af-cc370608b639" />
      <TestMethod codeBase="/Users/r00t/Projects/PhoneBookApp/ContactService.Tests/bin/Debug/net9.0/ContactService.Tests.dll" adapterTypeName="executor://xunit/VsTestRunner3/netcore/" className="ContactService.Tests.Domain.Entities.ContactInfoTests" name="ContactInfo_Creation_Should_Set_Properties_Correctly" />
    </UnitTest>
    <UnitTest name="ContactService.Tests.Repositories.AuditLogRepositoryStatisticsTests.GetActionStatisticsAsync_EmptyResult_ShouldReturnEmptyDictionary" storage="/users/r00t/projects/phonebookapp/contactservice.tests/bin/debug/net9.0/contactservice.tests.dll" id="a4f8bfa9-6cc1-5bf5-36f0-2d9d79a6bf43">
      <Execution id="3c38dfdf-8fde-492f-9eb7-22a9357c8885" />
      <TestMethod codeBase="/Users/r00t/Projects/PhoneBookApp/ContactService.Tests/bin/Debug/net9.0/ContactService.Tests.dll" adapterTypeName="executor://xunit/VsTestRunner3/netcore/" className="ContactService.Tests.Repositories.AuditLogRepositoryStatisticsTests" name="GetActionStatisticsAsync_EmptyResult_ShouldReturnEmptyDictionary" />
    </UnitTest>
    <UnitTest name="ContactService.Tests.Repositories.ContactHistoryRepositoryTests.CreateAsync_ShouldAddHistoryToDatabase" storage="/users/r00t/projects/phonebookapp/contactservice.tests/bin/debug/net9.0/contactservice.tests.dll" id="a98941f9-647a-7d94-aa3e-6a0a737d8705">
      <Execution id="e665481c-590b-4e12-9ee0-d096ec5ab1ad" />
      <TestMethod codeBase="/Users/r00t/Projects/PhoneBookApp/ContactService.Tests/bin/Debug/net9.0/ContactService.Tests.dll" adapterTypeName="executor://xunit/VsTestRunner3/netcore/" className="ContactService.Tests.Repositories.ContactHistoryRepositoryTests" name="CreateAsync_ShouldAddHistoryToDatabase" />
    </UnitTest>
    <UnitTest name="ContactService.Tests.Services.OutboxServiceTests.ProcessPendingEventsAsync_ShouldUseCorrectTopicForEventType(eventType: &quot;ContactCreated&quot;, expectedTopic: &quot;contact-events&quot;)" storage="/users/r00t/projects/phonebookapp/contactservice.tests/bin/debug/net9.0/contactservice.tests.dll" id="590a02c1-90e8-4289-2822-89e1e1d08adf">
      <Execution id="5b222cf7-6f11-4279-85b1-cc3c00a8c9d5" />
      <TestMethod codeBase="/Users/r00t/Projects/PhoneBookApp/ContactService.Tests/bin/Debug/net9.0/ContactService.Tests.dll" adapterTypeName="executor://xunit/VsTestRunner3/netcore/" className="ContactService.Tests.Services.OutboxServiceTests" name="ProcessPendingEventsAsync_ShouldUseCorrectTopicForEventType" />
    </UnitTest>
    <UnitTest name="ContactService.Tests.Services.ContactServiceAddContactInfoTests.AddContactInfoAsync_WithLocationInfo_ShouldAddLocationContactInfo" storage="/users/r00t/projects/phonebookapp/contactservice.tests/bin/debug/net9.0/contactservice.tests.dll" id="aa0f0ade-30f6-ce3c-0d3a-b05184cc7d19">
      <Execution id="a2e03ce7-6825-478f-bfeb-8888435b9e3b" />
      <TestMethod codeBase="/Users/r00t/Projects/PhoneBookApp/ContactService.Tests/bin/Debug/net9.0/ContactService.Tests.dll" adapterTypeName="executor://xunit/VsTestRunner3/netcore/" className="ContactService.Tests.Services.ContactServiceAddContactInfoTests" name="AddContactInfoAsync_WithLocationInfo_ShouldAddLocationContactInfo" />
    </UnitTest>
    <UnitTest name="ContactService.Tests.Services.ContactServiceTestsFixed.UpdateContactAsync_WithValidData_ShouldUpdateContact" storage="/users/r00t/projects/phonebookapp/contactservice.tests/bin/debug/net9.0/contactservice.tests.dll" id="dbe292bc-3a80-0e4c-f6be-328bcc89dd40">
      <Execution id="bc1cca7a-59fa-4034-9cd7-e0f3ec44123b" />
      <TestMethod codeBase="/Users/r00t/Projects/PhoneBookApp/ContactService.Tests/bin/Debug/net9.0/ContactService.Tests.dll" adapterTypeName="executor://xunit/VsTestRunner3/netcore/" className="ContactService.Tests.Services.ContactServiceTestsFixed" name="UpdateContactAsync_WithValidData_ShouldUpdateContact" />
    </UnitTest>
    <UnitTest name="ContactService.Tests.Domain.Entities.OutboxEventTests.Constructor_WithInvalidCorrelationId_ShouldThrowException(correlationId: &quot;  &quot;)" storage="/users/r00t/projects/phonebookapp/contactservice.tests/bin/debug/net9.0/contactservice.tests.dll" id="72500727-27e7-6ae3-a846-6658170429c8">
      <Execution id="c761652d-1906-4e90-863a-a54947fd11b3" />
      <TestMethod codeBase="/Users/r00t/Projects/PhoneBookApp/ContactService.Tests/bin/Debug/net9.0/ContactService.Tests.dll" adapterTypeName="executor://xunit/VsTestRunner3/netcore/" className="ContactService.Tests.Domain.Entities.OutboxEventTests" name="Constructor_WithInvalidCorrelationId_ShouldThrowException" />
    </UnitTest>
    <UnitTest name="ContactService.Tests.Repositories.ContactHistoryRepositoryTests.GetContactHistoryForReplayAsync_ShouldReturnOrderedHistory" storage="/users/r00t/projects/phonebookapp/contactservice.tests/bin/debug/net9.0/contactservice.tests.dll" id="6b9bfd0c-67c8-c0c3-9649-9c290a5b6a5a">
      <Execution id="805d4785-9518-4729-9a16-0c9519a6d3e1" />
      <TestMethod codeBase="/Users/r00t/Projects/PhoneBookApp/ContactService.Tests/bin/Debug/net9.0/ContactService.Tests.dll" adapterTypeName="executor://xunit/VsTestRunner3/netcore/" className="ContactService.Tests.Repositories.ContactHistoryRepositoryTests" name="GetContactHistoryForReplayAsync_ShouldReturnOrderedHistory" />
    </UnitTest>
    <UnitTest name="ContactService.Tests.Repositories.InterfaceAuditLogRepositoryTests.SearchAsync_ShouldReturnFilteredResults" storage="/users/r00t/projects/phonebookapp/contactservice.tests/bin/debug/net9.0/contactservice.tests.dll" id="405f40d7-9561-3309-8bfa-837cee093906">
      <Execution id="a8c93645-1b37-48f7-8e48-474a5a932dfd" />
      <TestMethod codeBase="/Users/r00t/Projects/PhoneBookApp/ContactService.Tests/bin/Debug/net9.0/ContactService.Tests.dll" adapterTypeName="executor://xunit/VsTestRunner3/netcore/" className="ContactService.Tests.Repositories.InterfaceAuditLogRepositoryTests" name="SearchAsync_ShouldReturnFilteredResults" />
    </UnitTest>
    <UnitTest name="ContactService.Tests.Workers.OutboxProcessorWorkerTests.ExecuteAsync_ShouldContinueProcessing_AfterTransientError" storage="/users/r00t/projects/phonebookapp/contactservice.tests/bin/debug/net9.0/contactservice.tests.dll" id="8dd9aa31-5523-1047-66ae-9f4c2c842812">
      <Execution id="584950a5-e5e3-4353-b80b-83c60546018b" />
      <TestMethod codeBase="/Users/r00t/Projects/PhoneBookApp/ContactService.Tests/bin/Debug/net9.0/ContactService.Tests.dll" adapterTypeName="executor://xunit/VsTestRunner3/netcore/" className="ContactService.Tests.Workers.OutboxProcessorWorkerTests" name="ExecuteAsync_ShouldContinueProcessing_AfterTransientError" />
    </UnitTest>
    <UnitTest name="ContactService.Tests.Repositories.OutboxRepositoryTests.UpdateAsync_ShouldUpdateEventInDatabase" storage="/users/r00t/projects/phonebookapp/contactservice.tests/bin/debug/net9.0/contactservice.tests.dll" id="971f74ca-45cd-bbdc-49ea-21ff7eee9175">
      <Execution id="afbce010-ee28-4650-8575-d7003813ff08" />
      <TestMethod codeBase="/Users/r00t/Projects/PhoneBookApp/ContactService.Tests/bin/Debug/net9.0/ContactService.Tests.dll" adapterTypeName="executor://xunit/VsTestRunner3/netcore/" className="ContactService.Tests.Repositories.OutboxRepositoryTests" name="UpdateAsync_ShouldUpdateEventInDatabase" />
    </UnitTest>
    <UnitTest name="ContactService.Tests.Repositories.ContactHistoryRepositoryTests.GetByIdAsync_WhenHistoryExists_ShouldReturnHistory" storage="/users/r00t/projects/phonebookapp/contactservice.tests/bin/debug/net9.0/contactservice.tests.dll" id="f6cc4de9-bc93-ddd1-2691-512c66bfa34f">
      <Execution id="6f31f3ae-d483-4bc6-bf23-7d2b6e6cfd3e" />
      <TestMethod codeBase="/Users/r00t/Projects/PhoneBookApp/ContactService.Tests/bin/Debug/net9.0/ContactService.Tests.dll" adapterTypeName="executor://xunit/VsTestRunner3/netcore/" className="ContactService.Tests.Repositories.ContactHistoryRepositoryTests" name="GetByIdAsync_WhenHistoryExists_ShouldReturnHistory" />
    </UnitTest>
    <UnitTest name="ContactService.Tests.Domain.Entities.ContactTests.AddContactInfo_Should_Throw_Exception_When_Invalid_Content(infoType: EmailAddress, content: &quot;invalid-email&quot;)" storage="/users/r00t/projects/phonebookapp/contactservice.tests/bin/debug/net9.0/contactservice.tests.dll" id="de9a4fde-3700-801f-3fd1-721a68b10663">
      <Execution id="2ad14e11-36d2-4dbf-bb01-dc3a287c6009" />
      <TestMethod codeBase="/Users/r00t/Projects/PhoneBookApp/ContactService.Tests/bin/Debug/net9.0/ContactService.Tests.dll" adapterTypeName="executor://xunit/VsTestRunner3/netcore/" className="ContactService.Tests.Domain.Entities.ContactTests" name="AddContactInfo_Should_Throw_Exception_When_Invalid_Content" />
    </UnitTest>
    <UnitTest name="ContactService.Tests.Repositories.MongoAuditLogRepositoryStatisticsTests.GetStatisticsAsync_ShouldReturnServiceStatistics" storage="/users/r00t/projects/phonebookapp/contactservice.tests/bin/debug/net9.0/contactservice.tests.dll" id="8bf11057-d034-46e9-c31f-3379f9cc18ac">
      <Execution id="a9143980-a119-488d-8d4c-f2ad23f606f8" />
      <TestMethod codeBase="/Users/r00t/Projects/PhoneBookApp/ContactService.Tests/bin/Debug/net9.0/ContactService.Tests.dll" adapterTypeName="executor://xunit/VsTestRunner3/netcore/" className="ContactService.Tests.Repositories.MongoAuditLogRepositoryStatisticsTests" name="GetStatisticsAsync_ShouldReturnServiceStatistics" />
    </UnitTest>
    <UnitTest name="ContactService.Tests.Domain.Entities.ContactTests.Contact_Creation_Should_Throw_Exception_When_Invalid_Name(firstName: &quot;John&quot;, lastName: &quot; &quot;, company: &quot;ACME&quot;)" storage="/users/r00t/projects/phonebookapp/contactservice.tests/bin/debug/net9.0/contactservice.tests.dll" id="03d2df7b-7fd5-d4ef-8c80-9c4e08c34591">
      <Execution id="32f6d61c-e264-4d77-9112-3bd6d50eca38" />
      <TestMethod codeBase="/Users/r00t/Projects/PhoneBookApp/ContactService.Tests/bin/Debug/net9.0/ContactService.Tests.dll" adapterTypeName="executor://xunit/VsTestRunner3/netcore/" className="ContactService.Tests.Domain.Entities.ContactTests" name="Contact_Creation_Should_Throw_Exception_When_Invalid_Name" />
    </UnitTest>
    <UnitTest name="ContactService.Tests.Domain.Entities.ContactHistoryTests.GetAdditionalMetadata_WithValidData_ShouldDeserializeCorrectly" storage="/users/r00t/projects/phonebookapp/contactservice.tests/bin/debug/net9.0/contactservice.tests.dll" id="c1535f5e-9821-2318-5e4b-fc0d5c6dc1b7">
      <Execution id="5a76fead-ff87-4e23-a622-7b1706763026" />
      <TestMethod codeBase="/Users/r00t/Projects/PhoneBookApp/ContactService.Tests/bin/Debug/net9.0/ContactService.Tests.dll" adapterTypeName="executor://xunit/VsTestRunner3/netcore/" className="ContactService.Tests.Domain.Entities.ContactHistoryTests" name="GetAdditionalMetadata_WithValidData_ShouldDeserializeCorrectly" />
    </UnitTest>
    <UnitTest name="ContactService.Tests.Validations.CreateContactCommandValidatorTests.Validate_EmptyOrNullName_ShouldFailValidation(name: &quot;&quot;)" storage="/users/r00t/projects/phonebookapp/contactservice.tests/bin/debug/net9.0/contactservice.tests.dll" id="e21c7a63-6890-2b93-a955-ffd8ea432639">
      <Execution id="bab661ce-09db-42e7-875f-fcd7677162e4" />
      <TestMethod codeBase="/Users/r00t/Projects/PhoneBookApp/ContactService.Tests/bin/Debug/net9.0/ContactService.Tests.dll" adapterTypeName="executor://xunit/VsTestRunner3/netcore/" className="ContactService.Tests.Validations.CreateContactCommandValidatorTests" name="Validate_EmptyOrNullName_ShouldFailValidation" />
    </UnitTest>
    <UnitTest name="ContactService.Tests.Repositories.InterfaceAuditLogRepositoryTests.GetTotalCountAsync_ShouldReturnCount" storage="/users/r00t/projects/phonebookapp/contactservice.tests/bin/debug/net9.0/contactservice.tests.dll" id="20515b5d-e30f-5458-7e3f-a5a075cba14a">
      <Execution id="7adbdd08-e8ff-4489-a59d-b11914354ac7" />
      <TestMethod codeBase="/Users/r00t/Projects/PhoneBookApp/ContactService.Tests/bin/Debug/net9.0/ContactService.Tests.dll" adapterTypeName="executor://xunit/VsTestRunner3/netcore/" className="ContactService.Tests.Repositories.InterfaceAuditLogRepositoryTests" name="GetTotalCountAsync_ShouldReturnCount" />
    </UnitTest>
    <UnitTest name="ContactService.Tests.Services.ContactServiceTestsFixed.CreateContactAsync_WithValidData_ShouldCreateContact" storage="/users/r00t/projects/phonebookapp/contactservice.tests/bin/debug/net9.0/contactservice.tests.dll" id="636c8e1b-2921-90bc-df3a-d04e31cba999">
      <Execution id="f58e187a-0d08-42b7-acf9-e7d730264737" />
      <TestMethod codeBase="/Users/r00t/Projects/PhoneBookApp/ContactService.Tests/bin/Debug/net9.0/ContactService.Tests.dll" adapterTypeName="executor://xunit/VsTestRunner3/netcore/" className="ContactService.Tests.Services.ContactServiceTestsFixed" name="CreateContactAsync_WithValidData_ShouldCreateContact" />
    </UnitTest>
    <UnitTest name="ContactService.Tests.Services.CorrelationContextTests.CorrelationId_WhenNoHeaderExists_ShouldReturnNull" storage="/users/r00t/projects/phonebookapp/contactservice.tests/bin/debug/net9.0/contactservice.tests.dll" id="29e293e4-ac61-bb95-9df4-4a03b1c70d7f">
      <Execution id="a017ac71-4eec-4d38-abf2-c21cb145a9f5" />
      <TestMethod codeBase="/Users/r00t/Projects/PhoneBookApp/ContactService.Tests/bin/Debug/net9.0/ContactService.Tests.dll" adapterTypeName="executor://xunit/VsTestRunner3/netcore/" className="ContactService.Tests.Services.CorrelationContextTests" name="CorrelationId_WhenNoHeaderExists_ShouldReturnNull" />
    </UnitTest>
    <UnitTest name="ContactService.Tests.Services.ContactServiceMainTests.RemoveContactInfoAsync_WhenContactAndInfoExist_ShouldRemoveInfoAndReturnTrue" storage="/users/r00t/projects/phonebookapp/contactservice.tests/bin/debug/net9.0/contactservice.tests.dll" id="3f5bb582-9511-2ba7-2a49-ea1bd623604c">
      <Execution id="09c86b34-b43e-40e8-8c01-5624fdde4d1e" />
      <TestMethod codeBase="/Users/r00t/Projects/PhoneBookApp/ContactService.Tests/bin/Debug/net9.0/ContactService.Tests.dll" adapterTypeName="executor://xunit/VsTestRunner3/netcore/" className="ContactService.Tests.Services.ContactServiceMainTests" name="RemoveContactInfoAsync_WhenContactAndInfoExist_ShouldRemoveInfoAndReturnTrue" />
    </UnitTest>
    <UnitTest name="ContactService.Tests.Services.ContactServiceApplicationTests.CreateContactAsync_ValidInput_ReturnsContact" storage="/users/r00t/projects/phonebookapp/contactservice.tests/bin/debug/net9.0/contactservice.tests.dll" id="efa0793d-9ed9-d671-3dc7-bab3d6d8e171">
      <Execution id="86ca9cbe-b864-411d-83b9-d961ade091c0" />
      <TestMethod codeBase="/Users/r00t/Projects/PhoneBookApp/ContactService.Tests/bin/Debug/net9.0/ContactService.Tests.dll" adapterTypeName="executor://xunit/VsTestRunner3/netcore/" className="ContactService.Tests.Services.ContactServiceApplicationTests" name="CreateContactAsync_ValidInput_ReturnsContact" />
    </UnitTest>
    <UnitTest name="ContactService.Tests.Repositories.ContactHistoryRepositoryTests.GetAllAsync_WithInvalidParameters_ShouldThrowArgumentException(skip: 0, take: 1001)" storage="/users/r00t/projects/phonebookapp/contactservice.tests/bin/debug/net9.0/contactservice.tests.dll" id="8bbb19ee-ca07-eb9d-20fe-3a2629042ba7">
      <Execution id="4b228163-3659-49e8-9d45-2019cf9fcc81" />
      <TestMethod codeBase="/Users/r00t/Projects/PhoneBookApp/ContactService.Tests/bin/Debug/net9.0/ContactService.Tests.dll" adapterTypeName="executor://xunit/VsTestRunner3/netcore/" className="ContactService.Tests.Repositories.ContactHistoryRepositoryTests" name="GetAllAsync_WithInvalidParameters_ShouldThrowArgumentException" />
    </UnitTest>
    <UnitTest name="ContactService.Tests.Services.ContactServiceUpdateTests.UpdateContactAsync_WithValidData_ShouldUpdateContactSuccessfully" storage="/users/r00t/projects/phonebookapp/contactservice.tests/bin/debug/net9.0/contactservice.tests.dll" id="b274f1bf-e50c-37c1-bbf0-41f6669ca612">
      <Execution id="6c39526e-e0bb-46fe-a9e0-499805995b9a" />
      <TestMethod codeBase="/Users/r00t/Projects/PhoneBookApp/ContactService.Tests/bin/Debug/net9.0/ContactService.Tests.dll" adapterTypeName="executor://xunit/VsTestRunner3/netcore/" className="ContactService.Tests.Services.ContactServiceUpdateTests" name="UpdateContactAsync_WithValidData_ShouldUpdateContactSuccessfully" />
    </UnitTest>
    <UnitTest name="ContactService.Tests.Behaviors.CorrelationIdBehaviorTests.Handle_ShouldLogWithCorrelationId" storage="/users/r00t/projects/phonebookapp/contactservice.tests/bin/debug/net9.0/contactservice.tests.dll" id="1be1eef3-dd6b-5c52-1364-42afe525766d">
      <Execution id="948181c0-80b3-454e-8c31-049f7968fa1d" />
      <TestMethod codeBase="/Users/r00t/Projects/PhoneBookApp/ContactService.Tests/bin/Debug/net9.0/ContactService.Tests.dll" adapterTypeName="executor://xunit/VsTestRunner3/netcore/" className="ContactService.Tests.Behaviors.CorrelationIdBehaviorTests" name="Handle_ShouldLogWithCorrelationId" />
    </UnitTest>
    <UnitTest name="ContactService.Tests.Services.ContactServiceAddContactInfoTests.AddContactInfoAsync_WithNullContent_ShouldThrowArgumentException" storage="/users/r00t/projects/phonebookapp/contactservice.tests/bin/debug/net9.0/contactservice.tests.dll" id="4e4fa4f6-c071-ab44-a927-8c5880bc65fa">
      <Execution id="6266b55d-d936-4a7a-a0af-6b666f96733f" />
      <TestMethod codeBase="/Users/r00t/Projects/PhoneBookApp/ContactService.Tests/bin/Debug/net9.0/ContactService.Tests.dll" adapterTypeName="executor://xunit/VsTestRunner3/netcore/" className="ContactService.Tests.Services.ContactServiceAddContactInfoTests" name="AddContactInfoAsync_WithNullContent_ShouldThrowArgumentException" />
    </UnitTest>
    <UnitTest name="ContactService.Tests.Domain.Entities.ContactHistoryTests.Constructor_WithInvalidOperationType_ShouldThrowException(operationType: &quot;  &quot;)" storage="/users/r00t/projects/phonebookapp/contactservice.tests/bin/debug/net9.0/contactservice.tests.dll" id="21177713-0664-d2f9-4bc9-b96dd1ee3911">
      <Execution id="35f74bd8-9847-4aaf-aada-61165fbc05e5" />
      <TestMethod codeBase="/Users/r00t/Projects/PhoneBookApp/ContactService.Tests/bin/Debug/net9.0/ContactService.Tests.dll" adapterTypeName="executor://xunit/VsTestRunner3/netcore/" className="ContactService.Tests.Domain.Entities.ContactHistoryTests" name="Constructor_WithInvalidOperationType_ShouldThrowException" />
    </UnitTest>
    <UnitTest name="ContactService.Tests.Repositories.OutboxRepositoryTests.GetFailedEventsReadyForRetryAsync_ShouldReturnFailedEventsForRetry" storage="/users/r00t/projects/phonebookapp/contactservice.tests/bin/debug/net9.0/contactservice.tests.dll" id="5374287b-1f7c-c2b3-e154-de5380cc5ee7">
      <Execution id="2904b5d5-93d0-4d95-9fea-3a306ea143e1" />
      <TestMethod codeBase="/Users/r00t/Projects/PhoneBookApp/ContactService.Tests/bin/Debug/net9.0/ContactService.Tests.dll" adapterTypeName="executor://xunit/VsTestRunner3/netcore/" className="ContactService.Tests.Repositories.OutboxRepositoryTests" name="GetFailedEventsReadyForRetryAsync_ShouldReturnFailedEventsForRetry" />
    </UnitTest>
    <UnitTest name="ContactService.Tests.Services.ContactServiceApplicationTests.AddContactInfoAsync_ValidInput_ReturnsContact" storage="/users/r00t/projects/phonebookapp/contactservice.tests/bin/debug/net9.0/contactservice.tests.dll" id="44514b6a-1308-8b4b-e1cb-35d868791017">
      <Execution id="eb9ce67b-b217-4c23-a3ee-5e1f45e6b340" />
      <TestMethod codeBase="/Users/r00t/Projects/PhoneBookApp/ContactService.Tests/bin/Debug/net9.0/ContactService.Tests.dll" adapterTypeName="executor://xunit/VsTestRunner3/netcore/" className="ContactService.Tests.Services.ContactServiceApplicationTests" name="AddContactInfoAsync_ValidInput_ReturnsContact" />
    </UnitTest>
    <UnitTest name="ContactService.Tests.Domain.Entities.OutboxEventTests.MarkAsFailed_WithInvalidErrorMessage_ShouldThrowException(errorMessage: &quot;  &quot;)" storage="/users/r00t/projects/phonebookapp/contactservice.tests/bin/debug/net9.0/contactservice.tests.dll" id="72574eb0-b856-dae8-755b-38faed34615b">
      <Execution id="61191064-3e10-4a07-9a12-576bbe2e4a40" />
      <TestMethod codeBase="/Users/r00t/Projects/PhoneBookApp/ContactService.Tests/bin/Debug/net9.0/ContactService.Tests.dll" adapterTypeName="executor://xunit/VsTestRunner3/netcore/" className="ContactService.Tests.Domain.Entities.OutboxEventTests" name="MarkAsFailed_WithInvalidErrorMessage_ShouldThrowException" />
    </UnitTest>
    <UnitTest name="ContactService.Tests.Services.CachedContactServiceTests.GetLocationStatistics_WhenCached_ShouldReturnFromCache" storage="/users/r00t/projects/phonebookapp/contactservice.tests/bin/debug/net9.0/contactservice.tests.dll" id="5a3d8493-7c44-ef1a-59d7-15dc693e5f8d">
      <Execution id="14a4c684-2328-470e-832b-4bbb3aeeb962" />
      <TestMethod codeBase="/Users/r00t/Projects/PhoneBookApp/ContactService.Tests/bin/Debug/net9.0/ContactService.Tests.dll" adapterTypeName="executor://xunit/VsTestRunner3/netcore/" className="ContactService.Tests.Services.CachedContactServiceTests" name="GetLocationStatistics_WhenCached_ShouldReturnFromCache" />
    </UnitTest>
    <UnitTest name="ContactService.Tests.Repositories.ContactHistoryRepositoryTests.GetAllAsync_WithInvalidParameters_ShouldThrowArgumentException(skip: 0, take: 0)" storage="/users/r00t/projects/phonebookapp/contactservice.tests/bin/debug/net9.0/contactservice.tests.dll" id="5b70870a-4044-8f36-8484-a148325bc901">
      <Execution id="41352c09-2ed5-4b86-b036-28d98c99c6aa" />
      <TestMethod codeBase="/Users/r00t/Projects/PhoneBookApp/ContactService.Tests/bin/Debug/net9.0/ContactService.Tests.dll" adapterTypeName="executor://xunit/VsTestRunner3/netcore/" className="ContactService.Tests.Repositories.ContactHistoryRepositoryTests" name="GetAllAsync_WithInvalidParameters_ShouldThrowArgumentException" />
    </UnitTest>
    <UnitTest name="ContactService.Tests.Repositories.MongoAuditLogRepositoryTests.CreateAsync_WhenExceptionOccurs_ShouldLogAndRethrow" storage="/users/r00t/projects/phonebookapp/contactservice.tests/bin/debug/net9.0/contactservice.tests.dll" id="7de7d957-c48d-4f97-368d-ebbe90064a6b">
      <Execution id="ba7ac403-189f-4e8c-b556-8acbd1ffbf3f" />
      <TestMethod codeBase="/Users/r00t/Projects/PhoneBookApp/ContactService.Tests/bin/Debug/net9.0/ContactService.Tests.dll" adapterTypeName="executor://xunit/VsTestRunner3/netcore/" className="ContactService.Tests.Repositories.MongoAuditLogRepositoryTests" name="CreateAsync_WhenExceptionOccurs_ShouldLogAndRethrow" />
    </UnitTest>
    <UnitTest name="ContactService.Tests.Services.ContactServiceMainTestsFixed.CreateContactAsync_ShouldCreateContact_WhenValidDataProvided" storage="/users/r00t/projects/phonebookapp/contactservice.tests/bin/debug/net9.0/contactservice.tests.dll" id="e687c0c9-e8f5-210d-6629-c1db0675e79a">
      <Execution id="dc289e35-d2d8-44ce-88a4-961b35403659" />
      <TestMethod codeBase="/Users/r00t/Projects/PhoneBookApp/ContactService.Tests/bin/Debug/net9.0/ContactService.Tests.dll" adapterTypeName="executor://xunit/VsTestRunner3/netcore/" className="ContactService.Tests.Services.ContactServiceMainTestsFixed" name="CreateContactAsync_ShouldCreateContact_WhenValidDataProvided" />
    </UnitTest>
    <UnitTest name="ContactService.Tests.Controllers.ContactsControllerTests.GetContactById_WhenContactExists_ReturnsOkResult" storage="/users/r00t/projects/phonebookapp/contactservice.tests/bin/debug/net9.0/contactservice.tests.dll" id="c67f170d-f20c-043f-8f1f-955be167348a">
      <Execution id="88220608-8e4b-4b0a-be90-567d52bf8c76" />
      <TestMethod codeBase="/Users/r00t/Projects/PhoneBookApp/ContactService.Tests/bin/Debug/net9.0/ContactService.Tests.dll" adapterTypeName="executor://xunit/VsTestRunner3/netcore/" className="ContactService.Tests.Controllers.ContactsControllerTests" name="GetContactById_WhenContactExists_ReturnsOkResult" />
    </UnitTest>
    <UnitTest name="ContactService.Tests.Repositories.MongoAuditLogRepositoryTests.GetStatisticsAsync_ShouldReturnStatistics" storage="/users/r00t/projects/phonebookapp/contactservice.tests/bin/debug/net9.0/contactservice.tests.dll" id="785c5a05-d1a4-775f-7667-0fb40096a903">
      <Execution id="1306a136-4e75-4d0d-964c-ffb7359f0dc1" />
      <TestMethod codeBase="/Users/r00t/Projects/PhoneBookApp/ContactService.Tests/bin/Debug/net9.0/ContactService.Tests.dll" adapterTypeName="executor://xunit/VsTestRunner3/netcore/" className="ContactService.Tests.Repositories.MongoAuditLogRepositoryTests" name="GetStatisticsAsync_ShouldReturnStatistics" />
    </UnitTest>
    <UnitTest name="ContactService.Tests.Domain.Entities.ContactTests.Contact_Creation_Should_Throw_Exception_When_Invalid_Name(firstName: &quot;&quot;, lastName: &quot;Doe&quot;, company: &quot;ACME&quot;)" storage="/users/r00t/projects/phonebookapp/contactservice.tests/bin/debug/net9.0/contactservice.tests.dll" id="35b978b9-024b-99e0-6603-6ef26ec2ebf5">
      <Execution id="06e854f1-6230-4955-b170-3fde1810e1ef" />
      <TestMethod codeBase="/Users/r00t/Projects/PhoneBookApp/ContactService.Tests/bin/Debug/net9.0/ContactService.Tests.dll" adapterTypeName="executor://xunit/VsTestRunner3/netcore/" className="ContactService.Tests.Domain.Entities.ContactTests" name="Contact_Creation_Should_Throw_Exception_When_Invalid_Name" />
    </UnitTest>
    <UnitTest name="ContactService.Tests.Domain.Entities.ContactTests.UpdateContactInformation_Should_Update_Properties" storage="/users/r00t/projects/phonebookapp/contactservice.tests/bin/debug/net9.0/contactservice.tests.dll" id="36e8b842-b424-20c1-51ec-e771bdd22315">
      <Execution id="dd4cce0c-7ace-48c4-84b3-6e5c218873a7" />
      <TestMethod codeBase="/Users/r00t/Projects/PhoneBookApp/ContactService.Tests/bin/Debug/net9.0/ContactService.Tests.dll" adapterTypeName="executor://xunit/VsTestRunner3/netcore/" className="ContactService.Tests.Domain.Entities.ContactTests" name="UpdateContactInformation_Should_Update_Properties" />
    </UnitTest>
    <UnitTest name="ContactService.Tests.Repositories.MongoAuditLogRepositoryStatisticsTests.GetStatisticsAsync_WithNoTimeFilter_ShouldReturnAllStatistics" storage="/users/r00t/projects/phonebookapp/contactservice.tests/bin/debug/net9.0/contactservice.tests.dll" id="d0df7d2e-7ab0-18b7-8342-cb7eb1d3df01">
      <Execution id="c345f0d1-07bc-4d20-a8dc-41c4cd796fb5" />
      <TestMethod codeBase="/Users/r00t/Projects/PhoneBookApp/ContactService.Tests/bin/Debug/net9.0/ContactService.Tests.dll" adapterTypeName="executor://xunit/VsTestRunner3/netcore/" className="ContactService.Tests.Repositories.MongoAuditLogRepositoryStatisticsTests" name="GetStatisticsAsync_WithNoTimeFilter_ShouldReturnAllStatistics" />
    </UnitTest>
    <UnitTest name="ContactService.Tests.Validations.CreateContactCommandValidatorTests.Validate_ValidCommand_ShouldPassValidation" storage="/users/r00t/projects/phonebookapp/contactservice.tests/bin/debug/net9.0/contactservice.tests.dll" id="2b9ee78f-35e1-e068-e40b-3b598d01c562">
      <Execution id="b4a7a9b1-08b5-47b5-a2e7-e61cb489afd4" />
      <TestMethod codeBase="/Users/r00t/Projects/PhoneBookApp/ContactService.Tests/bin/Debug/net9.0/ContactService.Tests.dll" adapterTypeName="executor://xunit/VsTestRunner3/netcore/" className="ContactService.Tests.Validations.CreateContactCommandValidatorTests" name="Validate_ValidCommand_ShouldPassValidation" />
    </UnitTest>
    <UnitTest name="ContactService.Tests.Domain.Entities.ContactHistoryTests.Constructor_WithInvalidCorrelationId_ShouldThrowException(correlationId: null)" storage="/users/r00t/projects/phonebookapp/contactservice.tests/bin/debug/net9.0/contactservice.tests.dll" id="7b7d17f8-d4af-db7b-830b-f9e485e01b81">
      <Execution id="f3d7daf7-aad1-42a9-ad25-317a2abb0b8d" />
      <TestMethod codeBase="/Users/r00t/Projects/PhoneBookApp/ContactService.Tests/bin/Debug/net9.0/ContactService.Tests.dll" adapterTypeName="executor://xunit/VsTestRunner3/netcore/" className="ContactService.Tests.Domain.Entities.ContactHistoryTests" name="Constructor_WithInvalidCorrelationId_ShouldThrowException" />
    </UnitTest>
    <UnitTest name="ContactService.Tests.Services.CachedContactServiceTests.GetAllContactsAsync_WhenNotCached_ShouldFetchAndCache" storage="/users/r00t/projects/phonebookapp/contactservice.tests/bin/debug/net9.0/contactservice.tests.dll" id="93a548f9-9bdb-c210-9620-95913b3b07b1">
      <Execution id="b8316453-bdb2-46f3-8575-d6d0bd2c48bd" />
      <TestMethod codeBase="/Users/r00t/Projects/PhoneBookApp/ContactService.Tests/bin/Debug/net9.0/ContactService.Tests.dll" adapterTypeName="executor://xunit/VsTestRunner3/netcore/" className="ContactService.Tests.Services.CachedContactServiceTests" name="GetAllContactsAsync_WhenNotCached_ShouldFetchAndCache" />
    </UnitTest>
    <UnitTest name="ContactService.Tests.Repositories.MongoAuditLogRepositoryStatisticsTests.GetStatisticsAsync_EmptyResult_ShouldReturnEmptyDictionary" storage="/users/r00t/projects/phonebookapp/contactservice.tests/bin/debug/net9.0/contactservice.tests.dll" id="ecb77bbc-0b1b-a61e-4a27-10af057b9f32">
      <Execution id="65b81dfc-5422-4135-a7f8-3f3ba3d43ced" />
      <TestMethod codeBase="/Users/r00t/Projects/PhoneBookApp/ContactService.Tests/bin/Debug/net9.0/ContactService.Tests.dll" adapterTypeName="executor://xunit/VsTestRunner3/netcore/" className="ContactService.Tests.Repositories.MongoAuditLogRepositoryStatisticsTests" name="GetStatisticsAsync_EmptyResult_ShouldReturnEmptyDictionary" />
    </UnitTest>
    <UnitTest name="ContactService.Tests.Services.CorrelationContextTests.CorrelationId_WhenInResponseHeaderOnly_ShouldReturnValueFromResponseHeader" storage="/users/r00t/projects/phonebookapp/contactservice.tests/bin/debug/net9.0/contactservice.tests.dll" id="fae52134-2b1f-9088-26f6-75e67d93c970">
      <Execution id="16e63902-90bf-4db3-9e62-9275a90eea6d" />
      <TestMethod codeBase="/Users/r00t/Projects/PhoneBookApp/ContactService.Tests/bin/Debug/net9.0/ContactService.Tests.dll" adapterTypeName="executor://xunit/VsTestRunner3/netcore/" className="ContactService.Tests.Services.CorrelationContextTests" name="CorrelationId_WhenInResponseHeaderOnly_ShouldReturnValueFromResponseHeader" />
    </UnitTest>
    <UnitTest name="ContactService.Tests.Domain.Entities.OutboxEventTests.Constructor_WithTooLongEventType_ShouldThrowException" storage="/users/r00t/projects/phonebookapp/contactservice.tests/bin/debug/net9.0/contactservice.tests.dll" id="8da38bde-d14e-03d1-fa43-d70ee8ff36f2">
      <Execution id="0891ca4a-cd71-4734-9335-07d2f452b9d3" />
      <TestMethod codeBase="/Users/r00t/Projects/PhoneBookApp/ContactService.Tests/bin/Debug/net9.0/ContactService.Tests.dll" adapterTypeName="executor://xunit/VsTestRunner3/netcore/" className="ContactService.Tests.Domain.Entities.OutboxEventTests" name="Constructor_WithTooLongEventType_ShouldThrowException" />
    </UnitTest>
    <UnitTest name="ContactService.Tests.Domain.Entities.ContactHistoryTests.Constructor_WithInvalidCorrelationId_ShouldThrowException(correlationId: &quot;  &quot;)" storage="/users/r00t/projects/phonebookapp/contactservice.tests/bin/debug/net9.0/contactservice.tests.dll" id="ebd5682f-4fb0-09c6-30ed-c9bfcc6a4f49">
      <Execution id="fc9e7a00-34cc-4fd3-bf75-1c04cf63a55f" />
      <TestMethod codeBase="/Users/r00t/Projects/PhoneBookApp/ContactService.Tests/bin/Debug/net9.0/ContactService.Tests.dll" adapterTypeName="executor://xunit/VsTestRunner3/netcore/" className="ContactService.Tests.Domain.Entities.ContactHistoryTests" name="Constructor_WithInvalidCorrelationId_ShouldThrowException" />
    </UnitTest>
    <UnitTest name="ContactService.Tests.Controllers.ContactsControllerTests.DeleteContact_WhenSuccessful_ReturnsNoContent" storage="/users/r00t/projects/phonebookapp/contactservice.tests/bin/debug/net9.0/contactservice.tests.dll" id="4e8a80f1-543c-1d02-864d-4bd3af914a2e">
      <Execution id="6d414d15-0817-4b99-82b9-8e3dee3891a3" />
      <TestMethod codeBase="/Users/r00t/Projects/PhoneBookApp/ContactService.Tests/bin/Debug/net9.0/ContactService.Tests.dll" adapterTypeName="executor://xunit/VsTestRunner3/netcore/" className="ContactService.Tests.Controllers.ContactsControllerTests" name="DeleteContact_WhenSuccessful_ReturnsNoContent" />
    </UnitTest>
    <UnitTest name="ContactService.Tests.Repositories.MongoAuditLogRepositoryTests.GetByActionAsync_ShouldReturnMatchingLogs" storage="/users/r00t/projects/phonebookapp/contactservice.tests/bin/debug/net9.0/contactservice.tests.dll" id="7c7b35de-3a22-8ded-1159-21c2cde4fe0d">
      <Execution id="e1fc14c5-0454-4804-b888-38b381741091" />
      <TestMethod codeBase="/Users/r00t/Projects/PhoneBookApp/ContactService.Tests/bin/Debug/net9.0/ContactService.Tests.dll" adapterTypeName="executor://xunit/VsTestRunner3/netcore/" className="ContactService.Tests.Repositories.MongoAuditLogRepositoryTests" name="GetByActionAsync_ShouldReturnMatchingLogs" />
    </UnitTest>
    <UnitTest name="ContactService.Tests.Services.ContactServiceTestsFixed.DeleteContactAsync_WithExistingContact_ShouldDeleteContact" storage="/users/r00t/projects/phonebookapp/contactservice.tests/bin/debug/net9.0/contactservice.tests.dll" id="e0c0dc92-4c11-8d36-dabb-89edd3ae9421">
      <Execution id="a8e86366-65e1-44ee-a780-fd3717900604" />
      <TestMethod codeBase="/Users/r00t/Projects/PhoneBookApp/ContactService.Tests/bin/Debug/net9.0/ContactService.Tests.dll" adapterTypeName="executor://xunit/VsTestRunner3/netcore/" className="ContactService.Tests.Services.ContactServiceTestsFixed" name="DeleteContactAsync_WithExistingContact_ShouldDeleteContact" />
    </UnitTest>
    <UnitTest name="ContactService.Tests.Workers.OutboxProcessorWorkerTests.ExecuteAsync_ShouldPerformPeriodicCleanup_WhenCleanupIntervalPassed" storage="/users/r00t/projects/phonebookapp/contactservice.tests/bin/debug/net9.0/contactservice.tests.dll" id="5ad82194-3594-768d-1d2b-f70885918fed">
      <Execution id="bd79d2d7-a455-421d-ac6a-a192d6cab04d" />
      <TestMethod codeBase="/Users/r00t/Projects/PhoneBookApp/ContactService.Tests/bin/Debug/net9.0/ContactService.Tests.dll" adapterTypeName="executor://xunit/VsTestRunner3/netcore/" className="ContactService.Tests.Workers.OutboxProcessorWorkerTests" name="ExecuteAsync_ShouldPerformPeriodicCleanup_WhenCleanupIntervalPassed" />
    </UnitTest>
    <UnitTest name="ContactService.Tests.Services.CorrelationContextTests.CorrelationId_WhenHttpContextIsNull_ShouldReturnNull" storage="/users/r00t/projects/phonebookapp/contactservice.tests/bin/debug/net9.0/contactservice.tests.dll" id="017cda00-1514-bb6b-56c2-7c9dae700c26">
      <Execution id="88b12366-e33b-4b4e-861a-63b297e540e6" />
      <TestMethod codeBase="/Users/r00t/Projects/PhoneBookApp/ContactService.Tests/bin/Debug/net9.0/ContactService.Tests.dll" adapterTypeName="executor://xunit/VsTestRunner3/netcore/" className="ContactService.Tests.Services.CorrelationContextTests" name="CorrelationId_WhenHttpContextIsNull_ShouldReturnNull" />
    </UnitTest>
    <UnitTest name="ContactService.Tests.Repositories.ContactHistoryRepositoryTests.GetCountByContactIdAsync_ShouldReturnContactHistoryCount" storage="/users/r00t/projects/phonebookapp/contactservice.tests/bin/debug/net9.0/contactservice.tests.dll" id="6f6162e6-6deb-eccb-af06-43aec8dc0bbb">
      <Execution id="0ada4b85-89dd-4894-aadd-552d94f01cd9" />
      <TestMethod codeBase="/Users/r00t/Projects/PhoneBookApp/ContactService.Tests/bin/Debug/net9.0/ContactService.Tests.dll" adapterTypeName="executor://xunit/VsTestRunner3/netcore/" className="ContactService.Tests.Repositories.ContactHistoryRepositoryTests" name="GetCountByContactIdAsync_ShouldReturnContactHistoryCount" />
    </UnitTest>
    <UnitTest name="ContactService.Tests.Repositories.MongoAuditLogRepositoryTests.GetByCorrelationIdAsync_ShouldReturnMatchingLogs" storage="/users/r00t/projects/phonebookapp/contactservice.tests/bin/debug/net9.0/contactservice.tests.dll" id="02e0eb39-b82c-9dcc-23ce-1bfcccaf1fbf">
      <Execution id="b434a2e7-c96f-4841-b4a9-2e137e876251" />
      <TestMethod codeBase="/Users/r00t/Projects/PhoneBookApp/ContactService.Tests/bin/Debug/net9.0/ContactService.Tests.dll" adapterTypeName="executor://xunit/VsTestRunner3/netcore/" className="ContactService.Tests.Repositories.MongoAuditLogRepositoryTests" name="GetByCorrelationIdAsync_ShouldReturnMatchingLogs" />
    </UnitTest>
    <UnitTest name="ContactService.Tests.Domain.Entities.ContactTests.FullName_WhenBothNamesProvided_ShouldReturnCombinedName" storage="/users/r00t/projects/phonebookapp/contactservice.tests/bin/debug/net9.0/contactservice.tests.dll" id="117ab19a-c872-02e8-c978-f08027b9b116">
      <Execution id="d61aebb5-1c5a-46d7-9e52-cb4ada53c0ae" />
      <TestMethod codeBase="/Users/r00t/Projects/PhoneBookApp/ContactService.Tests/bin/Debug/net9.0/ContactService.Tests.dll" adapterTypeName="executor://xunit/VsTestRunner3/netcore/" className="ContactService.Tests.Domain.Entities.ContactTests" name="FullName_WhenBothNamesProvided_ShouldReturnCombinedName" />
    </UnitTest>
    <UnitTest name="ContactService.Tests.Services.OutboxServiceTests.GetStatisticsAsync_ShouldReturnStatistics" storage="/users/r00t/projects/phonebookapp/contactservice.tests/bin/debug/net9.0/contactservice.tests.dll" id="d6ca4153-3bc3-c4d0-31a9-0c57db630ab6">
      <Execution id="d9ea3b84-cd1c-4bfb-a66e-dc4a77b83750" />
      <TestMethod codeBase="/Users/r00t/Projects/PhoneBookApp/ContactService.Tests/bin/Debug/net9.0/ContactService.Tests.dll" adapterTypeName="executor://xunit/VsTestRunner3/netcore/" className="ContactService.Tests.Services.OutboxServiceTests" name="GetStatisticsAsync_ShouldReturnStatistics" />
    </UnitTest>
    <UnitTest name="ContactService.Tests.Repositories.ContactHistoryRepositoryTests.GetByDateRangeAsync_ShouldReturnHistoriesInRange" storage="/users/r00t/projects/phonebookapp/contactservice.tests/bin/debug/net9.0/contactservice.tests.dll" id="3e495c5b-2707-5b37-901a-722dc64d9bc2">
      <Execution id="95dfb098-0350-4380-bf44-d5f077d298a5" />
      <TestMethod codeBase="/Users/r00t/Projects/PhoneBookApp/ContactService.Tests/bin/Debug/net9.0/ContactService.Tests.dll" adapterTypeName="executor://xunit/VsTestRunner3/netcore/" className="ContactService.Tests.Repositories.ContactHistoryRepositoryTests" name="GetByDateRangeAsync_ShouldReturnHistoriesInRange" />
    </UnitTest>
    <UnitTest name="ContactService.Tests.Domain.Entities.OutboxEventTests.Constructor_WithInvalidCorrelationId_ShouldThrowException(correlationId: null)" storage="/users/r00t/projects/phonebookapp/contactservice.tests/bin/debug/net9.0/contactservice.tests.dll" id="1630cac1-9a36-d9df-ff83-a1d786b9f5c8">
      <Execution id="1dc33bb9-3809-4398-96e1-623274ebf112" />
      <TestMethod codeBase="/Users/r00t/Projects/PhoneBookApp/ContactService.Tests/bin/Debug/net9.0/ContactService.Tests.dll" adapterTypeName="executor://xunit/VsTestRunner3/netcore/" className="ContactService.Tests.Domain.Entities.OutboxEventTests" name="Constructor_WithInvalidCorrelationId_ShouldThrowException" />
    </UnitTest>
    <UnitTest name="ContactService.Tests.Repositories.InterfaceAuditLogRepositoryTests.GetByCorrelationIdAsync_ShouldReturnMatchingLogs" storage="/users/r00t/projects/phonebookapp/contactservice.tests/bin/debug/net9.0/contactservice.tests.dll" id="6e21d2bf-8d35-7a36-d83b-8e64f6771f65">
      <Execution id="811d4355-8c3c-4df0-a786-c4eb366c5371" />
      <TestMethod codeBase="/Users/r00t/Projects/PhoneBookApp/ContactService.Tests/bin/Debug/net9.0/ContactService.Tests.dll" adapterTypeName="executor://xunit/VsTestRunner3/netcore/" className="ContactService.Tests.Repositories.InterfaceAuditLogRepositoryTests" name="GetByCorrelationIdAsync_ShouldReturnMatchingLogs" />
    </UnitTest>
    <UnitTest name="ContactService.Tests.Workers.OutboxProcessorWorkerTests.StopAsync_ShouldProcessRemainingEvents_BeforeShutdown" storage="/users/r00t/projects/phonebookapp/contactservice.tests/bin/debug/net9.0/contactservice.tests.dll" id="4ddc60e9-64b4-271e-5ec6-48aa1731949d">
      <Execution id="18f4dcc3-7482-482b-8e53-412a13e6a169" />
      <TestMethod codeBase="/Users/r00t/Projects/PhoneBookApp/ContactService.Tests/bin/Debug/net9.0/ContactService.Tests.dll" adapterTypeName="executor://xunit/VsTestRunner3/netcore/" className="ContactService.Tests.Workers.OutboxProcessorWorkerTests" name="StopAsync_ShouldProcessRemainingEvents_BeforeShutdown" />
    </UnitTest>
    <UnitTest name="ContactService.Tests.Controllers.ContactsControllerTests.UpdateContact_WhenNotFound_ReturnsNotFound" storage="/users/r00t/projects/phonebookapp/contactservice.tests/bin/debug/net9.0/contactservice.tests.dll" id="14a21c97-412e-899f-b8a2-6d209cf68f26">
      <Execution id="64d8e69b-cea8-45d9-ac7e-837ecec2dae0" />
      <TestMethod codeBase="/Users/r00t/Projects/PhoneBookApp/ContactService.Tests/bin/Debug/net9.0/ContactService.Tests.dll" adapterTypeName="executor://xunit/VsTestRunner3/netcore/" className="ContactService.Tests.Controllers.ContactsControllerTests" name="UpdateContact_WhenNotFound_ReturnsNotFound" />
    </UnitTest>
    <UnitTest name="ContactService.Tests.Services.ContactServiceTestsFixed.RemoveContactInfoAsync_WithNonExistingContact_ShouldReturnFalse" storage="/users/r00t/projects/phonebookapp/contactservice.tests/bin/debug/net9.0/contactservice.tests.dll" id="a874c8d2-5316-2972-8079-a289f2f1e247">
      <Execution id="b705bab4-3528-483d-8e53-4c207829689d" />
      <TestMethod codeBase="/Users/r00t/Projects/PhoneBookApp/ContactService.Tests/bin/Debug/net9.0/ContactService.Tests.dll" adapterTypeName="executor://xunit/VsTestRunner3/netcore/" className="ContactService.Tests.Services.ContactServiceTestsFixed" name="RemoveContactInfoAsync_WithNonExistingContact_ShouldReturnFalse" />
    </UnitTest>
    <UnitTest name="ContactService.Tests.Services.CachedContactServiceTests.CreateContactAsync_ShouldInvalidateCache" storage="/users/r00t/projects/phonebookapp/contactservice.tests/bin/debug/net9.0/contactservice.tests.dll" id="c2cd70c4-e184-7086-28d9-d1ecb54689a8">
      <Execution id="97ac0353-0821-4c20-b216-15b85dc09734" />
      <TestMethod codeBase="/Users/r00t/Projects/PhoneBookApp/ContactService.Tests/bin/Debug/net9.0/ContactService.Tests.dll" adapterTypeName="executor://xunit/VsTestRunner3/netcore/" className="ContactService.Tests.Services.CachedContactServiceTests" name="CreateContactAsync_ShouldInvalidateCache" />
    </UnitTest>
    <UnitTest name="ContactService.Tests.Repositories.MongoAuditLogRepositoryStatisticsTests.GetServiceStatisticsAsync_ShouldCallGetStatisticsAsync" storage="/users/r00t/projects/phonebookapp/contactservice.tests/bin/debug/net9.0/contactservice.tests.dll" id="6a805f05-50bf-066b-b128-90021a9a0c2b">
      <Execution id="27487fae-0ac7-4b24-b449-eab67c8bbb3d" />
      <TestMethod codeBase="/Users/r00t/Projects/PhoneBookApp/ContactService.Tests/bin/Debug/net9.0/ContactService.Tests.dll" adapterTypeName="executor://xunit/VsTestRunner3/netcore/" className="ContactService.Tests.Repositories.MongoAuditLogRepositoryStatisticsTests" name="GetServiceStatisticsAsync_ShouldCallGetStatisticsAsync" />
    </UnitTest>
    <UnitTest name="ContactService.Tests.Validations.CreateContactCommandValidatorTests.Validate_EmptyCompany_ShouldPassValidation" storage="/users/r00t/projects/phonebookapp/contactservice.tests/bin/debug/net9.0/contactservice.tests.dll" id="6cd8e71e-92c0-75fb-e709-eba99947ac82">
      <Execution id="dbea6667-7a82-4015-bdb2-1e317eb6b22b" />
      <TestMethod codeBase="/Users/r00t/Projects/PhoneBookApp/ContactService.Tests/bin/Debug/net9.0/ContactService.Tests.dll" adapterTypeName="executor://xunit/VsTestRunner3/netcore/" className="ContactService.Tests.Validations.CreateContactCommandValidatorTests" name="Validate_EmptyCompany_ShouldPassValidation" />
    </UnitTest>
    <UnitTest name="ContactService.Tests.Behaviors.CorrelationBehaviorTests.Handle_WhenNextDelegateFails_ShouldPropagateException" storage="/users/r00t/projects/phonebookapp/contactservice.tests/bin/debug/net9.0/contactservice.tests.dll" id="bb118163-e2ab-fcf8-369a-81175ae21c3d">
      <Execution id="129d0f10-8593-49a6-9ca1-10c83fe39dd1" />
      <TestMethod codeBase="/Users/r00t/Projects/PhoneBookApp/ContactService.Tests/bin/Debug/net9.0/ContactService.Tests.dll" adapterTypeName="executor://xunit/VsTestRunner3/netcore/" className="ContactService.Tests.Behaviors.CorrelationBehaviorTests" name="Handle_WhenNextDelegateFails_ShouldPropagateException" />
    </UnitTest>
    <UnitTest name="ContactService.Tests.Domain.Entities.ContactHistoryTests.Constructor_WithInvalidCorrelationId_ShouldThrowException(correlationId: &quot;&quot;)" storage="/users/r00t/projects/phonebookapp/contactservice.tests/bin/debug/net9.0/contactservice.tests.dll" id="09bb61ca-6eab-451b-c307-4216d15f8054">
      <Execution id="d3a811c8-fd67-4dd7-93bd-8a3a9a34f3b4" />
      <TestMethod codeBase="/Users/r00t/Projects/PhoneBookApp/ContactService.Tests/bin/Debug/net9.0/ContactService.Tests.dll" adapterTypeName="executor://xunit/VsTestRunner3/netcore/" className="ContactService.Tests.Domain.Entities.ContactHistoryTests" name="Constructor_WithInvalidCorrelationId_ShouldThrowException" />
    </UnitTest>
    <UnitTest name="ContactService.Tests.Services.ContactServiceApplicationTests.DeleteContactAsync_ReturnsBoolean" storage="/users/r00t/projects/phonebookapp/contactservice.tests/bin/debug/net9.0/contactservice.tests.dll" id="b65281e8-2265-5702-574a-6c47ec24228a">
      <Execution id="00eefe9b-06a6-456d-8a52-8c993853f875" />
      <TestMethod codeBase="/Users/r00t/Projects/PhoneBookApp/ContactService.Tests/bin/Debug/net9.0/ContactService.Tests.dll" adapterTypeName="executor://xunit/VsTestRunner3/netcore/" className="ContactService.Tests.Services.ContactServiceApplicationTests" name="DeleteContactAsync_ReturnsBoolean" />
    </UnitTest>
    <UnitTest name="ContactService.Tests.Domain.Entities.ContactHistoryTests.Constructor_WithValidParams_ShouldCreateHistoryRecord" storage="/users/r00t/projects/phonebookapp/contactservice.tests/bin/debug/net9.0/contactservice.tests.dll" id="b8757ebb-ac02-15f3-0369-d21eca9ec4b0">
      <Execution id="8e46c422-7c39-4489-bb8e-d3b62666336a" />
      <TestMethod codeBase="/Users/r00t/Projects/PhoneBookApp/ContactService.Tests/bin/Debug/net9.0/ContactService.Tests.dll" adapterTypeName="executor://xunit/VsTestRunner3/netcore/" className="ContactService.Tests.Domain.Entities.ContactHistoryTests" name="Constructor_WithValidParams_ShouldCreateHistoryRecord" />
    </UnitTest>
    <UnitTest name="ContactService.Tests.Repositories.MongoAuditLogRepositoryTests.SearchAsync_ShouldApplyAllProvidedFilters" storage="/users/r00t/projects/phonebookapp/contactservice.tests/bin/debug/net9.0/contactservice.tests.dll" id="ac1714c9-ff76-cbb6-220f-9d0ef3905d15">
      <Execution id="7ef055b3-a01b-48c0-ad9c-425355beb7bc" />
      <TestMethod codeBase="/Users/r00t/Projects/PhoneBookApp/ContactService.Tests/bin/Debug/net9.0/ContactService.Tests.dll" adapterTypeName="executor://xunit/VsTestRunner3/netcore/" className="ContactService.Tests.Repositories.MongoAuditLogRepositoryTests" name="SearchAsync_ShouldApplyAllProvidedFilters" />
    </UnitTest>
    <UnitTest name="ContactService.Tests.Services.ContactServiceMainTests.UpdateContactAsync_WhenContactExists_ShouldUpdateContactAndAddToHistory" storage="/users/r00t/projects/phonebookapp/contactservice.tests/bin/debug/net9.0/contactservice.tests.dll" id="82371a74-8284-f45a-9bd9-8febb96acef0">
      <Execution id="b40b103e-2850-4359-8f7f-6ac6c5d37860" />
      <TestMethod codeBase="/Users/r00t/Projects/PhoneBookApp/ContactService.Tests/bin/Debug/net9.0/ContactService.Tests.dll" adapterTypeName="executor://xunit/VsTestRunner3/netcore/" className="ContactService.Tests.Services.ContactServiceMainTests" name="UpdateContactAsync_WhenContactExists_ShouldUpdateContactAndAddToHistory" />
    </UnitTest>
    <UnitTest name="ContactService.Tests.Repositories.MongoAuditLogRepositoryTests.GetTotalCountAsync_ShouldReturnCount" storage="/users/r00t/projects/phonebookapp/contactservice.tests/bin/debug/net9.0/contactservice.tests.dll" id="25a08685-8a9a-a9d7-81fd-c697cf0c6d7b">
      <Execution id="e56110a2-cfd7-4335-afc7-aaadf75faab2" />
      <TestMethod codeBase="/Users/r00t/Projects/PhoneBookApp/ContactService.Tests/bin/Debug/net9.0/ContactService.Tests.dll" adapterTypeName="executor://xunit/VsTestRunner3/netcore/" className="ContactService.Tests.Repositories.MongoAuditLogRepositoryTests" name="GetTotalCountAsync_ShouldReturnCount" />
    </UnitTest>
    <UnitTest name="ContactService.Tests.Services.ContactServiceMainTests.GetContactByIdAsync_WhenContactNotExists_ShouldReturnNull" storage="/users/r00t/projects/phonebookapp/contactservice.tests/bin/debug/net9.0/contactservice.tests.dll" id="3e0d0734-29ff-8c43-4b6f-3d6de1f1428f">
      <Execution id="09e6673d-7017-4502-897f-a2c473fb21a3" />
      <TestMethod codeBase="/Users/r00t/Projects/PhoneBookApp/ContactService.Tests/bin/Debug/net9.0/ContactService.Tests.dll" adapterTypeName="executor://xunit/VsTestRunner3/netcore/" className="ContactService.Tests.Services.ContactServiceMainTests" name="GetContactByIdAsync_WhenContactNotExists_ShouldReturnNull" />
    </UnitTest>
    <UnitTest name="ContactService.Tests.Services.ContactServiceTestsFixed.DeleteContactAsync_WithNonExistingContact_ShouldReturnFalse" storage="/users/r00t/projects/phonebookapp/contactservice.tests/bin/debug/net9.0/contactservice.tests.dll" id="a2dd72b4-0fc4-025d-ffac-51e87e4d56ed">
      <Execution id="15614105-3f0b-412f-8f45-26aa498b683e" />
      <TestMethod codeBase="/Users/r00t/Projects/PhoneBookApp/ContactService.Tests/bin/Debug/net9.0/ContactService.Tests.dll" adapterTypeName="executor://xunit/VsTestRunner3/netcore/" className="ContactService.Tests.Services.ContactServiceTestsFixed" name="DeleteContactAsync_WithNonExistingContact_ShouldReturnFalse" />
    </UnitTest>
    <UnitTest name="ContactService.Tests.Repositories.MongoAuditLogRepositoryTests.GetByTimeRangeAsync_ShouldReturnLogsInRange" storage="/users/r00t/projects/phonebookapp/contactservice.tests/bin/debug/net9.0/contactservice.tests.dll" id="882bd43e-ef74-332e-63af-36d115c7c2a9">
      <Execution id="dd69f826-4422-4fe5-9300-b055f5670ff4" />
      <TestMethod codeBase="/Users/r00t/Projects/PhoneBookApp/ContactService.Tests/bin/Debug/net9.0/ContactService.Tests.dll" adapterTypeName="executor://xunit/VsTestRunner3/netcore/" className="ContactService.Tests.Repositories.MongoAuditLogRepositoryTests" name="GetByTimeRangeAsync_ShouldReturnLogsInRange" />
    </UnitTest>
    <UnitTest name="ContactService.Tests.Repositories.InterfaceAuditLogRepositoryTests.CreateManyAsync_ShouldCallRepositoryWithAllLogs" storage="/users/r00t/projects/phonebookapp/contactservice.tests/bin/debug/net9.0/contactservice.tests.dll" id="179e5766-4ae7-bc37-b6b4-90c5efc021d4">
      <Execution id="086c5240-7cc2-41a6-932a-2cc3ceceb041" />
      <TestMethod codeBase="/Users/r00t/Projects/PhoneBookApp/ContactService.Tests/bin/Debug/net9.0/ContactService.Tests.dll" adapterTypeName="executor://xunit/VsTestRunner3/netcore/" className="ContactService.Tests.Repositories.InterfaceAuditLogRepositoryTests" name="CreateManyAsync_ShouldCallRepositoryWithAllLogs" />
    </UnitTest>
    <UnitTest name="ContactService.Tests.Repositories.ContactHistoryRepositoryTests.CreateAsync_WithNullHistory_ShouldThrowArgumentNullException" storage="/users/r00t/projects/phonebookapp/contactservice.tests/bin/debug/net9.0/contactservice.tests.dll" id="2f39f84b-2495-025d-4dce-7e9dda04c9a0">
      <Execution id="c6d9486a-e3d6-41d8-9571-7a1c8b8baf44" />
      <TestMethod codeBase="/Users/r00t/Projects/PhoneBookApp/ContactService.Tests/bin/Debug/net9.0/ContactService.Tests.dll" adapterTypeName="executor://xunit/VsTestRunner3/netcore/" className="ContactService.Tests.Repositories.ContactHistoryRepositoryTests" name="CreateAsync_WithNullHistory_ShouldThrowArgumentNullException" />
    </UnitTest>
    <UnitTest name="ContactService.Tests.Services.ContactServiceTestsFixed.RemoveContactInfoAsync_WithValidData_ShouldRemoveContactInfo" storage="/users/r00t/projects/phonebookapp/contactservice.tests/bin/debug/net9.0/contactservice.tests.dll" id="f28e8d11-463d-a43c-7a13-c5f4c558c245">
      <Execution id="e7b1918b-b0f2-4833-93d8-1c53a953cc7f" />
      <TestMethod codeBase="/Users/r00t/Projects/PhoneBookApp/ContactService.Tests/bin/Debug/net9.0/ContactService.Tests.dll" adapterTypeName="executor://xunit/VsTestRunner3/netcore/" className="ContactService.Tests.Services.ContactServiceTestsFixed" name="RemoveContactInfoAsync_WithValidData_ShouldRemoveContactInfo" />
    </UnitTest>
    <UnitTest name="ContactService.Tests.Repositories.OutboxRepositoryTests.GetByIdAsync_WhenEventExists_ShouldReturnEvent" storage="/users/r00t/projects/phonebookapp/contactservice.tests/bin/debug/net9.0/contactservice.tests.dll" id="880cee52-ae38-bddf-dc0a-6e3ba26ffaf3">
      <Execution id="d5df6341-03c5-46f4-913f-bb32454ecf3a" />
      <TestMethod codeBase="/Users/r00t/Projects/PhoneBookApp/ContactService.Tests/bin/Debug/net9.0/ContactService.Tests.dll" adapterTypeName="executor://xunit/VsTestRunner3/netcore/" className="ContactService.Tests.Repositories.OutboxRepositoryTests" name="GetByIdAsync_WhenEventExists_ShouldReturnEvent" />
    </UnitTest>
    <UnitTest name="ContactService.Tests.Services.CachedContactServiceTests.DeleteContactAsync_ShouldInvalidateCache" storage="/users/r00t/projects/phonebookapp/contactservice.tests/bin/debug/net9.0/contactservice.tests.dll" id="62e3da41-1e3f-0e2f-ce0f-4f47b32620d9">
      <Execution id="ad73928f-64bd-4861-a9b3-e610288b6561" />
      <TestMethod codeBase="/Users/r00t/Projects/PhoneBookApp/ContactService.Tests/bin/Debug/net9.0/ContactService.Tests.dll" adapterTypeName="executor://xunit/VsTestRunner3/netcore/" className="ContactService.Tests.Services.CachedContactServiceTests" name="DeleteContactAsync_ShouldInvalidateCache" />
    </UnitTest>
    <UnitTest name="ContactService.Tests.Domain.Entities.ContactHistoryTests.Constructor_WithEmptyContactId_ShouldThrowException" storage="/users/r00t/projects/phonebookapp/contactservice.tests/bin/debug/net9.0/contactservice.tests.dll" id="13fb06c2-4134-b775-4909-b7eab9af5ddc">
      <Execution id="49e24502-986f-4c10-a3bd-1d747a991a5a" />
      <TestMethod codeBase="/Users/r00t/Projects/PhoneBookApp/ContactService.Tests/bin/Debug/net9.0/ContactService.Tests.dll" adapterTypeName="executor://xunit/VsTestRunner3/netcore/" className="ContactService.Tests.Domain.Entities.ContactHistoryTests" name="Constructor_WithEmptyContactId_ShouldThrowException" />
    </UnitTest>
    <UnitTest name="ContactService.Tests.Services.ContactServiceAddContactInfoTests.AddContactInfoAsync_WithEmptyContactId_ShouldThrowArgumentException" storage="/users/r00t/projects/phonebookapp/contactservice.tests/bin/debug/net9.0/contactservice.tests.dll" id="4e5c6fe2-590c-4908-cda3-b95c9b5e03ce">
      <Execution id="4b1742dc-b46c-4571-94e9-818d217c0195" />
      <TestMethod codeBase="/Users/r00t/Projects/PhoneBookApp/ContactService.Tests/bin/Debug/net9.0/ContactService.Tests.dll" adapterTypeName="executor://xunit/VsTestRunner3/netcore/" className="ContactService.Tests.Services.ContactServiceAddContactInfoTests" name="AddContactInfoAsync_WithEmptyContactId_ShouldThrowArgumentException" />
    </UnitTest>
    <UnitTest name="ContactService.Tests.Repositories.ContactHistoryRepositoryTests.GetByIdAsync_WhenHistoryDoesNotExist_ShouldReturnNull" storage="/users/r00t/projects/phonebookapp/contactservice.tests/bin/debug/net9.0/contactservice.tests.dll" id="1ddef138-b809-e014-008f-ca82adf06c8d">
      <Execution id="cbf2e799-44e0-4187-97b2-37e7b3ad4561" />
      <TestMethod codeBase="/Users/r00t/Projects/PhoneBookApp/ContactService.Tests/bin/Debug/net9.0/ContactService.Tests.dll" adapterTypeName="executor://xunit/VsTestRunner3/netcore/" className="ContactService.Tests.Repositories.ContactHistoryRepositoryTests" name="GetByIdAsync_WhenHistoryDoesNotExist_ShouldReturnNull" />
    </UnitTest>
    <UnitTest name="ContactService.Tests.Services.OutboxServiceTests.ProcessFailedEventsAsync_WithFailedEvents_ShouldResetAndProcess" storage="/users/r00t/projects/phonebookapp/contactservice.tests/bin/debug/net9.0/contactservice.tests.dll" id="2427865a-c234-d287-6e90-174830cd7bc5">
      <Execution id="ea191faf-67e2-4ab5-9b08-510900786506" />
      <TestMethod codeBase="/Users/r00t/Projects/PhoneBookApp/ContactService.Tests/bin/Debug/net9.0/ContactService.Tests.dll" adapterTypeName="executor://xunit/VsTestRunner3/netcore/" className="ContactService.Tests.Services.OutboxServiceTests" name="ProcessFailedEventsAsync_WithFailedEvents_ShouldResetAndProcess" />
    </UnitTest>
    <UnitTest name="ContactService.Tests.Domain.Entities.ContactHistoryTests.GetContactData_WithValidData_ShouldDeserializeCorrectly" storage="/users/r00t/projects/phonebookapp/contactservice.tests/bin/debug/net9.0/contactservice.tests.dll" id="3c06567a-faa5-e665-a0d3-95e051b2882d">
      <Execution id="2a855f41-91bb-4b3f-a73e-252a4d3035a5" />
      <TestMethod codeBase="/Users/r00t/Projects/PhoneBookApp/ContactService.Tests/bin/Debug/net9.0/ContactService.Tests.dll" adapterTypeName="executor://xunit/VsTestRunner3/netcore/" className="ContactService.Tests.Domain.Entities.ContactHistoryTests" name="GetContactData_WithValidData_ShouldDeserializeCorrectly" />
    </UnitTest>
    <UnitTest name="ContactService.Tests.Domain.Entities.ContactTests.AddContactInfo_Should_Throw_Exception_When_Invalid_Content(infoType: PhoneNumber, content: &quot;InvalidPhone&quot;)" storage="/users/r00t/projects/phonebookapp/contactservice.tests/bin/debug/net9.0/contactservice.tests.dll" id="443e13cd-d51f-1bc7-fca6-df12d7e0a2ce">
      <Execution id="2678753e-7655-46cd-9aa9-e568cc3a34ce" />
      <TestMethod codeBase="/Users/r00t/Projects/PhoneBookApp/ContactService.Tests/bin/Debug/net9.0/ContactService.Tests.dll" adapterTypeName="executor://xunit/VsTestRunner3/netcore/" className="ContactService.Tests.Domain.Entities.ContactTests" name="AddContactInfo_Should_Throw_Exception_When_Invalid_Content" />
    </UnitTest>
    <UnitTest name="ContactService.Tests.Controllers.ContactsControllerTests.GetAllContacts_WhenFailed_ReturnsServerError" storage="/users/r00t/projects/phonebookapp/contactservice.tests/bin/debug/net9.0/contactservice.tests.dll" id="c335998d-9914-1d9b-f124-3bfb5566966b">
      <Execution id="b724562b-d816-4451-b5e8-bdcd7d8133a3" />
      <TestMethod codeBase="/Users/r00t/Projects/PhoneBookApp/ContactService.Tests/bin/Debug/net9.0/ContactService.Tests.dll" adapterTypeName="executor://xunit/VsTestRunner3/netcore/" className="ContactService.Tests.Controllers.ContactsControllerTests" name="GetAllContacts_WhenFailed_ReturnsServerError" />
    </UnitTest>
    <UnitTest name="ContactService.Tests.Services.ContactServiceAddContactInfoTests.AddContactInfoAsync_WithValidData_ShouldAddContactInfoSuccessfully" storage="/users/r00t/projects/phonebookapp/contactservice.tests/bin/debug/net9.0/contactservice.tests.dll" id="afc37a1d-3c5b-ea93-79ce-b30d9478a205">
      <Execution id="8b032221-0474-4ee2-a21b-0963c2a6b27f" />
      <TestMethod codeBase="/Users/r00t/Projects/PhoneBookApp/ContactService.Tests/bin/Debug/net9.0/ContactService.Tests.dll" adapterTypeName="executor://xunit/VsTestRunner3/netcore/" className="ContactService.Tests.Services.ContactServiceAddContactInfoTests" name="AddContactInfoAsync_WithValidData_ShouldAddContactInfoSuccessfully" />
    </UnitTest>
    <UnitTest name="ContactService.Tests.Services.CachedContactServiceTests.AddContactInfoAsync_ShouldInvalidateCache" storage="/users/r00t/projects/phonebookapp/contactservice.tests/bin/debug/net9.0/contactservice.tests.dll" id="1743a143-da91-5176-77bf-9600b73576f5">
      <Execution id="a02e1c9d-9e1c-4950-9902-0afc9dc21b5a" />
      <TestMethod codeBase="/Users/r00t/Projects/PhoneBookApp/ContactService.Tests/bin/Debug/net9.0/ContactService.Tests.dll" adapterTypeName="executor://xunit/VsTestRunner3/netcore/" className="ContactService.Tests.Services.CachedContactServiceTests" name="AddContactInfoAsync_ShouldInvalidateCache" />
    </UnitTest>
    <UnitTest name="ContactService.Tests.Services.ContactServiceTestsFixed.SearchContactsAsync_WithSearchTerm_ShouldReturnMatchingContacts" storage="/users/r00t/projects/phonebookapp/contactservice.tests/bin/debug/net9.0/contactservice.tests.dll" id="0c90d8a1-af5e-9653-bf27-27fbaed88347">
      <Execution id="2ce07427-52a6-4eaa-861a-3d4be2595747" />
      <TestMethod codeBase="/Users/r00t/Projects/PhoneBookApp/ContactService.Tests/bin/Debug/net9.0/ContactService.Tests.dll" adapterTypeName="executor://xunit/VsTestRunner3/netcore/" className="ContactService.Tests.Services.ContactServiceTestsFixed" name="SearchContactsAsync_WithSearchTerm_ShouldReturnMatchingContacts" />
    </UnitTest>
    <UnitTest name="ContactService.Tests.Domain.Entities.ContactHistoryTests.Constructor_WithInvalidOperationType_ShouldThrowException(operationType: null)" storage="/users/r00t/projects/phonebookapp/contactservice.tests/bin/debug/net9.0/contactservice.tests.dll" id="768c582e-eae1-d32a-ed6b-12c46db6d8c0">
      <Execution id="98be5798-c310-4954-ac47-bedb0261a515" />
      <TestMethod codeBase="/Users/r00t/Projects/PhoneBookApp/ContactService.Tests/bin/Debug/net9.0/ContactService.Tests.dll" adapterTypeName="executor://xunit/VsTestRunner3/netcore/" className="ContactService.Tests.Domain.Entities.ContactHistoryTests" name="Constructor_WithInvalidOperationType_ShouldThrowException" />
    </UnitTest>
    <UnitTest name="ContactService.Tests.Services.ContactServiceMainTests.GetContactByIdAsync_WhenContactExists_ShouldReturnContact" storage="/users/r00t/projects/phonebookapp/contactservice.tests/bin/debug/net9.0/contactservice.tests.dll" id="42d5e3f8-02e6-4479-4e81-eb4f6f42e5ab">
      <Execution id="9a0394c2-f3e5-453e-98ca-03b85ae609c9" />
      <TestMethod codeBase="/Users/r00t/Projects/PhoneBookApp/ContactService.Tests/bin/Debug/net9.0/ContactService.Tests.dll" adapterTypeName="executor://xunit/VsTestRunner3/netcore/" className="ContactService.Tests.Services.ContactServiceMainTests" name="GetContactByIdAsync_WhenContactExists_ShouldReturnContact" />
    </UnitTest>
    <UnitTest name="ContactService.Tests.Controllers.ContactsControllerTests.GetContactById_WhenContactNotFound_ReturnsNotFound" storage="/users/r00t/projects/phonebookapp/contactservice.tests/bin/debug/net9.0/contactservice.tests.dll" id="fe014a10-482f-05c8-9a2a-2297dd706ba9">
      <Execution id="61b3c442-9530-48b4-8dcc-ac8b58a29de6" />
      <TestMethod codeBase="/Users/r00t/Projects/PhoneBookApp/ContactService.Tests/bin/Debug/net9.0/ContactService.Tests.dll" adapterTypeName="executor://xunit/VsTestRunner3/netcore/" className="ContactService.Tests.Controllers.ContactsControllerTests" name="GetContactById_WhenContactNotFound_ReturnsNotFound" />
    </UnitTest>
    <UnitTest name="ContactService.Tests.Domain.Entities.ContactTests.RemoveContactInfo_Should_Remove_Info_From_Collection" storage="/users/r00t/projects/phonebookapp/contactservice.tests/bin/debug/net9.0/contactservice.tests.dll" id="2c35d8c2-aa6c-6a0f-c68a-9c31adb9047c">
      <Execution id="d36abaab-f406-4261-9bb8-a426d38c67c0" />
      <TestMethod codeBase="/Users/r00t/Projects/PhoneBookApp/ContactService.Tests/bin/Debug/net9.0/ContactService.Tests.dll" adapterTypeName="executor://xunit/VsTestRunner3/netcore/" className="ContactService.Tests.Domain.Entities.ContactTests" name="RemoveContactInfo_Should_Remove_Info_From_Collection" />
    </UnitTest>
    <UnitTest name="ContactService.Tests.Services.ContactServiceApplicationTests.GetAllContactsAsync_ReturnsPagedResult" storage="/users/r00t/projects/phonebookapp/contactservice.tests/bin/debug/net9.0/contactservice.tests.dll" id="54f6c0a3-f2f8-514e-a682-001deeead796">
      <Execution id="7e5c0b09-f22e-49ac-91b5-bcc333503e12" />
      <TestMethod codeBase="/Users/r00t/Projects/PhoneBookApp/ContactService.Tests/bin/Debug/net9.0/ContactService.Tests.dll" adapterTypeName="executor://xunit/VsTestRunner3/netcore/" className="ContactService.Tests.Services.ContactServiceApplicationTests" name="GetAllContactsAsync_ReturnsPagedResult" />
    </UnitTest>
    <UnitTest name="ContactService.Tests.Repositories.MongoAuditLogRepositoryTests.IsHealthyAsync_WhenSuccessful_ShouldReturnTrue" storage="/users/r00t/projects/phonebookapp/contactservice.tests/bin/debug/net9.0/contactservice.tests.dll" id="c22a2219-facc-0b55-ae5b-c7422017b9a7">
      <Execution id="e02722c7-a2cd-4140-81da-350bf7cf53d8" />
      <TestMethod codeBase="/Users/r00t/Projects/PhoneBookApp/ContactService.Tests/bin/Debug/net9.0/ContactService.Tests.dll" adapterTypeName="executor://xunit/VsTestRunner3/netcore/" className="ContactService.Tests.Repositories.MongoAuditLogRepositoryTests" name="IsHealthyAsync_WhenSuccessful_ShouldReturnTrue" />
    </UnitTest>
    <UnitTest name="ContactService.Tests.Services.CorrelationContextTests.CorrelationId_WhenInRequestHeader_ShouldReturnValueFromRequestHeader" storage="/users/r00t/projects/phonebookapp/contactservice.tests/bin/debug/net9.0/contactservice.tests.dll" id="76c652ac-8273-6d9f-e369-c10beb245549">
      <Execution id="860d0fc4-4676-412b-8e78-fb7426b6b240" />
      <TestMethod codeBase="/Users/r00t/Projects/PhoneBookApp/ContactService.Tests/bin/Debug/net9.0/ContactService.Tests.dll" adapterTypeName="executor://xunit/VsTestRunner3/netcore/" className="ContactService.Tests.Services.CorrelationContextTests" name="CorrelationId_WhenInRequestHeader_ShouldReturnValueFromRequestHeader" />
    </UnitTest>
    <UnitTest name="ContactService.Tests.Services.ContactServiceMainTests.GetAllContactsAsync_WhenContactsExist_ShouldReturnPaginatedContacts" storage="/users/r00t/projects/phonebookapp/contactservice.tests/bin/debug/net9.0/contactservice.tests.dll" id="171dc43a-7202-3af2-1a2a-15fc27809ebc">
      <Execution id="7a8a72e6-a3ca-4033-bdb1-511666645ccf" />
      <TestMethod codeBase="/Users/r00t/Projects/PhoneBookApp/ContactService.Tests/bin/Debug/net9.0/ContactService.Tests.dll" adapterTypeName="executor://xunit/VsTestRunner3/netcore/" className="ContactService.Tests.Services.ContactServiceMainTests" name="GetAllContactsAsync_WhenContactsExist_ShouldReturnPaginatedContacts" />
    </UnitTest>
    <UnitTest name="ContactService.Tests.Services.ContactServiceMainTests.DeleteContactAsync_WhenContactExists_ShouldDeleteContactAndAddToHistory" storage="/users/r00t/projects/phonebookapp/contactservice.tests/bin/debug/net9.0/contactservice.tests.dll" id="d324fa8a-5414-ba80-97eb-374eb9c0da4a">
      <Execution id="a77a2727-305d-43f0-abdf-a8d2560a0d59" />
      <TestMethod codeBase="/Users/r00t/Projects/PhoneBookApp/ContactService.Tests/bin/Debug/net9.0/ContactService.Tests.dll" adapterTypeName="executor://xunit/VsTestRunner3/netcore/" className="ContactService.Tests.Services.ContactServiceMainTests" name="DeleteContactAsync_WhenContactExists_ShouldDeleteContactAndAddToHistory" />
    </UnitTest>
    <UnitTest name="ContactService.Tests.Controllers.ContactsControllerTests.RemoveContactInfo_WhenSuccessful_ReturnsNoContent" storage="/users/r00t/projects/phonebookapp/contactservice.tests/bin/debug/net9.0/contactservice.tests.dll" id="98ca35fe-00fc-f6f5-0ef1-bbfdec93c5fb">
      <Execution id="70852089-d209-4564-b957-3e9b9a7b01a0" />
      <TestMethod codeBase="/Users/r00t/Projects/PhoneBookApp/ContactService.Tests/bin/Debug/net9.0/ContactService.Tests.dll" adapterTypeName="executor://xunit/VsTestRunner3/netcore/" className="ContactService.Tests.Controllers.ContactsControllerTests" name="RemoveContactInfo_WhenSuccessful_ReturnsNoContent" />
    </UnitTest>
    <UnitTest name="ContactService.Tests.Domain.Entities.ContactTests.RemoveContactInfo_Should_Throw_Exception_When_Info_Not_Found" storage="/users/r00t/projects/phonebookapp/contactservice.tests/bin/debug/net9.0/contactservice.tests.dll" id="d64ecd45-cc4f-5baf-530d-f6856122d028">
      <Execution id="92451990-f981-4ff8-822b-be730db25e43" />
      <TestMethod codeBase="/Users/r00t/Projects/PhoneBookApp/ContactService.Tests/bin/Debug/net9.0/ContactService.Tests.dll" adapterTypeName="executor://xunit/VsTestRunner3/netcore/" className="ContactService.Tests.Domain.Entities.ContactTests" name="RemoveContactInfo_Should_Throw_Exception_When_Info_Not_Found" />
    </UnitTest>
    <UnitTest name="ContactService.Tests.Workers.OutboxProcessorWorkerTests.ExecuteAsync_ShouldHandleException_WhenOutboxServiceThrows" storage="/users/r00t/projects/phonebookapp/contactservice.tests/bin/debug/net9.0/contactservice.tests.dll" id="4c100dc2-4d54-2de6-69fc-6a0f7c39b61c">
      <Execution id="7bfb9aed-2a27-4282-9afb-c5bb1ed4bb99" />
      <TestMethod codeBase="/Users/r00t/Projects/PhoneBookApp/ContactService.Tests/bin/Debug/net9.0/ContactService.Tests.dll" adapterTypeName="executor://xunit/VsTestRunner3/netcore/" className="ContactService.Tests.Workers.OutboxProcessorWorkerTests" name="ExecuteAsync_ShouldHandleException_WhenOutboxServiceThrows" />
    </UnitTest>
    <UnitTest name="ContactService.Tests.Services.CachedContactServiceTests.GetLocationStatistics_WhenNotCached_ShouldFetchAndCache" storage="/users/r00t/projects/phonebookapp/contactservice.tests/bin/debug/net9.0/contactservice.tests.dll" id="9f54d93d-6f81-7c29-de08-ba4fb3579541">
      <Execution id="ca729956-bd7e-41ec-96f1-24edfe7da96f" />
      <TestMethod codeBase="/Users/r00t/Projects/PhoneBookApp/ContactService.Tests/bin/Debug/net9.0/ContactService.Tests.dll" adapterTypeName="executor://xunit/VsTestRunner3/netcore/" className="ContactService.Tests.Services.CachedContactServiceTests" name="GetLocationStatistics_WhenNotCached_ShouldFetchAndCache" />
    </UnitTest>
    <UnitTest name="ContactService.Tests.Services.ContactServiceTestsFixed.GetContactByIdAsync_ExistingId_ShouldReturnContact" storage="/users/r00t/projects/phonebookapp/contactservice.tests/bin/debug/net9.0/contactservice.tests.dll" id="92781bd7-2ea2-5631-0694-f378c3f190d8">
      <Execution id="2d00e3d4-548e-4003-a093-0cf3affde122" />
      <TestMethod codeBase="/Users/r00t/Projects/PhoneBookApp/ContactService.Tests/bin/Debug/net9.0/ContactService.Tests.dll" adapterTypeName="executor://xunit/VsTestRunner3/netcore/" className="ContactService.Tests.Services.ContactServiceTestsFixed" name="GetContactByIdAsync_ExistingId_ShouldReturnContact" />
    </UnitTest>
    <UnitTest name="ContactService.Tests.Services.ContactServiceApplicationTests.GetContactByIdAsync_ReturnsContact" storage="/users/r00t/projects/phonebookapp/contactservice.tests/bin/debug/net9.0/contactservice.tests.dll" id="73a1beb2-427f-b52e-5ed5-e488f7051a1c">
      <Execution id="4968ac9c-c12f-4ef9-91e6-722fe9409c5e" />
      <TestMethod codeBase="/Users/r00t/Projects/PhoneBookApp/ContactService.Tests/bin/Debug/net9.0/ContactService.Tests.dll" adapterTypeName="executor://xunit/VsTestRunner3/netcore/" className="ContactService.Tests.Services.ContactServiceApplicationTests" name="GetContactByIdAsync_ReturnsContact" />
    </UnitTest>
    <UnitTest name="ContactService.Tests.Behaviors.CorrelationBehaviorTests.Handle_WithNullCorrelationId_ShouldStillProceed" storage="/users/r00t/projects/phonebookapp/contactservice.tests/bin/debug/net9.0/contactservice.tests.dll" id="36fb9aff-37ba-d4cb-ac94-6c92c80db614">
      <Execution id="3d5550b5-bca5-488b-bd34-7721bc15b75d" />
      <TestMethod codeBase="/Users/r00t/Projects/PhoneBookApp/ContactService.Tests/bin/Debug/net9.0/ContactService.Tests.dll" adapterTypeName="executor://xunit/VsTestRunner3/netcore/" className="ContactService.Tests.Behaviors.CorrelationBehaviorTests" name="Handle_WithNullCorrelationId_ShouldStillProceed" />
    </UnitTest>
    <UnitTest name="ContactService.Tests.Repositories.ContactHistoryRepositoryTests.GetCountAsync_ShouldReturnTotalCount" storage="/users/r00t/projects/phonebookapp/contactservice.tests/bin/debug/net9.0/contactservice.tests.dll" id="f49e4b42-bf40-f395-8b13-c39186c2e908">
      <Execution id="8a4b585a-02a7-41a2-9a80-292ba2c512d9" />
      <TestMethod codeBase="/Users/r00t/Projects/PhoneBookApp/ContactService.Tests/bin/Debug/net9.0/ContactService.Tests.dll" adapterTypeName="executor://xunit/VsTestRunner3/netcore/" className="ContactService.Tests.Repositories.ContactHistoryRepositoryTests" name="GetCountAsync_ShouldReturnTotalCount" />
    </UnitTest>
    <UnitTest name="ContactService.Tests.Domain.Entities.OutboxEventTests.MarkAsFailed_WithTooLongErrorMessage_ShouldThrowException" storage="/users/r00t/projects/phonebookapp/contactservice.tests/bin/debug/net9.0/contactservice.tests.dll" id="d0b68fa2-8573-ff6a-1395-8672483d7840">
      <Execution id="6dd1b498-e3ab-4232-87ab-9efa2435ecc8" />
      <TestMethod codeBase="/Users/r00t/Projects/PhoneBookApp/ContactService.Tests/bin/Debug/net9.0/ContactService.Tests.dll" adapterTypeName="executor://xunit/VsTestRunner3/netcore/" className="ContactService.Tests.Domain.Entities.OutboxEventTests" name="MarkAsFailed_WithTooLongErrorMessage_ShouldThrowException" />
    </UnitTest>
    <UnitTest name="ContactService.Tests.Repositories.ContactHistoryRepositoryTests.GetByCorrelationIdAsync_ShouldReturnMatchingHistories" storage="/users/r00t/projects/phonebookapp/contactservice.tests/bin/debug/net9.0/contactservice.tests.dll" id="9af79a75-7965-2857-a622-7a3e98c343ff">
      <Execution id="1d965d02-901c-4145-8807-64ae689eff88" />
      <TestMethod codeBase="/Users/r00t/Projects/PhoneBookApp/ContactService.Tests/bin/Debug/net9.0/ContactService.Tests.dll" adapterTypeName="executor://xunit/VsTestRunner3/netcore/" className="ContactService.Tests.Repositories.ContactHistoryRepositoryTests" name="GetByCorrelationIdAsync_ShouldReturnMatchingHistories" />
    </UnitTest>
    <UnitTest name="ContactService.Tests.Repositories.AuditLogRepositoryStatisticsTests.GetStatisticsAsync_EmptyResult_ShouldReturnEmptyDictionary" storage="/users/r00t/projects/phonebookapp/contactservice.tests/bin/debug/net9.0/contactservice.tests.dll" id="26e6a1c0-a2f9-a0c2-b9ef-8fbf7a1b6d33">
      <Execution id="b7cd26b7-5219-4e57-b46b-385277f5824d" />
      <TestMethod codeBase="/Users/r00t/Projects/PhoneBookApp/ContactService.Tests/bin/Debug/net9.0/ContactService.Tests.dll" adapterTypeName="executor://xunit/VsTestRunner3/netcore/" className="ContactService.Tests.Repositories.AuditLogRepositoryStatisticsTests" name="GetStatisticsAsync_EmptyResult_ShouldReturnEmptyDictionary" />
    </UnitTest>
    <UnitTest name="ContactService.Tests.Services.ContactServiceDeleteTests.DeleteContactAsync_WhenRepositoryDeleteFails_ShouldReturnFalse" storage="/users/r00t/projects/phonebookapp/contactservice.tests/bin/debug/net9.0/contactservice.tests.dll" id="85ec67d1-c01a-0b2b-4f34-630d00ce6b9a">
      <Execution id="46c75713-c164-4e4a-9903-39bef4e4a2bf" />
      <TestMethod codeBase="/Users/r00t/Projects/PhoneBookApp/ContactService.Tests/bin/Debug/net9.0/ContactService.Tests.dll" adapterTypeName="executor://xunit/VsTestRunner3/netcore/" className="ContactService.Tests.Services.ContactServiceDeleteTests" name="DeleteContactAsync_WhenRepositoryDeleteFails_ShouldReturnFalse" />
    </UnitTest>
    <UnitTest name="ContactService.Tests.Repositories.MongoAuditLogRepositoryTests.GetByEntityAsync_ShouldReturnMatchingLogs" storage="/users/r00t/projects/phonebookapp/contactservice.tests/bin/debug/net9.0/contactservice.tests.dll" id="4b30f9ea-b537-a7a1-efa5-592a73cb7c4b">
      <Execution id="2c22c42d-de2d-4231-b9ed-0eb9e060adc7" />
      <TestMethod codeBase="/Users/r00t/Projects/PhoneBookApp/ContactService.Tests/bin/Debug/net9.0/ContactService.Tests.dll" adapterTypeName="executor://xunit/VsTestRunner3/netcore/" className="ContactService.Tests.Repositories.MongoAuditLogRepositoryTests" name="GetByEntityAsync_ShouldReturnMatchingLogs" />
    </UnitTest>
    <UnitTest name="ContactService.Tests.Repositories.OutboxRepositoryTests.GetPendingEventsAsync_ShouldReturnPendingEvents" storage="/users/r00t/projects/phonebookapp/contactservice.tests/bin/debug/net9.0/contactservice.tests.dll" id="f01ae12c-0e66-79bc-93dc-f00b73c11376">
      <Execution id="443a8da5-1748-4fe5-ae46-66a71f9282b3" />
      <TestMethod codeBase="/Users/r00t/Projects/PhoneBookApp/ContactService.Tests/bin/Debug/net9.0/ContactService.Tests.dll" adapterTypeName="executor://xunit/VsTestRunner3/netcore/" className="ContactService.Tests.Repositories.OutboxRepositoryTests" name="GetPendingEventsAsync_ShouldReturnPendingEvents" />
    </UnitTest>
    <UnitTest name="ContactService.Tests.Domain.Entities.OutboxEventTests.Constructor_WithValidParams_ShouldCreateOutboxEvent" storage="/users/r00t/projects/phonebookapp/contactservice.tests/bin/debug/net9.0/contactservice.tests.dll" id="7f6c4745-1d82-b649-18d4-25add4972f5a">
      <Execution id="b263dae3-6ac0-4f9e-acf2-ea0c6223304f" />
      <TestMethod codeBase="/Users/r00t/Projects/PhoneBookApp/ContactService.Tests/bin/Debug/net9.0/ContactService.Tests.dll" adapterTypeName="executor://xunit/VsTestRunner3/netcore/" className="ContactService.Tests.Domain.Entities.OutboxEventTests" name="Constructor_WithValidParams_ShouldCreateOutboxEvent" />
    </UnitTest>
    <UnitTest name="ContactService.Tests.Services.CachedContactServiceTests.GetContactByIdAsync_WhenCached_ShouldReturnFromCache" storage="/users/r00t/projects/phonebookapp/contactservice.tests/bin/debug/net9.0/contactservice.tests.dll" id="c09b5bac-97e2-69a6-71fa-5538f74cad0e">
      <Execution id="c55d6900-e523-4b84-93d7-57a0a145d132" />
      <TestMethod codeBase="/Users/r00t/Projects/PhoneBookApp/ContactService.Tests/bin/Debug/net9.0/ContactService.Tests.dll" adapterTypeName="executor://xunit/VsTestRunner3/netcore/" className="ContactService.Tests.Services.CachedContactServiceTests" name="GetContactByIdAsync_WhenCached_ShouldReturnFromCache" />
    </UnitTest>
    <UnitTest name="ContactService.Tests.Repositories.ContactHistoryRepositoryTests.GetByContactIdAsync_ShouldReturnMatchingHistories" storage="/users/r00t/projects/phonebookapp/contactservice.tests/bin/debug/net9.0/contactservice.tests.dll" id="68f4590e-afad-f04b-97e1-69bd75d8d312">
      <Execution id="f51ee513-3671-41df-9775-67712fc164ca" />
      <TestMethod codeBase="/Users/r00t/Projects/PhoneBookApp/ContactService.Tests/bin/Debug/net9.0/ContactService.Tests.dll" adapterTypeName="executor://xunit/VsTestRunner3/netcore/" className="ContactService.Tests.Repositories.ContactHistoryRepositoryTests" name="GetByContactIdAsync_ShouldReturnMatchingHistories" />
    </UnitTest>
    <UnitTest name="ContactService.Tests.Services.OutboxServiceTests.ProcessFailedEventsAsync_WithNoFailedEvents_ShouldDoNothing" storage="/users/r00t/projects/phonebookapp/contactservice.tests/bin/debug/net9.0/contactservice.tests.dll" id="d4775dfa-cdea-3719-81f7-2f1b34fad721">
      <Execution id="d0b294d8-1b44-431a-b02a-8abbe1dee373" />
      <TestMethod codeBase="/Users/r00t/Projects/PhoneBookApp/ContactService.Tests/bin/Debug/net9.0/ContactService.Tests.dll" adapterTypeName="executor://xunit/VsTestRunner3/netcore/" className="ContactService.Tests.Services.OutboxServiceTests" name="ProcessFailedEventsAsync_WithNoFailedEvents_ShouldDoNothing" />
    </UnitTest>
    <UnitTest name="ContactService.Tests.Domain.Entities.OutboxEventTests.ResetForRetry_WhenCanRetry_ShouldResetPendingStatus" storage="/users/r00t/projects/phonebookapp/contactservice.tests/bin/debug/net9.0/contactservice.tests.dll" id="4130d9e3-b9f1-b341-98f5-f97ea5152121">
      <Execution id="1844d34a-a1c7-4c28-9fb8-6111fb71ece2" />
      <TestMethod codeBase="/Users/r00t/Projects/PhoneBookApp/ContactService.Tests/bin/Debug/net9.0/ContactService.Tests.dll" adapterTypeName="executor://xunit/VsTestRunner3/netcore/" className="ContactService.Tests.Domain.Entities.OutboxEventTests" name="ResetForRetry_WhenCanRetry_ShouldResetPendingStatus" />
    </UnitTest>
    <UnitTest name="ContactService.Tests.Controllers.ContactsControllerTests.GetLocationStatistics_WhenSuccessful_ReturnsOkResult" storage="/users/r00t/projects/phonebookapp/contactservice.tests/bin/debug/net9.0/contactservice.tests.dll" id="86d12d44-2a3f-2f8e-2584-6f4b5918681f">
      <Execution id="74a801fb-e949-4cec-b1d7-3227f9adddb9" />
      <TestMethod codeBase="/Users/r00t/Projects/PhoneBookApp/ContactService.Tests/bin/Debug/net9.0/ContactService.Tests.dll" adapterTypeName="executor://xunit/VsTestRunner3/netcore/" className="ContactService.Tests.Controllers.ContactsControllerTests" name="GetLocationStatistics_WhenSuccessful_ReturnsOkResult" />
    </UnitTest>
    <UnitTest name="ContactService.Tests.Services.CorrelationContextTests.SetCorrelationId_WhenHttpContextIsNull_ShouldNotThrowException" storage="/users/r00t/projects/phonebookapp/contactservice.tests/bin/debug/net9.0/contactservice.tests.dll" id="6556c299-6bb4-5ec5-984e-fa52257e87b6">
      <Execution id="e39d4665-0934-4853-9da2-a0b67fc497dc" />
      <TestMethod codeBase="/Users/r00t/Projects/PhoneBookApp/ContactService.Tests/bin/Debug/net9.0/ContactService.Tests.dll" adapterTypeName="executor://xunit/VsTestRunner3/netcore/" className="ContactService.Tests.Services.CorrelationContextTests" name="SetCorrelationId_WhenHttpContextIsNull_ShouldNotThrowException" />
    </UnitTest>
    <UnitTest name="ContactService.Tests.Domain.Entities.OutboxEventTests.Constructor_WithInvalidCorrelationId_ShouldThrowException(correlationId: &quot;&quot;)" storage="/users/r00t/projects/phonebookapp/contactservice.tests/bin/debug/net9.0/contactservice.tests.dll" id="1bd7f86d-2011-8cdd-1461-8bc55c96d5ec">
      <Execution id="753b58b0-1940-4315-9cd1-3b6a6d76c683" />
      <TestMethod codeBase="/Users/r00t/Projects/PhoneBookApp/ContactService.Tests/bin/Debug/net9.0/ContactService.Tests.dll" adapterTypeName="executor://xunit/VsTestRunner3/netcore/" className="ContactService.Tests.Domain.Entities.OutboxEventTests" name="Constructor_WithInvalidCorrelationId_ShouldThrowException" />
    </UnitTest>
    <UnitTest name="ContactService.Tests.Repositories.InterfaceAuditLogRepositoryTests.GetByEntityAsync_ShouldReturnMatchingLogs" storage="/users/r00t/projects/phonebookapp/contactservice.tests/bin/debug/net9.0/contactservice.tests.dll" id="b6c828fb-1149-e056-1671-a94ef68bd512">
      <Execution id="d536c7fa-e1e1-4734-b5ef-9659c8a592f4" />
      <TestMethod codeBase="/Users/r00t/Projects/PhoneBookApp/ContactService.Tests/bin/Debug/net9.0/ContactService.Tests.dll" adapterTypeName="executor://xunit/VsTestRunner3/netcore/" className="ContactService.Tests.Repositories.InterfaceAuditLogRepositoryTests" name="GetByEntityAsync_ShouldReturnMatchingLogs" />
    </UnitTest>
    <UnitTest name="ContactService.Tests.Services.ContactServiceDeleteTests.DeleteContactAsync_WithNonExistingContact_ShouldReturnFalse" storage="/users/r00t/projects/phonebookapp/contactservice.tests/bin/debug/net9.0/contactservice.tests.dll" id="8de77c86-eebf-ad05-8f7b-74fbfb433670">
      <Execution id="14d5667c-f681-4230-b214-7e5b7a0da1c9" />
      <TestMethod codeBase="/Users/r00t/Projects/PhoneBookApp/ContactService.Tests/bin/Debug/net9.0/ContactService.Tests.dll" adapterTypeName="executor://xunit/VsTestRunner3/netcore/" className="ContactService.Tests.Services.ContactServiceDeleteTests" name="DeleteContactAsync_WithNonExistingContact_ShouldReturnFalse" />
    </UnitTest>
    <UnitTest name="ContactService.Tests.Repositories.OutboxRepositoryTests.GetFailedEventCountAsync_ShouldReturnCorrectCount" storage="/users/r00t/projects/phonebookapp/contactservice.tests/bin/debug/net9.0/contactservice.tests.dll" id="ed0c8e56-34d1-1232-b36f-39c6723bf222">
      <Execution id="281a78be-c32b-4607-8bd3-55f01dbf370e" />
      <TestMethod codeBase="/Users/r00t/Projects/PhoneBookApp/ContactService.Tests/bin/Debug/net9.0/ContactService.Tests.dll" adapterTypeName="executor://xunit/VsTestRunner3/netcore/" className="ContactService.Tests.Repositories.OutboxRepositoryTests" name="GetFailedEventCountAsync_ShouldReturnCorrectCount" />
    </UnitTest>
    <UnitTest name="ContactService.Tests.Domain.Entities.OutboxEventTests.MarkAsProcessed_WhenNotPending_ShouldThrowException" storage="/users/r00t/projects/phonebookapp/contactservice.tests/bin/debug/net9.0/contactservice.tests.dll" id="00fd1338-185a-d067-df64-aa127ee360f6">
      <Execution id="32f74437-1465-4902-a689-e6c479097780" />
      <TestMethod codeBase="/Users/r00t/Projects/PhoneBookApp/ContactService.Tests/bin/Debug/net9.0/ContactService.Tests.dll" adapterTypeName="executor://xunit/VsTestRunner3/netcore/" className="ContactService.Tests.Domain.Entities.OutboxEventTests" name="MarkAsProcessed_WhenNotPending_ShouldThrowException" />
    </UnitTest>
    <UnitTest name="ContactService.Tests.Services.ContactServiceMainTestsFixed.RemoveContactInfoAsync_WhenContactInfoExists_ShouldRemoveInfoAndAddToHistory" storage="/users/r00t/projects/phonebookapp/contactservice.tests/bin/debug/net9.0/contactservice.tests.dll" id="d81a05aa-4346-449f-6254-59c6d8218662">
      <Execution id="d9f67f5b-f6c7-4b65-9315-e9db7d71835f" />
      <TestMethod codeBase="/Users/r00t/Projects/PhoneBookApp/ContactService.Tests/bin/Debug/net9.0/ContactService.Tests.dll" adapterTypeName="executor://xunit/VsTestRunner3/netcore/" className="ContactService.Tests.Services.ContactServiceMainTestsFixed" name="RemoveContactInfoAsync_WhenContactInfoExists_ShouldRemoveInfoAndAddToHistory" />
    </UnitTest>
    <UnitTest name="ContactService.Tests.Domain.Entities.ContactHistoryTests.Constructor_WithInvalidOperationType_ShouldThrowException(operationType: &quot;&quot;)" storage="/users/r00t/projects/phonebookapp/contactservice.tests/bin/debug/net9.0/contactservice.tests.dll" id="5c2a96c8-3dca-1622-37ae-ff6c2d99a78a">
      <Execution id="a6ec60a7-96bd-4177-a96e-1517da89494b" />
      <TestMethod codeBase="/Users/r00t/Projects/PhoneBookApp/ContactService.Tests/bin/Debug/net9.0/ContactService.Tests.dll" adapterTypeName="executor://xunit/VsTestRunner3/netcore/" className="ContactService.Tests.Domain.Entities.ContactHistoryTests" name="Constructor_WithInvalidOperationType_ShouldThrowException" />
    </UnitTest>
    <UnitTest name="ContactService.Tests.Services.ContactServiceApplicationTests.RemoveContactInfoAsync_ReturnsBoolean" storage="/users/r00t/projects/phonebookapp/contactservice.tests/bin/debug/net9.0/contactservice.tests.dll" id="28e6a20e-d88f-2705-d7cd-30f645e1fda4">
      <Execution id="a09c83da-57fd-415c-a894-81d6c04e6859" />
      <TestMethod codeBase="/Users/r00t/Projects/PhoneBookApp/ContactService.Tests/bin/Debug/net9.0/ContactService.Tests.dll" adapterTypeName="executor://xunit/VsTestRunner3/netcore/" className="ContactService.Tests.Services.ContactServiceApplicationTests" name="RemoveContactInfoAsync_ReturnsBoolean" />
    </UnitTest>
    <UnitTest name="ContactService.Tests.Domain.Entities.ContactTests.Contact_Creation_Should_Throw_Exception_When_Invalid_Name(firstName: &quot; &quot;, lastName: &quot;Doe&quot;, company: &quot;ACME&quot;)" storage="/users/r00t/projects/phonebookapp/contactservice.tests/bin/debug/net9.0/contactservice.tests.dll" id="0a12353c-6cc1-fc38-327e-7eb2020ce17a">
      <Execution id="793a0ba8-dca5-49e6-8821-b96062369fbb" />
      <TestMethod codeBase="/Users/r00t/Projects/PhoneBookApp/ContactService.Tests/bin/Debug/net9.0/ContactService.Tests.dll" adapterTypeName="executor://xunit/VsTestRunner3/netcore/" className="ContactService.Tests.Domain.Entities.ContactTests" name="Contact_Creation_Should_Throw_Exception_When_Invalid_Name" />
    </UnitTest>
    <UnitTest name="ContactService.Tests.Services.ContactServiceTestsFixed.RemoveContactInfoAsync_WithNonExistingContactInfo_ShouldReturnFalse" storage="/users/r00t/projects/phonebookapp/contactservice.tests/bin/debug/net9.0/contactservice.tests.dll" id="e2894dc0-50cd-a92e-7e49-3d7b97d728a6">
      <Execution id="6d1e3a94-29d3-46b2-9b20-84d95deb351c" />
      <TestMethod codeBase="/Users/r00t/Projects/PhoneBookApp/ContactService.Tests/bin/Debug/net9.0/ContactService.Tests.dll" adapterTypeName="executor://xunit/VsTestRunner3/netcore/" className="ContactService.Tests.Services.ContactServiceTestsFixed" name="RemoveContactInfoAsync_WithNonExistingContactInfo_ShouldReturnFalse" />
    </UnitTest>
    <UnitTest name="ContactService.Tests.Services.ContactServiceMainTestsFixed.AddContactInfoAsync_WhenContactExists_ShouldAddInfoAndAddToHistory" storage="/users/r00t/projects/phonebookapp/contactservice.tests/bin/debug/net9.0/contactservice.tests.dll" id="7a45942a-3b30-94eb-c36a-c8382837d4e3">
      <Execution id="6f61057b-e55a-4781-aaff-194cb59e4704" />
      <TestMethod codeBase="/Users/r00t/Projects/PhoneBookApp/ContactService.Tests/bin/Debug/net9.0/ContactService.Tests.dll" adapterTypeName="executor://xunit/VsTestRunner3/netcore/" className="ContactService.Tests.Services.ContactServiceMainTestsFixed" name="AddContactInfoAsync_WhenContactExists_ShouldAddInfoAndAddToHistory" />
    </UnitTest>
    <UnitTest name="ContactService.Tests.Repositories.InterfaceAuditLogRepositoryTests.DeleteOldLogsAsync_ShouldReturnDeletedCount" storage="/users/r00t/projects/phonebookapp/contactservice.tests/bin/debug/net9.0/contactservice.tests.dll" id="978172cb-2abb-e079-c46c-cb5cdeac9d07">
      <Execution id="359b6cad-4b60-4082-9e18-9e3b6942f919" />
      <TestMethod codeBase="/Users/r00t/Projects/PhoneBookApp/ContactService.Tests/bin/Debug/net9.0/ContactService.Tests.dll" adapterTypeName="executor://xunit/VsTestRunner3/netcore/" className="ContactService.Tests.Repositories.InterfaceAuditLogRepositoryTests" name="DeleteOldLogsAsync_ShouldReturnDeletedCount" />
    </UnitTest>
    <UnitTest name="ContactService.Tests.Domain.Entities.OutboxEventTests.MarkAsProcessed_WhenPending_ShouldUpdateStatus" storage="/users/r00t/projects/phonebookapp/contactservice.tests/bin/debug/net9.0/contactservice.tests.dll" id="ebc1e7bb-8a9c-9b8e-bcd1-99f7525bedd1">
      <Execution id="280b250d-6743-4259-8bbc-c84de70093eb" />
      <TestMethod codeBase="/Users/r00t/Projects/PhoneBookApp/ContactService.Tests/bin/Debug/net9.0/ContactService.Tests.dll" adapterTypeName="executor://xunit/VsTestRunner3/netcore/" className="ContactService.Tests.Domain.Entities.OutboxEventTests" name="MarkAsProcessed_WhenPending_ShouldUpdateStatus" />
    </UnitTest>
    <UnitTest name="ContactService.Tests.Services.ContactServiceUpdateTests.UpdateContactAsync_WithEmptyName_ShouldThrowArgumentException" storage="/users/r00t/projects/phonebookapp/contactservice.tests/bin/debug/net9.0/contactservice.tests.dll" id="8660af85-f3fe-d074-bdd1-80aff98c82cd">
      <Execution id="fcc79ed1-e584-49f4-87f0-0dbdb465d588" />
      <TestMethod codeBase="/Users/r00t/Projects/PhoneBookApp/ContactService.Tests/bin/Debug/net9.0/ContactService.Tests.dll" adapterTypeName="executor://xunit/VsTestRunner3/netcore/" className="ContactService.Tests.Services.ContactServiceUpdateTests" name="UpdateContactAsync_WithEmptyName_ShouldThrowArgumentException" />
    </UnitTest>
    <UnitTest name="ContactService.Tests.Services.ContactServiceAddContactInfoTests.AddContactInfoAsync_WithEmptyContent_ShouldThrowArgumentException" storage="/users/r00t/projects/phonebookapp/contactservice.tests/bin/debug/net9.0/contactservice.tests.dll" id="968c4a1e-cc0c-b858-8e0b-528ac5858b80">
      <Execution id="7315d590-b992-40fc-8c8f-6d187aee5b44" />
      <TestMethod codeBase="/Users/r00t/Projects/PhoneBookApp/ContactService.Tests/bin/Debug/net9.0/ContactService.Tests.dll" adapterTypeName="executor://xunit/VsTestRunner3/netcore/" className="ContactService.Tests.Services.ContactServiceAddContactInfoTests" name="AddContactInfoAsync_WithEmptyContent_ShouldThrowArgumentException" />
    </UnitTest>
    <UnitTest name="ContactService.Tests.Repositories.InterfaceAuditLogRepositoryTests.GetStatisticsAsync_ShouldReturnStatistics" storage="/users/r00t/projects/phonebookapp/contactservice.tests/bin/debug/net9.0/contactservice.tests.dll" id="e5b3f3f9-815f-19a6-4803-fcfa541b2e01">
      <Execution id="90b3339e-d74d-4b7e-8661-06b9b89049af" />
      <TestMethod codeBase="/Users/r00t/Projects/PhoneBookApp/ContactService.Tests/bin/Debug/net9.0/ContactService.Tests.dll" adapterTypeName="executor://xunit/VsTestRunner3/netcore/" className="ContactService.Tests.Repositories.InterfaceAuditLogRepositoryTests" name="GetStatisticsAsync_ShouldReturnStatistics" />
    </UnitTest>
    <UnitTest name="ContactService.Tests.Repositories.ContactHistoryRepositoryTests.DeleteOldHistoryRecordsAsync_ShouldRemoveOldRecords" storage="/users/r00t/projects/phonebookapp/contactservice.tests/bin/debug/net9.0/contactservice.tests.dll" id="fdea8046-f0e6-7536-6833-67c3c9d76e1a">
      <Execution id="dc362549-f9eb-4f6a-b81e-293e48327489" />
      <TestMethod codeBase="/Users/r00t/Projects/PhoneBookApp/ContactService.Tests/bin/Debug/net9.0/ContactService.Tests.dll" adapterTypeName="executor://xunit/VsTestRunner3/netcore/" className="ContactService.Tests.Repositories.ContactHistoryRepositoryTests" name="DeleteOldHistoryRecordsAsync_ShouldRemoveOldRecords" />
    </UnitTest>
    <UnitTest name="ContactService.Tests.Domain.Entities.ContactTests.Contact_Creation_Should_Set_Properties_Correctly" storage="/users/r00t/projects/phonebookapp/contactservice.tests/bin/debug/net9.0/contactservice.tests.dll" id="edf6a030-20b7-5099-4eae-89f53653ee9c">
      <Execution id="0c0cc27a-8c42-4f25-8fee-12f188ab1b73" />
      <TestMethod codeBase="/Users/r00t/Projects/PhoneBookApp/ContactService.Tests/bin/Debug/net9.0/ContactService.Tests.dll" adapterTypeName="executor://xunit/VsTestRunner3/netcore/" className="ContactService.Tests.Domain.Entities.ContactTests" name="Contact_Creation_Should_Set_Properties_Correctly" />
    </UnitTest>
    <UnitTest name="ContactService.Tests.Repositories.MongoAuditLogRepositoryStatisticsTests.GetActionStatisticsAsync_EmptyResult_ShouldReturnEmptyDictionary" storage="/users/r00t/projects/phonebookapp/contactservice.tests/bin/debug/net9.0/contactservice.tests.dll" id="b9ba7b92-fecc-019d-a8e3-8e9f17a30de8">
      <Execution id="2a6247a0-c131-49ac-90cc-c840b3089957" />
      <TestMethod codeBase="/Users/r00t/Projects/PhoneBookApp/ContactService.Tests/bin/Debug/net9.0/ContactService.Tests.dll" adapterTypeName="executor://xunit/VsTestRunner3/netcore/" className="ContactService.Tests.Repositories.MongoAuditLogRepositoryStatisticsTests" name="GetActionStatisticsAsync_EmptyResult_ShouldReturnEmptyDictionary" />
    </UnitTest>
    <UnitTest name="ContactService.Tests.Repositories.MongoAuditLogRepositoryTests.IsHealthyAsync_WhenExceptionOccurs_ShouldReturnFalse" storage="/users/r00t/projects/phonebookapp/contactservice.tests/bin/debug/net9.0/contactservice.tests.dll" id="7856bcf6-78cf-2577-2caa-e3d197c45750">
      <Execution id="a43ffb34-09c1-4aff-9220-fa05755b9141" />
      <TestMethod codeBase="/Users/r00t/Projects/PhoneBookApp/ContactService.Tests/bin/Debug/net9.0/ContactService.Tests.dll" adapterTypeName="executor://xunit/VsTestRunner3/netcore/" className="ContactService.Tests.Repositories.MongoAuditLogRepositoryTests" name="IsHealthyAsync_WhenExceptionOccurs_ShouldReturnFalse" />
    </UnitTest>
    <UnitTest name="ContactService.Tests.Services.CachedContactServiceTests.ContactExistsAsync_WhenNotCached_ShouldCheckBaseService" storage="/users/r00t/projects/phonebookapp/contactservice.tests/bin/debug/net9.0/contactservice.tests.dll" id="ffe4db92-54b1-7f83-8271-8dae375000c7">
      <Execution id="d454863f-580b-4806-bea7-39903036dad7" />
      <TestMethod codeBase="/Users/r00t/Projects/PhoneBookApp/ContactService.Tests/bin/Debug/net9.0/ContactService.Tests.dll" adapterTypeName="executor://xunit/VsTestRunner3/netcore/" className="ContactService.Tests.Services.CachedContactServiceTests" name="ContactExistsAsync_WhenNotCached_ShouldCheckBaseService" />
    </UnitTest>
    <UnitTest name="ContactService.Tests.Services.OutboxServiceTests.ProcessPendingEventsAsync_WithPendingEvents_ShouldProcessEach" storage="/users/r00t/projects/phonebookapp/contactservice.tests/bin/debug/net9.0/contactservice.tests.dll" id="b3dc4973-fbc6-b2d1-2ad8-7683f7464d71">
      <Execution id="30edd619-1342-4d65-bb5e-12a199479518" />
      <TestMethod codeBase="/Users/r00t/Projects/PhoneBookApp/ContactService.Tests/bin/Debug/net9.0/ContactService.Tests.dll" adapterTypeName="executor://xunit/VsTestRunner3/netcore/" className="ContactService.Tests.Services.OutboxServiceTests" name="ProcessPendingEventsAsync_WithPendingEvents_ShouldProcessEach" />
    </UnitTest>
    <UnitTest name="ContactService.Tests.Behaviors.ValidationBehaviorTests.Handle_WithNoValidators_ShouldProceedWithRequest" storage="/users/r00t/projects/phonebookapp/contactservice.tests/bin/debug/net9.0/contactservice.tests.dll" id="a2ad692f-e493-e305-4bd6-5595a6240365">
      <Execution id="c18a7112-d5a9-43fb-9ab3-af2620983a42" />
      <TestMethod codeBase="/Users/r00t/Projects/PhoneBookApp/ContactService.Tests/bin/Debug/net9.0/ContactService.Tests.dll" adapterTypeName="executor://xunit/VsTestRunner3/netcore/" className="ContactService.Tests.Behaviors.ValidationBehaviorTests" name="Handle_WithNoValidators_ShouldProceedWithRequest" />
    </UnitTest>
    <UnitTest name="ContactService.Tests.Services.ContactServiceApplicationTests.GetContactsFilterByLocation_ReturnsPagedResult" storage="/users/r00t/projects/phonebookapp/contactservice.tests/bin/debug/net9.0/contactservice.tests.dll" id="bc45d484-3cde-d461-9e43-307b5df57b1a">
      <Execution id="733be974-b4ed-4d0d-b0fb-142cb522e7b3" />
      <TestMethod codeBase="/Users/r00t/Projects/PhoneBookApp/ContactService.Tests/bin/Debug/net9.0/ContactService.Tests.dll" adapterTypeName="executor://xunit/VsTestRunner3/netcore/" className="ContactService.Tests.Services.ContactServiceApplicationTests" name="GetContactsFilterByLocation_ReturnsPagedResult" />
    </UnitTest>
    <UnitTest name="ContactService.Tests.Controllers.ContactsControllerTests.UpdateContact_WhenSuccessful_ReturnsOk" storage="/users/r00t/projects/phonebookapp/contactservice.tests/bin/debug/net9.0/contactservice.tests.dll" id="0d3459bc-e8cb-d47f-59e8-c2b017caff6f">
      <Execution id="4e565ac7-e538-49f6-8e15-1939c9ffe4b8" />
      <TestMethod codeBase="/Users/r00t/Projects/PhoneBookApp/ContactService.Tests/bin/Debug/net9.0/ContactService.Tests.dll" adapterTypeName="executor://xunit/VsTestRunner3/netcore/" className="ContactService.Tests.Controllers.ContactsControllerTests" name="UpdateContact_WhenSuccessful_ReturnsOk" />
    </UnitTest>
    <UnitTest name="ContactService.Tests.Services.OutboxServiceTests.ProcessPendingEventsAsync_WithNoPendingEvents_ShouldDoNothing" storage="/users/r00t/projects/phonebookapp/contactservice.tests/bin/debug/net9.0/contactservice.tests.dll" id="0ff85cf5-a2d8-d8fc-ca9b-bb20d44148c4">
      <Execution id="9e3c89f9-39fb-4c85-95af-360b2a813d08" />
      <TestMethod codeBase="/Users/r00t/Projects/PhoneBookApp/ContactService.Tests/bin/Debug/net9.0/ContactService.Tests.dll" adapterTypeName="executor://xunit/VsTestRunner3/netcore/" className="ContactService.Tests.Services.OutboxServiceTests" name="ProcessPendingEventsAsync_WithNoPendingEvents_ShouldDoNothing" />
    </UnitTest>
    <UnitTest name="ContactService.Tests.Services.CorrelationContextTests.SetCorrelationId_ShouldAddToResponseHeader" storage="/users/r00t/projects/phonebookapp/contactservice.tests/bin/debug/net9.0/contactservice.tests.dll" id="3cdf2a61-6bbf-5700-dfe9-37f3eb629d2e">
      <Execution id="4d23c77c-7300-4796-912d-d733cce4d367" />
      <TestMethod codeBase="/Users/r00t/Projects/PhoneBookApp/ContactService.Tests/bin/Debug/net9.0/ContactService.Tests.dll" adapterTypeName="executor://xunit/VsTestRunner3/netcore/" className="ContactService.Tests.Services.CorrelationContextTests" name="SetCorrelationId_ShouldAddToResponseHeader" />
    </UnitTest>
    <UnitTest name="ContactService.Tests.Behaviors.ValidationBehaviorTests.Handle_WithMultipleValidators_ShouldCombineErrors" storage="/users/r00t/projects/phonebookapp/contactservice.tests/bin/debug/net9.0/contactservice.tests.dll" id="8df8dd58-ba1d-55ba-a3fa-2d529bc5271b">
      <Execution id="693aab19-5332-437d-bd92-5c53bc2af223" />
      <TestMethod codeBase="/Users/r00t/Projects/PhoneBookApp/ContactService.Tests/bin/Debug/net9.0/ContactService.Tests.dll" adapterTypeName="executor://xunit/VsTestRunner3/netcore/" className="ContactService.Tests.Behaviors.ValidationBehaviorTests" name="Handle_WithMultipleValidators_ShouldCombineErrors" />
    </UnitTest>
    <UnitTest name="ContactService.Tests.Validations.CreateContactCommandValidatorTests.Validate_ContactInfosIsNull_ShouldFailValidation" storage="/users/r00t/projects/phonebookapp/contactservice.tests/bin/debug/net9.0/contactservice.tests.dll" id="ba2d4a45-cead-340a-a63e-a43a127065b8">
      <Execution id="ea6b64f5-a514-4de8-9fe3-64b867c45a56" />
      <TestMethod codeBase="/Users/r00t/Projects/PhoneBookApp/ContactService.Tests/bin/Debug/net9.0/ContactService.Tests.dll" adapterTypeName="executor://xunit/VsTestRunner3/netcore/" className="ContactService.Tests.Validations.CreateContactCommandValidatorTests" name="Validate_ContactInfosIsNull_ShouldFailValidation" />
    </UnitTest>
    <UnitTest name="ContactService.Tests.Services.CachedContactServiceTests.GetAllContactsAsync_WhenCached_ShouldReturnFromCache" storage="/users/r00t/projects/phonebookapp/contactservice.tests/bin/debug/net9.0/contactservice.tests.dll" id="31707ac5-8110-d92b-cdd7-b34a62fc2def">
      <Execution id="72719665-21dc-4179-9f45-35b10b8c0b33" />
      <TestMethod codeBase="/Users/r00t/Projects/PhoneBookApp/ContactService.Tests/bin/Debug/net9.0/ContactService.Tests.dll" adapterTypeName="executor://xunit/VsTestRunner3/netcore/" className="ContactService.Tests.Services.CachedContactServiceTests" name="GetAllContactsAsync_WhenCached_ShouldReturnFromCache" />
    </UnitTest>
    <UnitTest name="ContactService.Tests.Services.ContactServiceMainTestsFixed.UpdateContactAsync_WhenContactExists_ShouldUpdateContactAndAddToHistory" storage="/users/r00t/projects/phonebookapp/contactservice.tests/bin/debug/net9.0/contactservice.tests.dll" id="93e00a94-e360-dd4d-fa61-85de87dbb093">
      <Execution id="6f8c96f9-d1da-4979-b205-80aa89e3aebd" />
      <TestMethod codeBase="/Users/r00t/Projects/PhoneBookApp/ContactService.Tests/bin/Debug/net9.0/ContactService.Tests.dll" adapterTypeName="executor://xunit/VsTestRunner3/netcore/" className="ContactService.Tests.Services.ContactServiceMainTestsFixed" name="UpdateContactAsync_WhenContactExists_ShouldUpdateContactAndAddToHistory" />
    </UnitTest>
    <UnitTest name="ContactService.Tests.Workers.OutboxProcessorWorkerTests.StopAsync_ShouldLogError_WhenProcessingRemainingEventsFails" storage="/users/r00t/projects/phonebookapp/contactservice.tests/bin/debug/net9.0/contactservice.tests.dll" id="e692ca4f-6d6b-7fc0-48f7-fd4b7d1742b6">
      <Execution id="8d028107-3629-456c-8b74-e91f210000bd" />
      <TestMethod codeBase="/Users/r00t/Projects/PhoneBookApp/ContactService.Tests/bin/Debug/net9.0/ContactService.Tests.dll" adapterTypeName="executor://xunit/VsTestRunner3/netcore/" className="ContactService.Tests.Workers.OutboxProcessorWorkerTests" name="StopAsync_ShouldLogError_WhenProcessingRemainingEventsFails" />
    </UnitTest>
    <UnitTest name="ContactService.Tests.Services.OutboxServiceTests.ProcessSingleEvent_WhenKafkaPublishFails_ShouldMarkAsFailed" storage="/users/r00t/projects/phonebookapp/contactservice.tests/bin/debug/net9.0/contactservice.tests.dll" id="4ad07b80-ee72-21d8-5f3c-d88f0480c084">
      <Execution id="aea6009c-c47c-431a-9c46-f054da3b18da" />
      <TestMethod codeBase="/Users/r00t/Projects/PhoneBookApp/ContactService.Tests/bin/Debug/net9.0/ContactService.Tests.dll" adapterTypeName="executor://xunit/VsTestRunner3/netcore/" className="ContactService.Tests.Services.OutboxServiceTests" name="ProcessSingleEvent_WhenKafkaPublishFails_ShouldMarkAsFailed" />
    </UnitTest>
    <UnitTest name="ContactService.Tests.Domain.Entities.OutboxEventTests.GetEventData_WithValidData_ShouldDeserializeCorrectly" storage="/users/r00t/projects/phonebookapp/contactservice.tests/bin/debug/net9.0/contactservice.tests.dll" id="d27f4976-40ef-61ce-b0e6-f39fa4846412">
      <Execution id="258170d2-8be0-4d5b-bd01-c23c283a9689" />
      <TestMethod codeBase="/Users/r00t/Projects/PhoneBookApp/ContactService.Tests/bin/Debug/net9.0/ContactService.Tests.dll" adapterTypeName="executor://xunit/VsTestRunner3/netcore/" className="ContactService.Tests.Domain.Entities.OutboxEventTests" name="GetEventData_WithValidData_ShouldDeserializeCorrectly" />
    </UnitTest>
    <UnitTest name="ContactService.Tests.Services.ContactServiceMainTests.RemoveContactInfoAsync_WhenContactNotExists_ShouldReturnFalse" storage="/users/r00t/projects/phonebookapp/contactservice.tests/bin/debug/net9.0/contactservice.tests.dll" id="1da84cc3-d68d-1fd0-8553-02c4d595a768">
      <Execution id="8b19284e-9109-4dde-8661-c89e0df33662" />
      <TestMethod codeBase="/Users/r00t/Projects/PhoneBookApp/ContactService.Tests/bin/Debug/net9.0/ContactService.Tests.dll" adapterTypeName="executor://xunit/VsTestRunner3/netcore/" className="ContactService.Tests.Services.ContactServiceMainTests" name="RemoveContactInfoAsync_WhenContactNotExists_ShouldReturnFalse" />
    </UnitTest>
    <UnitTest name="ContactService.Tests.Repositories.InterfaceAuditLogRepositoryTests.GetActionStatisticsAsync_ShouldReturnActionCounts" storage="/users/r00t/projects/phonebookapp/contactservice.tests/bin/debug/net9.0/contactservice.tests.dll" id="2827477e-050e-5a38-862a-32215e73197e">
      <Execution id="a3e0d605-131d-4790-8614-45c6dc0f1e4a" />
      <TestMethod codeBase="/Users/r00t/Projects/PhoneBookApp/ContactService.Tests/bin/Debug/net9.0/ContactService.Tests.dll" adapterTypeName="executor://xunit/VsTestRunner3/netcore/" className="ContactService.Tests.Repositories.InterfaceAuditLogRepositoryTests" name="GetActionStatisticsAsync_ShouldReturnActionCounts" />
    </UnitTest>
    <UnitTest name="ContactService.Tests.Domain.Entities.ContactInfoTests.ContactInfo_Creation_Should_Throw_Exception_When_Invalid_Content(infoType: EmailAddress, content: &quot;invalid-email&quot;)" storage="/users/r00t/projects/phonebookapp/contactservice.tests/bin/debug/net9.0/contactservice.tests.dll" id="4efe6a47-d4b9-e826-13f7-91a5b3fe801b">
      <Execution id="c4efe3c9-e792-4e36-9997-0aa284bf6086" />
      <TestMethod codeBase="/Users/r00t/Projects/PhoneBookApp/ContactService.Tests/bin/Debug/net9.0/ContactService.Tests.dll" adapterTypeName="executor://xunit/VsTestRunner3/netcore/" className="ContactService.Tests.Domain.Entities.ContactInfoTests" name="ContactInfo_Creation_Should_Throw_Exception_When_Invalid_Content" />
    </UnitTest>
    <UnitTest name="ContactService.Tests.Services.ContactServiceTestsFixed.GetContactByIdAsync_NonExistingId_ShouldReturnNull" storage="/users/r00t/projects/phonebookapp/contactservice.tests/bin/debug/net9.0/contactservice.tests.dll" id="b94d01d2-2482-f1ee-e579-e0328069493a">
      <Execution id="fb663d41-a8ce-446f-9b9a-1bcf78e1d8cb" />
      <TestMethod codeBase="/Users/r00t/Projects/PhoneBookApp/ContactService.Tests/bin/Debug/net9.0/ContactService.Tests.dll" adapterTypeName="executor://xunit/VsTestRunner3/netcore/" className="ContactService.Tests.Services.ContactServiceTestsFixed" name="GetContactByIdAsync_NonExistingId_ShouldReturnNull" />
    </UnitTest>
    <UnitTest name="ContactService.Tests.Repositories.InterfaceAuditLogRepositoryTests.IsHealthyAsync_ShouldReturnRepositoryHealth" storage="/users/r00t/projects/phonebookapp/contactservice.tests/bin/debug/net9.0/contactservice.tests.dll" id="2df730f4-0d43-174e-9923-44bcaeefaf6d">
      <Execution id="5498bd93-8251-4fac-92b9-e1059f9713f7" />
      <TestMethod codeBase="/Users/r00t/Projects/PhoneBookApp/ContactService.Tests/bin/Debug/net9.0/ContactService.Tests.dll" adapterTypeName="executor://xunit/VsTestRunner3/netcore/" className="ContactService.Tests.Repositories.InterfaceAuditLogRepositoryTests" name="IsHealthyAsync_ShouldReturnRepositoryHealth" />
    </UnitTest>
    <UnitTest name="ContactService.Tests.Controllers.ContactsControllerTests.GetContactsByLocation_WhenSuccessful_ReturnsOkResult" storage="/users/r00t/projects/phonebookapp/contactservice.tests/bin/debug/net9.0/contactservice.tests.dll" id="1eb9a523-76fe-3efa-4d0c-3f8d59bfe591">
      <Execution id="e419886f-00d2-4407-b442-604f5d19e578" />
      <TestMethod codeBase="/Users/r00t/Projects/PhoneBookApp/ContactService.Tests/bin/Debug/net9.0/ContactService.Tests.dll" adapterTypeName="executor://xunit/VsTestRunner3/netcore/" className="ContactService.Tests.Controllers.ContactsControllerTests" name="GetContactsByLocation_WhenSuccessful_ReturnsOkResult" />
    </UnitTest>
    <UnitTest name="ContactService.Tests.Services.ContactServiceTestsFixed.AddContactInfoAsync_WithNonExistingContact_ShouldReturnNull" storage="/users/r00t/projects/phonebookapp/contactservice.tests/bin/debug/net9.0/contactservice.tests.dll" id="e1004f18-4443-4ff8-66a9-3013d39e6a45">
      <Execution id="c7111bef-e840-4cf9-afc0-453f803a0824" />
      <TestMethod codeBase="/Users/r00t/Projects/PhoneBookApp/ContactService.Tests/bin/Debug/net9.0/ContactService.Tests.dll" adapterTypeName="executor://xunit/VsTestRunner3/netcore/" className="ContactService.Tests.Services.ContactServiceTestsFixed" name="AddContactInfoAsync_WithNonExistingContact_ShouldReturnNull" />
    </UnitTest>
    <UnitTest name="ContactService.Tests.Validations.CreateContactCommandValidatorTests.Validate_CompanyExceedsMaxLength_ShouldFailValidation" storage="/users/r00t/projects/phonebookapp/contactservice.tests/bin/debug/net9.0/contactservice.tests.dll" id="adfe9ae1-21b5-2360-a4e2-5db85a5d0ff1">
      <Execution id="024d28e5-273c-47d8-852e-cc81b66e3580" />
      <TestMethod codeBase="/Users/r00t/Projects/PhoneBookApp/ContactService.Tests/bin/Debug/net9.0/ContactService.Tests.dll" adapterTypeName="executor://xunit/VsTestRunner3/netcore/" className="ContactService.Tests.Validations.CreateContactCommandValidatorTests" name="Validate_CompanyExceedsMaxLength_ShouldFailValidation" />
    </UnitTest>
    <UnitTest name="ContactService.Tests.Repositories.AuditLogRepositoryStatisticsTests.GetActionStatisticsAsync_WithNullParameters_ShouldReturnAllActionStats" storage="/users/r00t/projects/phonebookapp/contactservice.tests/bin/debug/net9.0/contactservice.tests.dll" id="d03dd252-f28b-090c-b3e6-19aeb387f0b4">
      <Execution id="f155a951-0d0d-4e21-a877-fa64a4362d05" />
      <TestMethod codeBase="/Users/r00t/Projects/PhoneBookApp/ContactService.Tests/bin/Debug/net9.0/ContactService.Tests.dll" adapterTypeName="executor://xunit/VsTestRunner3/netcore/" className="ContactService.Tests.Repositories.AuditLogRepositoryStatisticsTests" name="GetActionStatisticsAsync_WithNullParameters_ShouldReturnAllActionStats" />
    </UnitTest>
    <UnitTest name="ContactService.Tests.Domain.Entities.ContactHistoryTests.Constructor_WithNullContactData_ShouldThrowException" storage="/users/r00t/projects/phonebookapp/contactservice.tests/bin/debug/net9.0/contactservice.tests.dll" id="de0f39cd-7912-969d-abd8-0e235ffda1d3">
      <Execution id="56e3769c-eb5f-409f-9e46-f4add6f63b0f" />
      <TestMethod codeBase="/Users/r00t/Projects/PhoneBookApp/ContactService.Tests/bin/Debug/net9.0/ContactService.Tests.dll" adapterTypeName="executor://xunit/VsTestRunner3/netcore/" className="ContactService.Tests.Domain.Entities.ContactHistoryTests" name="Constructor_WithNullContactData_ShouldThrowException" />
    </UnitTest>
    <UnitTest name="ContactService.Tests.Domain.Entities.ContactTests.Contact_Creation_Should_Throw_Exception_When_Invalid_Name(firstName: &quot;John&quot;, lastName: &quot;&quot;, company: &quot;ACME&quot;)" storage="/users/r00t/projects/phonebookapp/contactservice.tests/bin/debug/net9.0/contactservice.tests.dll" id="705ad452-2760-dcf0-0f70-9fdb584cbe46">
      <Execution id="4f6d9028-8e80-4a62-b6a8-d7c662b92c01" />
      <TestMethod codeBase="/Users/r00t/Projects/PhoneBookApp/ContactService.Tests/bin/Debug/net9.0/ContactService.Tests.dll" adapterTypeName="executor://xunit/VsTestRunner3/netcore/" className="ContactService.Tests.Domain.Entities.ContactTests" name="Contact_Creation_Should_Throw_Exception_When_Invalid_Name" />
    </UnitTest>
    <UnitTest name="ContactService.Tests.Services.ContactServiceAddContactInfoTests.AddContactInfoAsync_WithNonExistingContact_ShouldReturnNull" storage="/users/r00t/projects/phonebookapp/contactservice.tests/bin/debug/net9.0/contactservice.tests.dll" id="8f93e0b1-7b81-de08-03d7-85c2acaee6e1">
      <Execution id="b0022bbf-eeca-439b-b809-c359e6ca825d" />
      <TestMethod codeBase="/Users/r00t/Projects/PhoneBookApp/ContactService.Tests/bin/Debug/net9.0/ContactService.Tests.dll" adapterTypeName="executor://xunit/VsTestRunner3/netcore/" className="ContactService.Tests.Services.ContactServiceAddContactInfoTests" name="AddContactInfoAsync_WithNonExistingContact_ShouldReturnNull" />
    </UnitTest>
    <UnitTest name="ContactService.Tests.Validations.CreateContactCommandValidatorTests.Validate_EmptyOrNullName_ShouldFailValidation(name: null)" storage="/users/r00t/projects/phonebookapp/contactservice.tests/bin/debug/net9.0/contactservice.tests.dll" id="f621c9c5-ed11-460e-d765-e057008e7857">
      <Execution id="23f2b53e-f89e-42aa-8633-9655ad48c3f7" />
      <TestMethod codeBase="/Users/r00t/Projects/PhoneBookApp/ContactService.Tests/bin/Debug/net9.0/ContactService.Tests.dll" adapterTypeName="executor://xunit/VsTestRunner3/netcore/" className="ContactService.Tests.Validations.CreateContactCommandValidatorTests" name="Validate_EmptyOrNullName_ShouldFailValidation" />
    </UnitTest>
    <UnitTest name="ContactService.Tests.Services.ContactServiceMainTests.CreateContactAsync_ShouldCreateContact_WhenValidDataProvided" storage="/users/r00t/projects/phonebookapp/contactservice.tests/bin/debug/net9.0/contactservice.tests.dll" id="f483d3f3-63fe-8590-30c3-b17059ff6060">
      <Execution id="16fdb78e-97cb-4093-98fa-b7b9de217024" />
      <TestMethod codeBase="/Users/r00t/Projects/PhoneBookApp/ContactService.Tests/bin/Debug/net9.0/ContactService.Tests.dll" adapterTypeName="executor://xunit/VsTestRunner3/netcore/" className="ContactService.Tests.Services.ContactServiceMainTests" name="CreateContactAsync_ShouldCreateContact_WhenValidDataProvided" />
    </UnitTest>
    <UnitTest name="ContactService.Tests.Behaviors.CorrelationBehaviorTests.Handle_ShouldPropagateCorrelationIdToLogScope" storage="/users/r00t/projects/phonebookapp/contactservice.tests/bin/debug/net9.0/contactservice.tests.dll" id="540b33a6-8fe4-1aa6-ae10-dbe92135a857">
      <Execution id="8e4db72a-dfb8-4c3b-ab6c-7a0c24bb27e8" />
      <TestMethod codeBase="/Users/r00t/Projects/PhoneBookApp/ContactService.Tests/bin/Debug/net9.0/ContactService.Tests.dll" adapterTypeName="executor://xunit/VsTestRunner3/netcore/" className="ContactService.Tests.Behaviors.CorrelationBehaviorTests" name="Handle_ShouldPropagateCorrelationIdToLogScope" />
    </UnitTest>
    <UnitTest name="ContactService.Tests.Services.ContactServiceUpdateTests.UpdateContactAsync_WithSingleName_ShouldParseCorrectly" storage="/users/r00t/projects/phonebookapp/contactservice.tests/bin/debug/net9.0/contactservice.tests.dll" id="eac69243-a831-f552-a0d0-baa6a89fca7c">
      <Execution id="7ba3357c-71b5-4fe5-b4f1-03a2f210612f" />
      <TestMethod codeBase="/Users/r00t/Projects/PhoneBookApp/ContactService.Tests/bin/Debug/net9.0/ContactService.Tests.dll" adapterTypeName="executor://xunit/VsTestRunner3/netcore/" className="ContactService.Tests.Services.ContactServiceUpdateTests" name="UpdateContactAsync_WithSingleName_ShouldParseCorrectly" />
    </UnitTest>
    <UnitTest name="ContactService.Tests.Domain.Entities.ContactHistoryTests.GetAdditionalMetadata_WithNoMetadata_ShouldReturnNull" storage="/users/r00t/projects/phonebookapp/contactservice.tests/bin/debug/net9.0/contactservice.tests.dll" id="94a0978f-a353-00a7-6ac3-ef47fec046c6">
      <Execution id="1b5fb7c6-4cf0-473f-97a5-d134db66aa67" />
      <TestMethod codeBase="/Users/r00t/Projects/PhoneBookApp/ContactService.Tests/bin/Debug/net9.0/ContactService.Tests.dll" adapterTypeName="executor://xunit/VsTestRunner3/netcore/" className="ContactService.Tests.Domain.Entities.ContactHistoryTests" name="GetAdditionalMetadata_WithNoMetadata_ShouldReturnNull" />
    </UnitTest>
    <UnitTest name="ContactService.Tests.Services.ContactServiceDeleteTests.DeleteContactAsync_WithEmptyId_ShouldThrowArgumentException" storage="/users/r00t/projects/phonebookapp/contactservice.tests/bin/debug/net9.0/contactservice.tests.dll" id="8a8c0ac8-1c2d-5bee-edd5-1dbde8ff21d5">
      <Execution id="639cba54-aa54-47e2-b56d-9e9b6bd04b0c" />
      <TestMethod codeBase="/Users/r00t/Projects/PhoneBookApp/ContactService.Tests/bin/Debug/net9.0/ContactService.Tests.dll" adapterTypeName="executor://xunit/VsTestRunner3/netcore/" className="ContactService.Tests.Services.ContactServiceDeleteTests" name="DeleteContactAsync_WithEmptyId_ShouldThrowArgumentException" />
    </UnitTest>
    <UnitTest name="ContactService.Tests.Behaviors.ValidationBehaviorTests.Handle_WhenValidationFails_ShouldThrowValidationException" storage="/users/r00t/projects/phonebookapp/contactservice.tests/bin/debug/net9.0/contactservice.tests.dll" id="7deab310-660c-4912-7195-863824b73d85">
      <Execution id="2a74cd91-e2b4-4e1e-b99c-d58b85d175a8" />
      <TestMethod codeBase="/Users/r00t/Projects/PhoneBookApp/ContactService.Tests/bin/Debug/net9.0/ContactService.Tests.dll" adapterTypeName="executor://xunit/VsTestRunner3/netcore/" className="ContactService.Tests.Behaviors.ValidationBehaviorTests" name="Handle_WhenValidationFails_ShouldThrowValidationException" />
    </UnitTest>
    <UnitTest name="ContactService.Tests.Domain.Entities.ContactTests.AddContactInfo_Should_Add_Info_To_Collection" storage="/users/r00t/projects/phonebookapp/contactservice.tests/bin/debug/net9.0/contactservice.tests.dll" id="da7ed9c8-00b9-c6f7-075f-2cf1b95e31b2">
      <Execution id="bc8898b2-0a90-423b-8da6-eb09296e9751" />
      <TestMethod codeBase="/Users/r00t/Projects/PhoneBookApp/ContactService.Tests/bin/Debug/net9.0/ContactService.Tests.dll" adapterTypeName="executor://xunit/VsTestRunner3/netcore/" className="ContactService.Tests.Domain.Entities.ContactTests" name="AddContactInfo_Should_Add_Info_To_Collection" />
    </UnitTest>
    <UnitTest name="ContactService.Tests.Services.ContactServiceAddContactInfoTests.AddContactInfoAsync_WithEmailType_ShouldAddEmailContactInfo" storage="/users/r00t/projects/phonebookapp/contactservice.tests/bin/debug/net9.0/contactservice.tests.dll" id="d29c4c89-19e6-22fc-eb6c-349fb2d88e93">
      <Execution id="e7108678-736b-43a8-82ad-ef8ff2bcd067" />
      <TestMethod codeBase="/Users/r00t/Projects/PhoneBookApp/ContactService.Tests/bin/Debug/net9.0/ContactService.Tests.dll" adapterTypeName="executor://xunit/VsTestRunner3/netcore/" className="ContactService.Tests.Services.ContactServiceAddContactInfoTests" name="AddContactInfoAsync_WithEmailType_ShouldAddEmailContactInfo" />
    </UnitTest>
    <UnitTest name="ContactService.Tests.Services.ContactServiceUpdateTests.UpdateContactAsync_WithNonExistingContact_ShouldReturnNull" storage="/users/r00t/projects/phonebookapp/contactservice.tests/bin/debug/net9.0/contactservice.tests.dll" id="c3fe5172-5743-b77e-f041-7c3abe54e2e1">
      <Execution id="3d53ca17-8dcf-47e2-91b8-6d2a9d82ab09" />
      <TestMethod codeBase="/Users/r00t/Projects/PhoneBookApp/ContactService.Tests/bin/Debug/net9.0/ContactService.Tests.dll" adapterTypeName="executor://xunit/VsTestRunner3/netcore/" className="ContactService.Tests.Services.ContactServiceUpdateTests" name="UpdateContactAsync_WithNonExistingContact_ShouldReturnNull" />
    </UnitTest>
    <UnitTest name="ContactService.Tests.Validations.CreateContactCommandValidatorTests.Validate_EmptyContactInfos_ShouldPassValidation" storage="/users/r00t/projects/phonebookapp/contactservice.tests/bin/debug/net9.0/contactservice.tests.dll" id="c427cb7e-c565-9a5c-6c0b-aa3bb88347e4">
      <Execution id="f7822ef0-d80a-4a29-a108-5e69706c4d4e" />
      <TestMethod codeBase="/Users/r00t/Projects/PhoneBookApp/ContactService.Tests/bin/Debug/net9.0/ContactService.Tests.dll" adapterTypeName="executor://xunit/VsTestRunner3/netcore/" className="ContactService.Tests.Validations.CreateContactCommandValidatorTests" name="Validate_EmptyContactInfos_ShouldPassValidation" />
    </UnitTest>
    <UnitTest name="ContactService.Tests.Workers.OutboxProcessorWorkerTests.ExecuteAsync_ShouldProcessPendingEvents_WhenCalled" storage="/users/r00t/projects/phonebookapp/contactservice.tests/bin/debug/net9.0/contactservice.tests.dll" id="92ab22b2-8846-1c64-d5bc-e6797eee3d4c">
      <Execution id="32bdb3f1-ae15-41d9-9bcf-3e9b9a8e55a8" />
      <TestMethod codeBase="/Users/r00t/Projects/PhoneBookApp/ContactService.Tests/bin/Debug/net9.0/ContactService.Tests.dll" adapterTypeName="executor://xunit/VsTestRunner3/netcore/" className="ContactService.Tests.Workers.OutboxProcessorWorkerTests" name="ExecuteAsync_ShouldProcessPendingEvents_WhenCalled" />
    </UnitTest>
    <UnitTest name="ContactService.Tests.Domain.Entities.ContactInfoTests.UpdateContent_Should_Update_Content_Property" storage="/users/r00t/projects/phonebookapp/contactservice.tests/bin/debug/net9.0/contactservice.tests.dll" id="2ce7e47b-5f88-58f7-16ae-2cbc06265a3a">
      <Execution id="65d414a3-c6e2-4eb9-9d83-35137b284e6c" />
      <TestMethod codeBase="/Users/r00t/Projects/PhoneBookApp/ContactService.Tests/bin/Debug/net9.0/ContactService.Tests.dll" adapterTypeName="executor://xunit/VsTestRunner3/netcore/" className="ContactService.Tests.Domain.Entities.ContactInfoTests" name="UpdateContent_Should_Update_Content_Property" />
    </UnitTest>
    <UnitTest name="ContactService.Tests.Domain.Entities.OutboxEventTests.MarkAsFailed_WithInvalidErrorMessage_ShouldThrowException(errorMessage: &quot;&quot;)" storage="/users/r00t/projects/phonebookapp/contactservice.tests/bin/debug/net9.0/contactservice.tests.dll" id="124dfbbf-60d5-a8a0-9a58-0ae196323d97">
      <Execution id="d0b11346-c0bf-4def-9aa7-54a1439449c5" />
      <TestMethod codeBase="/Users/r00t/Projects/PhoneBookApp/ContactService.Tests/bin/Debug/net9.0/ContactService.Tests.dll" adapterTypeName="executor://xunit/VsTestRunner3/netcore/" className="ContactService.Tests.Domain.Entities.OutboxEventTests" name="MarkAsFailed_WithInvalidErrorMessage_ShouldThrowException" />
    </UnitTest>
    <UnitTest name="ContactService.Tests.Services.OutboxServiceTests.ProcessPendingEventsAsync_ShouldUseCorrectTopicForEventType(eventType: &quot;ContactUpdated&quot;, expectedTopic: &quot;contact-events&quot;)" storage="/users/r00t/projects/phonebookapp/contactservice.tests/bin/debug/net9.0/contactservice.tests.dll" id="2c1f28ba-764d-3fa9-5475-82b081f91c8e">
      <Execution id="073bd36d-e877-4a15-a216-729bb21ce38b" />
      <TestMethod codeBase="/Users/r00t/Projects/PhoneBookApp/ContactService.Tests/bin/Debug/net9.0/ContactService.Tests.dll" adapterTypeName="executor://xunit/VsTestRunner3/netcore/" className="ContactService.Tests.Services.OutboxServiceTests" name="ProcessPendingEventsAsync_ShouldUseCorrectTopicForEventType" />
    </UnitTest>
    <UnitTest name="ContactService.Tests.Controllers.ContactsControllerTests.GetAllContacts_WhenSuccessful_ReturnsOkResult" storage="/users/r00t/projects/phonebookapp/contactservice.tests/bin/debug/net9.0/contactservice.tests.dll" id="4c73dc71-56ef-c24d-a1e0-6a6db5098b10">
      <Execution id="c80812a4-7152-4786-beac-d64aef2221de" />
      <TestMethod codeBase="/Users/r00t/Projects/PhoneBookApp/ContactService.Tests/bin/Debug/net9.0/ContactService.Tests.dll" adapterTypeName="executor://xunit/VsTestRunner3/netcore/" className="ContactService.Tests.Controllers.ContactsControllerTests" name="GetAllContacts_WhenSuccessful_ReturnsOkResult" />
    </UnitTest>
    <UnitTest name="ContactService.Tests.Domain.Entities.ContactInfoTests.UpdateContent_Should_Throw_Exception_When_Invalid_Content" storage="/users/r00t/projects/phonebookapp/contactservice.tests/bin/debug/net9.0/contactservice.tests.dll" id="b0d4b3ba-6734-251e-ba89-4709731e505d">
      <Execution id="b7e2688c-c2bc-4637-bb8e-c130d530c604" />
      <TestMethod codeBase="/Users/r00t/Projects/PhoneBookApp/ContactService.Tests/bin/Debug/net9.0/ContactService.Tests.dll" adapterTypeName="executor://xunit/VsTestRunner3/netcore/" className="ContactService.Tests.Domain.Entities.ContactInfoTests" name="UpdateContent_Should_Throw_Exception_When_Invalid_Content" />
    </UnitTest>
    <UnitTest name="ContactService.Tests.Repositories.ContactHistoryRepositoryTests.GetByOperationTypeAsync_ShouldReturnMatchingHistories" storage="/users/r00t/projects/phonebookapp/contactservice.tests/bin/debug/net9.0/contactservice.tests.dll" id="bae9764f-6739-74de-9560-36225fd37725">
      <Execution id="4e37dc22-586a-4c21-bf9e-d6cf068456d8" />
      <TestMethod codeBase="/Users/r00t/Projects/PhoneBookApp/ContactService.Tests/bin/Debug/net9.0/ContactService.Tests.dll" adapterTypeName="executor://xunit/VsTestRunner3/netcore/" className="ContactService.Tests.Repositories.ContactHistoryRepositoryTests" name="GetByOperationTypeAsync_ShouldReturnMatchingHistories" />
    </UnitTest>
    <UnitTest name="ContactService.Tests.Repositories.OutboxRepositoryTests.CreateAsync_ShouldAddEventToDatabase" storage="/users/r00t/projects/phonebookapp/contactservice.tests/bin/debug/net9.0/contactservice.tests.dll" id="32bb918f-a512-0e37-2e1b-c7fbebc2fb93">
      <Execution id="f99b0236-a80b-4f65-bc3b-39695acb8eec" />
      <TestMethod codeBase="/Users/r00t/Projects/PhoneBookApp/ContactService.Tests/bin/Debug/net9.0/ContactService.Tests.dll" adapterTypeName="executor://xunit/VsTestRunner3/netcore/" className="ContactService.Tests.Repositories.OutboxRepositoryTests" name="CreateAsync_ShouldAddEventToDatabase" />
    </UnitTest>
    <UnitTest name="ContactService.Tests.Domain.Entities.OutboxEventTests.MarkAsFailed_WithInvalidErrorMessage_ShouldThrowException(errorMessage: null)" storage="/users/r00t/projects/phonebookapp/contactservice.tests/bin/debug/net9.0/contactservice.tests.dll" id="4838ad76-4ce2-fa88-aa80-6e82cd3b4524">
      <Execution id="0e82275b-8687-412a-bf0c-7080e7ea153b" />
      <TestMethod codeBase="/Users/r00t/Projects/PhoneBookApp/ContactService.Tests/bin/Debug/net9.0/ContactService.Tests.dll" adapterTypeName="executor://xunit/VsTestRunner3/netcore/" className="ContactService.Tests.Domain.Entities.OutboxEventTests" name="MarkAsFailed_WithInvalidErrorMessage_ShouldThrowException" />
    </UnitTest>
    <UnitTest name="ContactService.Tests.Services.ContactServiceMainTests.UpdateContactAsync_WhenContactNotExists_ShouldReturnNull" storage="/users/r00t/projects/phonebookapp/contactservice.tests/bin/debug/net9.0/contactservice.tests.dll" id="222f46c1-1907-f69f-b4f5-c3b3cf34e4de">
      <Execution id="5d6d3164-9868-49da-8b63-7b9db2312b0c" />
      <TestMethod codeBase="/Users/r00t/Projects/PhoneBookApp/ContactService.Tests/bin/Debug/net9.0/ContactService.Tests.dll" adapterTypeName="executor://xunit/VsTestRunner3/netcore/" className="ContactService.Tests.Services.ContactServiceMainTests" name="UpdateContactAsync_WhenContactNotExists_ShouldReturnNull" />
    </UnitTest>
    <UnitTest name="ContactService.Tests.Domain.Entities.OutboxEventTests.MarkAsFailed_WithValidErrorMessage_ShouldUpdateStatus" storage="/users/r00t/projects/phonebookapp/contactservice.tests/bin/debug/net9.0/contactservice.tests.dll" id="79623cd3-c664-41f0-a8fd-1c4b3f193f01">
      <Execution id="d4132092-75cd-42a2-9e56-9c55df604bb0" />
      <TestMethod codeBase="/Users/r00t/Projects/PhoneBookApp/ContactService.Tests/bin/Debug/net9.0/ContactService.Tests.dll" adapterTypeName="executor://xunit/VsTestRunner3/netcore/" className="ContactService.Tests.Domain.Entities.OutboxEventTests" name="MarkAsFailed_WithValidErrorMessage_ShouldUpdateStatus" />
    </UnitTest>
    <UnitTest name="ContactService.Tests.Services.ContactServiceTestsFixed.UpdateContactAsync_WithNonExistingContact_ShouldReturnNull" storage="/users/r00t/projects/phonebookapp/contactservice.tests/bin/debug/net9.0/contactservice.tests.dll" id="b0f2213c-04cc-1379-5387-95cab862989b">
      <Execution id="0f4c6366-6ff9-47b7-b1bc-57e02a6eb752" />
      <TestMethod codeBase="/Users/r00t/Projects/PhoneBookApp/ContactService.Tests/bin/Debug/net9.0/ContactService.Tests.dll" adapterTypeName="executor://xunit/VsTestRunner3/netcore/" className="ContactService.Tests.Services.ContactServiceTestsFixed" name="UpdateContactAsync_WithNonExistingContact_ShouldReturnNull" />
    </UnitTest>
    <UnitTest name="ContactService.Tests.Behaviors.CorrelationBehaviorTests.Handle_ShouldLogWithCorrelationId" storage="/users/r00t/projects/phonebookapp/contactservice.tests/bin/debug/net9.0/contactservice.tests.dll" id="3901b727-f207-9fa4-2bf1-8e5ec3e44ab6">
      <Execution id="00e75307-0d10-4e75-b1c3-096d276c4650" />
      <TestMethod codeBase="/Users/r00t/Projects/PhoneBookApp/ContactService.Tests/bin/Debug/net9.0/ContactService.Tests.dll" adapterTypeName="executor://xunit/VsTestRunner3/netcore/" className="ContactService.Tests.Behaviors.CorrelationBehaviorTests" name="Handle_ShouldLogWithCorrelationId" />
    </UnitTest>
    <UnitTest name="ContactService.Tests.Controllers.ContactsControllerTests.DeleteContact_WhenNotFound_ReturnsNotFound" storage="/users/r00t/projects/phonebookapp/contactservice.tests/bin/debug/net9.0/contactservice.tests.dll" id="5533c9fd-1d32-1a8a-1765-693d9380208a">
      <Execution id="964436f8-3361-4678-9fed-d74fd63bb229" />
      <TestMethod codeBase="/Users/r00t/Projects/PhoneBookApp/ContactService.Tests/bin/Debug/net9.0/ContactService.Tests.dll" adapterTypeName="executor://xunit/VsTestRunner3/netcore/" className="ContactService.Tests.Controllers.ContactsControllerTests" name="DeleteContact_WhenNotFound_ReturnsNotFound" />
    </UnitTest>
    <UnitTest name="ContactService.Tests.Domain.Entities.OutboxEventTests.Constructor_WithInvalidEventType_ShouldThrowException(eventType: &quot;  &quot;)" storage="/users/r00t/projects/phonebookapp/contactservice.tests/bin/debug/net9.0/contactservice.tests.dll" id="311793d3-f7e8-8c9b-e613-9ac05d180ba7">
      <Execution id="ffc89cf3-f86f-4eec-8a08-f2c994f76fec" />
      <TestMethod codeBase="/Users/r00t/Projects/PhoneBookApp/ContactService.Tests/bin/Debug/net9.0/ContactService.Tests.dll" adapterTypeName="executor://xunit/VsTestRunner3/netcore/" className="ContactService.Tests.Domain.Entities.OutboxEventTests" name="Constructor_WithInvalidEventType_ShouldThrowException" />
    </UnitTest>
    <UnitTest name="ContactService.Tests.Domain.Entities.ContactInfoTests.ContactInfo_Creation_With_Phone_Should_Validate_Format" storage="/users/r00t/projects/phonebookapp/contactservice.tests/bin/debug/net9.0/contactservice.tests.dll" id="7c54e1ae-c3f0-a0c7-0c1b-3f11ae72c258">
      <Execution id="3b6023e1-13d4-4659-93b2-03659e94a15c" />
      <TestMethod codeBase="/Users/r00t/Projects/PhoneBookApp/ContactService.Tests/bin/Debug/net9.0/ContactService.Tests.dll" adapterTypeName="executor://xunit/VsTestRunner3/netcore/" className="ContactService.Tests.Domain.Entities.ContactInfoTests" name="ContactInfo_Creation_With_Phone_Should_Validate_Format" />
    </UnitTest>
    <UnitTest name="ContactService.Tests.Services.ContactServiceMainTests.AddContactInfoAsync_WhenContactNotExists_ShouldReturnNull" storage="/users/r00t/projects/phonebookapp/contactservice.tests/bin/debug/net9.0/contactservice.tests.dll" id="111b7653-f816-b715-b87f-7fd8379044e4">
      <Execution id="1a1b1625-56a4-4438-a3bf-c42e2760dbfa" />
      <TestMethod codeBase="/Users/r00t/Projects/PhoneBookApp/ContactService.Tests/bin/Debug/net9.0/ContactService.Tests.dll" adapterTypeName="executor://xunit/VsTestRunner3/netcore/" className="ContactService.Tests.Services.ContactServiceMainTests" name="AddContactInfoAsync_WhenContactNotExists_ShouldReturnNull" />
    </UnitTest>
    <UnitTest name="ContactService.Tests.Domain.Entities.OutboxEventTests.Constructor_WithInvalidEventType_ShouldThrowException(eventType: &quot;&quot;)" storage="/users/r00t/projects/phonebookapp/contactservice.tests/bin/debug/net9.0/contactservice.tests.dll" id="43583dd2-2dd4-3fe1-0a2b-7e3030c5eb05">
      <Execution id="e53e3aa5-5407-4641-9859-c1b7d0a85b26" />
      <TestMethod codeBase="/Users/r00t/Projects/PhoneBookApp/ContactService.Tests/bin/Debug/net9.0/ContactService.Tests.dll" adapterTypeName="executor://xunit/VsTestRunner3/netcore/" className="ContactService.Tests.Domain.Entities.OutboxEventTests" name="Constructor_WithInvalidEventType_ShouldThrowException" />
    </UnitTest>
    <UnitTest name="ContactService.Tests.Repositories.MongoAuditLogRepositoryTests.CreateManyAsync_ShouldInsertMultipleAuditLogs" storage="/users/r00t/projects/phonebookapp/contactservice.tests/bin/debug/net9.0/contactservice.tests.dll" id="7ec04dbc-1d37-9892-81bd-96a4844d707f">
      <Execution id="09208900-8ad3-4e6a-9658-cae33f2e4f6c" />
      <TestMethod codeBase="/Users/r00t/Projects/PhoneBookApp/ContactService.Tests/bin/Debug/net9.0/ContactService.Tests.dll" adapterTypeName="executor://xunit/VsTestRunner3/netcore/" className="ContactService.Tests.Repositories.MongoAuditLogRepositoryTests" name="CreateManyAsync_ShouldInsertMultipleAuditLogs" />
    </UnitTest>
    <UnitTest name="ContactService.Tests.Services.ContactServiceTestsFixed.GetContactsByLocationAsync_WithLocation_ShouldReturnContactsFromLocation" storage="/users/r00t/projects/phonebookapp/contactservice.tests/bin/debug/net9.0/contactservice.tests.dll" id="4d0fca5e-9e1d-a5e6-952d-09b701fe7b09">
      <Execution id="0ec1410e-88ed-47f1-8f1e-68269877a579" />
      <TestMethod codeBase="/Users/r00t/Projects/PhoneBookApp/ContactService.Tests/bin/Debug/net9.0/ContactService.Tests.dll" adapterTypeName="executor://xunit/VsTestRunner3/netcore/" className="ContactService.Tests.Services.ContactServiceTestsFixed" name="GetContactsByLocationAsync_WithLocation_ShouldReturnContactsFromLocation" />
    </UnitTest>
    <UnitTest name="ContactService.Tests.Domain.Entities.OutboxEventTests.MarkAsFailed_AfterMaxRetries_ShouldSetStatusToFailed" storage="/users/r00t/projects/phonebookapp/contactservice.tests/bin/debug/net9.0/contactservice.tests.dll" id="c7c25f38-4580-db9f-5da3-d32c41491df3">
      <Execution id="3dc15c0a-3849-4210-a0f1-3e21981fad3f" />
      <TestMethod codeBase="/Users/r00t/Projects/PhoneBookApp/ContactService.Tests/bin/Debug/net9.0/ContactService.Tests.dll" adapterTypeName="executor://xunit/VsTestRunner3/netcore/" className="ContactService.Tests.Domain.Entities.OutboxEventTests" name="MarkAsFailed_AfterMaxRetries_ShouldSetStatusToFailed" />
    </UnitTest>
    <UnitTest name="ContactService.Tests.Services.CachedContactServiceTests.GetContactByIdAsync_WhenNotCached_ShouldFetchAndCache" storage="/users/r00t/projects/phonebookapp/contactservice.tests/bin/debug/net9.0/contactservice.tests.dll" id="afeacdf0-b599-63dd-1c58-2da67c782c66">
      <Execution id="179219b8-4e9d-4156-ab35-a6f1697db512" />
      <TestMethod codeBase="/Users/r00t/Projects/PhoneBookApp/ContactService.Tests/bin/Debug/net9.0/ContactService.Tests.dll" adapterTypeName="executor://xunit/VsTestRunner3/netcore/" className="ContactService.Tests.Services.CachedContactServiceTests" name="GetContactByIdAsync_WhenNotCached_ShouldFetchAndCache" />
    </UnitTest>
    <UnitTest name="ContactService.Tests.Domain.Entities.ContactHistoryTests.Constructor_WithTooLongCorrelationId_ShouldThrowException" storage="/users/r00t/projects/phonebookapp/contactservice.tests/bin/debug/net9.0/contactservice.tests.dll" id="e3e0986d-75a9-9ba8-ad43-9956b1b3878f">
      <Execution id="e80b7749-34c0-4443-8e69-e46e2141dd69" />
      <TestMethod codeBase="/Users/r00t/Projects/PhoneBookApp/ContactService.Tests/bin/Debug/net9.0/ContactService.Tests.dll" adapterTypeName="executor://xunit/VsTestRunner3/netcore/" className="ContactService.Tests.Domain.Entities.ContactHistoryTests" name="Constructor_WithTooLongCorrelationId_ShouldThrowException" />
    </UnitTest>
    <UnitTest name="ContactService.Tests.Repositories.MongoAuditLogRepositoryTests.CreateManyAsync_WithEmptyList_ShouldNotCallInsertMany" storage="/users/r00t/projects/phonebookapp/contactservice.tests/bin/debug/net9.0/contactservice.tests.dll" id="6c2a16b2-1252-58f8-af52-cc93a97e6fec">
      <Execution id="0866ac57-09e0-48dd-ae9f-fa648c502b0b" />
      <TestMethod codeBase="/Users/r00t/Projects/PhoneBookApp/ContactService.Tests/bin/Debug/net9.0/ContactService.Tests.dll" adapterTypeName="executor://xunit/VsTestRunner3/netcore/" className="ContactService.Tests.Repositories.MongoAuditLogRepositoryTests" name="CreateManyAsync_WithEmptyList_ShouldNotCallInsertMany" />
    </UnitTest>
    <UnitTest name="ContactService.Tests.Repositories.AuditLogRepositoryStatisticsTests.GetStatisticsAsync_WithNullParameters_ShouldReturnAllStatistics" storage="/users/r00t/projects/phonebookapp/contactservice.tests/bin/debug/net9.0/contactservice.tests.dll" id="bd3e40f0-2d41-25d9-3b21-b0039a5c4363">
      <Execution id="f35ae7e0-6816-44be-8743-16d2c91f41ea" />
      <TestMethod codeBase="/Users/r00t/Projects/PhoneBookApp/ContactService.Tests/bin/Debug/net9.0/ContactService.Tests.dll" adapterTypeName="executor://xunit/VsTestRunner3/netcore/" className="ContactService.Tests.Repositories.AuditLogRepositoryStatisticsTests" name="GetStatisticsAsync_WithNullParameters_ShouldReturnAllStatistics" />
    </UnitTest>
    <UnitTest name="ContactService.Tests.Services.ContactServiceMainTests.ContactExistsAsync_WhenContactNotExists_ShouldReturnFalse" storage="/users/r00t/projects/phonebookapp/contactservice.tests/bin/debug/net9.0/contactservice.tests.dll" id="5d0996e8-fd7f-2244-91d9-22b23dc415b5">
      <Execution id="d23380bb-6acb-4ede-a7e2-260139c333b2" />
      <TestMethod codeBase="/Users/r00t/Projects/PhoneBookApp/ContactService.Tests/bin/Debug/net9.0/ContactService.Tests.dll" adapterTypeName="executor://xunit/VsTestRunner3/netcore/" className="ContactService.Tests.Services.ContactServiceMainTests" name="ContactExistsAsync_WhenContactNotExists_ShouldReturnFalse" />
    </UnitTest>
    <UnitTest name="ContactService.Tests.Behaviors.ValidationBehaviorTests.Handle_WithMixedValidationResults_ShouldThrowValidationException" storage="/users/r00t/projects/phonebookapp/contactservice.tests/bin/debug/net9.0/contactservice.tests.dll" id="5e1e1377-2309-4b64-aa4e-2b92ab69b1a6">
      <Execution id="b6959711-52fc-41f3-84fe-61546aaa2177" />
      <TestMethod codeBase="/Users/r00t/Projects/PhoneBookApp/ContactService.Tests/bin/Debug/net9.0/ContactService.Tests.dll" adapterTypeName="executor://xunit/VsTestRunner3/netcore/" className="ContactService.Tests.Behaviors.ValidationBehaviorTests" name="Handle_WithMixedValidationResults_ShouldThrowValidationException" />
    </UnitTest>
    <UnitTest name="ContactService.Tests.Repositories.OutboxRepositoryTests.GetByIdAsync_WhenEventDoesNotExist_ShouldReturnNull" storage="/users/r00t/projects/phonebookapp/contactservice.tests/bin/debug/net9.0/contactservice.tests.dll" id="48769fa8-8334-e0cd-8bbc-a5d611b35154">
      <Execution id="524a1a4d-f636-4161-b132-8eb7f84f173f" />
      <TestMethod codeBase="/Users/r00t/Projects/PhoneBookApp/ContactService.Tests/bin/Debug/net9.0/ContactService.Tests.dll" adapterTypeName="executor://xunit/VsTestRunner3/netcore/" className="ContactService.Tests.Repositories.OutboxRepositoryTests" name="GetByIdAsync_WhenEventDoesNotExist_ShouldReturnNull" />
    </UnitTest>
    <UnitTest name="ContactService.Tests.Behaviors.CorrelationIdBehaviorTests.Handle_WhenExceptionOccurs_ShouldLogErrorAndRethrow" storage="/users/r00t/projects/phonebookapp/contactservice.tests/bin/debug/net9.0/contactservice.tests.dll" id="3f9af360-bf03-d7e9-99bf-e7534ad823d1">
      <Execution id="a2b20844-5df6-4a4c-8e8d-ce27ce4e1180" />
      <TestMethod codeBase="/Users/r00t/Projects/PhoneBookApp/ContactService.Tests/bin/Debug/net9.0/ContactService.Tests.dll" adapterTypeName="executor://xunit/VsTestRunner3/netcore/" className="ContactService.Tests.Behaviors.CorrelationIdBehaviorTests" name="Handle_WhenExceptionOccurs_ShouldLogErrorAndRethrow" />
    </UnitTest>
    <UnitTest name="ContactService.Tests.Domain.Entities.ContactInfoTests.ContactInfo_Creation_With_Email_Should_Validate_Format" storage="/users/r00t/projects/phonebookapp/contactservice.tests/bin/debug/net9.0/contactservice.tests.dll" id="40bb4622-eba1-e17f-37e8-b068c30759c6">
      <Execution id="80c8b769-e8b8-4606-99e5-3153f8849bf0" />
      <TestMethod codeBase="/Users/r00t/Projects/PhoneBookApp/ContactService.Tests/bin/Debug/net9.0/ContactService.Tests.dll" adapterTypeName="executor://xunit/VsTestRunner3/netcore/" className="ContactService.Tests.Domain.Entities.ContactInfoTests" name="ContactInfo_Creation_With_Email_Should_Validate_Format" />
    </UnitTest>
    <UnitTest name="ContactService.Tests.Services.OutboxServiceTests.CleanupProcessedEventsAsync_ShouldDeleteOldEvents" storage="/users/r00t/projects/phonebookapp/contactservice.tests/bin/debug/net9.0/contactservice.tests.dll" id="081e44cb-fe35-6eba-d430-dbfbe82124e1">
      <Execution id="e46e04ce-dc2e-4889-84ac-6bc1d4332819" />
      <TestMethod codeBase="/Users/r00t/Projects/PhoneBookApp/ContactService.Tests/bin/Debug/net9.0/ContactService.Tests.dll" adapterTypeName="executor://xunit/VsTestRunner3/netcore/" className="ContactService.Tests.Services.OutboxServiceTests" name="CleanupProcessedEventsAsync_ShouldDeleteOldEvents" />
    </UnitTest>
    <UnitTest name="ContactService.Tests.Services.ContactServiceDeleteTests.DeleteContactAsync_WithExistingContact_ShouldDeleteSuccessfully" storage="/users/r00t/projects/phonebookapp/contactservice.tests/bin/debug/net9.0/contactservice.tests.dll" id="8645a9b9-72c7-0bb0-8520-7a47e2be88a6">
      <Execution id="446b247a-4f2a-4d5d-b5b4-b2b67742a748" />
      <TestMethod codeBase="/Users/r00t/Projects/PhoneBookApp/ContactService.Tests/bin/Debug/net9.0/ContactService.Tests.dll" adapterTypeName="executor://xunit/VsTestRunner3/netcore/" className="ContactService.Tests.Services.ContactServiceDeleteTests" name="DeleteContactAsync_WithExistingContact_ShouldDeleteSuccessfully" />
    </UnitTest>
    <UnitTest name="ContactService.Tests.Services.ContactServiceApplicationTests.ContactExistsAsync_ReturnsBoolean" storage="/users/r00t/projects/phonebookapp/contactservice.tests/bin/debug/net9.0/contactservice.tests.dll" id="30ac2a89-68f6-99bb-2ce8-7e030aa4c440">
      <Execution id="6f6d14cf-67b8-455e-b013-16bde7b7361b" />
      <TestMethod codeBase="/Users/r00t/Projects/PhoneBookApp/ContactService.Tests/bin/Debug/net9.0/ContactService.Tests.dll" adapterTypeName="executor://xunit/VsTestRunner3/netcore/" className="ContactService.Tests.Services.ContactServiceApplicationTests" name="ContactExistsAsync_ReturnsBoolean" />
    </UnitTest>
    <UnitTest name="ContactService.Tests.Repositories.AuditLogRepositoryStatisticsTests.GetStatisticsAsync_ShouldReturnStatisticsByService" storage="/users/r00t/projects/phonebookapp/contactservice.tests/bin/debug/net9.0/contactservice.tests.dll" id="e0512c59-b40c-2582-0763-0154a5cc09c1">
      <Execution id="40cb5f90-b464-4bdc-a8e4-9d453f45509f" />
      <TestMethod codeBase="/Users/r00t/Projects/PhoneBookApp/ContactService.Tests/bin/Debug/net9.0/ContactService.Tests.dll" adapterTypeName="executor://xunit/VsTestRunner3/netcore/" className="ContactService.Tests.Repositories.AuditLogRepositoryStatisticsTests" name="GetStatisticsAsync_ShouldReturnStatisticsByService" />
    </UnitTest>
    <UnitTest name="ContactService.Tests.Domain.Entities.OutboxEventTests.Constructor_WithInvalidEventType_ShouldThrowException(eventType: null)" storage="/users/r00t/projects/phonebookapp/contactservice.tests/bin/debug/net9.0/contactservice.tests.dll" id="1bfc090f-26ac-d3be-0ae1-b46c3add197c">
      <Execution id="6aadd52f-b9be-4e02-a510-f509a226ec71" />
      <TestMethod codeBase="/Users/r00t/Projects/PhoneBookApp/ContactService.Tests/bin/Debug/net9.0/ContactService.Tests.dll" adapterTypeName="executor://xunit/VsTestRunner3/netcore/" className="ContactService.Tests.Domain.Entities.OutboxEventTests" name="Constructor_WithInvalidEventType_ShouldThrowException" />
    </UnitTest>
    <UnitTest name="ContactService.Tests.Validations.CreateContactCommandValidatorTests.Validate_EmptyOrNullName_ShouldFailValidation(name: &quot; &quot;)" storage="/users/r00t/projects/phonebookapp/contactservice.tests/bin/debug/net9.0/contactservice.tests.dll" id="cf3fa0bc-061b-2f26-6e71-2d0393970326">
      <Execution id="cea12bbe-2c21-46d2-9dc8-fd6c729de96d" />
      <TestMethod codeBase="/Users/r00t/Projects/PhoneBookApp/ContactService.Tests/bin/Debug/net9.0/ContactService.Tests.dll" adapterTypeName="executor://xunit/VsTestRunner3/netcore/" className="ContactService.Tests.Validations.CreateContactCommandValidatorTests" name="Validate_EmptyOrNullName_ShouldFailValidation" />
    </UnitTest>
    <UnitTest name="ContactService.Tests.Services.OutboxServiceTests.ProcessPendingEventsAsync_ShouldUseCorrectTopicForEventType(eventType: &quot;NotificationSent&quot;, expectedTopic: &quot;notification-events&quot;)" storage="/users/r00t/projects/phonebookapp/contactservice.tests/bin/debug/net9.0/contactservice.tests.dll" id="5929097d-0168-9fb2-e4c1-2c2e4d4a6d0d">
      <Execution id="8b0afb96-e386-4e44-9b6b-3433b7c6bbcd" />
      <TestMethod codeBase="/Users/r00t/Projects/PhoneBookApp/ContactService.Tests/bin/Debug/net9.0/ContactService.Tests.dll" adapterTypeName="executor://xunit/VsTestRunner3/netcore/" className="ContactService.Tests.Services.OutboxServiceTests" name="ProcessPendingEventsAsync_ShouldUseCorrectTopicForEventType" />
    </UnitTest>
    <UnitTest name="ContactService.Tests.Repositories.MongoAuditLogRepositoryTests.DeleteOldLogsAsync_ShouldRemoveOldLogs" storage="/users/r00t/projects/phonebookapp/contactservice.tests/bin/debug/net9.0/contactservice.tests.dll" id="c66efc88-f4cd-f144-8f68-6670171de1b9">
      <Execution id="e1eb4230-e776-4a9e-89a7-60b975c74db5" />
      <TestMethod codeBase="/Users/r00t/Projects/PhoneBookApp/ContactService.Tests/bin/Debug/net9.0/ContactService.Tests.dll" adapterTypeName="executor://xunit/VsTestRunner3/netcore/" className="ContactService.Tests.Repositories.MongoAuditLogRepositoryTests" name="DeleteOldLogsAsync_ShouldRemoveOldLogs" />
    </UnitTest>
    <UnitTest name="ContactService.Tests.Controllers.ContactsControllerTests.CreateContact_WhenFailed_ReturnsCreatedWithEmptyId" storage="/users/r00t/projects/phonebookapp/contactservice.tests/bin/debug/net9.0/contactservice.tests.dll" id="fe764a59-c9d9-90b4-01d3-048d14c51d27">
      <Execution id="35372ff9-81c5-41f1-afec-8a23dff14011" />
      <TestMethod codeBase="/Users/r00t/Projects/PhoneBookApp/ContactService.Tests/bin/Debug/net9.0/ContactService.Tests.dll" adapterTypeName="executor://xunit/VsTestRunner3/netcore/" className="ContactService.Tests.Controllers.ContactsControllerTests" name="CreateContact_WhenFailed_ReturnsCreatedWithEmptyId" />
    </UnitTest>
    <UnitTest name="ContactService.Tests.Services.CachedContactServiceTests.ContactExistsAsync_WhenCached_ShouldReturnTrue" storage="/users/r00t/projects/phonebookapp/contactservice.tests/bin/debug/net9.0/contactservice.tests.dll" id="a5c23d92-ce06-97d3-7f56-54b7ff8a7f31">
      <Execution id="45994685-ebbf-46b6-bb1f-00dbad26f648" />
      <TestMethod codeBase="/Users/r00t/Projects/PhoneBookApp/ContactService.Tests/bin/Debug/net9.0/ContactService.Tests.dll" adapterTypeName="executor://xunit/VsTestRunner3/netcore/" className="ContactService.Tests.Services.CachedContactServiceTests" name="ContactExistsAsync_WhenCached_ShouldReturnTrue" />
    </UnitTest>
    <UnitTest name="ContactService.Tests.Repositories.OutboxRepositoryTests.GetPendingEventCountAsync_ShouldReturnCorrectCount" storage="/users/r00t/projects/phonebookapp/contactservice.tests/bin/debug/net9.0/contactservice.tests.dll" id="10cf3e30-ad48-e398-c3be-b6df62e58a46">
      <Execution id="edfb8d67-8bd9-48fb-887d-e01497a2ddc2" />
      <TestMethod codeBase="/Users/r00t/Projects/PhoneBookApp/ContactService.Tests/bin/Debug/net9.0/ContactService.Tests.dll" adapterTypeName="executor://xunit/VsTestRunner3/netcore/" className="ContactService.Tests.Repositories.OutboxRepositoryTests" name="GetPendingEventCountAsync_ShouldReturnCorrectCount" />
    </UnitTest>
    <UnitTest name="ContactService.Tests.Repositories.ContactHistoryRepositoryTests.GetAllAsync_ShouldReturnPaginatedResults" storage="/users/r00t/projects/phonebookapp/contactservice.tests/bin/debug/net9.0/contactservice.tests.dll" id="a12b43df-565a-2911-ca37-da16e7eae7b5">
      <Execution id="75e4f1d6-74a5-448b-a152-8e7f1bce8082" />
      <TestMethod codeBase="/Users/r00t/Projects/PhoneBookApp/ContactService.Tests/bin/Debug/net9.0/ContactService.Tests.dll" adapterTypeName="executor://xunit/VsTestRunner3/netcore/" className="ContactService.Tests.Repositories.ContactHistoryRepositoryTests" name="GetAllAsync_ShouldReturnPaginatedResults" />
    </UnitTest>
    <UnitTest name="ContactService.Tests.Services.CachedContactServiceTests.RemoveContactInfoAsync_ShouldInvalidateCache" storage="/users/r00t/projects/phonebookapp/contactservice.tests/bin/debug/net9.0/contactservice.tests.dll" id="7c3a1928-cf81-dafe-4286-3d55ee5e1ef7">
      <Execution id="f8f56264-5925-4c46-b1d3-e7cf6a2eda66" />
      <TestMethod codeBase="/Users/r00t/Projects/PhoneBookApp/ContactService.Tests/bin/Debug/net9.0/ContactService.Tests.dll" adapterTypeName="executor://xunit/VsTestRunner3/netcore/" className="ContactService.Tests.Services.CachedContactServiceTests" name="RemoveContactInfoAsync_ShouldInvalidateCache" />
    </UnitTest>
    <UnitTest name="ContactService.Tests.Domain.Entities.ContactTests.AddContactInfo_Should_Throw_Exception_When_Invalid_Content(infoType: Location, content: &quot;&quot;)" storage="/users/r00t/projects/phonebookapp/contactservice.tests/bin/debug/net9.0/contactservice.tests.dll" id="05c17674-6e3a-ed65-1e24-e8af01e511c6">
      <Execution id="43da1e93-9153-4933-a446-eb3b4f4349f5" />
      <TestMethod codeBase="/Users/r00t/Projects/PhoneBookApp/ContactService.Tests/bin/Debug/net9.0/ContactService.Tests.dll" adapterTypeName="executor://xunit/VsTestRunner3/netcore/" className="ContactService.Tests.Domain.Entities.ContactTests" name="AddContactInfo_Should_Throw_Exception_When_Invalid_Content" />
    </UnitTest>
    <UnitTest name="ContactService.Tests.Repositories.ContactHistoryRepositoryTests.ExistsAsync_WhenHistoryExists_ShouldReturnTrue" storage="/users/r00t/projects/phonebookapp/contactservice.tests/bin/debug/net9.0/contactservice.tests.dll" id="8e6d5007-84ed-f7e6-5c4b-54b89e1de5cb">
      <Execution id="af364f03-f671-4773-97f3-99a65807ec8c" />
      <TestMethod codeBase="/Users/r00t/Projects/PhoneBookApp/ContactService.Tests/bin/Debug/net9.0/ContactService.Tests.dll" adapterTypeName="executor://xunit/VsTestRunner3/netcore/" className="ContactService.Tests.Repositories.ContactHistoryRepositoryTests" name="ExistsAsync_WhenHistoryExists_ShouldReturnTrue" />
    </UnitTest>
    <UnitTest name="ContactService.Tests.Services.ContactServiceMainTests.ContactExistsAsync_WhenContactExists_ShouldReturnTrue" storage="/users/r00t/projects/phonebookapp/contactservice.tests/bin/debug/net9.0/contactservice.tests.dll" id="f6522c53-be07-c331-4607-151fcd4c0159">
      <Execution id="a46d1170-59ef-44e1-b82e-8cb838d04d27" />
      <TestMethod codeBase="/Users/r00t/Projects/PhoneBookApp/ContactService.Tests/bin/Debug/net9.0/ContactService.Tests.dll" adapterTypeName="executor://xunit/VsTestRunner3/netcore/" className="ContactService.Tests.Services.ContactServiceMainTests" name="ContactExistsAsync_WhenContactExists_ShouldReturnTrue" />
    </UnitTest>
    <UnitTest name="ContactService.Tests.Services.OutboxServiceTests.ProcessPendingEventsAsync_ShouldUseCorrectTopicForEventType(eventType: &quot;ContactDeleted&quot;, expectedTopic: &quot;contact-events&quot;)" storage="/users/r00t/projects/phonebookapp/contactservice.tests/bin/debug/net9.0/contactservice.tests.dll" id="8e0807d9-5fdb-9205-42ee-a60e37463259">
      <Execution id="cd033ee6-56ba-4f64-a2f1-84ce076fedc9" />
      <TestMethod codeBase="/Users/r00t/Projects/PhoneBookApp/ContactService.Tests/bin/Debug/net9.0/ContactService.Tests.dll" adapterTypeName="executor://xunit/VsTestRunner3/netcore/" className="ContactService.Tests.Services.OutboxServiceTests" name="ProcessPendingEventsAsync_ShouldUseCorrectTopicForEventType" />
    </UnitTest>
    <UnitTest name="ContactService.Tests.Repositories.MongoAuditLogRepositoryStatisticsTests.GetActionStatisticsAsync_ShouldReturnActionCounts" storage="/users/r00t/projects/phonebookapp/contactservice.tests/bin/debug/net9.0/contactservice.tests.dll" id="282f2e9e-8d74-cd49-7c68-22cff428626a">
      <Execution id="1b7bba73-604e-491e-bf12-e55d76167cfe" />
      <TestMethod codeBase="/Users/r00t/Projects/PhoneBookApp/ContactService.Tests/bin/Debug/net9.0/ContactService.Tests.dll" adapterTypeName="executor://xunit/VsTestRunner3/netcore/" className="ContactService.Tests.Repositories.MongoAuditLogRepositoryStatisticsTests" name="GetActionStatisticsAsync_ShouldReturnActionCounts" />
    </UnitTest>
    <UnitTest name="ContactService.Tests.Repositories.InterfaceAuditLogRepositoryTests.CreateAsync_ShouldReturnCreatedAuditLog" storage="/users/r00t/projects/phonebookapp/contactservice.tests/bin/debug/net9.0/contactservice.tests.dll" id="215612ba-9343-bd64-5eec-1346e1f27eb9">
      <Execution id="5d5d563e-0df4-4483-b83d-cbc33ddbb021" />
      <TestMethod codeBase="/Users/r00t/Projects/PhoneBookApp/ContactService.Tests/bin/Debug/net9.0/ContactService.Tests.dll" adapterTypeName="executor://xunit/VsTestRunner3/netcore/" className="ContactService.Tests.Repositories.InterfaceAuditLogRepositoryTests" name="CreateAsync_ShouldReturnCreatedAuditLog" />
    </UnitTest>
    <UnitTest name="ContactService.Tests.Domain.Entities.OutboxEventTests.Constructor_WithNullEventData_ShouldThrowException" storage="/users/r00t/projects/phonebookapp/contactservice.tests/bin/debug/net9.0/contactservice.tests.dll" id="ed5694a6-cc64-5c3d-0900-c35c7fd9e260">
      <Execution id="eb198528-4321-4757-9965-de7fbe2014ab" />
      <TestMethod codeBase="/Users/r00t/Projects/PhoneBookApp/ContactService.Tests/bin/Debug/net9.0/ContactService.Tests.dll" adapterTypeName="executor://xunit/VsTestRunner3/netcore/" className="ContactService.Tests.Domain.Entities.OutboxEventTests" name="Constructor_WithNullEventData_ShouldThrowException" />
    </UnitTest>
    <UnitTest name="ContactService.Tests.Services.CorrelationContextTests.CorrelationId_WhenInBothHeaders_ShouldPreferRequestHeader" storage="/users/r00t/projects/phonebookapp/contactservice.tests/bin/debug/net9.0/contactservice.tests.dll" id="1739ed07-beb4-b0cf-f3c7-f389770df44f">
      <Execution id="60524708-ad1d-4a36-9ed5-2576746594d0" />
      <TestMethod codeBase="/Users/r00t/Projects/PhoneBookApp/ContactService.Tests/bin/Debug/net9.0/ContactService.Tests.dll" adapterTypeName="executor://xunit/VsTestRunner3/netcore/" className="ContactService.Tests.Services.CorrelationContextTests" name="CorrelationId_WhenInBothHeaders_ShouldPreferRequestHeader" />
    </UnitTest>
    <UnitTest name="ContactService.Tests.Services.OutboxServiceTests.ProcessPendingEventsAsync_ShouldUseCorrectTopicForEventType(eventType: &quot;ReportRequested&quot;, expectedTopic: &quot;report-events&quot;)" storage="/users/r00t/projects/phonebookapp/contactservice.tests/bin/debug/net9.0/contactservice.tests.dll" id="595273e4-06ee-22bf-3453-ecd343964fc4">
      <Execution id="88ba3a79-ee3f-42e0-93c5-9ad32b7748ad" />
      <TestMethod codeBase="/Users/r00t/Projects/PhoneBookApp/ContactService.Tests/bin/Debug/net9.0/ContactService.Tests.dll" adapterTypeName="executor://xunit/VsTestRunner3/netcore/" className="ContactService.Tests.Services.OutboxServiceTests" name="ProcessPendingEventsAsync_ShouldUseCorrectTopicForEventType" />
    </UnitTest>
    <UnitTest name="ContactService.Tests.Repositories.ContactHistoryRepositoryTests.GetAllAsync_WithInvalidParameters_ShouldThrowArgumentException(skip: -1, take: 10)" storage="/users/r00t/projects/phonebookapp/contactservice.tests/bin/debug/net9.0/contactservice.tests.dll" id="6b3f07d3-51d8-8b58-d300-ad3775e60c2b">
      <Execution id="f7c54d43-aa2e-47af-9ad2-3041d79a4276" />
      <TestMethod codeBase="/Users/r00t/Projects/PhoneBookApp/ContactService.Tests/bin/Debug/net9.0/ContactService.Tests.dll" adapterTypeName="executor://xunit/VsTestRunner3/netcore/" className="ContactService.Tests.Repositories.ContactHistoryRepositoryTests" name="GetAllAsync_WithInvalidParameters_ShouldThrowArgumentException" />
    </UnitTest>
    <UnitTest name="ContactService.Tests.Services.OutboxServiceTests.AddEventAsync_ShouldCreateOutboxEvent" storage="/users/r00t/projects/phonebookapp/contactservice.tests/bin/debug/net9.0/contactservice.tests.dll" id="c559a68f-2eff-04d6-b161-ffe428335164">
      <Execution id="0ddbe849-2516-40ae-9ed4-b9a45bbb7748" />
      <TestMethod codeBase="/Users/r00t/Projects/PhoneBookApp/ContactService.Tests/bin/Debug/net9.0/ContactService.Tests.dll" adapterTypeName="executor://xunit/VsTestRunner3/netcore/" className="ContactService.Tests.Services.OutboxServiceTests" name="AddEventAsync_ShouldCreateOutboxEvent" />
    </UnitTest>
    <UnitTest name="ContactService.Tests.Validations.CreateContactCommandValidatorTests.Validate_NameExceedsMaxLength_ShouldFailValidation" storage="/users/r00t/projects/phonebookapp/contactservice.tests/bin/debug/net9.0/contactservice.tests.dll" id="07b1d682-a641-193b-b836-8fb1d07217ee">
      <Execution id="5c80edd5-a7f9-4dc0-9ed8-29812df5aa81" />
      <TestMethod codeBase="/Users/r00t/Projects/PhoneBookApp/ContactService.Tests/bin/Debug/net9.0/ContactService.Tests.dll" adapterTypeName="executor://xunit/VsTestRunner3/netcore/" className="ContactService.Tests.Validations.CreateContactCommandValidatorTests" name="Validate_NameExceedsMaxLength_ShouldFailValidation" />
    </UnitTest>
    <UnitTest name="ContactService.Tests.Controllers.ContactsControllerTests.CreateContact_WhenSuccessful_ReturnsCreated" storage="/users/r00t/projects/phonebookapp/contactservice.tests/bin/debug/net9.0/contactservice.tests.dll" id="713df04e-9b75-ed3f-dd66-b6e9b948d45b">
      <Execution id="5b1b632a-2371-4e1f-b2c9-6059754011dd" />
      <TestMethod codeBase="/Users/r00t/Projects/PhoneBookApp/ContactService.Tests/bin/Debug/net9.0/ContactService.Tests.dll" adapterTypeName="executor://xunit/VsTestRunner3/netcore/" className="ContactService.Tests.Controllers.ContactsControllerTests" name="CreateContact_WhenSuccessful_ReturnsCreated" />
    </UnitTest>
    <UnitTest name="ContactService.Tests.Services.ContactServiceApplicationTests.GetContactsFilterByCompany_ReturnsPagedResult" storage="/users/r00t/projects/phonebookapp/contactservice.tests/bin/debug/net9.0/contactservice.tests.dll" id="e1e1fb96-9511-82db-931e-49873cf79d30">
      <Execution id="be560d85-9198-4ab0-99f7-4355eb941672" />
      <TestMethod codeBase="/Users/r00t/Projects/PhoneBookApp/ContactService.Tests/bin/Debug/net9.0/ContactService.Tests.dll" adapterTypeName="executor://xunit/VsTestRunner3/netcore/" className="ContactService.Tests.Services.ContactServiceApplicationTests" name="GetContactsFilterByCompany_ReturnsPagedResult" />
    </UnitTest>
    <UnitTest name="ContactService.Tests.Repositories.MongoAuditLogRepositoryTests.GetActionStatisticsAsync_ShouldReturnActionCounts" storage="/users/r00t/projects/phonebookapp/contactservice.tests/bin/debug/net9.0/contactservice.tests.dll" id="10d14aaf-d239-279a-a6e8-f000e104a5ce">
      <Execution id="b410685a-45b6-4e13-bebf-bd148744c2fc" />
      <TestMethod codeBase="/Users/r00t/Projects/PhoneBookApp/ContactService.Tests/bin/Debug/net9.0/ContactService.Tests.dll" adapterTypeName="executor://xunit/VsTestRunner3/netcore/" className="ContactService.Tests.Repositories.MongoAuditLogRepositoryTests" name="GetActionStatisticsAsync_ShouldReturnActionCounts" />
    </UnitTest>
    <UnitTest name="ContactService.Tests.Domain.Entities.ContactInfoTests.ContactInfo_Creation_Should_Throw_Exception_When_Invalid_Content(infoType: PhoneNumber, content: &quot;invalid&quot;)" storage="/users/r00t/projects/phonebookapp/contactservice.tests/bin/debug/net9.0/contactservice.tests.dll" id="126d153f-a9a1-6b93-76d7-868255d66020">
      <Execution id="c0e84d2a-85f9-4f29-bc49-c1cbc4e53ea0" />
      <TestMethod codeBase="/Users/r00t/Projects/PhoneBookApp/ContactService.Tests/bin/Debug/net9.0/ContactService.Tests.dll" adapterTypeName="executor://xunit/VsTestRunner3/netcore/" className="ContactService.Tests.Domain.Entities.ContactInfoTests" name="ContactInfo_Creation_Should_Throw_Exception_When_Invalid_Content" />
    </UnitTest>
    <UnitTest name="ContactService.Tests.Domain.Entities.ContactInfoTests.ContactInfo_Creation_Should_Throw_Exception_When_Invalid_Content(infoType: Location, content: &quot;&quot;)" storage="/users/r00t/projects/phonebookapp/contactservice.tests/bin/debug/net9.0/contactservice.tests.dll" id="5c903760-9f95-3812-bc6b-25200bdf3693">
      <Execution id="fded964c-99c1-4f23-82ec-8b66c4c053ba" />
      <TestMethod codeBase="/Users/r00t/Projects/PhoneBookApp/ContactService.Tests/bin/Debug/net9.0/ContactService.Tests.dll" adapterTypeName="executor://xunit/VsTestRunner3/netcore/" className="ContactService.Tests.Domain.Entities.ContactInfoTests" name="ContactInfo_Creation_Should_Throw_Exception_When_Invalid_Content" />
    </UnitTest>
    <UnitTest name="ContactService.Tests.Services.OutboxServiceTests.ProcessPendingEventsAsync_ShouldUseCorrectTopicForEventType(eventType: &quot;UnknownEventType&quot;, expectedTopic: &quot;contact-events&quot;)" storage="/users/r00t/projects/phonebookapp/contactservice.tests/bin/debug/net9.0/contactservice.tests.dll" id="a5af83ba-c1e2-f1ad-153e-cfa9dec6325b">
      <Execution id="c184e0d9-284b-47b9-b64a-8ebdd846a5b3" />
      <TestMethod codeBase="/Users/r00t/Projects/PhoneBookApp/ContactService.Tests/bin/Debug/net9.0/ContactService.Tests.dll" adapterTypeName="executor://xunit/VsTestRunner3/netcore/" className="ContactService.Tests.Services.OutboxServiceTests" name="ProcessPendingEventsAsync_ShouldUseCorrectTopicForEventType" />
    </UnitTest>
    <UnitTest name="ContactService.Tests.Repositories.MongoAuditLogRepositoryTests.GetByUserIdAsync_ShouldReturnMatchingLogs" storage="/users/r00t/projects/phonebookapp/contactservice.tests/bin/debug/net9.0/contactservice.tests.dll" id="8b8bc3b1-8f6b-0437-b174-26839f658552">
      <Execution id="4cee45f0-62fd-4ff3-bd2a-4704ad97fd4e" />
      <TestMethod codeBase="/Users/r00t/Projects/PhoneBookApp/ContactService.Tests/bin/Debug/net9.0/ContactService.Tests.dll" adapterTypeName="executor://xunit/VsTestRunner3/netcore/" className="ContactService.Tests.Repositories.MongoAuditLogRepositoryTests" name="GetByUserIdAsync_ShouldReturnMatchingLogs" />
    </UnitTest>
    <UnitTest name="ContactService.Tests.Services.ContactServiceMainTests.AddContactInfoAsync_WhenContactExists_ShouldAddInfoAndAddToHistory" storage="/users/r00t/projects/phonebookapp/contactservice.tests/bin/debug/net9.0/contactservice.tests.dll" id="e1bf3b06-3488-230c-60a5-00c13d075199">
      <Execution id="047f96d7-a056-47b7-9ddf-4fab7a10df95" />
      <TestMethod codeBase="/Users/r00t/Projects/PhoneBookApp/ContactService.Tests/bin/Debug/net9.0/ContactService.Tests.dll" adapterTypeName="executor://xunit/VsTestRunner3/netcore/" className="ContactService.Tests.Services.ContactServiceMainTests" name="AddContactInfoAsync_WhenContactExists_ShouldAddInfoAndAddToHistory" />
    </UnitTest>
    <UnitTest name="ContactService.Tests.Controllers.ContactsControllerTests.AddContactInfo_WhenSuccessful_ReturnsCreated" storage="/users/r00t/projects/phonebookapp/contactservice.tests/bin/debug/net9.0/contactservice.tests.dll" id="df15ea37-f342-7cbf-2c72-ee072b0b4976">
      <Execution id="4f45fd80-6382-4dcf-b625-a409d10e5c88" />
      <TestMethod codeBase="/Users/r00t/Projects/PhoneBookApp/ContactService.Tests/bin/Debug/net9.0/ContactService.Tests.dll" adapterTypeName="executor://xunit/VsTestRunner3/netcore/" className="ContactService.Tests.Controllers.ContactsControllerTests" name="AddContactInfo_WhenSuccessful_ReturnsCreated" />
    </UnitTest>
    <UnitTest name="ContactService.Tests.Repositories.MongoAuditLogRepositoryTests.CreateAsync_ShouldInsertAuditLog" storage="/users/r00t/projects/phonebookapp/contactservice.tests/bin/debug/net9.0/contactservice.tests.dll" id="199dfbde-9274-ecf1-85e2-7f1a5dbe1633">
      <Execution id="b710b210-1a03-44cb-b773-0bede0307a96" />
      <TestMethod codeBase="/Users/r00t/Projects/PhoneBookApp/ContactService.Tests/bin/Debug/net9.0/ContactService.Tests.dll" adapterTypeName="executor://xunit/VsTestRunner3/netcore/" className="ContactService.Tests.Repositories.MongoAuditLogRepositoryTests" name="CreateAsync_ShouldInsertAuditLog" />
    </UnitTest>
    <UnitTest name="ContactService.Tests.Domain.Entities.OutboxEventTests.Constructor_WithTooLongCorrelationId_ShouldThrowException" storage="/users/r00t/projects/phonebookapp/contactservice.tests/bin/debug/net9.0/contactservice.tests.dll" id="5efb2b3b-3006-0196-4952-b7dda7725483">
      <Execution id="1bdd42ae-dd27-4fae-be79-0a192e3c0d7a" />
      <TestMethod codeBase="/Users/r00t/Projects/PhoneBookApp/ContactService.Tests/bin/Debug/net9.0/ContactService.Tests.dll" adapterTypeName="executor://xunit/VsTestRunner3/netcore/" className="ContactService.Tests.Domain.Entities.OutboxEventTests" name="Constructor_WithTooLongCorrelationId_ShouldThrowException" />
    </UnitTest>
    <UnitTest name="ContactService.Tests.Services.OutboxServiceTests.ProcessPendingEventsAsync_ShouldUseCorrectTopicForEventType(eventType: &quot;ReportCompleted&quot;, expectedTopic: &quot;report-events&quot;)" storage="/users/r00t/projects/phonebookapp/contactservice.tests/bin/debug/net9.0/contactservice.tests.dll" id="df002743-2624-0d0c-291d-49704d9201b2">
      <Execution id="73147366-15e2-438b-9b27-4f01ebec010d" />
      <TestMethod codeBase="/Users/r00t/Projects/PhoneBookApp/ContactService.Tests/bin/Debug/net9.0/ContactService.Tests.dll" adapterTypeName="executor://xunit/VsTestRunner3/netcore/" className="ContactService.Tests.Services.OutboxServiceTests" name="ProcessPendingEventsAsync_ShouldUseCorrectTopicForEventType" />
    </UnitTest>
    <UnitTest name="ContactService.Tests.Repositories.AuditLogRepositoryStatisticsTests.GetServiceStatisticsAsync_ShouldCallGetStatisticsAsync" storage="/users/r00t/projects/phonebookapp/contactservice.tests/bin/debug/net9.0/contactservice.tests.dll" id="a72b625f-7dd8-453c-7e17-4e51909e5f7c">
      <Execution id="2373b539-4c2b-4a2f-8dd7-c3c285eb9760" />
      <TestMethod codeBase="/Users/r00t/Projects/PhoneBookApp/ContactService.Tests/bin/Debug/net9.0/ContactService.Tests.dll" adapterTypeName="executor://xunit/VsTestRunner3/netcore/" className="ContactService.Tests.Repositories.AuditLogRepositoryStatisticsTests" name="GetServiceStatisticsAsync_ShouldCallGetStatisticsAsync" />
    </UnitTest>
    <UnitTest name="ContactService.Tests.Services.CachedContactServiceTests.UpdateContactAsync_ShouldInvalidateCache" storage="/users/r00t/projects/phonebookapp/contactservice.tests/bin/debug/net9.0/contactservice.tests.dll" id="a8d90567-b808-2e87-0051-a87dfee1a679">
      <Execution id="51f4ff23-f4b8-472b-86d4-aed3440c4840" />
      <TestMethod codeBase="/Users/r00t/Projects/PhoneBookApp/ContactService.Tests/bin/Debug/net9.0/ContactService.Tests.dll" adapterTypeName="executor://xunit/VsTestRunner3/netcore/" className="ContactService.Tests.Services.CachedContactServiceTests" name="UpdateContactAsync_ShouldInvalidateCache" />
    </UnitTest>
    <UnitTest name="ContactService.Tests.Services.ContactServiceTestsFixed.AddContactInfoAsync_WithValidData_ShouldAddContactInfo" storage="/users/r00t/projects/phonebookapp/contactservice.tests/bin/debug/net9.0/contactservice.tests.dll" id="323343c7-d97f-2cf2-2c61-7e17a26b31d4">
      <Execution id="2cc84204-d850-4a57-8656-3efc60f47be0" />
      <TestMethod codeBase="/Users/r00t/Projects/PhoneBookApp/ContactService.Tests/bin/Debug/net9.0/ContactService.Tests.dll" adapterTypeName="executor://xunit/VsTestRunner3/netcore/" className="ContactService.Tests.Services.ContactServiceTestsFixed" name="AddContactInfoAsync_WithValidData_ShouldAddContactInfo" />
    </UnitTest>
    <UnitTest name="ContactService.Tests.Services.ContactServiceApplicationTests.UpdateContactAsync_ValidInput_ReturnsContact" storage="/users/r00t/projects/phonebookapp/contactservice.tests/bin/debug/net9.0/contactservice.tests.dll" id="41696c85-620d-5558-7d38-3aa3e33be99c">
      <Execution id="6815d5d8-5a53-4e28-bbe2-8858a883a5e2" />
      <TestMethod codeBase="/Users/r00t/Projects/PhoneBookApp/ContactService.Tests/bin/Debug/net9.0/ContactService.Tests.dll" adapterTypeName="executor://xunit/VsTestRunner3/netcore/" className="ContactService.Tests.Services.ContactServiceApplicationTests" name="UpdateContactAsync_ValidInput_ReturnsContact" />
    </UnitTest>
    <UnitTest name="ContactService.Tests.Services.ContactServiceApplicationTests.GetLocationStatistics_ReturnsStatistics" storage="/users/r00t/projects/phonebookapp/contactservice.tests/bin/debug/net9.0/contactservice.tests.dll" id="079beacb-8703-1df3-fe00-909a1c0b8abb">
      <Execution id="03e46224-9fb9-4980-a654-0d91d6195172" />
      <TestMethod codeBase="/Users/r00t/Projects/PhoneBookApp/ContactService.Tests/bin/Debug/net9.0/ContactService.Tests.dll" adapterTypeName="executor://xunit/VsTestRunner3/netcore/" className="ContactService.Tests.Services.ContactServiceApplicationTests" name="GetLocationStatistics_ReturnsStatistics" />
    </UnitTest>
    <UnitTest name="ContactService.Tests.Services.ContactServiceUpdateTests.UpdateContactAsync_WithEmptyId_ShouldThrowArgumentException" storage="/users/r00t/projects/phonebookapp/contactservice.tests/bin/debug/net9.0/contactservice.tests.dll" id="378e7944-3867-d4cf-b982-003f9b831267">
      <Execution id="9b74be6b-495e-4814-a53c-4d478dd8c318" />
      <TestMethod codeBase="/Users/r00t/Projects/PhoneBookApp/ContactService.Tests/bin/Debug/net9.0/ContactService.Tests.dll" adapterTypeName="executor://xunit/VsTestRunner3/netcore/" className="ContactService.Tests.Services.ContactServiceUpdateTests" name="UpdateContactAsync_WithEmptyId_ShouldThrowArgumentException" />
    </UnitTest>
    <UnitTest name="ContactService.Tests.Services.ContactServiceTestsFixed.GetAllContactsAsync_ShouldReturnAllContacts" storage="/users/r00t/projects/phonebookapp/contactservice.tests/bin/debug/net9.0/contactservice.tests.dll" id="6fc7e0c9-240c-fdb8-dd16-d4d06d6c2f87">
      <Execution id="520ce0a0-d475-4199-af0d-8f043fb92966" />
      <TestMethod codeBase="/Users/r00t/Projects/PhoneBookApp/ContactService.Tests/bin/Debug/net9.0/ContactService.Tests.dll" adapterTypeName="executor://xunit/VsTestRunner3/netcore/" className="ContactService.Tests.Services.ContactServiceTestsFixed" name="GetAllContactsAsync_ShouldReturnAllContacts" />
    </UnitTest>
    <UnitTest name="ContactService.Tests.Services.ContactServiceMainTests.DeleteContactAsync_WhenContactNotExists_ShouldReturnFalse" storage="/users/r00t/projects/phonebookapp/contactservice.tests/bin/debug/net9.0/contactservice.tests.dll" id="882fcf2f-ff54-d7a0-e53f-20f457ec237d">
      <Execution id="19cecced-1851-4a1c-987f-0e648928aa1b" />
      <TestMethod codeBase="/Users/r00t/Projects/PhoneBookApp/ContactService.Tests/bin/Debug/net9.0/ContactService.Tests.dll" adapterTypeName="executor://xunit/VsTestRunner3/netcore/" className="ContactService.Tests.Services.ContactServiceMainTests" name="DeleteContactAsync_WhenContactNotExists_ShouldReturnFalse" />
    </UnitTest>
  </TestDefinitions>
  <TestEntries>
    <TestEntry testId="4ddc60e9-64b4-271e-5ec6-48aa1731949d" executionId="18f4dcc3-7482-482b-8e53-412a13e6a169" testListId="8c84fa94-04c1-424b-9868-57a2d4851a1d" />
    <TestEntry testId="d4775dfa-cdea-3719-81f7-2f1b34fad721" executionId="d0b294d8-1b44-431a-b02a-8abbe1dee373" testListId="8c84fa94-04c1-424b-9868-57a2d4851a1d" />
    <TestEntry testId="afc37a1d-3c5b-ea93-79ce-b30d9478a205" executionId="8b032221-0474-4ee2-a21b-0963c2a6b27f" testListId="8c84fa94-04c1-424b-9868-57a2d4851a1d" />
    <TestEntry testId="2b9ee78f-35e1-e068-e40b-3b598d01c562" executionId="b4a7a9b1-08b5-47b5-a2e7-e61cb489afd4" testListId="8c84fa94-04c1-424b-9868-57a2d4851a1d" />
    <TestEntry testId="bae9764f-6739-74de-9560-36225fd37725" executionId="4e37dc22-586a-4c21-bf9e-d6cf068456d8" testListId="8c84fa94-04c1-424b-9868-57a2d4851a1d" />
    <TestEntry testId="36fb9aff-37ba-d4cb-ac94-6c92c80db614" executionId="3d5550b5-bca5-488b-bd34-7721bc15b75d" testListId="8c84fa94-04c1-424b-9868-57a2d4851a1d" />
    <TestEntry testId="82371a74-8284-f45a-9bd9-8febb96acef0" executionId="b40b103e-2850-4359-8f7f-6ac6c5d37860" testListId="8c84fa94-04c1-424b-9868-57a2d4851a1d" />
    <TestEntry testId="a2ad692f-e493-e305-4bd6-5595a6240365" executionId="c18a7112-d5a9-43fb-9ab3-af2620983a42" testListId="8c84fa94-04c1-424b-9868-57a2d4851a1d" />
    <TestEntry testId="1ddef138-b809-e014-008f-ca82adf06c8d" executionId="cbf2e799-44e0-4187-97b2-37e7b3ad4561" testListId="8c84fa94-04c1-424b-9868-57a2d4851a1d" />
    <TestEntry testId="00fd1338-185a-d067-df64-aa127ee360f6" executionId="32f74437-1465-4902-a689-e6c479097780" testListId="8c84fa94-04c1-424b-9868-57a2d4851a1d" />
    <TestEntry testId="e1e1fb96-9511-82db-931e-49873cf79d30" executionId="be560d85-9198-4ab0-99f7-4355eb941672" testListId="8c84fa94-04c1-424b-9868-57a2d4851a1d" />
    <TestEntry testId="ed0c8e56-34d1-1232-b36f-39c6723bf222" executionId="281a78be-c32b-4607-8bd3-55f01dbf370e" testListId="8c84fa94-04c1-424b-9868-57a2d4851a1d" />
    <TestEntry testId="fe764a59-c9d9-90b4-01d3-048d14c51d27" executionId="35372ff9-81c5-41f1-afec-8a23dff14011" testListId="8c84fa94-04c1-424b-9868-57a2d4851a1d" />
    <TestEntry testId="72574eb0-b856-dae8-755b-38faed34615b" executionId="61191064-3e10-4a07-9a12-576bbe2e4a40" testListId="8c84fa94-04c1-424b-9868-57a2d4851a1d" />
    <TestEntry testId="7c54e1ae-c3f0-a0c7-0c1b-3f11ae72c258" executionId="3b6023e1-13d4-4659-93b2-03659e94a15c" testListId="8c84fa94-04c1-424b-9868-57a2d4851a1d" />
    <TestEntry testId="fe014a10-482f-05c8-9a2a-2297dd706ba9" executionId="61b3c442-9530-48b4-8dcc-ac8b58a29de6" testListId="8c84fa94-04c1-424b-9868-57a2d4851a1d" />
    <TestEntry testId="28e6a20e-d88f-2705-d7cd-30f645e1fda4" executionId="a09c83da-57fd-415c-a894-81d6c04e6859" testListId="8c84fa94-04c1-424b-9868-57a2d4851a1d" />
    <TestEntry testId="edf6a030-20b7-5099-4eae-89f53653ee9c" executionId="0c0cc27a-8c42-4f25-8fee-12f188ab1b73" testListId="8c84fa94-04c1-424b-9868-57a2d4851a1d" />
    <TestEntry testId="ffe4db92-54b1-7f83-8271-8dae375000c7" executionId="d454863f-580b-4806-bea7-39903036dad7" testListId="8c84fa94-04c1-424b-9868-57a2d4851a1d" />
    <TestEntry testId="92781bd7-2ea2-5631-0694-f378c3f190d8" executionId="2d00e3d4-548e-4003-a093-0cf3affde122" testListId="8c84fa94-04c1-424b-9868-57a2d4851a1d" />
    <TestEntry testId="bc45d484-3cde-d461-9e43-307b5df57b1a" executionId="733be974-b4ed-4d0d-b0fb-142cb522e7b3" testListId="8c84fa94-04c1-424b-9868-57a2d4851a1d" />
    <TestEntry testId="7b7d17f8-d4af-db7b-830b-f9e485e01b81" executionId="f3d7daf7-aad1-42a9-ad25-317a2abb0b8d" testListId="8c84fa94-04c1-424b-9868-57a2d4851a1d" />
    <TestEntry testId="443e13cd-d51f-1bc7-fca6-df12d7e0a2ce" executionId="2678753e-7655-46cd-9aa9-e568cc3a34ce" testListId="8c84fa94-04c1-424b-9868-57a2d4851a1d" />
    <TestEntry testId="f621c9c5-ed11-460e-d765-e057008e7857" executionId="23f2b53e-f89e-42aa-8633-9655ad48c3f7" testListId="8c84fa94-04c1-424b-9868-57a2d4851a1d" />
    <TestEntry testId="1743a143-da91-5176-77bf-9600b73576f5" executionId="a02e1c9d-9e1c-4950-9902-0afc9dc21b5a" testListId="8c84fa94-04c1-424b-9868-57a2d4851a1d" />
    <TestEntry testId="d324fa8a-5414-ba80-97eb-374eb9c0da4a" executionId="a77a2727-305d-43f0-abdf-a8d2560a0d59" testListId="8c84fa94-04c1-424b-9868-57a2d4851a1d" />
    <TestEntry testId="ec02fbb4-d590-b6b0-27ca-a9b5c98b723e" executionId="c9dacde6-671b-48db-8df5-5f9b6521ec65" testListId="8c84fa94-04c1-424b-9868-57a2d4851a1d" />
    <TestEntry testId="ecb77bbc-0b1b-a61e-4a27-10af057b9f32" executionId="65b81dfc-5422-4135-a7f8-3f3ba3d43ced" testListId="8c84fa94-04c1-424b-9868-57a2d4851a1d" />
    <TestEntry testId="3e495c5b-2707-5b37-901a-722dc64d9bc2" executionId="95dfb098-0350-4380-bf44-d5f077d298a5" testListId="8c84fa94-04c1-424b-9868-57a2d4851a1d" />
    <TestEntry testId="e692ca4f-6d6b-7fc0-48f7-fd4b7d1742b6" executionId="8d028107-3629-456c-8b74-e91f210000bd" testListId="8c84fa94-04c1-424b-9868-57a2d4851a1d" />
    <TestEntry testId="5c903760-9f95-3812-bc6b-25200bdf3693" executionId="fded964c-99c1-4f23-82ec-8b66c4c053ba" testListId="8c84fa94-04c1-424b-9868-57a2d4851a1d" />
    <TestEntry testId="3e0d0734-29ff-8c43-4b6f-3d6de1f1428f" executionId="09e6673d-7017-4502-897f-a2c473fb21a3" testListId="8c84fa94-04c1-424b-9868-57a2d4851a1d" />
    <TestEntry testId="8de77c86-eebf-ad05-8f7b-74fbfb433670" executionId="14d5667c-f681-4230-b214-7e5b7a0da1c9" testListId="8c84fa94-04c1-424b-9868-57a2d4851a1d" />
    <TestEntry testId="f483d3f3-63fe-8590-30c3-b17059ff6060" executionId="16fdb78e-97cb-4093-98fa-b7b9de217024" testListId="8c84fa94-04c1-424b-9868-57a2d4851a1d" />
    <TestEntry testId="5efb2b3b-3006-0196-4952-b7dda7725483" executionId="1bdd42ae-dd27-4fae-be79-0a192e3c0d7a" testListId="8c84fa94-04c1-424b-9868-57a2d4851a1d" />
    <TestEntry testId="b274f1bf-e50c-37c1-bbf0-41f6669ca612" executionId="6c39526e-e0bb-46fe-a9e0-499805995b9a" testListId="8c84fa94-04c1-424b-9868-57a2d4851a1d" />
    <TestEntry testId="8660af85-f3fe-d074-bdd1-80aff98c82cd" executionId="fcc79ed1-e584-49f4-87f0-0dbdb465d588" testListId="8c84fa94-04c1-424b-9868-57a2d4851a1d" />
    <TestEntry testId="c7c25f38-4580-db9f-5da3-d32c41491df3" executionId="3dc15c0a-3849-4210-a0f1-3e21981fad3f" testListId="8c84fa94-04c1-424b-9868-57a2d4851a1d" />
    <TestEntry testId="713df04e-9b75-ed3f-dd66-b6e9b948d45b" executionId="5b1b632a-2371-4e1f-b2c9-6059754011dd" testListId="8c84fa94-04c1-424b-9868-57a2d4851a1d" />
    <TestEntry testId="186e0ae0-54bb-b584-d5f3-d4b81fe8b789" executionId="2827ba95-7d9e-48cf-ac98-105fa5c192a6" testListId="8c84fa94-04c1-424b-9868-57a2d4851a1d" />
    <TestEntry testId="081e44cb-fe35-6eba-d430-dbfbe82124e1" executionId="e46e04ce-dc2e-4889-84ac-6bc1d4332819" testListId="8c84fa94-04c1-424b-9868-57a2d4851a1d" />
    <TestEntry testId="62e3da41-1e3f-0e2f-ce0f-4f47b32620d9" executionId="ad73928f-64bd-4861-a9b3-e610288b6561" testListId="8c84fa94-04c1-424b-9868-57a2d4851a1d" />
    <TestEntry testId="c427cb7e-c565-9a5c-6c0b-aa3bb88347e4" executionId="f7822ef0-d80a-4a29-a108-5e69706c4d4e" testListId="8c84fa94-04c1-424b-9868-57a2d4851a1d" />
    <TestEntry testId="6a805f05-50bf-066b-b128-90021a9a0c2b" executionId="27487fae-0ac7-4b24-b449-eab67c8bbb3d" testListId="8c84fa94-04c1-424b-9868-57a2d4851a1d" />
    <TestEntry testId="bb118163-e2ab-fcf8-369a-81175ae21c3d" executionId="129d0f10-8593-49a6-9ca1-10c83fe39dd1" testListId="8c84fa94-04c1-424b-9868-57a2d4851a1d" />
    <TestEntry testId="f6522c53-be07-c331-4607-151fcd4c0159" executionId="a46d1170-59ef-44e1-b82e-8cb838d04d27" testListId="8c84fa94-04c1-424b-9868-57a2d4851a1d" />
    <TestEntry testId="4efe6a47-d4b9-e826-13f7-91a5b3fe801b" executionId="c4efe3c9-e792-4e36-9997-0aa284bf6086" testListId="8c84fa94-04c1-424b-9868-57a2d4851a1d" />
    <TestEntry testId="4c100dc2-4d54-2de6-69fc-6a0f7c39b61c" executionId="7bfb9aed-2a27-4282-9afb-c5bb1ed4bb99" testListId="8c84fa94-04c1-424b-9868-57a2d4851a1d" />
    <TestEntry testId="215612ba-9343-bd64-5eec-1346e1f27eb9" executionId="5d5d563e-0df4-4483-b83d-cbc33ddbb021" testListId="8c84fa94-04c1-424b-9868-57a2d4851a1d" />
    <TestEntry testId="7c3a1928-cf81-dafe-4286-3d55ee5e1ef7" executionId="f8f56264-5925-4c46-b1d3-e7cf6a2eda66" testListId="8c84fa94-04c1-424b-9868-57a2d4851a1d" />
    <TestEntry testId="5b70870a-4044-8f36-8484-a148325bc901" executionId="41352c09-2ed5-4b86-b036-28d98c99c6aa" testListId="8c84fa94-04c1-424b-9868-57a2d4851a1d" />
    <TestEntry testId="3c06567a-faa5-e665-a0d3-95e051b2882d" executionId="2a855f41-91bb-4b3f-a73e-252a4d3035a5" testListId="8c84fa94-04c1-424b-9868-57a2d4851a1d" />
    <TestEntry testId="ac1714c9-ff76-cbb6-220f-9d0ef3905d15" executionId="7ef055b3-a01b-48c0-ad9c-425355beb7bc" testListId="8c84fa94-04c1-424b-9868-57a2d4851a1d" />
    <TestEntry testId="02e0eb39-b82c-9dcc-23ce-1bfcccaf1fbf" executionId="b434a2e7-c96f-4841-b4a9-2e137e876251" testListId="8c84fa94-04c1-424b-9868-57a2d4851a1d" />
    <TestEntry testId="8bf11057-d034-46e9-c31f-3379f9cc18ac" executionId="a9143980-a119-488d-8d4c-f2ad23f606f8" testListId="8c84fa94-04c1-424b-9868-57a2d4851a1d" />
    <TestEntry testId="222f46c1-1907-f69f-b4f5-c3b3cf34e4de" executionId="5d6d3164-9868-49da-8b63-7b9db2312b0c" testListId="8c84fa94-04c1-424b-9868-57a2d4851a1d" />
    <TestEntry testId="b9ba7b92-fecc-019d-a8e3-8e9f17a30de8" executionId="2a6247a0-c131-49ac-90cc-c840b3089957" testListId="8c84fa94-04c1-424b-9868-57a2d4851a1d" />
    <TestEntry testId="6e21d2bf-8d35-7a36-d83b-8e64f6771f65" executionId="811d4355-8c3c-4df0-a786-c4eb366c5371" testListId="8c84fa94-04c1-424b-9868-57a2d4851a1d" />
    <TestEntry testId="de0f39cd-7912-969d-abd8-0e235ffda1d3" executionId="56e3769c-eb5f-409f-9e46-f4add6f63b0f" testListId="8c84fa94-04c1-424b-9868-57a2d4851a1d" />
    <TestEntry testId="d03dd252-f28b-090c-b3e6-19aeb387f0b4" executionId="f155a951-0d0d-4e21-a877-fa64a4362d05" testListId="8c84fa94-04c1-424b-9868-57a2d4851a1d" />
    <TestEntry testId="5e1e1377-2309-4b64-aa4e-2b92ab69b1a6" executionId="b6959711-52fc-41f3-84fe-61546aaa2177" testListId="8c84fa94-04c1-424b-9868-57a2d4851a1d" />
    <TestEntry testId="da7ed9c8-00b9-c6f7-075f-2cf1b95e31b2" executionId="bc8898b2-0a90-423b-8da6-eb09296e9751" testListId="8c84fa94-04c1-424b-9868-57a2d4851a1d" />
    <TestEntry testId="f28e8d11-463d-a43c-7a13-c5f4c558c245" executionId="e7b1918b-b0f2-4833-93d8-1c53a953cc7f" testListId="8c84fa94-04c1-424b-9868-57a2d4851a1d" />
    <TestEntry testId="4838ad76-4ce2-fa88-aa80-6e82cd3b4524" executionId="0e82275b-8687-412a-bf0c-7080e7ea153b" testListId="8c84fa94-04c1-424b-9868-57a2d4851a1d" />
    <TestEntry testId="8da38bde-d14e-03d1-fa43-d70ee8ff36f2" executionId="0891ca4a-cd71-4734-9335-07d2f452b9d3" testListId="8c84fa94-04c1-424b-9868-57a2d4851a1d" />
    <TestEntry testId="4e4fa4f6-c071-ab44-a927-8c5880bc65fa" executionId="6266b55d-d936-4a7a-a0af-6b666f96733f" testListId="8c84fa94-04c1-424b-9868-57a2d4851a1d" />
    <TestEntry testId="e3e0986d-75a9-9ba8-ad43-9956b1b3878f" executionId="e80b7749-34c0-4443-8e69-e46e2141dd69" testListId="8c84fa94-04c1-424b-9868-57a2d4851a1d" />
    <TestEntry testId="5a3d8493-7c44-ef1a-59d7-15dc693e5f8d" executionId="14a4c684-2328-470e-832b-4bbb3aeeb962" testListId="8c84fa94-04c1-424b-9868-57a2d4851a1d" />
    <TestEntry testId="a2dd72b4-0fc4-025d-ffac-51e87e4d56ed" executionId="15614105-3f0b-412f-8f45-26aa498b683e" testListId="8c84fa94-04c1-424b-9868-57a2d4851a1d" />
    <TestEntry testId="282f2e9e-8d74-cd49-7c68-22cff428626a" executionId="1b7bba73-604e-491e-bf12-e55d76167cfe" testListId="8c84fa94-04c1-424b-9868-57a2d4851a1d" />
    <TestEntry testId="92ab22b2-8846-1c64-d5bc-e6797eee3d4c" executionId="32bdb3f1-ae15-41d9-9bcf-3e9b9a8e55a8" testListId="8c84fa94-04c1-424b-9868-57a2d4851a1d" />
    <TestEntry testId="b0f2213c-04cc-1379-5387-95cab862989b" executionId="0f4c6366-6ff9-47b7-b1bc-57e02a6eb752" testListId="8c84fa94-04c1-424b-9868-57a2d4851a1d" />
    <TestEntry testId="8e0807d9-5fdb-9205-42ee-a60e37463259" executionId="cd033ee6-56ba-4f64-a2f1-84ce076fedc9" testListId="8c84fa94-04c1-424b-9868-57a2d4851a1d" />
    <TestEntry testId="3cdf2a61-6bbf-5700-dfe9-37f3eb629d2e" executionId="4d23c77c-7300-4796-912d-d733cce4d367" testListId="8c84fa94-04c1-424b-9868-57a2d4851a1d" />
    <TestEntry testId="6b3f07d3-51d8-8b58-d300-ad3775e60c2b" executionId="f7c54d43-aa2e-47af-9ad2-3041d79a4276" testListId="8c84fa94-04c1-424b-9868-57a2d4851a1d" />
    <TestEntry testId="3f9af360-bf03-d7e9-99bf-e7534ad823d1" executionId="a2b20844-5df6-4a4c-8e8d-ce27ce4e1180" testListId="8c84fa94-04c1-424b-9868-57a2d4851a1d" />
    <TestEntry testId="42d5e3f8-02e6-4479-4e81-eb4f6f42e5ab" executionId="9a0394c2-f3e5-453e-98ca-03b85ae609c9" testListId="8c84fa94-04c1-424b-9868-57a2d4851a1d" />
    <TestEntry testId="5c2a96c8-3dca-1622-37ae-ff6c2d99a78a" executionId="a6ec60a7-96bd-4177-a96e-1517da89494b" testListId="8c84fa94-04c1-424b-9868-57a2d4851a1d" />
    <TestEntry testId="882fcf2f-ff54-d7a0-e53f-20f457ec237d" executionId="19cecced-1851-4a1c-987f-0e648928aa1b" testListId="8c84fa94-04c1-424b-9868-57a2d4851a1d" />
    <TestEntry testId="4e8a80f1-543c-1d02-864d-4bd3af914a2e" executionId="6d414d15-0817-4b99-82b9-8e3dee3891a3" testListId="8c84fa94-04c1-424b-9868-57a2d4851a1d" />
    <TestEntry testId="4e5c6fe2-590c-4908-cda3-b95c9b5e03ce" executionId="4b1742dc-b46c-4571-94e9-818d217c0195" testListId="8c84fa94-04c1-424b-9868-57a2d4851a1d" />
    <TestEntry testId="c1535f5e-9821-2318-5e4b-fc0d5c6dc1b7" executionId="5a76fead-ff87-4e23-a622-7b1706763026" testListId="8c84fa94-04c1-424b-9868-57a2d4851a1d" />
    <TestEntry testId="1bfc090f-26ac-d3be-0ae1-b46c3add197c" executionId="6aadd52f-b9be-4e02-a510-f509a226ec71" testListId="8c84fa94-04c1-424b-9868-57a2d4851a1d" />
    <TestEntry testId="73a1beb2-427f-b52e-5ed5-e488f7051a1c" executionId="4968ac9c-c12f-4ef9-91e6-722fe9409c5e" testListId="8c84fa94-04c1-424b-9868-57a2d4851a1d" />
    <TestEntry testId="768c582e-eae1-d32a-ed6b-12c46db6d8c0" executionId="98be5798-c310-4954-ac47-bedb0261a515" testListId="8c84fa94-04c1-424b-9868-57a2d4851a1d" />
    <TestEntry testId="8b8bc3b1-8f6b-0437-b174-26839f658552" executionId="4cee45f0-62fd-4ff3-bd2a-4704ad97fd4e" testListId="8c84fa94-04c1-424b-9868-57a2d4851a1d" />
    <TestEntry testId="8f93e0b1-7b81-de08-03d7-85c2acaee6e1" executionId="b0022bbf-eeca-439b-b809-c359e6ca825d" testListId="8c84fa94-04c1-424b-9868-57a2d4851a1d" />
    <TestEntry testId="26e6a1c0-a2f9-a0c2-b9ef-8fbf7a1b6d33" executionId="b7cd26b7-5219-4e57-b46b-385277f5824d" testListId="8c84fa94-04c1-424b-9868-57a2d4851a1d" />
    <TestEntry testId="3901b727-f207-9fa4-2bf1-8e5ec3e44ab6" executionId="00e75307-0d10-4e75-b1c3-096d276c4650" testListId="8c84fa94-04c1-424b-9868-57a2d4851a1d" />
    <TestEntry testId="c559a68f-2eff-04d6-b161-ffe428335164" executionId="0ddbe849-2516-40ae-9ed4-b9a45bbb7748" testListId="8c84fa94-04c1-424b-9868-57a2d4851a1d" />
    <TestEntry testId="4b30f9ea-b537-a7a1-efa5-592a73cb7c4b" executionId="2c22c42d-de2d-4231-b9ed-0eb9e060adc7" testListId="8c84fa94-04c1-424b-9868-57a2d4851a1d" />
    <TestEntry testId="df15ea37-f342-7cbf-2c72-ee072b0b4976" executionId="4f45fd80-6382-4dcf-b625-a409d10e5c88" testListId="8c84fa94-04c1-424b-9868-57a2d4851a1d" />
    <TestEntry testId="5533c9fd-1d32-1a8a-1765-693d9380208a" executionId="964436f8-3361-4678-9fed-d74fd63bb229" testListId="8c84fa94-04c1-424b-9868-57a2d4851a1d" />
    <TestEntry testId="6556c299-6bb4-5ec5-984e-fa52257e87b6" executionId="e39d4665-0934-4853-9da2-a0b67fc497dc" testListId="8c84fa94-04c1-424b-9868-57a2d4851a1d" />
    <TestEntry testId="2f39f84b-2495-025d-4dce-7e9dda04c9a0" executionId="c6d9486a-e3d6-41d8-9571-7a1c8b8baf44" testListId="8c84fa94-04c1-424b-9868-57a2d4851a1d" />
    <TestEntry testId="8bbb19ee-ca07-eb9d-20fe-3a2629042ba7" executionId="4b228163-3659-49e8-9d45-2019cf9fcc81" testListId="8c84fa94-04c1-424b-9868-57a2d4851a1d" />
    <TestEntry testId="ba2d4a45-cead-340a-a63e-a43a127065b8" executionId="ea6b64f5-a514-4de8-9fe3-64b867c45a56" testListId="8c84fa94-04c1-424b-9868-57a2d4851a1d" />
    <TestEntry testId="41696c85-620d-5558-7d38-3aa3e33be99c" executionId="6815d5d8-5a53-4e28-bbe2-8858a883a5e2" testListId="8c84fa94-04c1-424b-9868-57a2d4851a1d" />
    <TestEntry testId="1bd7f86d-2011-8cdd-1461-8bc55c96d5ec" executionId="753b58b0-1940-4315-9cd1-3b6a6d76c683" testListId="8c84fa94-04c1-424b-9868-57a2d4851a1d" />
    <TestEntry testId="7a45942a-3b30-94eb-c36a-c8382837d4e3" executionId="6f61057b-e55a-4781-aaff-194cb59e4704" testListId="8c84fa94-04c1-424b-9868-57a2d4851a1d" />
    <TestEntry testId="9f54d93d-6f81-7c29-de08-ba4fb3579541" executionId="ca729956-bd7e-41ec-96f1-24edfe7da96f" testListId="8c84fa94-04c1-424b-9868-57a2d4851a1d" />
    <TestEntry testId="8dd9aa31-5523-1047-66ae-9f4c2c842812" executionId="584950a5-e5e3-4353-b80b-83c60546018b" testListId="8c84fa94-04c1-424b-9868-57a2d4851a1d" />
    <TestEntry testId="378e7944-3867-d4cf-b982-003f9b831267" executionId="9b74be6b-495e-4814-a53c-4d478dd8c318" testListId="8c84fa94-04c1-424b-9868-57a2d4851a1d" />
    <TestEntry testId="6c2a16b2-1252-58f8-af52-cc93a97e6fec" executionId="0866ac57-09e0-48dd-ae9f-fa648c502b0b" testListId="8c84fa94-04c1-424b-9868-57a2d4851a1d" />
    <TestEntry testId="124dfbbf-60d5-a8a0-9a58-0ae196323d97" executionId="d0b11346-c0bf-4def-9aa7-54a1439449c5" testListId="8c84fa94-04c1-424b-9868-57a2d4851a1d" />
    <TestEntry testId="09bb61ca-6eab-451b-c307-4216d15f8054" executionId="d3a811c8-fd67-4dd7-93bd-8a3a9a34f3b4" testListId="8c84fa94-04c1-424b-9868-57a2d4851a1d" />
    <TestEntry testId="e687c0c9-e8f5-210d-6629-c1db0675e79a" executionId="dc289e35-d2d8-44ce-88a4-961b35403659" testListId="8c84fa94-04c1-424b-9868-57a2d4851a1d" />
    <TestEntry testId="311793d3-f7e8-8c9b-e613-9ac05d180ba7" executionId="ffc89cf3-f86f-4eec-8a08-f2c994f76fec" testListId="8c84fa94-04c1-424b-9868-57a2d4851a1d" />
    <TestEntry testId="6f6162e6-6deb-eccb-af06-43aec8dc0bbb" executionId="0ada4b85-89dd-4894-aadd-552d94f01cd9" testListId="8c84fa94-04c1-424b-9868-57a2d4851a1d" />
    <TestEntry testId="2ce7e47b-5f88-58f7-16ae-2cbc06265a3a" executionId="65d414a3-c6e2-4eb9-9d83-35137b284e6c" testListId="8c84fa94-04c1-424b-9868-57a2d4851a1d" />
    <TestEntry testId="882bd43e-ef74-332e-63af-36d115c7c2a9" executionId="dd69f826-4422-4fe5-9300-b055f5670ff4" testListId="8c84fa94-04c1-424b-9868-57a2d4851a1d" />
    <TestEntry testId="fdea8046-f0e6-7536-6833-67c3c9d76e1a" executionId="dc362549-f9eb-4f6a-b81e-293e48327489" testListId="8c84fa94-04c1-424b-9868-57a2d4851a1d" />
    <TestEntry testId="94a0978f-a353-00a7-6ac3-ef47fec046c6" executionId="1b5fb7c6-4cf0-473f-97a5-d134db66aa67" testListId="8c84fa94-04c1-424b-9868-57a2d4851a1d" />
    <TestEntry testId="705ad452-2760-dcf0-0f70-9fdb584cbe46" executionId="4f6d9028-8e80-4a62-b6a8-d7c662b92c01" testListId="8c84fa94-04c1-424b-9868-57a2d4851a1d" />
    <TestEntry testId="6b9bfd0c-67c8-c0c3-9649-9c290a5b6a5a" executionId="805d4785-9518-4729-9a16-0c9519a6d3e1" testListId="8c84fa94-04c1-424b-9868-57a2d4851a1d" />
    <TestEntry testId="1eb9a523-76fe-3efa-4d0c-3f8d59bfe591" executionId="e419886f-00d2-4407-b442-604f5d19e578" testListId="8c84fa94-04c1-424b-9868-57a2d4851a1d" />
    <TestEntry testId="880cee52-ae38-bddf-dc0a-6e3ba26ffaf3" executionId="d5df6341-03c5-46f4-913f-bb32454ecf3a" testListId="8c84fa94-04c1-424b-9868-57a2d4851a1d" />
    <TestEntry testId="405f40d7-9561-3309-8bfa-837cee093906" executionId="a8c93645-1b37-48f7-8e48-474a5a932dfd" testListId="8c84fa94-04c1-424b-9868-57a2d4851a1d" />
    <TestEntry testId="25a08685-8a9a-a9d7-81fd-c697cf0c6d7b" executionId="e56110a2-cfd7-4335-afc7-aaadf75faab2" testListId="8c84fa94-04c1-424b-9868-57a2d4851a1d" />
    <TestEntry testId="35b978b9-024b-99e0-6603-6ef26ec2ebf5" executionId="06e854f1-6230-4955-b170-3fde1810e1ef" testListId="8c84fa94-04c1-424b-9868-57a2d4851a1d" />
    <TestEntry testId="a8dd3c80-baec-5569-e032-562c61405c66" executionId="f7687891-a625-4ed9-b95e-97e6bf0bd76a" testListId="8c84fa94-04c1-424b-9868-57a2d4851a1d" />
    <TestEntry testId="bd3e40f0-2d41-25d9-3b21-b0039a5c4363" executionId="f35ae7e0-6816-44be-8743-16d2c91f41ea" testListId="8c84fa94-04c1-424b-9868-57a2d4851a1d" />
    <TestEntry testId="efa0793d-9ed9-d671-3dc7-bab3d6d8e171" executionId="86ca9cbe-b864-411d-83b9-d961ade091c0" testListId="8c84fa94-04c1-424b-9868-57a2d4851a1d" />
    <TestEntry testId="40bb4622-eba1-e17f-37e8-b068c30759c6" executionId="80c8b769-e8b8-4606-99e5-3153f8849bf0" testListId="8c84fa94-04c1-424b-9868-57a2d4851a1d" />
    <TestEntry testId="845261f0-e98d-a9b8-413e-9d417cff7f7d" executionId="46204e8d-17a9-4319-97fe-f23a4ea192c0" testListId="8c84fa94-04c1-424b-9868-57a2d4851a1d" />
    <TestEntry testId="e1bf3b06-3488-230c-60a5-00c13d075199" executionId="047f96d7-a056-47b7-9ddf-4fab7a10df95" testListId="8c84fa94-04c1-424b-9868-57a2d4851a1d" />
    <TestEntry testId="44514b6a-1308-8b4b-e1cb-35d868791017" executionId="eb9ce67b-b217-4c23-a3ee-5e1f45e6b340" testListId="8c84fa94-04c1-424b-9868-57a2d4851a1d" />
    <TestEntry testId="adfe9ae1-21b5-2360-a4e2-5db85a5d0ff1" executionId="024d28e5-273c-47d8-852e-cc81b66e3580" testListId="8c84fa94-04c1-424b-9868-57a2d4851a1d" />
    <TestEntry testId="32bb918f-a512-0e37-2e1b-c7fbebc2fb93" executionId="f99b0236-a80b-4f65-bc3b-39695acb8eec" testListId="8c84fa94-04c1-424b-9868-57a2d4851a1d" />
    <TestEntry testId="564c5037-65a1-7599-1569-b6c4c9625451" executionId="510c48c9-a125-4446-94af-cc370608b639" testListId="8c84fa94-04c1-424b-9868-57a2d4851a1d" />
    <TestEntry testId="43583dd2-2dd4-3fe1-0a2b-7e3030c5eb05" executionId="e53e3aa5-5407-4641-9859-c1b7d0a85b26" testListId="8c84fa94-04c1-424b-9868-57a2d4851a1d" />
    <TestEntry testId="017cda00-1514-bb6b-56c2-7c9dae700c26" executionId="88b12366-e33b-4b4e-861a-63b297e540e6" testListId="8c84fa94-04c1-424b-9868-57a2d4851a1d" />
    <TestEntry testId="2c1f28ba-764d-3fa9-5475-82b081f91c8e" executionId="073bd36d-e877-4a15-a216-729bb21ce38b" testListId="8c84fa94-04c1-424b-9868-57a2d4851a1d" />
    <TestEntry testId="f49e4b42-bf40-f395-8b13-c39186c2e908" executionId="8a4b585a-02a7-41a2-9a80-292ba2c512d9" testListId="8c84fa94-04c1-424b-9868-57a2d4851a1d" />
    <TestEntry testId="79623cd3-c664-41f0-a8fd-1c4b3f193f01" executionId="d4132092-75cd-42a2-9e56-9c55df604bb0" testListId="8c84fa94-04c1-424b-9868-57a2d4851a1d" />
    <TestEntry testId="d27f4976-40ef-61ce-b0e6-f39fa4846412" executionId="258170d2-8be0-4d5b-bd01-c23c283a9689" testListId="8c84fa94-04c1-424b-9868-57a2d4851a1d" />
    <TestEntry testId="1630cac1-9a36-d9df-ff83-a1d786b9f5c8" executionId="1dc33bb9-3809-4398-96e1-623274ebf112" testListId="8c84fa94-04c1-424b-9868-57a2d4851a1d" />
    <TestEntry testId="2c35d8c2-aa6c-6a0f-c68a-9c31adb9047c" executionId="d36abaab-f406-4261-9bb8-a426d38c67c0" testListId="8c84fa94-04c1-424b-9868-57a2d4851a1d" />
    <TestEntry testId="8a8c0ac8-1c2d-5bee-edd5-1dbde8ff21d5" executionId="639cba54-aa54-47e2-b56d-9e9b6bd04b0c" testListId="8c84fa94-04c1-424b-9868-57a2d4851a1d" />
    <TestEntry testId="117ab19a-c872-02e8-c978-f08027b9b116" executionId="d61aebb5-1c5a-46d7-9e52-cb4ada53c0ae" testListId="8c84fa94-04c1-424b-9868-57a2d4851a1d" />
    <TestEntry testId="126d153f-a9a1-6b93-76d7-868255d66020" executionId="c0e84d2a-85f9-4f29-bc49-c1cbc4e53ea0" testListId="8c84fa94-04c1-424b-9868-57a2d4851a1d" />
    <TestEntry testId="ed5694a6-cc64-5c3d-0900-c35c7fd9e260" executionId="eb198528-4321-4757-9965-de7fbe2014ab" testListId="8c84fa94-04c1-424b-9868-57a2d4851a1d" />
    <TestEntry testId="323343c7-d97f-2cf2-2c61-7e17a26b31d4" executionId="2cc84204-d850-4a57-8656-3efc60f47be0" testListId="8c84fa94-04c1-424b-9868-57a2d4851a1d" />
    <TestEntry testId="8e6d5007-84ed-f7e6-5c4b-54b89e1de5cb" executionId="af364f03-f671-4773-97f3-99a65807ec8c" testListId="8c84fa94-04c1-424b-9868-57a2d4851a1d" />
    <TestEntry testId="a5c23d92-ce06-97d3-7f56-54b7ff8a7f31" executionId="45994685-ebbf-46b6-bb1f-00dbad26f648" testListId="8c84fa94-04c1-424b-9868-57a2d4851a1d" />
    <TestEntry testId="199dfbde-9274-ecf1-85e2-7f1a5dbe1633" executionId="b710b210-1a03-44cb-b773-0bede0307a96" testListId="8c84fa94-04c1-424b-9868-57a2d4851a1d" />
    <TestEntry testId="54f6c0a3-f2f8-514e-a682-001deeead796" executionId="7e5c0b09-f22e-49ac-91b5-bcc333503e12" testListId="8c84fa94-04c1-424b-9868-57a2d4851a1d" />
    <TestEntry testId="7f6c4745-1d82-b649-18d4-25add4972f5a" executionId="b263dae3-6ac0-4f9e-acf2-ea0c6223304f" testListId="8c84fa94-04c1-424b-9868-57a2d4851a1d" />
    <TestEntry testId="0a12353c-6cc1-fc38-327e-7eb2020ce17a" executionId="793a0ba8-dca5-49e6-8821-b96062369fbb" testListId="8c84fa94-04c1-424b-9868-57a2d4851a1d" />
    <TestEntry testId="d64ecd45-cc4f-5baf-530d-f6856122d028" executionId="92451990-f981-4ff8-822b-be730db25e43" testListId="8c84fa94-04c1-424b-9868-57a2d4851a1d" />
    <TestEntry testId="30ac2a89-68f6-99bb-2ce8-7e030aa4c440" executionId="6f6d14cf-67b8-455e-b013-16bde7b7361b" testListId="8c84fa94-04c1-424b-9868-57a2d4851a1d" />
    <TestEntry testId="e0c0dc92-4c11-8d36-dabb-89edd3ae9421" executionId="a8e86366-65e1-44ee-a780-fd3717900604" testListId="8c84fa94-04c1-424b-9868-57a2d4851a1d" />
    <TestEntry testId="3f5bb582-9511-2ba7-2a49-ea1bd623604c" executionId="09c86b34-b43e-40e8-8c01-5624fdde4d1e" testListId="8c84fa94-04c1-424b-9868-57a2d4851a1d" />
    <TestEntry testId="1739ed07-beb4-b0cf-f3c7-f389770df44f" executionId="60524708-ad1d-4a36-9ed5-2576746594d0" testListId="8c84fa94-04c1-424b-9868-57a2d4851a1d" />
    <TestEntry testId="c2cd70c4-e184-7086-28d9-d1ecb54689a8" executionId="97ac0353-0821-4c20-b216-15b85dc09734" testListId="8c84fa94-04c1-424b-9868-57a2d4851a1d" />
    <TestEntry testId="c3fe5172-5743-b77e-f041-7c3abe54e2e1" executionId="3d53ca17-8dcf-47e2-91b8-6d2a9d82ab09" testListId="8c84fa94-04c1-424b-9868-57a2d4851a1d" />
    <TestEntry testId="971f74ca-45cd-bbdc-49ea-21ff7eee9175" executionId="afbce010-ee28-4650-8575-d7003813ff08" testListId="8c84fa94-04c1-424b-9868-57a2d4851a1d" />
    <TestEntry testId="5ccace46-0f74-b6d1-7237-e04c8c13a0ce" executionId="4a0ed842-af05-470d-9630-4b5822a38929" testListId="8c84fa94-04c1-424b-9868-57a2d4851a1d" />
    <TestEntry testId="afeacdf0-b599-63dd-1c58-2da67c782c66" executionId="179219b8-4e9d-4156-ab35-a6f1697db512" testListId="8c84fa94-04c1-424b-9868-57a2d4851a1d" />
    <TestEntry testId="f6d2978e-dae0-7de4-d089-9d3548c89767" executionId="ad41509c-c5ba-480d-ac94-44864e6bda0d" testListId="8c84fa94-04c1-424b-9868-57a2d4851a1d" />
    <TestEntry testId="4c73dc71-56ef-c24d-a1e0-6a6db5098b10" executionId="c80812a4-7152-4786-beac-d64aef2221de" testListId="8c84fa94-04c1-424b-9868-57a2d4851a1d" />
    <TestEntry testId="fae52134-2b1f-9088-26f6-75e67d93c970" executionId="16e63902-90bf-4db3-9e62-9275a90eea6d" testListId="8c84fa94-04c1-424b-9868-57a2d4851a1d" />
    <TestEntry testId="c09b5bac-97e2-69a6-71fa-5538f74cad0e" executionId="c55d6900-e523-4b84-93d7-57a0a145d132" testListId="8c84fa94-04c1-424b-9868-57a2d4851a1d" />
    <TestEntry testId="df002743-2624-0d0c-291d-49704d9201b2" executionId="73147366-15e2-438b-9b27-4f01ebec010d" testListId="8c84fa94-04c1-424b-9868-57a2d4851a1d" />
    <TestEntry testId="76c652ac-8273-6d9f-e369-c10beb245549" executionId="860d0fc4-4676-412b-8e78-fb7426b6b240" testListId="8c84fa94-04c1-424b-9868-57a2d4851a1d" />
    <TestEntry testId="03d2df7b-7fd5-d4ef-8c80-9c4e08c34591" executionId="32f6d61c-e264-4d77-9112-3bd6d50eca38" testListId="8c84fa94-04c1-424b-9868-57a2d4851a1d" />
    <TestEntry testId="98ca35fe-00fc-f6f5-0ef1-bbfdec93c5fb" executionId="70852089-d209-4564-b957-3e9b9a7b01a0" testListId="8c84fa94-04c1-424b-9868-57a2d4851a1d" />
    <TestEntry testId="7c7b35de-3a22-8ded-1159-21c2cde4fe0d" executionId="e1fc14c5-0454-4804-b888-38b381741091" testListId="8c84fa94-04c1-424b-9868-57a2d4851a1d" />
    <TestEntry testId="dbe292bc-3a80-0e4c-f6be-328bcc89dd40" executionId="bc1cca7a-59fa-4034-9cd7-e0f3ec44123b" testListId="8c84fa94-04c1-424b-9868-57a2d4851a1d" />
    <TestEntry testId="2df730f4-0d43-174e-9923-44bcaeefaf6d" executionId="5498bd93-8251-4fac-92b9-e1059f9713f7" testListId="8c84fa94-04c1-424b-9868-57a2d4851a1d" />
    <TestEntry testId="1be1eef3-dd6b-5c52-1364-42afe525766d" executionId="948181c0-80b3-454e-8c31-049f7968fa1d" testListId="8c84fa94-04c1-424b-9868-57a2d4851a1d" />
    <TestEntry testId="5374287b-1f7c-c2b3-e154-de5380cc5ee7" executionId="2904b5d5-93d0-4d95-9fea-3a306ea143e1" testListId="8c84fa94-04c1-424b-9868-57a2d4851a1d" />
    <TestEntry testId="10d14aaf-d239-279a-a6e8-f000e104a5ce" executionId="b410685a-45b6-4e13-bebf-bd148744c2fc" testListId="8c84fa94-04c1-424b-9868-57a2d4851a1d" />
    <TestEntry testId="785c5a05-d1a4-775f-7667-0fb40096a903" executionId="1306a136-4e75-4d0d-964c-ffb7359f0dc1" testListId="8c84fa94-04c1-424b-9868-57a2d4851a1d" />
    <TestEntry testId="0c90d8a1-af5e-9653-bf27-27fbaed88347" executionId="2ce07427-52a6-4eaa-861a-3d4be2595747" testListId="8c84fa94-04c1-424b-9868-57a2d4851a1d" />
    <TestEntry testId="f01ae12c-0e66-79bc-93dc-f00b73c11376" executionId="443a8da5-1748-4fe5-ae46-66a71f9282b3" testListId="8c84fa94-04c1-424b-9868-57a2d4851a1d" />
    <TestEntry testId="a5af83ba-c1e2-f1ad-153e-cfa9dec6325b" executionId="c184e0d9-284b-47b9-b64a-8ebdd846a5b3" testListId="8c84fa94-04c1-424b-9868-57a2d4851a1d" />
    <TestEntry testId="e1004f18-4443-4ff8-66a9-3013d39e6a45" executionId="c7111bef-e840-4cf9-afc0-453f803a0824" testListId="8c84fa94-04c1-424b-9868-57a2d4851a1d" />
    <TestEntry testId="a874c8d2-5316-2972-8079-a289f2f1e247" executionId="b705bab4-3528-483d-8e53-4c207829689d" testListId="8c84fa94-04c1-424b-9868-57a2d4851a1d" />
    <TestEntry testId="10cf3e30-ad48-e398-c3be-b6df62e58a46" executionId="edfb8d67-8bd9-48fb-887d-e01497a2ddc2" testListId="8c84fa94-04c1-424b-9868-57a2d4851a1d" />
    <TestEntry testId="05c17674-6e3a-ed65-1e24-e8af01e511c6" executionId="43da1e93-9153-4933-a446-eb3b4f4349f5" testListId="8c84fa94-04c1-424b-9868-57a2d4851a1d" />
    <TestEntry testId="de9a4fde-3700-801f-3fd1-721a68b10663" executionId="2ad14e11-36d2-4dbf-bb01-dc3a287c6009" testListId="8c84fa94-04c1-424b-9868-57a2d4851a1d" />
    <TestEntry testId="86d12d44-2a3f-2f8e-2584-6f4b5918681f" executionId="74a801fb-e949-4cec-b1d7-3227f9adddb9" testListId="8c84fa94-04c1-424b-9868-57a2d4851a1d" />
    <TestEntry testId="5929097d-0168-9fb2-e4c1-2c2e4d4a6d0d" executionId="8b0afb96-e386-4e44-9b6b-3433b7c6bbcd" testListId="8c84fa94-04c1-424b-9868-57a2d4851a1d" />
    <TestEntry testId="c265e0ad-d94e-42fe-4e3b-d91e4cefddef" executionId="402a8e39-da3f-4eb1-aa2c-d74e0472178d" testListId="8c84fa94-04c1-424b-9868-57a2d4851a1d" />
    <TestEntry testId="540b33a6-8fe4-1aa6-ae10-dbe92135a857" executionId="8e4db72a-dfb8-4c3b-ab6c-7a0c24bb27e8" testListId="8c84fa94-04c1-424b-9868-57a2d4851a1d" />
    <TestEntry testId="978172cb-2abb-e079-c46c-cb5cdeac9d07" executionId="359b6cad-4b60-4082-9e18-9e3b6942f919" testListId="8c84fa94-04c1-424b-9868-57a2d4851a1d" />
    <TestEntry testId="7b1a0e55-ebf1-ac80-0df9-765bdf08c16d" executionId="8a039334-85b9-4dbd-a959-b1aea0e71270" testListId="8c84fa94-04c1-424b-9868-57a2d4851a1d" />
    <TestEntry testId="4d0fca5e-9e1d-a5e6-952d-09b701fe7b09" executionId="0ec1410e-88ed-47f1-8f1e-68269877a579" testListId="8c84fa94-04c1-424b-9868-57a2d4851a1d" />
    <TestEntry testId="eac69243-a831-f552-a0d0-baa6a89fca7c" executionId="7ba3357c-71b5-4fe5-b4f1-03a2f210612f" testListId="8c84fa94-04c1-424b-9868-57a2d4851a1d" />
    <TestEntry testId="7deab310-660c-4912-7195-863824b73d85" executionId="2a74cd91-e2b4-4e1e-b99c-d58b85d175a8" testListId="8c84fa94-04c1-424b-9868-57a2d4851a1d" />
    <TestEntry testId="7856bcf6-78cf-2577-2caa-e3d197c45750" executionId="a43ffb34-09c1-4aff-9220-fa05755b9141" testListId="8c84fa94-04c1-424b-9868-57a2d4851a1d" />
    <TestEntry testId="93e00a94-e360-dd4d-fa61-85de87dbb093" executionId="6f8c96f9-d1da-4979-b205-80aa89e3aebd" testListId="8c84fa94-04c1-424b-9868-57a2d4851a1d" />
    <TestEntry testId="a8d90567-b808-2e87-0051-a87dfee1a679" executionId="51f4ff23-f4b8-472b-86d4-aed3440c4840" testListId="8c84fa94-04c1-424b-9868-57a2d4851a1d" />
    <TestEntry testId="68f4590e-afad-f04b-97e1-69bd75d8d312" executionId="f51ee513-3671-41df-9775-67712fc164ca" testListId="8c84fa94-04c1-424b-9868-57a2d4851a1d" />
    <TestEntry testId="968c4a1e-cc0c-b858-8e0b-528ac5858b80" executionId="7315d590-b992-40fc-8c8f-6d187aee5b44" testListId="8c84fa94-04c1-424b-9868-57a2d4851a1d" />
    <TestEntry testId="b94d01d2-2482-f1ee-e579-e0328069493a" executionId="fb663d41-a8ce-446f-9b9a-1bcf78e1d8cb" testListId="8c84fa94-04c1-424b-9868-57a2d4851a1d" />
    <TestEntry testId="36e8b842-b424-20c1-51ec-e771bdd22315" executionId="dd4cce0c-7ace-48c4-84b3-6e5c218873a7" testListId="8c84fa94-04c1-424b-9868-57a2d4851a1d" />
    <TestEntry testId="a4f8bfa9-6cc1-5bf5-36f0-2d9d79a6bf43" executionId="3c38dfdf-8fde-492f-9eb7-22a9357c8885" testListId="8c84fa94-04c1-424b-9868-57a2d4851a1d" />
    <TestEntry testId="171dc43a-7202-3af2-1a2a-15fc27809ebc" executionId="7a8a72e6-a3ca-4033-bdb1-511666645ccf" testListId="8c84fa94-04c1-424b-9868-57a2d4851a1d" />
    <TestEntry testId="5ad82194-3594-768d-1d2b-f70885918fed" executionId="bd79d2d7-a455-421d-ac6a-a192d6cab04d" testListId="8c84fa94-04c1-424b-9868-57a2d4851a1d" />
    <TestEntry testId="6fc7e0c9-240c-fdb8-dd16-d4d06d6c2f87" executionId="520ce0a0-d475-4199-af0d-8f043fb92966" testListId="8c84fa94-04c1-424b-9868-57a2d4851a1d" />
    <TestEntry testId="d81a05aa-4346-449f-6254-59c6d8218662" executionId="d9f67f5b-f6c7-4b65-9315-e9db7d71835f" testListId="8c84fa94-04c1-424b-9868-57a2d4851a1d" />
    <TestEntry testId="7de7d957-c48d-4f97-368d-ebbe90064a6b" executionId="ba7ac403-189f-4e8c-b556-8acbd1ffbf3f" testListId="8c84fa94-04c1-424b-9868-57a2d4851a1d" />
    <TestEntry testId="595273e4-06ee-22bf-3453-ecd343964fc4" executionId="88ba3a79-ee3f-42e0-93c5-9ad32b7748ad" testListId="8c84fa94-04c1-424b-9868-57a2d4851a1d" />
    <TestEntry testId="636c8e1b-2921-90bc-df3a-d04e31cba999" executionId="f58e187a-0d08-42b7-acf9-e7d730264737" testListId="8c84fa94-04c1-424b-9868-57a2d4851a1d" />
    <TestEntry testId="31707ac5-8110-d92b-cdd7-b34a62fc2def" executionId="72719665-21dc-4179-9f45-35b10b8c0b33" testListId="8c84fa94-04c1-424b-9868-57a2d4851a1d" />
    <TestEntry testId="179e5766-4ae7-bc37-b6b4-90c5efc021d4" executionId="086c5240-7cc2-41a6-932a-2cc3ceceb041" testListId="8c84fa94-04c1-424b-9868-57a2d4851a1d" />
    <TestEntry testId="4ad07b80-ee72-21d8-5f3c-d88f0480c084" executionId="aea6009c-c47c-431a-9c46-f054da3b18da" testListId="8c84fa94-04c1-424b-9868-57a2d4851a1d" />
    <TestEntry testId="b6c828fb-1149-e056-1671-a94ef68bd512" executionId="d536c7fa-e1e1-4734-b5ef-9659c8a592f4" testListId="8c84fa94-04c1-424b-9868-57a2d4851a1d" />
    <TestEntry testId="9af79a75-7965-2857-a622-7a3e98c343ff" executionId="1d965d02-901c-4145-8807-64ae689eff88" testListId="8c84fa94-04c1-424b-9868-57a2d4851a1d" />
    <TestEntry testId="2427865a-c234-d287-6e90-174830cd7bc5" executionId="ea191faf-67e2-4ab5-9b08-510900786506" testListId="8c84fa94-04c1-424b-9868-57a2d4851a1d" />
    <TestEntry testId="c335998d-9914-1d9b-f124-3bfb5566966b" executionId="b724562b-d816-4451-b5e8-bdcd7d8133a3" testListId="8c84fa94-04c1-424b-9868-57a2d4851a1d" />
    <TestEntry testId="ebd5682f-4fb0-09c6-30ed-c9bfcc6a4f49" executionId="fc9e7a00-34cc-4fd3-bf75-1c04cf63a55f" testListId="8c84fa94-04c1-424b-9868-57a2d4851a1d" />
    <TestEntry testId="a72b625f-7dd8-453c-7e17-4e51909e5f7c" executionId="2373b539-4c2b-4a2f-8dd7-c3c285eb9760" testListId="8c84fa94-04c1-424b-9868-57a2d4851a1d" />
    <TestEntry testId="5d0996e8-fd7f-2244-91d9-22b23dc415b5" executionId="d23380bb-6acb-4ede-a7e2-260139c333b2" testListId="8c84fa94-04c1-424b-9868-57a2d4851a1d" />
    <TestEntry testId="e21c7a63-6890-2b93-a955-ffd8ea432639" executionId="bab661ce-09db-42e7-875f-fcd7677162e4" testListId="8c84fa94-04c1-424b-9868-57a2d4851a1d" />
    <TestEntry testId="d29c4c89-19e6-22fc-eb6c-349fb2d88e93" executionId="e7108678-736b-43a8-82ad-ef8ff2bcd067" testListId="8c84fa94-04c1-424b-9868-57a2d4851a1d" />
    <TestEntry testId="a12b43df-565a-2911-ca37-da16e7eae7b5" executionId="75e4f1d6-74a5-448b-a152-8e7f1bce8082" testListId="8c84fa94-04c1-424b-9868-57a2d4851a1d" />
    <TestEntry testId="14a21c97-412e-899f-b8a2-6d209cf68f26" executionId="64d8e69b-cea8-45d9-ac7e-837ecec2dae0" testListId="8c84fa94-04c1-424b-9868-57a2d4851a1d" />
    <TestEntry testId="13fb06c2-4134-b775-4909-b7eab9af5ddc" executionId="49e24502-986f-4c10-a3bd-1d747a991a5a" testListId="8c84fa94-04c1-424b-9868-57a2d4851a1d" />
    <TestEntry testId="111b7653-f816-b715-b87f-7fd8379044e4" executionId="1a1b1625-56a4-4438-a3bf-c42e2760dbfa" testListId="8c84fa94-04c1-424b-9868-57a2d4851a1d" />
    <TestEntry testId="b65281e8-2265-5702-574a-6c47ec24228a" executionId="00eefe9b-06a6-456d-8a52-8c993853f875" testListId="8c84fa94-04c1-424b-9868-57a2d4851a1d" />
    <TestEntry testId="c66efc88-f4cd-f144-8f68-6670171de1b9" executionId="e1eb4230-e776-4a9e-89a7-60b975c74db5" testListId="8c84fa94-04c1-424b-9868-57a2d4851a1d" />
    <TestEntry testId="c67f170d-f20c-043f-8f1f-955be167348a" executionId="88220608-8e4b-4b0a-be90-567d52bf8c76" testListId="8c84fa94-04c1-424b-9868-57a2d4851a1d" />
    <TestEntry testId="f6cc4de9-bc93-ddd1-2691-512c66bfa34f" executionId="6f31f3ae-d483-4bc6-bf23-7d2b6e6cfd3e" testListId="8c84fa94-04c1-424b-9868-57a2d4851a1d" />
    <TestEntry testId="29e293e4-ac61-bb95-9df4-4a03b1c70d7f" executionId="a017ac71-4eec-4d38-abf2-c21cb145a9f5" testListId="8c84fa94-04c1-424b-9868-57a2d4851a1d" />
    <TestEntry testId="b3dc4973-fbc6-b2d1-2ad8-7683f7464d71" executionId="30edd619-1342-4d65-bb5e-12a199479518" testListId="8c84fa94-04c1-424b-9868-57a2d4851a1d" />
    <TestEntry testId="07b1d682-a641-193b-b836-8fb1d07217ee" executionId="5c80edd5-a7f9-4dc0-9ed8-29812df5aa81" testListId="8c84fa94-04c1-424b-9868-57a2d4851a1d" />
    <TestEntry testId="aa0f0ade-30f6-ce3c-0d3a-b05184cc7d19" executionId="a2e03ce7-6825-478f-bfeb-8888435b9e3b" testListId="8c84fa94-04c1-424b-9868-57a2d4851a1d" />
    <TestEntry testId="e0512c59-b40c-2582-0763-0154a5cc09c1" executionId="40cb5f90-b464-4bdc-a8e4-9d453f45509f" testListId="8c84fa94-04c1-424b-9868-57a2d4851a1d" />
    <TestEntry testId="72500727-27e7-6ae3-a846-6658170429c8" executionId="c761652d-1906-4e90-863a-a54947fd11b3" testListId="8c84fa94-04c1-424b-9868-57a2d4851a1d" />
    <TestEntry testId="20515b5d-e30f-5458-7e3f-a5a075cba14a" executionId="7adbdd08-e8ff-4489-a59d-b11914354ac7" testListId="8c84fa94-04c1-424b-9868-57a2d4851a1d" />
    <TestEntry testId="4130d9e3-b9f1-b341-98f5-f97ea5152121" executionId="1844d34a-a1c7-4c28-9fb8-6111fb71ece2" testListId="8c84fa94-04c1-424b-9868-57a2d4851a1d" />
    <TestEntry testId="0ff85cf5-a2d8-d8fc-ca9b-bb20d44148c4" executionId="9e3c89f9-39fb-4c85-95af-360b2a813d08" testListId="8c84fa94-04c1-424b-9868-57a2d4851a1d" />
    <TestEntry testId="85ec67d1-c01a-0b2b-4f34-630d00ce6b9a" executionId="46c75713-c164-4e4a-9903-39bef4e4a2bf" testListId="8c84fa94-04c1-424b-9868-57a2d4851a1d" />
    <TestEntry testId="2827477e-050e-5a38-862a-32215e73197e" executionId="a3e0d605-131d-4790-8614-45c6dc0f1e4a" testListId="8c84fa94-04c1-424b-9868-57a2d4851a1d" />
    <TestEntry testId="6cd8e71e-92c0-75fb-e709-eba99947ac82" executionId="dbea6667-7a82-4015-bdb2-1e317eb6b22b" testListId="8c84fa94-04c1-424b-9868-57a2d4851a1d" />
    <TestEntry testId="d0b68fa2-8573-ff6a-1395-8672483d7840" executionId="6dd1b498-e3ab-4232-87ab-9efa2435ecc8" testListId="8c84fa94-04c1-424b-9868-57a2d4851a1d" />
    <TestEntry testId="8645a9b9-72c7-0bb0-8520-7a47e2be88a6" executionId="446b247a-4f2a-4d5d-b5b4-b2b67742a748" testListId="8c84fa94-04c1-424b-9868-57a2d4851a1d" />
    <TestEntry testId="0d3459bc-e8cb-d47f-59e8-c2b017caff6f" executionId="4e565ac7-e538-49f6-8e15-1939c9ffe4b8" testListId="8c84fa94-04c1-424b-9868-57a2d4851a1d" />
    <TestEntry testId="7ec04dbc-1d37-9892-81bd-96a4844d707f" executionId="09208900-8ad3-4e6a-9658-cae33f2e4f6c" testListId="8c84fa94-04c1-424b-9868-57a2d4851a1d" />
    <TestEntry testId="e2894dc0-50cd-a92e-7e49-3d7b97d728a6" executionId="6d1e3a94-29d3-46b2-9b20-84d95deb351c" testListId="8c84fa94-04c1-424b-9868-57a2d4851a1d" />
    <TestEntry testId="a98941f9-647a-7d94-aa3e-6a0a737d8705" executionId="e665481c-590b-4e12-9ee0-d096ec5ab1ad" testListId="8c84fa94-04c1-424b-9868-57a2d4851a1d" />
    <TestEntry testId="8df8dd58-ba1d-55ba-a3fa-2d529bc5271b" executionId="693aab19-5332-437d-bd92-5c53bc2af223" testListId="8c84fa94-04c1-424b-9868-57a2d4851a1d" />
    <TestEntry testId="48769fa8-8334-e0cd-8bbc-a5d611b35154" executionId="524a1a4d-f636-4161-b132-8eb7f84f173f" testListId="8c84fa94-04c1-424b-9868-57a2d4851a1d" />
    <TestEntry testId="303469c6-38ab-ed9d-3288-178e4263a70a" executionId="dcc22c03-7eca-498d-859d-8663f80df4b6" testListId="8c84fa94-04c1-424b-9868-57a2d4851a1d" />
    <TestEntry testId="93a548f9-9bdb-c210-9620-95913b3b07b1" executionId="b8316453-bdb2-46f3-8575-d6d0bd2c48bd" testListId="8c84fa94-04c1-424b-9868-57a2d4851a1d" />
    <TestEntry testId="079beacb-8703-1df3-fe00-909a1c0b8abb" executionId="03e46224-9fb9-4980-a654-0d91d6195172" testListId="8c84fa94-04c1-424b-9868-57a2d4851a1d" />
    <TestEntry testId="ebc1e7bb-8a9c-9b8e-bcd1-99f7525bedd1" executionId="280b250d-6743-4259-8bbc-c84de70093eb" testListId="8c84fa94-04c1-424b-9868-57a2d4851a1d" />
    <TestEntry testId="d0df7d2e-7ab0-18b7-8342-cb7eb1d3df01" executionId="c345f0d1-07bc-4d20-a8dc-41c4cd796fb5" testListId="8c84fa94-04c1-424b-9868-57a2d4851a1d" />
    <TestEntry testId="b8757ebb-ac02-15f3-0369-d21eca9ec4b0" executionId="8e46c422-7c39-4489-bb8e-d3b62666336a" testListId="8c84fa94-04c1-424b-9868-57a2d4851a1d" />
    <TestEntry testId="21177713-0664-d2f9-4bc9-b96dd1ee3911" executionId="35f74bd8-9847-4aaf-aada-61165fbc05e5" testListId="8c84fa94-04c1-424b-9868-57a2d4851a1d" />
    <TestEntry testId="d6ca4153-3bc3-c4d0-31a9-0c57db630ab6" executionId="d9ea3b84-cd1c-4bfb-a66e-dc4a77b83750" testListId="8c84fa94-04c1-424b-9868-57a2d4851a1d" />
    <TestEntry testId="b0d4b3ba-6734-251e-ba89-4709731e505d" executionId="b7e2688c-c2bc-4637-bb8e-c130d530c604" testListId="8c84fa94-04c1-424b-9868-57a2d4851a1d" />
    <TestEntry testId="1da84cc3-d68d-1fd0-8553-02c4d595a768" executionId="8b19284e-9109-4dde-8661-c89e0df33662" testListId="8c84fa94-04c1-424b-9868-57a2d4851a1d" />
    <TestEntry testId="cf3fa0bc-061b-2f26-6e71-2d0393970326" executionId="cea12bbe-2c21-46d2-9dc8-fd6c729de96d" testListId="8c84fa94-04c1-424b-9868-57a2d4851a1d" />
    <TestEntry testId="c22a2219-facc-0b55-ae5b-c7422017b9a7" executionId="e02722c7-a2cd-4140-81da-350bf7cf53d8" testListId="8c84fa94-04c1-424b-9868-57a2d4851a1d" />
    <TestEntry testId="e5b3f3f9-815f-19a6-4803-fcfa541b2e01" executionId="90b3339e-d74d-4b7e-8661-06b9b89049af" testListId="8c84fa94-04c1-424b-9868-57a2d4851a1d" />
    <TestEntry testId="590a02c1-90e8-4289-2822-89e1e1d08adf" executionId="5b222cf7-6f11-4279-85b1-cc3c00a8c9d5" testListId="8c84fa94-04c1-424b-9868-57a2d4851a1d" />
  </TestEntries>
  <TestLists>
    <TestList name="Results Not in a List" id="8c84fa94-04c1-424b-9868-57a2d4851a1d" />
    <TestList name="All Loaded Results" id="19431567-8539-422a-85d7-44ee4e166bda" />
  </TestLists>
  <ResultSummary outcome="Completed">
    <Counters total="260" executed="254" passed="254" failed="0" error="0" timeout="0" aborted="0" inconclusive="0" passedButRunAborted="0" notRunnable="0" notExecuted="0" disconnected="0" warning="0" completed="0" inProgress="0" pending="0" />
    <Output>
      <StdOut>[xUnit.net 00:00:00.00] xUnit.net VSTest Adapter v3.1.3+b1b99bdeb3 (64-bit .NET 9.0.8)
[xUnit.net 00:00:00.04]   Discovering: ContactService.Tests
[xUnit.net 00:00:00.07]   Discovered:  ContactService.Tests
[xUnit.net 00:00:00.09]   Starting:    ContactService.Tests
     Warning:
     The component "Fluent Assertions" is governed by the rules defined in the Xceed License Agreement and
     the Xceed Fluent Assertions Community License. You may use Fluent Assertions free of charge for
     non-commercial use only. An active subscription is required to use Fluent Assertions for commercial use.
     Please contact Xceed Sales mailto:sales@xceed.com to acquire a subscription at a very low cost.
     A paid commercial license supports the development and continued increasing support of
     Fluent Assertions users under both commercial and community licenses. Help us
     keep Fluent Assertions at the forefront of unit testing.
     For more information, visit https://xceed.com/products/unit-testing/fluent-assertions/
[xUnit.net 00:00:00.11]       Temporarily disabled due to MongoDB mocking complexity
[xUnit.net 00:00:00.12]       Temporarily disabled due to MongoDB mocking complexity
[xUnit.net 00:00:00.12]       Temporarily disabled due to MongoDB mocking complexity
[xUnit.net 00:00:00.12]       Temporarily disabled due to MongoDB mocking complexity
[xUnit.net 00:00:00.12]       Temporarily disabled due to MongoDB mocking complexity
Test 'ContactService.Tests.Repositories.MongoAuditLogRepositoryStatisticsTests.GetStatisticsAsync_ShouldReturnServiceStatistics' was skipped in the test run.
Test 'ContactService.Tests.Repositories.MongoAuditLogRepositoryStatisticsTests.GetServiceStatisticsAsync_ShouldCallGetStatisticsAsync' was skipped in the test run.
Test 'ContactService.Tests.Repositories.MongoAuditLogRepositoryStatisticsTests.GetActionStatisticsAsync_EmptyResult_ShouldReturnEmptyDictionary' was skipped in the test run.
Test 'ContactService.Tests.Repositories.MongoAuditLogRepositoryStatisticsTests.GetStatisticsAsync_WithNoTimeFilter_ShouldReturnAllStatistics' was skipped in the test run.
Test 'ContactService.Tests.Repositories.MongoAuditLogRepositoryStatisticsTests.GetStatisticsAsync_EmptyResult_ShouldReturnEmptyDictionary' was skipped in the test run.
[xUnit.net 00:00:00.13]       Temporarily disabled due to MongoDB mocking complexity
Test 'ContactService.Tests.Repositories.MongoAuditLogRepositoryStatisticsTests.GetActionStatisticsAsync_ShouldReturnActionCounts' was skipped in the test run.
[xUnit.net 00:00:01.14]   Finished:    ContactService.Tests
</StdOut>
    </Output>
    <RunInfos>
      <RunInfo computerName="base" outcome="Warning" timestamp="2025-08-09T20:56:27.0715030+03:00">
        <Text>[xUnit.net 00:00:00.11]     ContactService.Tests.Repositories.MongoAuditLogRepositoryStatisticsTests.GetStatisticsAsync_ShouldReturnServiceStatistics [SKIP]</Text>
      </RunInfo>
      <RunInfo computerName="base" outcome="Warning" timestamp="2025-08-09T20:56:27.0748850+03:00">
        <Text>[xUnit.net 00:00:00.12]     ContactService.Tests.Repositories.MongoAuditLogRepositoryStatisticsTests.GetServiceStatisticsAsync_ShouldCallGetStatisticsAsync [SKIP]</Text>
      </RunInfo>
      <RunInfo computerName="base" outcome="Warning" timestamp="2025-08-09T20:56:27.0756010+03:00">
        <Text>[xUnit.net 00:00:00.12]     ContactService.Tests.Repositories.MongoAuditLogRepositoryStatisticsTests.GetActionStatisticsAsync_EmptyResult_ShouldReturnEmptyDictionary [SKIP]</Text>
      </RunInfo>
      <RunInfo computerName="base" outcome="Warning" timestamp="2025-08-09T20:56:27.0756290+03:00">
        <Text>[xUnit.net 00:00:00.12]     ContactService.Tests.Repositories.MongoAuditLogRepositoryStatisticsTests.GetStatisticsAsync_WithNoTimeFilter_ShouldReturnAllStatistics [SKIP]</Text>
      </RunInfo>
      <RunInfo computerName="base" outcome="Warning" timestamp="2025-08-09T20:56:27.0756360+03:00">
        <Text>[xUnit.net 00:00:00.12]     ContactService.Tests.Repositories.MongoAuditLogRepositoryStatisticsTests.GetStatisticsAsync_EmptyResult_ShouldReturnEmptyDictionary [SKIP]</Text>
      </RunInfo>
      <RunInfo computerName="base" outcome="Warning" timestamp="2025-08-09T20:56:27.0933700+03:00">
        <Text>[xUnit.net 00:00:00.13]     ContactService.Tests.Repositories.MongoAuditLogRepositoryStatisticsTests.GetActionStatisticsAsync_ShouldReturnActionCounts [SKIP]</Text>
      </RunInfo>
    </RunInfos>
  </ResultSummary>
</TestRun>